

================================================================
== Vivado HLS Report for 'canonize_tree'
================================================================
* Date:           Sun Aug  1 13:10:58 2021

* Version:        2020.1 (Build 2897737 on Wed May 27 20:21:37 MDT 2020)
* Project:        huffman_encoding_core_build
* Solution:       alternative
* Product family: zynq
* Target device:  xc7z020-clg484-1


================================================================
== Performance Estimates
================================================================
+ Timing: 
    * Summary: 
    +--------+----------+----------+------------+
    |  Clock |  Target  | Estimated| Uncertainty|
    +--------+----------+----------+------------+
    |ap_clk  | 10.00 ns | 6.508 ns |   1.25 ns  |
    +--------+----------+----------+------------+

+ Latency: 
    * Summary: 
    +---------+---------+----------+-----------+-----+------+---------+
    |  Latency (cycles) |  Latency (absolute)  |  Interval  | Pipeline|
    |   min   |   max   |    min   |    max    | min |  max |   Type  |
    +---------+---------+----------+-----------+-----+------+---------+
    |      258|     2306| 2.580 us | 23.060 us |  258|  2306|   none  |
    +---------+---------+----------+-----------+-----+------+---------+

    + Detail: 
        * Instance: 
        N/A

        * Loop: 
        +----------------------+---------+---------+----------+-----------+-----------+---------+----------+
        |                      |  Latency (cycles) | Iteration|  Initiation Interval  |   Trip  |          |
        |       Loop Name      |   min   |   max   |  Latency |  achieved |   target  |  Count  | Pipelined|
        +----------------------+---------+---------+----------+-----------+-----------+---------+----------+
        |- init_bits           |      256|      256|         1|          -|          -|      256|    no    |
        |- process_symbols     |        0|     2048|   3 ~ 8  |          -|          -| 0 ~ 256 |    no    |
        | + process_symbols.1  |        3|        5|         2|          -|          -|  1 ~ 2  |    no    |
        +----------------------+---------+---------+----------+-----------+-----------+---------+----------+

============================================================
+ Verbose Summary: Synthesis Manager
============================================================
InlineROM: 1
ExposeGlobal: 0
============================================================
+ Verbose Summary: CDFG Model
============================================================
IsTopModel: 0
ResetActiveHigh: 1
IsCombinational: 2
IsDatapathOnly: 0
HasWiredReturn: 1
HasMFsm: 0
HasVarLatency: 1
IsPipeline: 0
IsRtlPipelined: 0
IsInstanceOverlapped: 0
IsDontTouch: 0
HasImplIP: 0
IsGatedGlobalClock: 0


============================================================
+ Verbose Summary: Schedule
============================================================
* Number of FSM states : 6
* Pipeline : 0
* Dataflow Pipeline: 0

* FSM state transitions: 
1 --> 2 
2 --> 2 3 
3 --> 5 4 
4 --> 5 
5 --> 4 6 
6 --> 3 

* FSM state operations: 

State 1 <SV = 0> <Delay = 3.63>
ST_1 : Operation 7 [1/1] (0.00ns)   --->   "%empty = call i32 (...)* @_ssdm_op_SpecInterface(i32* %val_assign_loc, [8 x i8]* @ap_fifo_str, i32 0, i32 0, [1 x i8]* @p_str, i32 0, i32 0, [1 x i8]* @p_str, [1 x i8]* @p_str, [1 x i8]* @p_str, i32 2, i32 2, i32 16, i32 16, [1 x i8]* @p_str, [11 x i8]* @ScalarProp_str)"   --->   Operation 7 'specinterface' 'empty' <Predicate = true> <Delay = 0.00>
ST_1 : Operation 8 [1/1] (3.63ns)   --->   "%val_assign_loc_read = call i32 @_ssdm_op_Read.ap_fifo.i32P(i32* %val_assign_loc)" [./hls-src/huffman_encoding.cpp:71]   --->   Operation 8 'read' 'val_assign_loc_read' <Predicate = true> <Delay = 3.63> <Core = "FIFO">   --->   Core 32 'FIFO' <Latency = 0> <II = 1> <Delay = 3.63> <Storage> <Opcode : 'read' 'write' 'nbread' 'nbwrite'> <Ports = 0> <Width = 32> <Depth = 3> <FIFO>
ST_1 : Operation 9 [1/1] (1.76ns)   --->   "br label %._crit_edge.i.i" [./hls-src/huffman_canonize_tree.cpp:10->./hls-src/huffman_encoding.cpp:71]   --->   Operation 9 'br' <Predicate = true> <Delay = 1.76>

State 2 <SV = 1> <Delay = 3.25>
ST_2 : Operation 10 [1/1] (0.00ns)   --->   "%i_0_i_i = phi i9 [ %i, %0 ], [ 0, %entry ]"   --->   Operation 10 'phi' 'i_0_i_i' <Predicate = true> <Delay = 0.00>
ST_2 : Operation 11 [1/1] (1.66ns)   --->   "%icmp_ln13 = icmp eq i9 %i_0_i_i, -256" [./hls-src/huffman_canonize_tree.cpp:13->./hls-src/huffman_encoding.cpp:71]   --->   Operation 11 'icmp' 'icmp_ln13' <Predicate = true> <Delay = 1.66> <Core = "Cmp">   --->   Core 25 'Cmp' <Latency = 0> <II = 1> <Delay = 2.47> <FuncUnit> <Opcode : 'icmp'> <InPorts = 2> <OutPorts = 1>
ST_2 : Operation 12 [1/1] (0.00ns)   --->   "call void (...)* @_ssdm_op_SpecLoopTripCount(i64 256, i64 256, i64 256)"   --->   Operation 12 'speclooptripcount' <Predicate = true> <Delay = 0.00>
ST_2 : Operation 13 [1/1] (1.82ns)   --->   "%i = add i9 %i_0_i_i, 1" [./hls-src/huffman_canonize_tree.cpp:13->./hls-src/huffman_encoding.cpp:71]   --->   Operation 13 'add' 'i' <Predicate = true> <Delay = 1.82> <Core = "AddSub">   --->   Core 14 'AddSub' <Latency = 0> <II = 1> <Delay = 2.55> <FuncUnit> <Opcode : 'add' 'sub'> <InPorts = 2> <OutPorts = 1>
ST_2 : Operation 14 [1/1] (0.00ns)   --->   "br i1 %icmp_ln13, label %.preheader124.i.i.preheader, label %0" [./hls-src/huffman_canonize_tree.cpp:13->./hls-src/huffman_encoding.cpp:71]   --->   Operation 14 'br' <Predicate = true> <Delay = 0.00>
ST_2 : Operation 15 [1/1] (0.00ns)   --->   "call void (...)* @_ssdm_op_SpecLoopName([10 x i8]* @p_str2) nounwind" [./hls-src/huffman_canonize_tree.cpp:13->./hls-src/huffman_encoding.cpp:71]   --->   Operation 15 'specloopname' <Predicate = (!icmp_ln13)> <Delay = 0.00>
ST_2 : Operation 16 [1/1] (0.00ns)   --->   "%zext_ln14 = zext i9 %i_0_i_i to i64" [./hls-src/huffman_canonize_tree.cpp:14->./hls-src/huffman_encoding.cpp:71]   --->   Operation 16 'zext' 'zext_ln14' <Predicate = (!icmp_ln13)> <Delay = 0.00>
ST_2 : Operation 17 [1/1] (0.00ns)   --->   "%symbol_bits_V_addr = getelementptr [256 x i5]* %symbol_bits_V, i64 0, i64 %zext_ln14" [./hls-src/huffman_canonize_tree.cpp:14->./hls-src/huffman_encoding.cpp:71]   --->   Operation 17 'getelementptr' 'symbol_bits_V_addr' <Predicate = (!icmp_ln13)> <Delay = 0.00>
ST_2 : Operation 18 [1/1] (3.25ns)   --->   "store i5 0, i5* %symbol_bits_V_addr, align 1" [./hls-src/huffman_canonize_tree.cpp:14->./hls-src/huffman_encoding.cpp:71]   --->   Operation 18 'store' <Predicate = (!icmp_ln13)> <Delay = 3.25> <Core = "RAM">   --->   Core 37 'RAM' <Latency = 1> <II = 1> <Delay = 3.25> <Storage> <Opcode : 'load' 'store'> <Ports = 2> <Width = 5> <Depth = 256> <RAM>
ST_2 : Operation 19 [1/1] (0.00ns)   --->   "br label %._crit_edge.i.i" [./hls-src/huffman_canonize_tree.cpp:13->./hls-src/huffman_encoding.cpp:71]   --->   Operation 19 'br' <Predicate = (!icmp_ln13)> <Delay = 0.00>
ST_2 : Operation 20 [1/1] (0.00ns)   --->   "%length_V_1 = alloca i32"   --->   Operation 20 'alloca' 'length_V_1' <Predicate = (icmp_ln13)> <Delay = 0.00>
ST_2 : Operation 21 [1/1] (1.76ns)   --->   "store i32 64, i32* %length_V_1" [./hls-src/huffman_canonize_tree.cpp:23->./hls-src/huffman_encoding.cpp:71]   --->   Operation 21 'store' <Predicate = (icmp_ln13)> <Delay = 1.76>
ST_2 : Operation 22 [1/1] (1.76ns)   --->   "br label %.preheader124.i.i" [./hls-src/huffman_canonize_tree.cpp:23->./hls-src/huffman_encoding.cpp:71]   --->   Operation 22 'br' <Predicate = (icmp_ln13)> <Delay = 1.76>

State 3 <SV = 2> <Delay = 4.24>
ST_3 : Operation 23 [1/1] (0.00ns)   --->   "%p_066_0_i_i = phi i32 [ %count_V_2, %.loopexit.i.i ], [ 0, %.preheader124.i.i.preheader ]"   --->   Operation 23 'phi' 'p_066_0_i_i' <Predicate = true> <Delay = 0.00>
ST_3 : Operation 24 [1/1] (0.00ns)   --->   "%i_op_assign = phi i32 [ %k, %.loopexit.i.i ], [ 0, %.preheader124.i.i.preheader ]"   --->   Operation 24 'phi' 'i_op_assign' <Predicate = true> <Delay = 0.00>
ST_3 : Operation 25 [1/1] (2.47ns)   --->   "%icmp_ln23 = icmp eq i32 %i_op_assign, %val_assign_loc_read" [./hls-src/huffman_canonize_tree.cpp:23->./hls-src/huffman_encoding.cpp:71]   --->   Operation 25 'icmp' 'icmp_ln23' <Predicate = true> <Delay = 2.47> <Core = "Cmp">   --->   Core 25 'Cmp' <Latency = 0> <II = 1> <Delay = 2.47> <FuncUnit> <Opcode : 'icmp'> <InPorts = 2> <OutPorts = 1>
ST_3 : Operation 26 [1/1] (0.00ns)   --->   "call void (...)* @_ssdm_op_SpecLoopTripCount(i64 0, i64 256, i64 0)"   --->   Operation 26 'speclooptripcount' <Predicate = true> <Delay = 0.00>
ST_3 : Operation 27 [1/1] (2.55ns)   --->   "%k = add nsw i32 %i_op_assign, 1" [./hls-src/huffman_canonize_tree.cpp:23->./hls-src/huffman_encoding.cpp:71]   --->   Operation 27 'add' 'k' <Predicate = true> <Delay = 2.55> <Core = "AddSub">   --->   Core 14 'AddSub' <Latency = 0> <II = 1> <Delay = 2.55> <FuncUnit> <Opcode : 'add' 'sub'> <InPorts = 2> <OutPorts = 1>
ST_3 : Operation 28 [1/1] (0.00ns)   --->   "br i1 %icmp_ln23, label %.exit, label %1" [./hls-src/huffman_canonize_tree.cpp:23->./hls-src/huffman_encoding.cpp:71]   --->   Operation 28 'br' <Predicate = true> <Delay = 0.00>
ST_3 : Operation 29 [1/1] (0.00ns)   --->   "call void (...)* @_ssdm_op_SpecLoopName([16 x i8]* @p_str3) nounwind" [./hls-src/huffman_canonize_tree.cpp:23->./hls-src/huffman_encoding.cpp:71]   --->   Operation 29 'specloopname' <Predicate = (!icmp_ln23)> <Delay = 0.00>
ST_3 : Operation 30 [1/1] (2.47ns)   --->   "%icmp_ln879 = icmp eq i32 %p_066_0_i_i, 0" [./hls-src/huffman_canonize_tree.cpp:24->./hls-src/huffman_encoding.cpp:71]   --->   Operation 30 'icmp' 'icmp_ln879' <Predicate = (!icmp_ln23)> <Delay = 2.47> <Core = "Cmp">   --->   Core 25 'Cmp' <Latency = 0> <II = 1> <Delay = 2.47> <FuncUnit> <Opcode : 'icmp'> <InPorts = 2> <OutPorts = 1>
ST_3 : Operation 31 [1/1] (1.76ns)   --->   "br i1 %icmp_ln879, label %hls_label_0.preheader, label %.loopexit.i.i" [./hls-src/huffman_canonize_tree.cpp:24->./hls-src/huffman_encoding.cpp:71]   --->   Operation 31 'br' <Predicate = (!icmp_ln23)> <Delay = 1.76>
ST_3 : Operation 32 [1/1] (0.00ns)   --->   "br label %hls_label_0" [./hls-src/huffman_canonize_tree.cpp:28->./hls-src/huffman_encoding.cpp:71]   --->   Operation 32 'br' <Predicate = (!icmp_ln23 & icmp_ln879)> <Delay = 0.00>
ST_3 : Operation 33 [1/1] (0.00ns)   --->   "ret void"   --->   Operation 33 'ret' <Predicate = (icmp_ln23)> <Delay = 0.00>

State 4 <SV = 3> <Delay = 5.80>
ST_4 : Operation 34 [1/1] (0.00ns)   --->   "%t_V = load i32* %length_V_1" [./hls-src/huffman_canonize_tree.cpp:28->./hls-src/huffman_encoding.cpp:71]   --->   Operation 34 'load' 't_V' <Predicate = true> <Delay = 0.00>
ST_4 : Operation 35 [1/1] (2.55ns)   --->   "%length_V = add i32 %t_V, -1" [./hls-src/huffman_canonize_tree.cpp:28->./hls-src/huffman_encoding.cpp:71]   --->   Operation 35 'add' 'length_V' <Predicate = true> <Delay = 2.55> <Core = "AddSub">   --->   Core 14 'AddSub' <Latency = 0> <II = 1> <Delay = 2.55> <FuncUnit> <Opcode : 'add' 'sub'> <InPorts = 2> <OutPorts = 1>
ST_4 : Operation 36 [1/1] (0.00ns)   --->   "%zext_ln544 = zext i32 %length_V to i64" [./hls-src/huffman_canonize_tree.cpp:30->./hls-src/huffman_encoding.cpp:71]   --->   Operation 36 'zext' 'zext_ln544' <Predicate = true> <Delay = 0.00>
ST_4 : Operation 37 [1/1] (0.00ns)   --->   "%codeword_length_hist = getelementptr [64 x i32]* %codeword_length_histogram_V, i64 0, i64 %zext_ln544" [./hls-src/huffman_canonize_tree.cpp:30->./hls-src/huffman_encoding.cpp:71]   --->   Operation 37 'getelementptr' 'codeword_length_hist' <Predicate = true> <Delay = 0.00>
ST_4 : Operation 38 [2/2] (3.25ns)   --->   "%count_V = load i32* %codeword_length_hist, align 4" [./hls-src/huffman_canonize_tree.cpp:30->./hls-src/huffman_encoding.cpp:71]   --->   Operation 38 'load' 'count_V' <Predicate = true> <Delay = 3.25> <Core = "RAM">   --->   Core 37 'RAM' <Latency = 1> <II = 1> <Delay = 3.25> <Storage> <Opcode : 'load' 'store'> <Ports = 2> <Width = 5> <Depth = 256> <RAM>

State 5 <SV = 4> <Delay = 5.72>
ST_5 : Operation 39 [1/1] (0.00ns)   --->   "%tmp_i_i = call i32 (...)* @_ssdm_op_SpecRegionBegin([12 x i8]* @p_str4)" [./hls-src/huffman_canonize_tree.cpp:26->./hls-src/huffman_encoding.cpp:71]   --->   Operation 39 'specregionbegin' 'tmp_i_i' <Predicate = (icmp_ln879)> <Delay = 0.00>
ST_5 : Operation 40 [1/1] (0.00ns)   --->   "call void (...)* @_ssdm_op_SpecLoopTripCount(i32 1, i32 2, i32 1, [1 x i8]* @p_str5) nounwind" [./hls-src/huffman_canonize_tree.cpp:27->./hls-src/huffman_encoding.cpp:71]   --->   Operation 40 'speclooptripcount' <Predicate = (icmp_ln879)> <Delay = 0.00>
ST_5 : Operation 41 [1/2] (3.25ns)   --->   "%count_V = load i32* %codeword_length_hist, align 4" [./hls-src/huffman_canonize_tree.cpp:30->./hls-src/huffman_encoding.cpp:71]   --->   Operation 41 'load' 'count_V' <Predicate = (icmp_ln879)> <Delay = 3.25> <Core = "RAM">   --->   Core 37 'RAM' <Latency = 1> <II = 1> <Delay = 3.25> <Storage> <Opcode : 'load' 'store'> <Ports = 2> <Width = 5> <Depth = 256> <RAM>
ST_5 : Operation 42 [1/1] (0.00ns)   --->   "%empty_33 = call i32 (...)* @_ssdm_op_SpecRegionEnd([12 x i8]* @p_str4, i32 %tmp_i_i)" [./hls-src/huffman_canonize_tree.cpp:31->./hls-src/huffman_encoding.cpp:71]   --->   Operation 42 'specregionend' 'empty_33' <Predicate = (icmp_ln879)> <Delay = 0.00>
ST_5 : Operation 43 [1/1] (2.47ns)   --->   "%icmp_ln879_5 = icmp eq i32 %count_V, 0" [./hls-src/huffman_canonize_tree.cpp:32->./hls-src/huffman_encoding.cpp:71]   --->   Operation 43 'icmp' 'icmp_ln879_5' <Predicate = (icmp_ln879)> <Delay = 2.47> <Core = "Cmp">   --->   Core 25 'Cmp' <Latency = 0> <II = 1> <Delay = 2.47> <FuncUnit> <Opcode : 'icmp'> <InPorts = 2> <OutPorts = 1>
ST_5 : Operation 44 [1/1] (0.00ns)   --->   "br i1 %icmp_ln879_5, label %hls_label_0.hls_label_0_crit_edge, label %.loopexit.i.i.loopexit" [./hls-src/huffman_canonize_tree.cpp:32->./hls-src/huffman_encoding.cpp:71]   --->   Operation 44 'br' <Predicate = (icmp_ln879)> <Delay = 0.00>
ST_5 : Operation 45 [1/1] (1.76ns)   --->   "store i32 %length_V, i32* %length_V_1" [./hls-src/huffman_canonize_tree.cpp:32->./hls-src/huffman_encoding.cpp:71]   --->   Operation 45 'store' <Predicate = (icmp_ln879 & icmp_ln879_5)> <Delay = 1.76>
ST_5 : Operation 46 [1/1] (0.00ns)   --->   "br label %hls_label_0" [./hls-src/huffman_canonize_tree.cpp:32->./hls-src/huffman_encoding.cpp:71]   --->   Operation 46 'br' <Predicate = (icmp_ln879 & icmp_ln879_5)> <Delay = 0.00>
ST_5 : Operation 47 [1/1] (1.76ns)   --->   "store i32 %length_V, i32* %length_V_1" [./hls-src/huffman_canonize_tree.cpp:28->./hls-src/huffman_encoding.cpp:71]   --->   Operation 47 'store' <Predicate = (icmp_ln879 & !icmp_ln879_5)> <Delay = 1.76>
ST_5 : Operation 48 [1/1] (1.76ns)   --->   "br label %.loopexit.i.i"   --->   Operation 48 'br' <Predicate = (icmp_ln879 & !icmp_ln879_5)> <Delay = 1.76>
ST_5 : Operation 49 [1/1] (0.00ns)   --->   "%zext_ln35 = zext i32 %i_op_assign to i64" [./hls-src/huffman_canonize_tree.cpp:35->./hls-src/huffman_encoding.cpp:71]   --->   Operation 49 'zext' 'zext_ln35' <Predicate = (!icmp_ln879_5) | (!icmp_ln879)> <Delay = 0.00>
ST_5 : Operation 50 [1/1] (0.00ns)   --->   "%sorted_value_V_addr = getelementptr [256 x i32]* %sorted_value_V, i64 0, i64 %zext_ln35" [./hls-src/huffman_canonize_tree.cpp:35->./hls-src/huffman_encoding.cpp:71]   --->   Operation 50 'getelementptr' 'sorted_value_V_addr' <Predicate = (!icmp_ln879_5) | (!icmp_ln879)> <Delay = 0.00>
ST_5 : Operation 51 [2/2] (3.25ns)   --->   "%val = load i32* %sorted_value_V_addr, align 4" [./hls-src/huffman_canonize_tree.cpp:35->./hls-src/huffman_encoding.cpp:71]   --->   Operation 51 'load' 'val' <Predicate = (!icmp_ln879_5) | (!icmp_ln879)> <Delay = 3.25> <Core = "RAM">   --->   Core 37 'RAM' <Latency = 1> <II = 1> <Delay = 3.25> <Storage> <Opcode : 'load' 'store'> <Ports = 2> <Width = 5> <Depth = 256> <RAM>

State 6 <SV = 5> <Delay = 6.50>
ST_6 : Operation 52 [1/1] (0.00ns) (grouped into LUT with out node count_V_2)   --->   "%t_V_7 = phi i32 [ %p_066_0_i_i, %1 ], [ %count_V, %.loopexit.i.i.loopexit ]"   --->   Operation 52 'phi' 't_V_7' <Predicate = true> <Delay = 0.00>
ST_6 : Operation 53 [1/1] (0.00ns)   --->   "%length_V_1_load = load i32* %length_V_1" [./hls-src/huffman_canonize_tree.cpp:36->./hls-src/huffman_encoding.cpp:71]   --->   Operation 53 'load' 'length_V_1_load' <Predicate = true> <Delay = 0.00>
ST_6 : Operation 54 [1/2] (3.25ns)   --->   "%val = load i32* %sorted_value_V_addr, align 4" [./hls-src/huffman_canonize_tree.cpp:35->./hls-src/huffman_encoding.cpp:71]   --->   Operation 54 'load' 'val' <Predicate = true> <Delay = 3.25> <Core = "RAM">   --->   Core 37 'RAM' <Latency = 1> <II = 1> <Delay = 3.25> <Storage> <Opcode : 'load' 'store'> <Ports = 2> <Width = 5> <Depth = 256> <RAM>
ST_6 : Operation 55 [1/1] (0.00ns)   --->   "%sext_ln36 = sext i32 %val to i64" [./hls-src/huffman_canonize_tree.cpp:36->./hls-src/huffman_encoding.cpp:71]   --->   Operation 55 'sext' 'sext_ln36' <Predicate = true> <Delay = 0.00>
ST_6 : Operation 56 [1/1] (0.00ns)   --->   "%trunc_ln209 = trunc i32 %length_V_1_load to i5" [./hls-src/huffman_canonize_tree.cpp:36->./hls-src/huffman_encoding.cpp:71]   --->   Operation 56 'trunc' 'trunc_ln209' <Predicate = true> <Delay = 0.00>
ST_6 : Operation 57 [1/1] (0.00ns)   --->   "%symbol_bits_V_addr_2 = getelementptr [256 x i5]* %symbol_bits_V, i64 0, i64 %sext_ln36" [./hls-src/huffman_canonize_tree.cpp:36->./hls-src/huffman_encoding.cpp:71]   --->   Operation 57 'getelementptr' 'symbol_bits_V_addr_2' <Predicate = true> <Delay = 0.00>
ST_6 : Operation 58 [1/1] (3.25ns)   --->   "store i5 %trunc_ln209, i5* %symbol_bits_V_addr_2, align 1" [./hls-src/huffman_canonize_tree.cpp:36->./hls-src/huffman_encoding.cpp:71]   --->   Operation 58 'store' <Predicate = true> <Delay = 3.25> <Core = "RAM">   --->   Core 37 'RAM' <Latency = 1> <II = 1> <Delay = 3.25> <Storage> <Opcode : 'load' 'store'> <Ports = 2> <Width = 5> <Depth = 256> <RAM>
ST_6 : Operation 59 [1/1] (2.55ns) (out node of the LUT)   --->   "%count_V_2 = add i32 -1, %t_V_7" [./hls-src/huffman_canonize_tree.cpp:37->./hls-src/huffman_encoding.cpp:71]   --->   Operation 59 'add' 'count_V_2' <Predicate = true> <Delay = 2.55> <Core = "AddSub">   --->   Core 14 'AddSub' <Latency = 0> <II = 1> <Delay = 2.55> <FuncUnit> <Opcode : 'add' 'sub'> <InPorts = 2> <OutPorts = 1>
ST_6 : Operation 60 [1/1] (0.00ns)   --->   "br label %.preheader124.i.i" [./hls-src/huffman_canonize_tree.cpp:23->./hls-src/huffman_encoding.cpp:71]   --->   Operation 60 'br' <Predicate = true> <Delay = 0.00>


============================================================
+ Verbose Summary: Binding
============================================================
STG Binding: 
---------------- STG Properties BEGIN ----------------
- Is combinational: 0
- Is one-state seq: 0
- Is datapath-only: 0
- Is pipelined: 0
- Is top level: 0
Port [ Return ] is wired: 1; IO mode=ap_ctrl_hs:ce=0
Port [ sorted_value_V]:  wired=1; compound=1; hidden=0; nouse=0; global=0; static=0; extern=0; dir=0; type=1; pingpong=1; private_global=0; MemPort=[13]; IO mode=ap_memory:ce=0
Port [ val_assign_loc]:  wired=1; compound=1; hidden=0; nouse=0; global=0; static=0; extern=0; dir=0; type=3; pingpong=0; private_global=0; IO mode=ap_fifo:ce=0
Port [ codeword_length_histogram_V]:  wired=1; compound=1; hidden=0; nouse=0; global=0; static=0; extern=0; dir=0; type=1; pingpong=1; private_global=0; MemPort=[13]; IO mode=ap_memory:ce=0
Port [ symbol_bits_V]:  wired=1; compound=1; hidden=0; nouse=0; global=0; static=0; extern=0; dir=1; type=1; pingpong=1; private_global=0; MemPort=[03]; IO mode=ap_memory:ce=0
---------------- STG Properties END ------------------

---------------- Datapath Model BEGIN ----------------

<LifeTime>
<method=bitvector/>
empty                  (specinterface    ) [ 0000000]
val_assign_loc_read    (read             ) [ 0011111]
br_ln10                (br               ) [ 0110000]
i_0_i_i                (phi              ) [ 0010000]
icmp_ln13              (icmp             ) [ 0010000]
speclooptripcount_ln0  (speclooptripcount) [ 0000000]
i                      (add              ) [ 0110000]
br_ln13                (br               ) [ 0000000]
specloopname_ln13      (specloopname     ) [ 0000000]
zext_ln14              (zext             ) [ 0000000]
symbol_bits_V_addr     (getelementptr    ) [ 0000000]
store_ln14             (store            ) [ 0000000]
br_ln13                (br               ) [ 0110000]
length_V_1             (alloca           ) [ 0011111]
store_ln23             (store            ) [ 0000000]
br_ln23                (br               ) [ 0011111]
p_066_0_i_i            (phi              ) [ 0001111]
i_op_assign            (phi              ) [ 0001110]
icmp_ln23              (icmp             ) [ 0001111]
speclooptripcount_ln0  (speclooptripcount) [ 0000000]
k                      (add              ) [ 0011111]
br_ln23                (br               ) [ 0000000]
specloopname_ln23      (specloopname     ) [ 0000000]
icmp_ln879             (icmp             ) [ 0001111]
br_ln24                (br               ) [ 0001111]
br_ln28                (br               ) [ 0000000]
ret_ln0                (ret              ) [ 0000000]
t_V                    (load             ) [ 0000000]
length_V               (add              ) [ 0001011]
zext_ln544             (zext             ) [ 0000000]
codeword_length_hist   (getelementptr    ) [ 0001011]
tmp_i_i                (specregionbegin  ) [ 0000000]
speclooptripcount_ln27 (speclooptripcount) [ 0000000]
count_V                (load             ) [ 0001111]
empty_33               (specregionend    ) [ 0000000]
icmp_ln879_5           (icmp             ) [ 0001111]
br_ln32                (br               ) [ 0000000]
store_ln32             (store            ) [ 0000000]
br_ln32                (br               ) [ 0000000]
store_ln28             (store            ) [ 0000000]
br_ln0                 (br               ) [ 0001111]
zext_ln35              (zext             ) [ 0000000]
sorted_value_V_addr    (getelementptr    ) [ 0000001]
t_V_7                  (phi              ) [ 0000001]
length_V_1_load        (load             ) [ 0000000]
val                    (load             ) [ 0000000]
sext_ln36              (sext             ) [ 0000000]
trunc_ln209            (trunc            ) [ 0000000]
symbol_bits_V_addr_2   (getelementptr    ) [ 0000000]
store_ln36             (store            ) [ 0000000]
count_V_2              (add              ) [ 0011111]
br_ln23                (br               ) [ 0011111]
</LifeTime>

<model>

<comp_list>
<comp id="0" class="1000" name="sorted_value_V">
<pin_list>
<pin id="1" dir="1" index="0" bw="1" slack="0"/>
</pin_list>
<bind>
<StgValue><ssdm name="sorted_value_V"/><MemPortTyVec>1 3 </MemPortTyVec>
</StgValue>
</bind>
</comp>

<comp id="2" class="1000" name="val_assign_loc">
<pin_list>
<pin id="3" dir="1" index="0" bw="1" slack="0"/>
</pin_list>
<bind>
<StgValue><ssdm name="val_assign_loc"/></StgValue>
</bind>
</comp>

<comp id="4" class="1000" name="codeword_length_histogram_V">
<pin_list>
<pin id="5" dir="1" index="0" bw="1" slack="0"/>
</pin_list>
<bind>
<StgValue><ssdm name="codeword_length_histogram_V"/><MemPortTyVec>1 3 </MemPortTyVec>
</StgValue>
</bind>
</comp>

<comp id="6" class="1000" name="symbol_bits_V">
<pin_list>
<pin id="7" dir="1" index="0" bw="1" slack="0"/>
</pin_list>
<bind>
<StgValue><ssdm name="symbol_bits_V"/><MemPortTyVec>0 3 </MemPortTyVec>
</StgValue>
</bind>
</comp>

<comp id="8" class="1001" name="const_8">
<pin_list>
<pin id="9" dir="1" index="0" bw="1" slack="2147483647"/>
</pin_list>
<bind>
<StgValue><ssdm name="_ssdm_op_SpecInterface"/></StgValue>
</bind>
</comp>

<comp id="10" class="1001" name="const_10">
<pin_list>
<pin id="11" dir="1" index="0" bw="1" slack="2147483647"/>
</pin_list>
<bind>
<StgValue><ssdm name="ap_fifo_str"/></StgValue>
</bind>
</comp>

<comp id="12" class="1001" name="const_12">
<pin_list>
<pin id="13" dir="1" index="0" bw="1" slack="0"/>
</pin_list>
<bind>
<StgValue><ssdm name=""/></StgValue>
</bind>
</comp>

<comp id="14" class="1001" name="const_14">
<pin_list>
<pin id="15" dir="1" index="0" bw="1" slack="2147483647"/>
</pin_list>
<bind>
<StgValue><ssdm name="p_str"/></StgValue>
</bind>
</comp>

<comp id="16" class="1001" name="const_16">
<pin_list>
<pin id="17" dir="1" index="0" bw="1" slack="2147483647"/>
</pin_list>
<bind>
<StgValue><ssdm name=""/></StgValue>
</bind>
</comp>

<comp id="18" class="1001" name="const_18">
<pin_list>
<pin id="19" dir="1" index="0" bw="1" slack="2147483647"/>
</pin_list>
<bind>
<StgValue><ssdm name=""/></StgValue>
</bind>
</comp>

<comp id="20" class="1001" name="const_20">
<pin_list>
<pin id="21" dir="1" index="0" bw="1" slack="2147483647"/>
</pin_list>
<bind>
<StgValue><ssdm name="ScalarProp_str"/></StgValue>
</bind>
</comp>

<comp id="22" class="1001" name="const_22">
<pin_list>
<pin id="23" dir="1" index="0" bw="1" slack="0"/>
</pin_list>
<bind>
<StgValue><ssdm name="_ssdm_op_Read.ap_fifo.i32P"/></StgValue>
</bind>
</comp>

<comp id="24" class="1001" name="const_24">
<pin_list>
<pin id="25" dir="1" index="0" bw="1" slack="1"/>
</pin_list>
<bind>
<StgValue><ssdm name=""/></StgValue>
</bind>
</comp>

<comp id="26" class="1001" name="const_26">
<pin_list>
<pin id="27" dir="1" index="0" bw="1" slack="0"/>
</pin_list>
<bind>
<StgValue><ssdm name=""/></StgValue>
</bind>
</comp>

<comp id="28" class="1001" name="const_28">
<pin_list>
<pin id="29" dir="1" index="0" bw="1" slack="2147483647"/>
</pin_list>
<bind>
<StgValue><ssdm name="_ssdm_op_SpecLoopTripCount"/></StgValue>
</bind>
</comp>

<comp id="30" class="1001" name="const_30">
<pin_list>
<pin id="31" dir="1" index="0" bw="1" slack="2147483647"/>
</pin_list>
<bind>
<StgValue><ssdm name=""/></StgValue>
</bind>
</comp>

<comp id="32" class="1001" name="const_32">
<pin_list>
<pin id="33" dir="1" index="0" bw="1" slack="0"/>
</pin_list>
<bind>
<StgValue><ssdm name=""/></StgValue>
</bind>
</comp>

<comp id="34" class="1001" name="const_34">
<pin_list>
<pin id="35" dir="1" index="0" bw="1" slack="2147483647"/>
</pin_list>
<bind>
<StgValue><ssdm name="_ssdm_op_SpecLoopName"/></StgValue>
</bind>
</comp>

<comp id="36" class="1001" name="const_36">
<pin_list>
<pin id="37" dir="1" index="0" bw="1" slack="2147483647"/>
</pin_list>
<bind>
<StgValue><ssdm name="p_str2"/></StgValue>
</bind>
</comp>

<comp id="38" class="1001" name="const_38">
<pin_list>
<pin id="39" dir="1" index="0" bw="1" slack="0"/>
</pin_list>
<bind>
<StgValue><ssdm name=""/></StgValue>
</bind>
</comp>

<comp id="40" class="1001" name="const_40">
<pin_list>
<pin id="41" dir="1" index="0" bw="1" slack="0"/>
</pin_list>
<bind>
<StgValue><ssdm name=""/></StgValue>
</bind>
</comp>

<comp id="42" class="1001" name="const_42">
<pin_list>
<pin id="43" dir="1" index="0" bw="1" slack="0"/>
</pin_list>
<bind>
<StgValue><ssdm name=""/></StgValue>
</bind>
</comp>

<comp id="44" class="1001" name="const_44">
<pin_list>
<pin id="45" dir="1" index="0" bw="1" slack="0"/>
</pin_list>
<bind>
<StgValue><ssdm name=""/></StgValue>
</bind>
</comp>

<comp id="46" class="1001" name="const_46">
<pin_list>
<pin id="47" dir="1" index="0" bw="1" slack="2147483647"/>
</pin_list>
<bind>
<StgValue><ssdm name="p_str3"/></StgValue>
</bind>
</comp>

<comp id="48" class="1001" name="const_48">
<pin_list>
<pin id="49" dir="1" index="0" bw="1" slack="0"/>
</pin_list>
<bind>
<StgValue><ssdm name=""/></StgValue>
</bind>
</comp>

<comp id="50" class="1001" name="const_50">
<pin_list>
<pin id="51" dir="1" index="0" bw="1" slack="2147483647"/>
</pin_list>
<bind>
<StgValue><ssdm name="_ssdm_op_SpecRegionBegin"/></StgValue>
</bind>
</comp>

<comp id="52" class="1001" name="const_52">
<pin_list>
<pin id="53" dir="1" index="0" bw="1" slack="2147483647"/>
</pin_list>
<bind>
<StgValue><ssdm name="p_str4"/></StgValue>
</bind>
</comp>

<comp id="54" class="1001" name="const_54">
<pin_list>
<pin id="55" dir="1" index="0" bw="1" slack="2147483647"/>
</pin_list>
<bind>
<StgValue><ssdm name="p_str5"/></StgValue>
</bind>
</comp>

<comp id="56" class="1001" name="const_56">
<pin_list>
<pin id="57" dir="1" index="0" bw="1" slack="2147483647"/>
</pin_list>
<bind>
<StgValue><ssdm name="_ssdm_op_SpecRegionEnd"/></StgValue>
</bind>
</comp>

<comp id="58" class="1004" name="length_V_1_fu_58">
<pin_list>
<pin id="59" dir="0" index="0" bw="1" slack="0"/>
<pin id="60" dir="1" index="1" bw="32" slack="0"/>
</pin_list>
<bind>
<opcode="alloca(26) " fcode="alloca"/>
<opset="length_V_1/2 "/>
</bind>
</comp>

<comp id="62" class="1004" name="val_assign_loc_read_read_fu_62">
<pin_list>
<pin id="63" dir="0" index="0" bw="32" slack="0"/>
<pin id="64" dir="0" index="1" bw="32" slack="0"/>
<pin id="65" dir="1" index="2" bw="32" slack="2"/>
</pin_list>
<bind>
<opcode="read(1150) " fcode="read"/>
<opset="val_assign_loc_read/1 "/>
</bind>
</comp>

<comp id="68" class="1004" name="symbol_bits_V_addr_gep_fu_68">
<pin_list>
<pin id="69" dir="0" index="0" bw="5" slack="0"/>
<pin id="70" dir="0" index="1" bw="1" slack="0"/>
<pin id="71" dir="0" index="2" bw="9" slack="0"/>
<pin id="72" dir="1" index="3" bw="8" slack="0"/>
</pin_list>
<bind>
<opcode="getelementptr(29) " fcode="getelementptr"/>
<opset="symbol_bits_V_addr/2 "/>
</bind>
</comp>

<comp id="75" class="1004" name="grp_access_fu_75">
<pin_list>
<pin id="76" dir="0" index="0" bw="8" slack="0"/>
<pin id="77" dir="0" index="1" bw="5" slack="0"/>
<pin id="78" dir="0" index="2" bw="0" slack="2147483647"/>
<pin id="79" dir="1" index="3" bw="5" slack="2147483647"/>
</pin_list>
<bind>
<opcode="store(28) " fcode="store"/>
<opset="store_ln14/2 store_ln36/6 "/>
</bind>
</comp>

<comp id="82" class="1004" name="codeword_length_hist_gep_fu_82">
<pin_list>
<pin id="83" dir="0" index="0" bw="32" slack="0"/>
<pin id="84" dir="0" index="1" bw="1" slack="0"/>
<pin id="85" dir="0" index="2" bw="32" slack="0"/>
<pin id="86" dir="1" index="3" bw="6" slack="0"/>
</pin_list>
<bind>
<opcode="getelementptr(29) " fcode="getelementptr"/>
<opset="codeword_length_hist/4 "/>
</bind>
</comp>

<comp id="89" class="1004" name="grp_access_fu_89">
<pin_list>
<pin id="90" dir="0" index="0" bw="6" slack="0"/>
<pin id="91" dir="0" index="1" bw="32" slack="2147483647"/>
<pin id="92" dir="0" index="2" bw="0" slack="2147483647"/>
<pin id="93" dir="1" index="3" bw="32" slack="0"/>
</pin_list>
<bind>
<opcode="load(27) " fcode="load"/>
<opset="count_V/4 "/>
</bind>
</comp>

<comp id="95" class="1004" name="sorted_value_V_addr_gep_fu_95">
<pin_list>
<pin id="96" dir="0" index="0" bw="32" slack="0"/>
<pin id="97" dir="0" index="1" bw="1" slack="0"/>
<pin id="98" dir="0" index="2" bw="32" slack="0"/>
<pin id="99" dir="1" index="3" bw="8" slack="0"/>
</pin_list>
<bind>
<opcode="getelementptr(29) " fcode="getelementptr"/>
<opset="sorted_value_V_addr/5 "/>
</bind>
</comp>

<comp id="102" class="1004" name="grp_access_fu_102">
<pin_list>
<pin id="103" dir="0" index="0" bw="8" slack="0"/>
<pin id="104" dir="0" index="1" bw="32" slack="2147483647"/>
<pin id="105" dir="0" index="2" bw="0" slack="2147483647"/>
<pin id="106" dir="1" index="3" bw="32" slack="0"/>
</pin_list>
<bind>
<opcode="load(27) " fcode="load"/>
<opset="val/5 "/>
</bind>
</comp>

<comp id="108" class="1004" name="symbol_bits_V_addr_2_gep_fu_108">
<pin_list>
<pin id="109" dir="0" index="0" bw="5" slack="0"/>
<pin id="110" dir="0" index="1" bw="1" slack="0"/>
<pin id="111" dir="0" index="2" bw="32" slack="0"/>
<pin id="112" dir="1" index="3" bw="8" slack="0"/>
</pin_list>
<bind>
<opcode="getelementptr(29) " fcode="getelementptr"/>
<opset="symbol_bits_V_addr_2/6 "/>
</bind>
</comp>

<comp id="116" class="1005" name="i_0_i_i_reg_116">
<pin_list>
<pin id="117" dir="0" index="0" bw="9" slack="1"/>
<pin id="118" dir="1" index="1" bw="9" slack="1"/>
</pin_list>
<bind>
<opset="i_0_i_i (phireg) "/>
</bind>
</comp>

<comp id="120" class="1004" name="i_0_i_i_phi_fu_120">
<pin_list>
<pin id="121" dir="0" index="0" bw="9" slack="0"/>
<pin id="122" dir="0" index="1" bw="0" slack="2147483647"/>
<pin id="123" dir="0" index="2" bw="1" slack="1"/>
<pin id="124" dir="0" index="3" bw="0" slack="2147483647"/>
<pin id="125" dir="1" index="4" bw="9" slack="0"/>
</pin_list>
<bind>
<opcode="phi(47) " fcode="phi"/>
<opset="i_0_i_i/2 "/>
</bind>
</comp>

<comp id="127" class="1005" name="p_066_0_i_i_reg_127">
<pin_list>
<pin id="128" dir="0" index="0" bw="32" slack="1"/>
<pin id="129" dir="1" index="1" bw="32" slack="1"/>
</pin_list>
<bind>
<opset="p_066_0_i_i (phireg) "/>
</bind>
</comp>

<comp id="131" class="1004" name="p_066_0_i_i_phi_fu_131">
<pin_list>
<pin id="132" dir="0" index="0" bw="32" slack="1"/>
<pin id="133" dir="0" index="1" bw="0" slack="2147483647"/>
<pin id="134" dir="0" index="2" bw="1" slack="1"/>
<pin id="135" dir="0" index="3" bw="0" slack="2147483647"/>
<pin id="136" dir="1" index="4" bw="32" slack="0"/>
</pin_list>
<bind>
<opcode="phi(47) " fcode="phi"/>
<opset="p_066_0_i_i/3 "/>
</bind>
</comp>

<comp id="139" class="1005" name="i_op_assign_reg_139">
<pin_list>
<pin id="140" dir="0" index="0" bw="32" slack="1"/>
<pin id="141" dir="1" index="1" bw="32" slack="1"/>
</pin_list>
<bind>
<opset="i_op_assign (phireg) "/>
</bind>
</comp>

<comp id="143" class="1004" name="i_op_assign_phi_fu_143">
<pin_list>
<pin id="144" dir="0" index="0" bw="32" slack="0"/>
<pin id="145" dir="0" index="1" bw="0" slack="2147483647"/>
<pin id="146" dir="0" index="2" bw="1" slack="1"/>
<pin id="147" dir="0" index="3" bw="0" slack="2147483647"/>
<pin id="148" dir="1" index="4" bw="32" slack="0"/>
</pin_list>
<bind>
<opcode="phi(47) " fcode="phi"/>
<opset="i_op_assign/3 "/>
</bind>
</comp>

<comp id="151" class="1005" name="t_V_7_reg_151">
<pin_list>
<pin id="152" dir="0" index="0" bw="32" slack="2147483647"/>
<pin id="153" dir="1" index="1" bw="32" slack="2147483647"/>
</pin_list>
<bind>
<opset="t_V_7 (phireg) "/>
</bind>
</comp>

<comp id="154" class="1004" name="t_V_7_phi_fu_154">
<pin_list>
<pin id="155" dir="0" index="0" bw="32" slack="3"/>
<pin id="156" dir="0" index="1" bw="0" slack="2147483647"/>
<pin id="157" dir="0" index="2" bw="32" slack="1"/>
<pin id="158" dir="0" index="3" bw="0" slack="2147483647"/>
<pin id="159" dir="1" index="4" bw="32" slack="0"/>
</pin_list>
<bind>
<opcode="phi(47) " fcode="phi"/>
<opset="t_V_7/6 "/>
</bind>
</comp>

<comp id="161" class="1004" name="grp_load_fu_161">
<pin_list>
<pin id="162" dir="0" index="0" bw="32" slack="2"/>
<pin id="163" dir="1" index="1" bw="32" slack="0"/>
</pin_list>
<bind>
<opcode="load(27) " fcode="load"/>
<opset="t_V/4 length_V_1_load/6 "/>
</bind>
</comp>

<comp id="164" class="1004" name="grp_store_fu_164">
<pin_list>
<pin id="165" dir="0" index="0" bw="32" slack="1"/>
<pin id="166" dir="0" index="1" bw="32" slack="3"/>
<pin id="167" dir="1" index="2" bw="0" slack="2147483647"/>
</pin_list>
<bind>
<opcode="store(28) " fcode="store"/>
<opset="store_ln32/5 store_ln28/5 "/>
</bind>
</comp>

<comp id="168" class="1004" name="icmp_ln13_fu_168">
<pin_list>
<pin id="169" dir="0" index="0" bw="9" slack="0"/>
<pin id="170" dir="0" index="1" bw="9" slack="0"/>
<pin id="171" dir="1" index="2" bw="1" slack="2147483647"/>
</pin_list>
<bind>
<opcode="icmp(45) " fcode="icmp"/>
<opset="icmp_ln13/2 "/>
</bind>
</comp>

<comp id="174" class="1004" name="i_fu_174">
<pin_list>
<pin id="175" dir="0" index="0" bw="9" slack="0"/>
<pin id="176" dir="0" index="1" bw="1" slack="0"/>
<pin id="177" dir="1" index="2" bw="9" slack="0"/>
</pin_list>
<bind>
<opcode="add(8) " fcode="add"/>
<opset="i/2 "/>
</bind>
</comp>

<comp id="180" class="1004" name="zext_ln14_fu_180">
<pin_list>
<pin id="181" dir="0" index="0" bw="9" slack="0"/>
<pin id="182" dir="1" index="1" bw="64" slack="0"/>
</pin_list>
<bind>
<opcode="zext(34) " fcode="zext"/>
<opset="zext_ln14/2 "/>
</bind>
</comp>

<comp id="185" class="1004" name="store_ln23_store_fu_185">
<pin_list>
<pin id="186" dir="0" index="0" bw="8" slack="0"/>
<pin id="187" dir="0" index="1" bw="32" slack="0"/>
<pin id="188" dir="1" index="2" bw="0" slack="2147483647"/>
</pin_list>
<bind>
<opcode="store(28) " fcode="store"/>
<opset="store_ln23/2 "/>
</bind>
</comp>

<comp id="190" class="1004" name="icmp_ln23_fu_190">
<pin_list>
<pin id="191" dir="0" index="0" bw="32" slack="0"/>
<pin id="192" dir="0" index="1" bw="32" slack="2"/>
<pin id="193" dir="1" index="2" bw="1" slack="2147483647"/>
</pin_list>
<bind>
<opcode="icmp(45) " fcode="icmp"/>
<opset="icmp_ln23/3 "/>
</bind>
</comp>

<comp id="195" class="1004" name="k_fu_195">
<pin_list>
<pin id="196" dir="0" index="0" bw="32" slack="0"/>
<pin id="197" dir="0" index="1" bw="1" slack="0"/>
<pin id="198" dir="1" index="2" bw="32" slack="0"/>
</pin_list>
<bind>
<opcode="add(8) " fcode="add"/>
<opset="k/3 "/>
</bind>
</comp>

<comp id="201" class="1004" name="icmp_ln879_fu_201">
<pin_list>
<pin id="202" dir="0" index="0" bw="32" slack="0"/>
<pin id="203" dir="0" index="1" bw="1" slack="0"/>
<pin id="204" dir="1" index="2" bw="1" slack="2"/>
</pin_list>
<bind>
<opcode="icmp(45) " fcode="icmp"/>
<opset="icmp_ln879/3 "/>
</bind>
</comp>

<comp id="207" class="1004" name="length_V_fu_207">
<pin_list>
<pin id="208" dir="0" index="0" bw="32" slack="0"/>
<pin id="209" dir="0" index="1" bw="1" slack="0"/>
<pin id="210" dir="1" index="2" bw="32" slack="0"/>
</pin_list>
<bind>
<opcode="add(8) " fcode="add"/>
<opset="length_V/4 "/>
</bind>
</comp>

<comp id="213" class="1004" name="zext_ln544_fu_213">
<pin_list>
<pin id="214" dir="0" index="0" bw="32" slack="0"/>
<pin id="215" dir="1" index="1" bw="64" slack="0"/>
</pin_list>
<bind>
<opcode="zext(34) " fcode="zext"/>
<opset="zext_ln544/4 "/>
</bind>
</comp>

<comp id="218" class="1004" name="icmp_ln879_5_fu_218">
<pin_list>
<pin id="219" dir="0" index="0" bw="32" slack="0"/>
<pin id="220" dir="0" index="1" bw="1" slack="0"/>
<pin id="221" dir="1" index="2" bw="1" slack="2147483647"/>
</pin_list>
<bind>
<opcode="icmp(45) " fcode="icmp"/>
<opset="icmp_ln879_5/5 "/>
</bind>
</comp>

<comp id="224" class="1004" name="zext_ln35_fu_224">
<pin_list>
<pin id="225" dir="0" index="0" bw="32" slack="2"/>
<pin id="226" dir="1" index="1" bw="64" slack="0"/>
</pin_list>
<bind>
<opcode="zext(34) " fcode="zext"/>
<opset="zext_ln35/5 "/>
</bind>
</comp>

<comp id="229" class="1004" name="sext_ln36_fu_229">
<pin_list>
<pin id="230" dir="0" index="0" bw="32" slack="0"/>
<pin id="231" dir="1" index="1" bw="64" slack="0"/>
</pin_list>
<bind>
<opcode="sext(35) " fcode="sext"/>
<opset="sext_ln36/6 "/>
</bind>
</comp>

<comp id="234" class="1004" name="trunc_ln209_fu_234">
<pin_list>
<pin id="235" dir="0" index="0" bw="32" slack="0"/>
<pin id="236" dir="1" index="1" bw="5" slack="0"/>
</pin_list>
<bind>
<opcode="trunc(33) " fcode="trunc"/>
<opset="trunc_ln209/6 "/>
</bind>
</comp>

<comp id="239" class="1004" name="count_V_2_fu_239">
<pin_list>
<pin id="240" dir="0" index="0" bw="1" slack="0"/>
<pin id="241" dir="0" index="1" bw="32" slack="0"/>
<pin id="242" dir="1" index="2" bw="32" slack="1"/>
</pin_list>
<bind>
<opcode="add(8) " fcode="add"/>
<opset="count_V_2/6 "/>
</bind>
</comp>

<comp id="245" class="1005" name="val_assign_loc_read_reg_245">
<pin_list>
<pin id="246" dir="0" index="0" bw="32" slack="2"/>
<pin id="247" dir="1" index="1" bw="32" slack="2"/>
</pin_list>
<bind>
<opset="val_assign_loc_read "/>
</bind>
</comp>

<comp id="253" class="1005" name="i_reg_253">
<pin_list>
<pin id="254" dir="0" index="0" bw="9" slack="0"/>
<pin id="255" dir="1" index="1" bw="9" slack="0"/>
</pin_list>
<bind>
<opset="i "/>
</bind>
</comp>

<comp id="258" class="1005" name="length_V_1_reg_258">
<pin_list>
<pin id="259" dir="0" index="0" bw="32" slack="0"/>
<pin id="260" dir="1" index="1" bw="32" slack="0"/>
</pin_list>
<bind>
<opset="length_V_1 "/>
</bind>
</comp>

<comp id="268" class="1005" name="k_reg_268">
<pin_list>
<pin id="269" dir="0" index="0" bw="32" slack="0"/>
<pin id="270" dir="1" index="1" bw="32" slack="0"/>
</pin_list>
<bind>
<opset="k "/>
</bind>
</comp>

<comp id="273" class="1005" name="icmp_ln879_reg_273">
<pin_list>
<pin id="274" dir="0" index="0" bw="1" slack="2"/>
<pin id="275" dir="1" index="1" bw="1" slack="2147483647"/>
</pin_list>
<bind>
<opset="icmp_ln879 "/>
</bind>
</comp>

<comp id="277" class="1005" name="length_V_reg_277">
<pin_list>
<pin id="278" dir="0" index="0" bw="32" slack="1"/>
<pin id="279" dir="1" index="1" bw="32" slack="1"/>
</pin_list>
<bind>
<opset="length_V "/>
</bind>
</comp>

<comp id="282" class="1005" name="codeword_length_hist_reg_282">
<pin_list>
<pin id="283" dir="0" index="0" bw="6" slack="1"/>
<pin id="284" dir="1" index="1" bw="6" slack="1"/>
</pin_list>
<bind>
<opset="codeword_length_hist "/>
</bind>
</comp>

<comp id="287" class="1005" name="count_V_reg_287">
<pin_list>
<pin id="288" dir="0" index="0" bw="32" slack="1"/>
<pin id="289" dir="1" index="1" bw="32" slack="1"/>
</pin_list>
<bind>
<opset="count_V "/>
</bind>
</comp>

<comp id="295" class="1005" name="sorted_value_V_addr_reg_295">
<pin_list>
<pin id="296" dir="0" index="0" bw="8" slack="1"/>
<pin id="297" dir="1" index="1" bw="8" slack="1"/>
</pin_list>
<bind>
<opset="sorted_value_V_addr "/>
</bind>
</comp>

<comp id="300" class="1005" name="count_V_2_reg_300">
<pin_list>
<pin id="301" dir="0" index="0" bw="32" slack="1"/>
<pin id="302" dir="1" index="1" bw="32" slack="1"/>
</pin_list>
<bind>
<opset="count_V_2 "/>
</bind>
</comp>

</comp_list>

<net_list>
<net id="61"><net_src comp="42" pin="0"/><net_sink comp="58" pin=0"/></net>

<net id="66"><net_src comp="22" pin="0"/><net_sink comp="62" pin=0"/></net>

<net id="67"><net_src comp="2" pin="0"/><net_sink comp="62" pin=1"/></net>

<net id="73"><net_src comp="6" pin="0"/><net_sink comp="68" pin=0"/></net>

<net id="74"><net_src comp="38" pin="0"/><net_sink comp="68" pin=1"/></net>

<net id="80"><net_src comp="40" pin="0"/><net_sink comp="75" pin=1"/></net>

<net id="81"><net_src comp="68" pin="3"/><net_sink comp="75" pin=0"/></net>

<net id="87"><net_src comp="4" pin="0"/><net_sink comp="82" pin=0"/></net>

<net id="88"><net_src comp="38" pin="0"/><net_sink comp="82" pin=1"/></net>

<net id="94"><net_src comp="82" pin="3"/><net_sink comp="89" pin=0"/></net>

<net id="100"><net_src comp="0" pin="0"/><net_sink comp="95" pin=0"/></net>

<net id="101"><net_src comp="38" pin="0"/><net_sink comp="95" pin=1"/></net>

<net id="107"><net_src comp="95" pin="3"/><net_sink comp="102" pin=0"/></net>

<net id="113"><net_src comp="6" pin="0"/><net_sink comp="108" pin=0"/></net>

<net id="114"><net_src comp="38" pin="0"/><net_sink comp="108" pin=1"/></net>

<net id="115"><net_src comp="108" pin="3"/><net_sink comp="75" pin=0"/></net>

<net id="119"><net_src comp="24" pin="0"/><net_sink comp="116" pin=0"/></net>

<net id="126"><net_src comp="116" pin="1"/><net_sink comp="120" pin=2"/></net>

<net id="130"><net_src comp="12" pin="0"/><net_sink comp="127" pin=0"/></net>

<net id="137"><net_src comp="127" pin="1"/><net_sink comp="131" pin=2"/></net>

<net id="138"><net_src comp="131" pin="4"/><net_sink comp="127" pin=0"/></net>

<net id="142"><net_src comp="12" pin="0"/><net_sink comp="139" pin=0"/></net>

<net id="149"><net_src comp="139" pin="1"/><net_sink comp="143" pin=2"/></net>

<net id="150"><net_src comp="143" pin="4"/><net_sink comp="139" pin=0"/></net>

<net id="160"><net_src comp="127" pin="1"/><net_sink comp="154" pin=0"/></net>

<net id="172"><net_src comp="120" pin="4"/><net_sink comp="168" pin=0"/></net>

<net id="173"><net_src comp="26" pin="0"/><net_sink comp="168" pin=1"/></net>

<net id="178"><net_src comp="120" pin="4"/><net_sink comp="174" pin=0"/></net>

<net id="179"><net_src comp="32" pin="0"/><net_sink comp="174" pin=1"/></net>

<net id="183"><net_src comp="120" pin="4"/><net_sink comp="180" pin=0"/></net>

<net id="184"><net_src comp="180" pin="1"/><net_sink comp="68" pin=2"/></net>

<net id="189"><net_src comp="44" pin="0"/><net_sink comp="185" pin=0"/></net>

<net id="194"><net_src comp="143" pin="4"/><net_sink comp="190" pin=0"/></net>

<net id="199"><net_src comp="143" pin="4"/><net_sink comp="195" pin=0"/></net>

<net id="200"><net_src comp="42" pin="0"/><net_sink comp="195" pin=1"/></net>

<net id="205"><net_src comp="131" pin="4"/><net_sink comp="201" pin=0"/></net>

<net id="206"><net_src comp="12" pin="0"/><net_sink comp="201" pin=1"/></net>

<net id="211"><net_src comp="161" pin="1"/><net_sink comp="207" pin=0"/></net>

<net id="212"><net_src comp="48" pin="0"/><net_sink comp="207" pin=1"/></net>

<net id="216"><net_src comp="207" pin="2"/><net_sink comp="213" pin=0"/></net>

<net id="217"><net_src comp="213" pin="1"/><net_sink comp="82" pin=2"/></net>

<net id="222"><net_src comp="89" pin="3"/><net_sink comp="218" pin=0"/></net>

<net id="223"><net_src comp="12" pin="0"/><net_sink comp="218" pin=1"/></net>

<net id="227"><net_src comp="139" pin="1"/><net_sink comp="224" pin=0"/></net>

<net id="228"><net_src comp="224" pin="1"/><net_sink comp="95" pin=2"/></net>

<net id="232"><net_src comp="102" pin="3"/><net_sink comp="229" pin=0"/></net>

<net id="233"><net_src comp="229" pin="1"/><net_sink comp="108" pin=2"/></net>

<net id="237"><net_src comp="161" pin="1"/><net_sink comp="234" pin=0"/></net>

<net id="238"><net_src comp="234" pin="1"/><net_sink comp="75" pin=1"/></net>

<net id="243"><net_src comp="48" pin="0"/><net_sink comp="239" pin=0"/></net>

<net id="244"><net_src comp="154" pin="4"/><net_sink comp="239" pin=1"/></net>

<net id="248"><net_src comp="62" pin="2"/><net_sink comp="245" pin=0"/></net>

<net id="249"><net_src comp="245" pin="1"/><net_sink comp="190" pin=1"/></net>

<net id="256"><net_src comp="174" pin="2"/><net_sink comp="253" pin=0"/></net>

<net id="257"><net_src comp="253" pin="1"/><net_sink comp="120" pin=0"/></net>

<net id="261"><net_src comp="58" pin="1"/><net_sink comp="258" pin=0"/></net>

<net id="262"><net_src comp="258" pin="1"/><net_sink comp="185" pin=1"/></net>

<net id="263"><net_src comp="258" pin="1"/><net_sink comp="161" pin=0"/></net>

<net id="264"><net_src comp="258" pin="1"/><net_sink comp="164" pin=1"/></net>

<net id="271"><net_src comp="195" pin="2"/><net_sink comp="268" pin=0"/></net>

<net id="272"><net_src comp="268" pin="1"/><net_sink comp="143" pin=0"/></net>

<net id="276"><net_src comp="201" pin="2"/><net_sink comp="273" pin=0"/></net>

<net id="280"><net_src comp="207" pin="2"/><net_sink comp="277" pin=0"/></net>

<net id="281"><net_src comp="277" pin="1"/><net_sink comp="164" pin=0"/></net>

<net id="285"><net_src comp="82" pin="3"/><net_sink comp="282" pin=0"/></net>

<net id="286"><net_src comp="282" pin="1"/><net_sink comp="89" pin=0"/></net>

<net id="290"><net_src comp="89" pin="3"/><net_sink comp="287" pin=0"/></net>

<net id="291"><net_src comp="287" pin="1"/><net_sink comp="154" pin=2"/></net>

<net id="298"><net_src comp="95" pin="3"/><net_sink comp="295" pin=0"/></net>

<net id="299"><net_src comp="295" pin="1"/><net_sink comp="102" pin=0"/></net>

<net id="303"><net_src comp="239" pin="2"/><net_sink comp="300" pin=0"/></net>

<net id="304"><net_src comp="300" pin="1"/><net_sink comp="131" pin=0"/></net>

</net_list>

</model> 
---------------- Datapath Model END ------------------

* FSMD analyzer results:
  - Output states:
	Port: symbol_bits_V | {2 6 }
 - Input state : 
	Port: canonize_tree : sorted_value_V | {5 6 }
	Port: canonize_tree : val_assign_loc | {1 }
	Port: canonize_tree : codeword_length_histogram_V | {4 5 }
  - Chain level:
	State 1
	State 2
		icmp_ln13 : 1
		i : 1
		br_ln13 : 2
		zext_ln14 : 1
		symbol_bits_V_addr : 2
		store_ln14 : 3
		store_ln23 : 1
	State 3
		icmp_ln23 : 1
		k : 1
		br_ln23 : 2
		icmp_ln879 : 1
		br_ln24 : 2
	State 4
		length_V : 1
		zext_ln544 : 2
		codeword_length_hist : 3
		count_V : 4
	State 5
		empty_33 : 1
		icmp_ln879_5 : 1
		br_ln32 : 2
		sorted_value_V_addr : 1
		val : 2
	State 6
		sext_ln36 : 1
		trunc_ln209 : 1
		symbol_bits_V_addr_2 : 2
		store_ln36 : 3
		count_V_2 : 1


============================================================
+ Verbose Summary: Datapath Resource usage 
============================================================

* Functional unit list:
|----------|--------------------------------|---------|---------|
| Operation|         Functional Unit        |    FF   |   LUT   |
|----------|--------------------------------|---------|---------|
|          |            i_fu_174            |    0    |    15   |
|    add   |            k_fu_195            |    0    |    39   |
|          |         length_V_fu_207        |    0    |    39   |
|          |        count_V_2_fu_239        |    0    |    39   |
|----------|--------------------------------|---------|---------|
|          |        icmp_ln13_fu_168        |    0    |    13   |
|   icmp   |        icmp_ln23_fu_190        |    0    |    18   |
|          |        icmp_ln879_fu_201       |    0    |    18   |
|          |       icmp_ln879_5_fu_218      |    0    |    18   |
|----------|--------------------------------|---------|---------|
|   read   | val_assign_loc_read_read_fu_62 |    0    |    0    |
|----------|--------------------------------|---------|---------|
|          |        zext_ln14_fu_180        |    0    |    0    |
|   zext   |        zext_ln544_fu_213       |    0    |    0    |
|          |        zext_ln35_fu_224        |    0    |    0    |
|----------|--------------------------------|---------|---------|
|   sext   |        sext_ln36_fu_229        |    0    |    0    |
|----------|--------------------------------|---------|---------|
|   trunc  |       trunc_ln209_fu_234       |    0    |    0    |
|----------|--------------------------------|---------|---------|
|   Total  |                                |    0    |   199   |
|----------|--------------------------------|---------|---------|

Memories:
N/A

* Register list:
+----------------------------+--------+
|                            |   FF   |
+----------------------------+--------+
|codeword_length_hist_reg_282|    6   |
|      count_V_2_reg_300     |   32   |
|       count_V_reg_287      |   32   |
|       i_0_i_i_reg_116      |    9   |
|     i_op_assign_reg_139    |   32   |
|          i_reg_253         |    9   |
|     icmp_ln879_reg_273     |    1   |
|          k_reg_268         |   32   |
|     length_V_1_reg_258     |   32   |
|      length_V_reg_277      |   32   |
|     p_066_0_i_i_reg_127    |   32   |
| sorted_value_V_addr_reg_295|    8   |
|        t_V_7_reg_151       |   32   |
| val_assign_loc_read_reg_245|   32   |
+----------------------------+--------+
|            Total           |   321  |
+----------------------------+--------+

* Multiplexer (MUX) list: 
|---------------------|------|------|------|--------||---------||---------|
|         Comp        |  Pin | Size |  BW  | S x BW ||  Delay  ||   LUT   |
|---------------------|------|------|------|--------||---------||---------|
|   grp_access_fu_75  |  p0  |   2  |   8  |   16   ||    9    |
|   grp_access_fu_75  |  p1  |   2  |   5  |   10   ||    9    |
|   grp_access_fu_89  |  p0  |   2  |   6  |   12   ||    9    |
|  grp_access_fu_102  |  p0  |   2  |   8  |   16   ||    9    |
| p_066_0_i_i_reg_127 |  p0  |   2  |  32  |   64   ||    9    |
| i_op_assign_reg_139 |  p0  |   2  |  32  |   64   ||    9    |
|---------------------|------|------|------|--------||---------||---------|
|        Total        |      |      |      |   182  ||  10.614 ||    54   |
|---------------------|------|------|------|--------||---------||---------|



* Summary:
+-----------+--------+--------+--------+
|           |  Delay |   FF   |   LUT  |
+-----------+--------+--------+--------+
|  Function |    -   |    0   |   199  |
|   Memory  |    -   |    -   |    -   |
|Multiplexer|   10   |    -   |   54   |
|  Register |    -   |   321  |    -   |
+-----------+--------+--------+--------+
|   Total   |   10   |   321  |   253  |
+-----------+--------+--------+--------+
