

================================================================
== Vivado HLS Report for 'create_codeword'
================================================================
* Date:           Sun Aug  1 13:10:58 2021

* Version:        2020.1 (Build 2897737 on Wed May 27 20:21:37 MDT 2020)
* Project:        huffman_encoding_core_build
* Solution:       alternative
* Product family: zynq
* Target device:  xc7z020-clg484-1


================================================================
== Performance Estimates
================================================================
+ Timing: 
    * Summary: 
    +--------+----------+----------+------------+
    |  Clock |  Target  | Estimated| Uncertainty|
    +--------+----------+----------+------------+
    |ap_clk  | 10.00 ns | 7.760 ns |   1.25 ns  |
    +--------+----------+----------+------------+

+ Latency: 
    * Summary: 
    +---------+---------+-----------+-----------+------+------+---------+
    |  Latency (cycles) |   Latency (absolute)  |   Interval  | Pipeline|
    |   min   |   max   |    min    |    max    |  min |  max |   Type  |
    +---------+---------+-----------+-----------+------+------+---------+
    |     1877|     1877| 18.770 us | 18.770 us |  1877|  1877|   none  |
    +---------+---------+-----------+-----------+------+------+---------+

    + Detail: 
        * Instance: 
        N/A

        * Loop: 
        +--------------------+---------+---------+----------+-----------+-----------+------+----------+
        |                    |  Latency (cycles) | Iteration|  Initiation Interval  | Trip |          |
        |      Loop Name     |   min   |   max   |  Latency |  achieved |   target  | Count| Pipelined|
        +--------------------+---------+---------+----------+-----------+-----------+------+----------+
        |- Loop 1            |       27|       27|         1|          -|          -|    27|    no    |
        |- Loop 2            |      768|      768|         3|          -|          -|   256|    no    |
        |- first_codewords   |       52|       52|         2|          2|          1|    26|    yes   |
        |- assign_codewords  |     1024|     1024|         4|          4|          5|   256|    yes   |
        +--------------------+---------+---------+----------+-----------+-----------+------+----------+

============================================================
+ Verbose Summary: Synthesis Manager
============================================================
InlineROM: 1
ExposeGlobal: 0
============================================================
+ Verbose Summary: CDFG Model
============================================================
IsTopModel: 0
ResetActiveHigh: 1
IsCombinational: 2
IsDatapathOnly: 0
HasWiredReturn: 1
HasMFsm: 0
HasVarLatency: 1
IsPipeline: 0
IsRtlPipelined: 0
IsInstanceOverlapped: 0
IsDontTouch: 0
HasImplIP: 0
IsGatedGlobalClock: 0

+ Individual pipeline summary: 
  * Pipeline-0: initiation interval (II) = 2, depth = 2
  * Pipeline-1: initiation interval (II) = 4, depth = 4


============================================================
+ Verbose Summary: Schedule
============================================================
* Number of FSM states : 13
* Pipeline : 2
  Pipeline-0 : II = 2, D = 2, States = { 6 7 }
  Pipeline-1 : II = 4, D = 4, States = { 9 10 11 12 }
* Dataflow Pipeline: 0

* FSM state transitions: 
1 --> 2 
2 --> 2 3 
3 --> 4 6 
4 --> 5 
5 --> 3 
6 --> 8 7 
7 --> 6 
8 --> 9 
9 --> 13 10 
10 --> 11 
11 --> 12 
12 --> 9 
13 --> 

* FSM state operations: 

State 1 <SV = 0> <Delay = 1.76>
ST_1 : Operation 14 [1/1] (0.00ns)   --->   "%codeword_length_hist = alloca [27 x i32], align 4" [./hls-src/huffman_create_codeword.cpp:12]   --->   Operation 14 'alloca' 'codeword_length_hist' <Predicate = true> <Delay = 0.00> <Core = "RAM">   --->   Core 37 'RAM' <Latency = 1> <II = 1> <Delay = 2.32> <Storage> <Opcode : 'load' 'store'> <Ports = 2> <Width = 27> <Depth = 27> <RAM>
ST_1 : Operation 15 [1/1] (0.00ns)   --->   "%first_codeword_V = alloca [27 x i27], align 4" [./hls-src/huffman_create_codeword.cpp:22]   --->   Operation 15 'alloca' 'first_codeword_V' <Predicate = true> <Delay = 0.00> <Core = "RAM">   --->   Core 37 'RAM' <Latency = 1> <II = 1> <Delay = 2.32> <Storage> <Opcode : 'load' 'store'> <Ports = 2> <Width = 27> <Depth = 27> <RAM>
ST_1 : Operation 16 [1/1] (1.76ns)   --->   "br label %.preheader355" [./hls-src/huffman_create_codeword.cpp:13]   --->   Operation 16 'br' <Predicate = true> <Delay = 1.76>

State 2 <SV = 1> <Delay = 2.32>
ST_2 : Operation 17 [1/1] (0.00ns)   --->   "%i_0 = phi i5 [ %i, %0 ], [ 0, %.preheader355.preheader ]"   --->   Operation 17 'phi' 'i_0' <Predicate = true> <Delay = 0.00>
ST_2 : Operation 18 [1/1] (1.36ns)   --->   "%icmp_ln13 = icmp eq i5 %i_0, -5" [./hls-src/huffman_create_codeword.cpp:13]   --->   Operation 18 'icmp' 'icmp_ln13' <Predicate = true> <Delay = 1.36> <Core = "Cmp">   --->   Core 25 'Cmp' <Latency = 0> <II = 1> <Delay = 1.66> <FuncUnit> <Opcode : 'icmp'> <InPorts = 2> <OutPorts = 1>
ST_2 : Operation 19 [1/1] (0.00ns)   --->   "call void (...)* @_ssdm_op_SpecLoopTripCount(i64 27, i64 27, i64 27)"   --->   Operation 19 'speclooptripcount' <Predicate = true> <Delay = 0.00>
ST_2 : Operation 20 [1/1] (1.78ns)   --->   "%i = add i5 %i_0, 1" [./hls-src/huffman_create_codeword.cpp:13]   --->   Operation 20 'add' 'i' <Predicate = true> <Delay = 1.78> <Core = "AddSub">   --->   Core 14 'AddSub' <Latency = 0> <II = 1> <Delay = 2.55> <FuncUnit> <Opcode : 'add' 'sub'> <InPorts = 2> <OutPorts = 1>
ST_2 : Operation 21 [1/1] (0.00ns)   --->   "br i1 %icmp_ln13, label %.preheader354.preheader, label %0" [./hls-src/huffman_create_codeword.cpp:13]   --->   Operation 21 'br' <Predicate = true> <Delay = 0.00>
ST_2 : Operation 22 [1/1] (0.00ns)   --->   "%zext_ln14 = zext i5 %i_0 to i64" [./hls-src/huffman_create_codeword.cpp:14]   --->   Operation 22 'zext' 'zext_ln14' <Predicate = (!icmp_ln13)> <Delay = 0.00>
ST_2 : Operation 23 [1/1] (0.00ns)   --->   "%codeword_length_hist_1 = getelementptr [27 x i32]* %codeword_length_hist, i64 0, i64 %zext_ln14" [./hls-src/huffman_create_codeword.cpp:14]   --->   Operation 23 'getelementptr' 'codeword_length_hist_1' <Predicate = (!icmp_ln13)> <Delay = 0.00>
ST_2 : Operation 24 [1/1] (2.32ns)   --->   "store i32 0, i32* %codeword_length_hist_1, align 4" [./hls-src/huffman_create_codeword.cpp:14]   --->   Operation 24 'store' <Predicate = (!icmp_ln13)> <Delay = 2.32> <Core = "RAM">   --->   Core 37 'RAM' <Latency = 1> <II = 1> <Delay = 2.32> <Storage> <Opcode : 'load' 'store'> <Ports = 2> <Width = 27> <Depth = 27> <RAM>
ST_2 : Operation 25 [1/1] (0.00ns)   --->   "br label %.preheader355" [./hls-src/huffman_create_codeword.cpp:13]   --->   Operation 25 'br' <Predicate = (!icmp_ln13)> <Delay = 0.00>
ST_2 : Operation 26 [1/1] (1.76ns)   --->   "br label %.preheader354" [./hls-src/huffman_create_codeword.cpp:17]   --->   Operation 26 'br' <Predicate = (icmp_ln13)> <Delay = 1.76>

State 3 <SV = 2> <Delay = 3.25>
ST_3 : Operation 27 [1/1] (0.00ns)   --->   "%i1_0 = phi i9 [ %i_3, %1 ], [ 0, %.preheader354.preheader ]"   --->   Operation 27 'phi' 'i1_0' <Predicate = true> <Delay = 0.00>
ST_3 : Operation 28 [1/1] (1.66ns)   --->   "%icmp_ln17 = icmp eq i9 %i1_0, -256" [./hls-src/huffman_create_codeword.cpp:17]   --->   Operation 28 'icmp' 'icmp_ln17' <Predicate = true> <Delay = 1.66> <Core = "Cmp">   --->   Core 25 'Cmp' <Latency = 0> <II = 1> <Delay = 1.66> <FuncUnit> <Opcode : 'icmp'> <InPorts = 2> <OutPorts = 1>
ST_3 : Operation 29 [1/1] (0.00ns)   --->   "call void (...)* @_ssdm_op_SpecLoopTripCount(i64 256, i64 256, i64 256)"   --->   Operation 29 'speclooptripcount' <Predicate = true> <Delay = 0.00>
ST_3 : Operation 30 [1/1] (1.82ns)   --->   "%i_3 = add i9 %i1_0, 1" [./hls-src/huffman_create_codeword.cpp:17]   --->   Operation 30 'add' 'i_3' <Predicate = true> <Delay = 1.82> <Core = "AddSub">   --->   Core 14 'AddSub' <Latency = 0> <II = 1> <Delay = 2.55> <FuncUnit> <Opcode : 'add' 'sub'> <InPorts = 2> <OutPorts = 1>
ST_3 : Operation 31 [1/1] (0.00ns)   --->   "br i1 %icmp_ln17, label %arrayctor.loop2.preheader, label %1" [./hls-src/huffman_create_codeword.cpp:17]   --->   Operation 31 'br' <Predicate = true> <Delay = 0.00>
ST_3 : Operation 32 [1/1] (0.00ns)   --->   "%zext_ln18 = zext i9 %i1_0 to i64" [./hls-src/huffman_create_codeword.cpp:18]   --->   Operation 32 'zext' 'zext_ln18' <Predicate = (!icmp_ln17)> <Delay = 0.00>
ST_3 : Operation 33 [1/1] (0.00ns)   --->   "%symbol_bits_V_addr = getelementptr [256 x i5]* %symbol_bits_V, i64 0, i64 %zext_ln18" [./hls-src/huffman_create_codeword.cpp:18]   --->   Operation 33 'getelementptr' 'symbol_bits_V_addr' <Predicate = (!icmp_ln17)> <Delay = 0.00>
ST_3 : Operation 34 [2/2] (3.25ns)   --->   "%symbol_bits_V_load = load i5* %symbol_bits_V_addr, align 1" [./hls-src/huffman_create_codeword.cpp:18]   --->   Operation 34 'load' 'symbol_bits_V_load' <Predicate = (!icmp_ln17)> <Delay = 3.25> <Core = "RAM">   --->   Core 37 'RAM' <Latency = 1> <II = 1> <Delay = 2.32> <Storage> <Opcode : 'load' 'store'> <Ports = 2> <Width = 27> <Depth = 27> <RAM>
ST_3 : Operation 35 [1/1] (0.00ns)   --->   "%first_codeword_V_add = getelementptr [27 x i27]* %first_codeword_V, i64 0, i64 0" [./hls-src/huffman_create_codeword.cpp:24]   --->   Operation 35 'getelementptr' 'first_codeword_V_add' <Predicate = (icmp_ln17)> <Delay = 0.00>
ST_3 : Operation 36 [1/1] (2.32ns)   --->   "store i27 0, i27* %first_codeword_V_add, align 16" [./hls-src/huffman_create_codeword.cpp:24]   --->   Operation 36 'store' <Predicate = (icmp_ln17)> <Delay = 2.32> <Core = "RAM">   --->   Core 37 'RAM' <Latency = 1> <II = 1> <Delay = 2.32> <Storage> <Opcode : 'load' 'store'> <Ports = 2> <Width = 27> <Depth = 27> <RAM>
ST_3 : Operation 37 [1/1] (1.76ns)   --->   "br label %2" [./hls-src/huffman_create_codeword.cpp:26]   --->   Operation 37 'br' <Predicate = (icmp_ln17)> <Delay = 1.76>

State 4 <SV = 3> <Delay = 5.57>
ST_4 : Operation 38 [1/2] (3.25ns)   --->   "%symbol_bits_V_load = load i5* %symbol_bits_V_addr, align 1" [./hls-src/huffman_create_codeword.cpp:18]   --->   Operation 38 'load' 'symbol_bits_V_load' <Predicate = true> <Delay = 3.25> <Core = "RAM">   --->   Core 37 'RAM' <Latency = 1> <II = 1> <Delay = 2.32> <Storage> <Opcode : 'load' 'store'> <Ports = 2> <Width = 27> <Depth = 27> <RAM>
ST_4 : Operation 39 [1/1] (0.00ns)   --->   "%zext_ln19 = zext i5 %symbol_bits_V_load to i64" [./hls-src/huffman_create_codeword.cpp:19]   --->   Operation 39 'zext' 'zext_ln19' <Predicate = true> <Delay = 0.00>
ST_4 : Operation 40 [1/1] (0.00ns)   --->   "%codeword_length_hist_2 = getelementptr [27 x i32]* %codeword_length_hist, i64 0, i64 %zext_ln19" [./hls-src/huffman_create_codeword.cpp:19]   --->   Operation 40 'getelementptr' 'codeword_length_hist_2' <Predicate = true> <Delay = 0.00>
ST_4 : Operation 41 [2/2] (2.32ns)   --->   "%t_V = load i32* %codeword_length_hist_2, align 4" [./hls-src/huffman_create_codeword.cpp:19]   --->   Operation 41 'load' 't_V' <Predicate = true> <Delay = 2.32> <Core = "RAM">   --->   Core 37 'RAM' <Latency = 1> <II = 1> <Delay = 2.32> <Storage> <Opcode : 'load' 'store'> <Ports = 2> <Width = 27> <Depth = 27> <RAM>

State 5 <SV = 4> <Delay = 7.19>
ST_5 : Operation 42 [1/2] (2.32ns)   --->   "%t_V = load i32* %codeword_length_hist_2, align 4" [./hls-src/huffman_create_codeword.cpp:19]   --->   Operation 42 'load' 't_V' <Predicate = true> <Delay = 2.32> <Core = "RAM">   --->   Core 37 'RAM' <Latency = 1> <II = 1> <Delay = 2.32> <Storage> <Opcode : 'load' 'store'> <Ports = 2> <Width = 27> <Depth = 27> <RAM>
ST_5 : Operation 43 [1/1] (2.55ns)   --->   "%add_ln700 = add i32 %t_V, 1" [./hls-src/huffman_create_codeword.cpp:19]   --->   Operation 43 'add' 'add_ln700' <Predicate = true> <Delay = 2.55> <Core = "AddSub">   --->   Core 14 'AddSub' <Latency = 0> <II = 1> <Delay = 2.55> <FuncUnit> <Opcode : 'add' 'sub'> <InPorts = 2> <OutPorts = 1>
ST_5 : Operation 44 [1/1] (2.32ns)   --->   "store i32 %add_ln700, i32* %codeword_length_hist_2, align 4" [./hls-src/huffman_create_codeword.cpp:19]   --->   Operation 44 'store' <Predicate = true> <Delay = 2.32> <Core = "RAM">   --->   Core 37 'RAM' <Latency = 1> <II = 1> <Delay = 2.32> <Storage> <Opcode : 'load' 'store'> <Ports = 2> <Width = 27> <Depth = 27> <RAM>
ST_5 : Operation 45 [1/1] (0.00ns)   --->   "br label %.preheader354" [./hls-src/huffman_create_codeword.cpp:17]   --->   Operation 45 'br' <Predicate = true> <Delay = 0.00>

State 6 <SV = 3> <Delay = 4.10>
ST_6 : Operation 46 [1/1] (0.00ns)   --->   "%i3_0 = phi i5 [ 1, %arrayctor.loop2.preheader ], [ %i_4, %first_codewords ]"   --->   Operation 46 'phi' 'i3_0' <Predicate = true> <Delay = 0.00>
ST_6 : Operation 47 [1/1] (1.36ns)   --->   "%icmp_ln26 = icmp eq i5 %i3_0, -5" [./hls-src/huffman_create_codeword.cpp:26]   --->   Operation 47 'icmp' 'icmp_ln26' <Predicate = true> <Delay = 1.36> <Core = "Cmp">   --->   Core 25 'Cmp' <Latency = 0> <II = 1> <Delay = 1.66> <FuncUnit> <Opcode : 'icmp'> <InPorts = 2> <OutPorts = 1>
ST_6 : Operation 48 [1/1] (0.00ns)   --->   "call void (...)* @_ssdm_op_SpecLoopTripCount(i64 26, i64 26, i64 26)"   --->   Operation 48 'speclooptripcount' <Predicate = true> <Delay = 0.00>
ST_6 : Operation 49 [1/1] (0.00ns)   --->   "br i1 %icmp_ln26, label %.preheader.preheader, label %first_codewords" [./hls-src/huffman_create_codeword.cpp:26]   --->   Operation 49 'br' <Predicate = true> <Delay = 0.00>
ST_6 : Operation 50 [1/1] (1.78ns)   --->   "%add_ln28 = add i5 -1, %i3_0" [./hls-src/huffman_create_codeword.cpp:28]   --->   Operation 50 'add' 'add_ln28' <Predicate = (!icmp_ln26)> <Delay = 1.78> <Core = "AddSub">   --->   Core 14 'AddSub' <Latency = 0> <II = 1> <Delay = 2.55> <FuncUnit> <Opcode : 'add' 'sub'> <InPorts = 2> <OutPorts = 1>
ST_6 : Operation 51 [1/1] (0.00ns)   --->   "%zext_ln28_1 = zext i5 %add_ln28 to i64" [./hls-src/huffman_create_codeword.cpp:28]   --->   Operation 51 'zext' 'zext_ln28_1' <Predicate = (!icmp_ln26)> <Delay = 0.00>
ST_6 : Operation 52 [1/1] (0.00ns)   --->   "%first_codeword_V_add_1 = getelementptr [27 x i27]* %first_codeword_V, i64 0, i64 %zext_ln28_1" [./hls-src/huffman_create_codeword.cpp:28]   --->   Operation 52 'getelementptr' 'first_codeword_V_add_1' <Predicate = (!icmp_ln26)> <Delay = 0.00>
ST_6 : Operation 53 [2/2] (2.32ns)   --->   "%first_codeword_V_loa = load i27* %first_codeword_V_add_1, align 4" [./hls-src/huffman_create_codeword.cpp:28]   --->   Operation 53 'load' 'first_codeword_V_loa' <Predicate = (!icmp_ln26)> <Delay = 2.32> <Core = "RAM">   --->   Core 37 'RAM' <Latency = 1> <II = 1> <Delay = 2.32> <Storage> <Opcode : 'load' 'store'> <Ports = 2> <Width = 27> <Depth = 27> <RAM>
ST_6 : Operation 54 [1/1] (0.00ns)   --->   "%codeword_length_hist_3 = getelementptr [27 x i32]* %codeword_length_hist, i64 0, i64 %zext_ln28_1" [./hls-src/huffman_create_codeword.cpp:28]   --->   Operation 54 'getelementptr' 'codeword_length_hist_3' <Predicate = (!icmp_ln26)> <Delay = 0.00>
ST_6 : Operation 55 [2/2] (2.32ns)   --->   "%codeword_length_hist_4 = load i32* %codeword_length_hist_3, align 4" [./hls-src/huffman_create_codeword.cpp:28]   --->   Operation 55 'load' 'codeword_length_hist_4' <Predicate = (!icmp_ln26)> <Delay = 2.32> <Core = "RAM">   --->   Core 37 'RAM' <Latency = 1> <II = 1> <Delay = 2.32> <Storage> <Opcode : 'load' 'store'> <Ports = 2> <Width = 27> <Depth = 27> <RAM>

State 7 <SV = 4> <Delay = 7.01>
ST_7 : Operation 56 [1/1] (0.00ns)   --->   "call void (...)* @_ssdm_op_SpecLoopName([16 x i8]* @p_str62) nounwind" [./hls-src/huffman_create_codeword.cpp:26]   --->   Operation 56 'specloopname' <Predicate = true> <Delay = 0.00>
ST_7 : Operation 57 [1/1] (0.00ns)   --->   "%tmp = call i32 (...)* @_ssdm_op_SpecRegionBegin([16 x i8]* @p_str62)" [./hls-src/huffman_create_codeword.cpp:26]   --->   Operation 57 'specregionbegin' 'tmp' <Predicate = true> <Delay = 0.00>
ST_7 : Operation 58 [1/1] (0.00ns)   --->   "call void (...)* @_ssdm_op_SpecPipeline(i32 1, i32 1, i32 1, i32 0, [1 x i8]* @p_str263) nounwind" [./hls-src/huffman_create_codeword.cpp:27]   --->   Operation 58 'specpipeline' <Predicate = true> <Delay = 0.00>
ST_7 : Operation 59 [1/1] (0.00ns)   --->   "%zext_ln28 = zext i5 %i3_0 to i64" [./hls-src/huffman_create_codeword.cpp:28]   --->   Operation 59 'zext' 'zext_ln28' <Predicate = true> <Delay = 0.00>
ST_7 : Operation 60 [1/2] (2.32ns)   --->   "%first_codeword_V_loa = load i27* %first_codeword_V_add_1, align 4" [./hls-src/huffman_create_codeword.cpp:28]   --->   Operation 60 'load' 'first_codeword_V_loa' <Predicate = true> <Delay = 2.32> <Core = "RAM">   --->   Core 37 'RAM' <Latency = 1> <II = 1> <Delay = 2.32> <Storage> <Opcode : 'load' 'store'> <Ports = 2> <Width = 27> <Depth = 27> <RAM>
ST_7 : Operation 61 [1/2] (2.32ns)   --->   "%codeword_length_hist_4 = load i32* %codeword_length_hist_3, align 4" [./hls-src/huffman_create_codeword.cpp:28]   --->   Operation 61 'load' 'codeword_length_hist_4' <Predicate = true> <Delay = 2.32> <Core = "RAM">   --->   Core 37 'RAM' <Latency = 1> <II = 1> <Delay = 2.32> <Storage> <Opcode : 'load' 'store'> <Ports = 2> <Width = 27> <Depth = 27> <RAM>
ST_7 : Operation 62 [1/1] (0.00ns)   --->   "%trunc_ln1503 = trunc i32 %codeword_length_hist_4 to i26" [./hls-src/huffman_create_codeword.cpp:28]   --->   Operation 62 'trunc' 'trunc_ln1503' <Predicate = true> <Delay = 0.00>
ST_7 : Operation 63 [1/1] (0.00ns)   --->   "%trunc_ln1503_1 = trunc i27 %first_codeword_V_loa to i26" [./hls-src/huffman_create_codeword.cpp:28]   --->   Operation 63 'trunc' 'trunc_ln1503_1' <Predicate = true> <Delay = 0.00>
ST_7 : Operation 64 [1/1] (2.37ns)   --->   "%add_ln1503 = add i26 %trunc_ln1503, %trunc_ln1503_1" [./hls-src/huffman_create_codeword.cpp:28]   --->   Operation 64 'add' 'add_ln1503' <Predicate = true> <Delay = 2.37> <Core = "AddSub">   --->   Core 14 'AddSub' <Latency = 0> <II = 1> <Delay = 2.55> <FuncUnit> <Opcode : 'add' 'sub'> <InPorts = 2> <OutPorts = 1>
ST_7 : Operation 65 [1/1] (0.00ns)   --->   "%shl_ln = call i27 @_ssdm_op_BitConcatenate.i27.i26.i1(i26 %add_ln1503, i1 false)" [./hls-src/huffman_create_codeword.cpp:28]   --->   Operation 65 'bitconcatenate' 'shl_ln' <Predicate = true> <Delay = 0.00>
ST_7 : Operation 66 [1/1] (0.00ns)   --->   "%first_codeword_V_add_2 = getelementptr [27 x i27]* %first_codeword_V, i64 0, i64 %zext_ln28" [./hls-src/huffman_create_codeword.cpp:28]   --->   Operation 66 'getelementptr' 'first_codeword_V_add_2' <Predicate = true> <Delay = 0.00>
ST_7 : Operation 67 [1/1] (2.32ns)   --->   "store i27 %shl_ln, i27* %first_codeword_V_add_2, align 4" [./hls-src/huffman_create_codeword.cpp:28]   --->   Operation 67 'store' <Predicate = true> <Delay = 2.32> <Core = "RAM">   --->   Core 37 'RAM' <Latency = 1> <II = 1> <Delay = 2.32> <Storage> <Opcode : 'load' 'store'> <Ports = 2> <Width = 27> <Depth = 27> <RAM>
ST_7 : Operation 68 [1/1] (0.00ns)   --->   "%empty = call i32 (...)* @_ssdm_op_SpecRegionEnd([16 x i8]* @p_str62, i32 %tmp)" [./hls-src/huffman_create_codeword.cpp:31]   --->   Operation 68 'specregionend' 'empty' <Predicate = true> <Delay = 0.00>
ST_7 : Operation 69 [1/1] (1.78ns)   --->   "%i_4 = add i5 1, %i3_0" [./hls-src/huffman_create_codeword.cpp:26]   --->   Operation 69 'add' 'i_4' <Predicate = true> <Delay = 1.78> <Core = "AddSub">   --->   Core 14 'AddSub' <Latency = 0> <II = 1> <Delay = 2.55> <FuncUnit> <Opcode : 'add' 'sub'> <InPorts = 2> <OutPorts = 1>
ST_7 : Operation 70 [1/1] (0.00ns)   --->   "br label %2" [./hls-src/huffman_create_codeword.cpp:26]   --->   Operation 70 'br' <Predicate = true> <Delay = 0.00>

State 8 <SV = 4> <Delay = 1.76>
ST_8 : Operation 71 [1/1] (1.76ns)   --->   "br label %.preheader" [./hls-src/huffman_create_codeword.cpp:42]   --->   Operation 71 'br' <Predicate = true> <Delay = 1.76>

State 9 <SV = 5> <Delay = 3.25>
ST_9 : Operation 72 [1/1] (0.00ns)   --->   "%i4_0 = phi i9 [ %i_5, %assign_codewords_end ], [ 0, %.preheader.preheader ]"   --->   Operation 72 'phi' 'i4_0' <Predicate = true> <Delay = 0.00>
ST_9 : Operation 73 [1/1] (1.66ns)   --->   "%icmp_ln42 = icmp eq i9 %i4_0, -256" [./hls-src/huffman_create_codeword.cpp:42]   --->   Operation 73 'icmp' 'icmp_ln42' <Predicate = true> <Delay = 1.66> <Core = "Cmp">   --->   Core 25 'Cmp' <Latency = 0> <II = 1> <Delay = 1.66> <FuncUnit> <Opcode : 'icmp'> <InPorts = 2> <OutPorts = 1>
ST_9 : Operation 74 [1/1] (0.00ns)   --->   "call void (...)* @_ssdm_op_SpecLoopTripCount(i64 256, i64 256, i64 256)"   --->   Operation 74 'speclooptripcount' <Predicate = true> <Delay = 0.00>
ST_9 : Operation 75 [1/1] (1.82ns)   --->   "%i_5 = add i9 %i4_0, 1" [./hls-src/huffman_create_codeword.cpp:42]   --->   Operation 75 'add' 'i_5' <Predicate = true> <Delay = 1.82> <Core = "AddSub">   --->   Core 14 'AddSub' <Latency = 0> <II = 1> <Delay = 2.55> <FuncUnit> <Opcode : 'add' 'sub'> <InPorts = 2> <OutPorts = 1>
ST_9 : Operation 76 [1/1] (0.00ns)   --->   "br i1 %icmp_ln42, label %4, label %assign_codewords_begin" [./hls-src/huffman_create_codeword.cpp:42]   --->   Operation 76 'br' <Predicate = true> <Delay = 0.00>
ST_9 : Operation 77 [1/1] (0.00ns)   --->   "%zext_ln44 = zext i9 %i4_0 to i64" [./hls-src/huffman_create_codeword.cpp:44]   --->   Operation 77 'zext' 'zext_ln44' <Predicate = (!icmp_ln42)> <Delay = 0.00>
ST_9 : Operation 78 [1/1] (0.00ns)   --->   "%symbol_bits_V_addr_1 = getelementptr [256 x i5]* %symbol_bits_V, i64 0, i64 %zext_ln44" [./hls-src/huffman_create_codeword.cpp:44]   --->   Operation 78 'getelementptr' 'symbol_bits_V_addr_1' <Predicate = (!icmp_ln42)> <Delay = 0.00>
ST_9 : Operation 79 [2/2] (3.25ns)   --->   "%length_V = load i5* %symbol_bits_V_addr_1, align 1" [./hls-src/huffman_create_codeword.cpp:44]   --->   Operation 79 'load' 'length_V' <Predicate = (!icmp_ln42)> <Delay = 3.25> <Core = "RAM">   --->   Core 37 'RAM' <Latency = 1> <II = 1> <Delay = 2.32> <Storage> <Opcode : 'load' 'store'> <Ports = 2> <Width = 27> <Depth = 27> <RAM>

State 10 <SV = 6> <Delay = 5.57>
ST_10 : Operation 80 [1/1] (0.00ns)   --->   "call void (...)* @_ssdm_op_SpecLoopName([17 x i8]* @p_str566) nounwind" [./hls-src/huffman_create_codeword.cpp:42]   --->   Operation 80 'specloopname' <Predicate = true> <Delay = 0.00>
ST_10 : Operation 81 [1/1] (0.00ns)   --->   "%tmp_s = call i32 (...)* @_ssdm_op_SpecRegionBegin([17 x i8]* @p_str566)" [./hls-src/huffman_create_codeword.cpp:42]   --->   Operation 81 'specregionbegin' 'tmp_s' <Predicate = true> <Delay = 0.00>
ST_10 : Operation 82 [1/1] (0.00ns)   --->   "call void (...)* @_ssdm_op_SpecPipeline(i32 5, i32 1, i32 1, i32 0, [1 x i8]* @p_str263) nounwind" [./hls-src/huffman_create_codeword.cpp:43]   --->   Operation 82 'specpipeline' <Predicate = true> <Delay = 0.00>
ST_10 : Operation 83 [1/2] (3.25ns)   --->   "%length_V = load i5* %symbol_bits_V_addr_1, align 1" [./hls-src/huffman_create_codeword.cpp:44]   --->   Operation 83 'load' 'length_V' <Predicate = true> <Delay = 3.25> <Core = "RAM">   --->   Core 37 'RAM' <Latency = 1> <II = 1> <Delay = 2.32> <Storage> <Opcode : 'load' 'store'> <Ports = 2> <Width = 27> <Depth = 27> <RAM>
ST_10 : Operation 84 [1/1] (1.36ns)   --->   "%icmp_ln883 = icmp eq i5 %length_V, 0" [./hls-src/huffman_create_codeword.cpp:47]   --->   Operation 84 'icmp' 'icmp_ln883' <Predicate = true> <Delay = 1.36> <Core = "Cmp">   --->   Core 25 'Cmp' <Latency = 0> <II = 1> <Delay = 1.66> <FuncUnit> <Opcode : 'icmp'> <InPorts = 2> <OutPorts = 1>
ST_10 : Operation 85 [1/1] (0.00ns)   --->   "br i1 %icmp_ln883, label %3, label %_ifconv" [./hls-src/huffman_create_codeword.cpp:47]   --->   Operation 85 'br' <Predicate = true> <Delay = 0.00>
ST_10 : Operation 86 [1/1] (0.00ns)   --->   "%zext_ln544 = zext i5 %length_V to i64" [./hls-src/huffman_create_codeword.cpp:49]   --->   Operation 86 'zext' 'zext_ln544' <Predicate = (!icmp_ln883)> <Delay = 0.00>
ST_10 : Operation 87 [1/1] (0.00ns)   --->   "%first_codeword_V_add_3 = getelementptr [27 x i27]* %first_codeword_V, i64 0, i64 %zext_ln544" [./hls-src/huffman_create_codeword.cpp:49]   --->   Operation 87 'getelementptr' 'first_codeword_V_add_3' <Predicate = (!icmp_ln883)> <Delay = 0.00>
ST_10 : Operation 88 [2/2] (2.32ns)   --->   "%out_reversed_V_1 = load i27* %first_codeword_V_add_3, align 4" [./hls-src/huffman_create_codeword.cpp:49]   --->   Operation 88 'load' 'out_reversed_V_1' <Predicate = (!icmp_ln883)> <Delay = 2.32> <Core = "RAM">   --->   Core 37 'RAM' <Latency = 1> <II = 1> <Delay = 2.32> <Storage> <Opcode : 'load' 'store'> <Ports = 2> <Width = 27> <Depth = 27> <RAM>
ST_10 : Operation 89 [1/1] (0.00ns)   --->   "%encoding_V_addr = getelementptr [256 x i32]* %encoding_V, i64 0, i64 %zext_ln44" [./hls-src/huffman_create_codeword.cpp:56]   --->   Operation 89 'getelementptr' 'encoding_V_addr' <Predicate = (icmp_ln883)> <Delay = 0.00>
ST_10 : Operation 90 [1/1] (3.25ns)   --->   "store i32 0, i32* %encoding_V_addr, align 4" [./hls-src/huffman_create_codeword.cpp:56]   --->   Operation 90 'store' <Predicate = (icmp_ln883)> <Delay = 3.25> <Core = "RAM">   --->   Core 37 'RAM' <Latency = 1> <II = 1> <Delay = 2.32> <Storage> <Opcode : 'load' 'store'> <Ports = 2> <Width = 27> <Depth = 27> <RAM>
ST_10 : Operation 91 [1/1] (0.00ns)   --->   "br label %assign_codewords_end"   --->   Operation 91 'br' <Predicate = (icmp_ln883)> <Delay = 0.00>

State 11 <SV = 7> <Delay = 7.76>
ST_11 : Operation 92 [1/2] (2.32ns)   --->   "%out_reversed_V_1 = load i27* %first_codeword_V_add_3, align 4" [./hls-src/huffman_create_codeword.cpp:49]   --->   Operation 92 'load' 'out_reversed_V_1' <Predicate = (!icmp_ln42 & !icmp_ln883)> <Delay = 2.32> <Core = "RAM">   --->   Core 37 'RAM' <Latency = 1> <II = 1> <Delay = 2.32> <Storage> <Opcode : 'load' 'store'> <Ports = 2> <Width = 27> <Depth = 27> <RAM>
ST_11 : Operation 93 [1/1] (0.00ns)   --->   "%p_Result_s = call i27 @llvm.part.select.i27(i27 %out_reversed_V_1, i32 26, i32 0) nounwind" [./hls-src/huffman_create_codeword.cpp:50]   --->   Operation 93 'partselect' 'p_Result_s' <Predicate = (!icmp_ln42 & !icmp_ln883)> <Delay = 0.00>
ST_11 : Operation 94 [1/1] (0.00ns)   --->   "%zext_ln215 = zext i5 %length_V to i6" [./hls-src/huffman_create_codeword.cpp:51]   --->   Operation 94 'zext' 'zext_ln215' <Predicate = (!icmp_ln42 & !icmp_ln883)> <Delay = 0.00>
ST_11 : Operation 95 [1/1] (1.82ns)   --->   "%ret_V = sub i6 27, %zext_ln215" [./hls-src/huffman_create_codeword.cpp:51]   --->   Operation 95 'sub' 'ret_V' <Predicate = (!icmp_ln42 & !icmp_ln883)> <Delay = 1.82> <Core = "AddSub">   --->   Core 14 'AddSub' <Latency = 0> <II = 1> <Delay = 2.55> <FuncUnit> <Opcode : 'add' 'sub'> <InPorts = 2> <OutPorts = 1>
ST_11 : Operation 96 [1/1] (0.00ns) (grouped into LUT with out node select_ln796)   --->   "%p_Result_1 = call i1 @_ssdm_op_BitSelect.i1.i6.i32(i6 %ret_V, i32 5)" [./hls-src/huffman_create_codeword.cpp:51]   --->   Operation 96 'bitselect' 'p_Result_1' <Predicate = (!icmp_ln42 & !icmp_ln883)> <Delay = 0.00>
ST_11 : Operation 97 [1/1] (0.00ns)   --->   "%trunc_ln790 = trunc i6 %ret_V to i3" [./hls-src/huffman_create_codeword.cpp:51]   --->   Operation 97 'trunc' 'trunc_ln790' <Predicate = (!icmp_ln42 & !icmp_ln883)> <Delay = 0.00>
ST_11 : Operation 98 [1/1] (1.65ns)   --->   "%sub_ln556 = sub i3 0, %trunc_ln790" [./hls-src/huffman_create_codeword.cpp:51]   --->   Operation 98 'sub' 'sub_ln556' <Predicate = (!icmp_ln42 & !icmp_ln883)> <Delay = 1.65> <Core = "AddSub">   --->   Core 14 'AddSub' <Latency = 0> <II = 1> <Delay = 2.55> <FuncUnit> <Opcode : 'add' 'sub'> <InPorts = 2> <OutPorts = 1>
ST_11 : Operation 99 [1/1] (0.00ns) (grouped into LUT with out node select_ln796)   --->   "%zext_ln556 = zext i3 %sub_ln556 to i27" [./hls-src/huffman_create_codeword.cpp:51]   --->   Operation 99 'zext' 'zext_ln556' <Predicate = (!icmp_ln42 & !icmp_ln883)> <Delay = 0.00>
ST_11 : Operation 100 [1/1] (0.00ns) (grouped into LUT with out node select_ln796)   --->   "%r_V = shl i27 %p_Result_s, %zext_ln556" [./hls-src/huffman_create_codeword.cpp:51]   --->   Operation 100 'shl' 'r_V' <Predicate = (!icmp_ln42 & !icmp_ln883)> <Delay = 0.00> <Core = "Shift">   --->   Core 28 'Shift' <Latency = 0> <II = 1> <Delay = 4.28> <FuncUnit> <Opcode : 'shl' 'lshr' 'ashr'> <InPorts = 2> <OutPorts = 1>
ST_11 : Operation 101 [1/1] (0.00ns) (grouped into LUT with out node select_ln796)   --->   "%zext_ln808 = zext i6 %ret_V to i27" [./hls-src/huffman_create_codeword.cpp:51]   --->   Operation 101 'zext' 'zext_ln808' <Predicate = (!icmp_ln42 & !icmp_ln883)> <Delay = 0.00>
ST_11 : Operation 102 [1/1] (0.00ns) (grouped into LUT with out node select_ln796)   --->   "%lshr_ln808 = lshr i27 %p_Result_s, %zext_ln808" [./hls-src/huffman_create_codeword.cpp:51]   --->   Operation 102 'lshr' 'lshr_ln808' <Predicate = (!icmp_ln42 & !icmp_ln883)> <Delay = 0.00> <Core = "Shift">   --->   Core 28 'Shift' <Latency = 0> <II = 1> <Delay = 4.28> <FuncUnit> <Opcode : 'shl' 'lshr' 'ashr'> <InPorts = 2> <OutPorts = 1>
ST_11 : Operation 103 [1/1] (0.00ns) (grouped into LUT with out node select_ln796)   --->   "%trunc_ln796 = trunc i27 %r_V to i22" [./hls-src/huffman_create_codeword.cpp:51]   --->   Operation 103 'trunc' 'trunc_ln796' <Predicate = (!icmp_ln42 & !icmp_ln883)> <Delay = 0.00>
ST_11 : Operation 104 [1/1] (0.00ns) (grouped into LUT with out node select_ln796)   --->   "%trunc_ln796_1 = trunc i27 %lshr_ln808 to i22" [./hls-src/huffman_create_codeword.cpp:51]   --->   Operation 104 'trunc' 'trunc_ln796_1' <Predicate = (!icmp_ln42 & !icmp_ln883)> <Delay = 0.00>
ST_11 : Operation 105 [1/1] (4.28ns) (out node of the LUT)   --->   "%select_ln796 = select i1 %p_Result_1, i22 %trunc_ln796, i22 %trunc_ln796_1" [./hls-src/huffman_create_codeword.cpp:51]   --->   Operation 105 'select' 'select_ln796' <Predicate = (!icmp_ln42 & !icmp_ln883)> <Delay = 4.28> <Core = "Sel">   --->   Core 26 'Sel' <Latency = 0> <II = 1> <Delay = 0.70> <FuncUnit> <Opcode : 'select'> <InPorts = 3> <OutPorts = 1>
ST_11 : Operation 106 [1/1] (2.40ns)   --->   "%add_ln700_3 = add i27 1, %out_reversed_V_1" [./hls-src/huffman_create_codeword.cpp:54]   --->   Operation 106 'add' 'add_ln700_3' <Predicate = (!icmp_ln42 & !icmp_ln883)> <Delay = 2.40> <Core = "AddSub">   --->   Core 14 'AddSub' <Latency = 0> <II = 1> <Delay = 2.55> <FuncUnit> <Opcode : 'add' 'sub'> <InPorts = 2> <OutPorts = 1>
ST_11 : Operation 107 [1/1] (2.32ns)   --->   "store i27 %add_ln700_3, i27* %first_codeword_V_add_3, align 4" [./hls-src/huffman_create_codeword.cpp:54]   --->   Operation 107 'store' <Predicate = (!icmp_ln42 & !icmp_ln883)> <Delay = 2.32> <Core = "RAM">   --->   Core 37 'RAM' <Latency = 1> <II = 1> <Delay = 2.32> <Storage> <Opcode : 'load' 'store'> <Ports = 2> <Width = 27> <Depth = 27> <RAM>

State 12 <SV = 8> <Delay = 3.25>
ST_12 : Operation 108 [1/1] (0.00ns)   --->   "%tmp_2 = call i27 @_ssdm_op_BitConcatenate.i27.i22.i5(i22 %select_ln796, i5 %length_V)" [./hls-src/huffman_create_codeword.cpp:53]   --->   Operation 108 'bitconcatenate' 'tmp_2' <Predicate = (!icmp_ln42 & !icmp_ln883)> <Delay = 0.00>
ST_12 : Operation 109 [1/1] (0.00ns)   --->   "%zext_ln209 = zext i27 %tmp_2 to i32" [./hls-src/huffman_create_codeword.cpp:53]   --->   Operation 109 'zext' 'zext_ln209' <Predicate = (!icmp_ln42 & !icmp_ln883)> <Delay = 0.00>
ST_12 : Operation 110 [1/1] (0.00ns)   --->   "%encoding_V_addr_1 = getelementptr [256 x i32]* %encoding_V, i64 0, i64 %zext_ln44" [./hls-src/huffman_create_codeword.cpp:53]   --->   Operation 110 'getelementptr' 'encoding_V_addr_1' <Predicate = (!icmp_ln42 & !icmp_ln883)> <Delay = 0.00>
ST_12 : Operation 111 [1/1] (3.25ns)   --->   "store i32 %zext_ln209, i32* %encoding_V_addr_1, align 4" [./hls-src/huffman_create_codeword.cpp:53]   --->   Operation 111 'store' <Predicate = (!icmp_ln42 & !icmp_ln883)> <Delay = 3.25> <Core = "RAM">   --->   Core 37 'RAM' <Latency = 1> <II = 1> <Delay = 2.32> <Storage> <Opcode : 'load' 'store'> <Ports = 2> <Width = 27> <Depth = 27> <RAM>
ST_12 : Operation 112 [1/1] (0.00ns)   --->   "br label %assign_codewords_end" [./hls-src/huffman_create_codeword.cpp:55]   --->   Operation 112 'br' <Predicate = (!icmp_ln42 & !icmp_ln883)> <Delay = 0.00>
ST_12 : Operation 113 [1/1] (0.00ns)   --->   "%empty_29 = call i32 (...)* @_ssdm_op_SpecRegionEnd([17 x i8]* @p_str566, i32 %tmp_s)" [./hls-src/huffman_create_codeword.cpp:58]   --->   Operation 113 'specregionend' 'empty_29' <Predicate = (!icmp_ln42)> <Delay = 0.00>
ST_12 : Operation 114 [1/1] (0.00ns)   --->   "br label %.preheader" [./hls-src/huffman_create_codeword.cpp:42]   --->   Operation 114 'br' <Predicate = (!icmp_ln42)> <Delay = 0.00>

State 13 <SV = 6> <Delay = 0.00>
ST_13 : Operation 115 [1/1] (0.00ns)   --->   "ret void" [./hls-src/huffman_create_codeword.cpp:59]   --->   Operation 115 'ret' <Predicate = true> <Delay = 0.00>


============================================================
+ Verbose Summary: Timing violations
============================================================
Target clock period: 10ns, clock uncertainty: 1.25ns.

 <State 1>: 1.77ns
The critical path consists of the following:
	multiplexor before 'phi' operation ('i') with incoming values : ('i', ./hls-src/huffman_create_codeword.cpp:13) [7]  (1.77 ns)

 <State 2>: 2.32ns
The critical path consists of the following:
	'phi' operation ('i') with incoming values : ('i', ./hls-src/huffman_create_codeword.cpp:13) [7]  (0 ns)
	'getelementptr' operation ('codeword_length_hist_1', ./hls-src/huffman_create_codeword.cpp:14) [14]  (0 ns)
	'store' operation ('store_ln14', ./hls-src/huffman_create_codeword.cpp:14) of constant 0 on array 'codeword_length_histogram.V', ./hls-src/huffman_create_codeword.cpp:12 [15]  (2.32 ns)

 <State 3>: 3.25ns
The critical path consists of the following:
	'phi' operation ('i') with incoming values : ('i', ./hls-src/huffman_create_codeword.cpp:17) [20]  (0 ns)
	'getelementptr' operation ('symbol_bits_V_addr', ./hls-src/huffman_create_codeword.cpp:18) [27]  (0 ns)
	'load' operation ('symbol_bits_V_load', ./hls-src/huffman_create_codeword.cpp:18) on array 'symbol_bits_V' [28]  (3.25 ns)

 <State 4>: 5.58ns
The critical path consists of the following:
	'load' operation ('symbol_bits_V_load', ./hls-src/huffman_create_codeword.cpp:18) on array 'symbol_bits_V' [28]  (3.25 ns)
	'getelementptr' operation ('codeword_length_hist_2', ./hls-src/huffman_create_codeword.cpp:19) [30]  (0 ns)
	'load' operation ('t.V', ./hls-src/huffman_create_codeword.cpp:19) on array 'codeword_length_histogram.V', ./hls-src/huffman_create_codeword.cpp:12 [31]  (2.32 ns)

 <State 5>: 7.2ns
The critical path consists of the following:
	'load' operation ('t.V', ./hls-src/huffman_create_codeword.cpp:19) on array 'codeword_length_histogram.V', ./hls-src/huffman_create_codeword.cpp:12 [31]  (2.32 ns)
	'add' operation ('add_ln700', ./hls-src/huffman_create_codeword.cpp:19) [32]  (2.55 ns)
	'store' operation ('store_ln19', ./hls-src/huffman_create_codeword.cpp:19) of variable 'add_ln700', ./hls-src/huffman_create_codeword.cpp:19 on array 'codeword_length_histogram.V', ./hls-src/huffman_create_codeword.cpp:12 [33]  (2.32 ns)

 <State 6>: 4.1ns
The critical path consists of the following:
	'phi' operation ('i') with incoming values : ('i', ./hls-src/huffman_create_codeword.cpp:26) [40]  (0 ns)
	'add' operation ('add_ln28', ./hls-src/huffman_create_codeword.cpp:28) [49]  (1.78 ns)
	'getelementptr' operation ('first_codeword_V_add_1', ./hls-src/huffman_create_codeword.cpp:28) [51]  (0 ns)
	'load' operation ('first_codeword_V_loa', ./hls-src/huffman_create_codeword.cpp:28) on array 'first_codeword.V', ./hls-src/huffman_create_codeword.cpp:22 [52]  (2.32 ns)

 <State 7>: 7.02ns
The critical path consists of the following:
	'load' operation ('first_codeword_V_loa', ./hls-src/huffman_create_codeword.cpp:28) on array 'first_codeword.V', ./hls-src/huffman_create_codeword.cpp:22 [52]  (2.32 ns)
	'add' operation ('add_ln1503', ./hls-src/huffman_create_codeword.cpp:28) [57]  (2.37 ns)
	'store' operation ('store_ln28', ./hls-src/huffman_create_codeword.cpp:28) of variable 'shl_ln', ./hls-src/huffman_create_codeword.cpp:28 on array 'first_codeword.V', ./hls-src/huffman_create_codeword.cpp:22 [60]  (2.32 ns)

 <State 8>: 1.77ns
The critical path consists of the following:
	multiplexor before 'phi' operation ('i') with incoming values : ('i', ./hls-src/huffman_create_codeword.cpp:42) [67]  (1.77 ns)

 <State 9>: 3.25ns
The critical path consists of the following:
	'phi' operation ('i') with incoming values : ('i', ./hls-src/huffman_create_codeword.cpp:42) [67]  (0 ns)
	'getelementptr' operation ('symbol_bits_V_addr_1', ./hls-src/huffman_create_codeword.cpp:44) [77]  (0 ns)
	'load' operation ('length.V', ./hls-src/huffman_create_codeword.cpp:44) on array 'symbol_bits_V' [78]  (3.25 ns)

 <State 10>: 5.58ns
The critical path consists of the following:
	'load' operation ('length.V', ./hls-src/huffman_create_codeword.cpp:44) on array 'symbol_bits_V' [78]  (3.25 ns)
	'getelementptr' operation ('first_codeword_V_add_3', ./hls-src/huffman_create_codeword.cpp:49) [83]  (0 ns)
	'load' operation ('out_reversed.V', ./hls-src/huffman_create_codeword.cpp:49) on array 'first_codeword.V', ./hls-src/huffman_create_codeword.cpp:22 [84]  (2.32 ns)

 <State 11>: 7.76ns
The critical path consists of the following:
	'sub' operation ('ret.V', ./hls-src/huffman_create_codeword.cpp:51) [87]  (1.83 ns)
	'sub' operation ('sub_ln556', ./hls-src/huffman_create_codeword.cpp:51) [90]  (1.65 ns)
	'shl' operation ('r.V', ./hls-src/huffman_create_codeword.cpp:51) [92]  (0 ns)
	'select' operation ('select_ln796', ./hls-src/huffman_create_codeword.cpp:51) [97]  (4.29 ns)

 <State 12>: 3.25ns
The critical path consists of the following:
	'store' operation ('store_ln53', ./hls-src/huffman_create_codeword.cpp:53) of variable 'zext_ln209', ./hls-src/huffman_create_codeword.cpp:53 on array 'encoding_V' [101]  (3.25 ns)

 <State 13>: 0ns
The critical path consists of the following:


============================================================
+ Verbose Summary: Binding
============================================================
N/A
* FSMD analyzer results:
  - Output states:
 - Input state : 
  - Chain level:
	State 1
	State 2
	State 3
	State 4
	State 5
	State 6
	State 7
	State 8
	State 9
	State 10
	State 11
	State 12
	State 13


============================================================
+ Verbose Summary: Datapath Resource usage 
============================================================
N/A
