INFO: [SIM 2] *************** CSIM start ***************
INFO: [SIM 4] CSIM will launch GCC as the compiler.
   Compiling ../../../../tests/huffman_encoding_test.cpp in debug mode
   Compiling ../../../../hls-src/huffman_canonize_tree.cpp in debug mode
   Compiling ../../../../hls-src/huffman_create_tree.cpp in debug mode
   Compiling ../../../../hls-src/huffman_filter.cpp in debug mode
   Compiling ../../../../hls-src/huffman_compute_bit_length.cpp in debug mode
   Compiling ../../../../hls-src/huffman_encoding.cpp in debug mode
   Compiling ../../../../hls-src/huffman_sort.cpp in debug mode
   Compiling ../../../../hls-src/huffman_create_codeword.cpp in debug mode
   Compiling ../../../../hls-src/huffman_truncate_tree.cpp in debug mode
   Generating csim.exe
2c2
< 1, 7c8
---
> 1, bc8
5,6c5,6
< 4, 17c8
< 5, fc8
---
> 4, 1bc8
> 5, 7c8
13,14c13,14
< 12, 1fc8
< 13, 28
---
> 12, 17c8
> 13, fc8
22c22
< 21, 1028
---
> 21, 1fc8
26,30c26,30
< 25, 828
< 26, 1828
< 27, 428
< 28, 1428
< 29, c28
---
> 25, 28
> 26, 1028
> 27, 828
> 28, 1828
> 29, 428
32,33c32,33
< 31, 1c28
< 32, 228
---
> 31, 1428
> 32, c28
36c36
< 35, 1228
---
> 35, 1c28
39c39
< 38, a28
---
> 38, 228
42c42
< 41, 1a28
---
> 41, 1228
45c45
< 44, 628
---
> 44, a28
47c47
< 46, 1628
---
> 46, 1a28
55,56c55,56
< 54, e28
< 55, 1e28
---
> 54, 628
> 55, 1628
61c61
< 60, 128
---
> 60, e28
63c63
< 62, 1128
---
> 62, 1e28
69,70c69,70
< 68, 928
< 69, 1928
---
> 68, 128
> 69, 1128
72,73c72,73
< 71, 528
< 72, 1528
---
> 71, 928
> 72, 1928
76,77c76,77
< 75, d28
< 76, 1d28
---
> 75, 528
> 76, 1528
81,85c81,85
< 80, 328
< 81, 1328
< 82, b28
< 83, 1b28
< 84, 728
---
> 80, d28
> 81, 1d28
> 82, 328
> 83, 1328
> 84, b28
89c89
< 88, 1728
---
> 88, 1b28
91c91
< 90, f28
---
> 90, 728
96,97c96,97
< 95, 1f28
< 96, a8
---
> 95, 1728
> 96, f28
99,100c99,100
< 98, 10a8
< 99, 8a8
---
> 98, 1f28
> 99, a8
105c105
< 104, 18a8
---
> 104, 10a8
107c107
< 106, 4a8
---
> 106, 8a8
110c110
< 109, 14a8
---
> 109, 18a8
114c114
< 113, ca8
---
> 113, 4a8
118c118
< 117, 1ca8
---
> 117, 14a8
120,122c120,122
< 119, 2a8
< 120, 12a8
< 121, aa8
---
> 119, ca8
> 120, 1ca8
> 121, 2a8
124,125c124,125
< 123, 1aa8
< 124, 6a8
---
> 123, 12a8
> 124, aa8
127,128c127,128
< 126, 16a8
< 127, ea8
---
> 126, 1aa8
> 127, 6a8
133,135c133,135
< 132, 1ea8
< 133, 1a8
< 134, 11a8
---
> 132, 16a8
> 133, ea8
> 134, 1ea8
139c139
< 138, 9a8
---
> 138, 1a8
141,142c141,142
< 140, 19a8
< 141, 5a8
---
> 140, 11a8
> 141, 9a8
145c145
< 144, 15a8
---
> 144, 19a8
149,150c149,150
< 148, a47
< 149, da8
---
> 148, 5a8
> 149, 15a8
152,156c152,156
< 151, 647
< 152, e47
< 153, 1da8
< 154, 3a8
< 155, 147
---
> 151, a47
> 152, 647
> 153, da8
> 154, 1da8
> 155, e47
158,159c158,159
< 157, 947
< 158, 13a8
---
> 157, 147
> 158, 3a8
161c161
< 160, ba8
---
> 160, 13a8
163,165c163,165
< 162, 547
< 163, 1ba8
< 164, 7a8
---
> 162, 947
> 163, ba8
> 164, 1ba8
167c167
< 166, d47
---
> 166, 547
170c170
< 169, 347
---
> 169, d47
172c172
< 171, b47
---
> 171, 347
176,180c176,180
< 175, 17a8
< 176, 747
< 177, fa8
< 178, 1fa8
< 179, f47
---
> 175, 7a8
> 176, b47
> 177, 17a8
> 178, fa8
> 179, 747
185,186c185,186
< 184, c7
< 185, 8c7
---
> 184, f47
> 185, c7
189c189
< 188, 68
---
> 188, 1fa8
192,195c192,195
< 191, 1068
< 192, 4c7
< 193, 868
< 194, 1868
---
> 191, 68
> 192, 8c7
> 193, 1068
> 194, 868
197c197
< 196, 468
---
> 196, 1868
199c199
< 198, 1468
---
> 198, 468
201c201
< 200, c68
---
> 200, 1468
203,205c203,205
< 202, 1c68
< 203, 268
< 204, 1268
---
> 202, c68
> 203, 1c68
> 204, 268
207,210c207,210
< 206, a68
< 207, cc7
< 208, 1a68
< 209, 2c7
---
> 206, 1268
> 207, 4c7
> 208, a68
> 209, cc7
214,216c214,216
< 213, ac7
< 214, 668
< 215, 6c7
---
> 213, 2c7
> 214, 1a68
> 215, ac7
218c218
< 217, 1668
---
> 217, 668
220,221c220,221
< 219, e68
< 220, ec7
---
> 219, 1668
> 220, 6c7
223c223
< 222, 1c7
---
> 222, ec7
226,227c226,227
< 225, 9c7
< 226, 1e68
---
> 225, 1c7
> 226, e68
229,240c229,240
< 228, 168
< 229, 1168
< 230, 968
< 231, 1968
< 232, 568
< 233, 1568
< 234, 5c7
< 235, dc7
< 236, d68
< 237, 1d68
< 238, 368
< 239, 1368
---
> 228, 1e68
> 229, 168
> 230, 1168
> 231, 968
> 232, 1968
> 233, 568
> 234, 9c7
> 235, 5c7
> 236, 1568
> 237, d68
> 238, 1d68
> 239, 368
242,244c242,244
< 241, b68
< 242, 1b68
< 243, 3c7
---
> 241, 1368
> 242, b68
> 243, dc7
247,249c247,249
< 246, 768
< 247, 1768
< 248, f68
---
> 246, 1b68
> 247, 768
> 248, 1768
251c251
< 250, 1f68
---
> 250, f68
253,256c253,256
< 252, bc7
< 253, e8
< 254, 10e8
< 255, 0
---
> 252, 3c7
> 253, 1f68
> 254, e8
> 255, 10e8
Starting canonical Huffman encoding testbench
Start reading file [huffman.random256.txt]
Average nanoseconds over 10000 runs:  1204407
Average microseconds over 10000 runs: 1203

***************Comparing against output data*************** 

*******************************************
FAIL: Output DOES NOT match the golden output
*******************************************
Ending canonical Huffman encoding testbench
ERR: [SIM 100] 'csim_design' failed: nonzero return value.
INFO: [SIM 3] *************** CSIM finish ***************
