

================================================================
== Vivado HLS Report for 'filter'
================================================================
* Date:           Wed Aug  4 17:59:00 2021

* Version:        2020.1 (Build 2897737 on Wed May 27 20:21:37 MDT 2020)
* Project:        huffman_encoding_core_build
* Solution:       optimized
* Product family: zynq
* Target device:  xc7z020-clg484-1


================================================================
== Performance Estimates
================================================================
+ Timing: 
    * Summary: 
    +--------+----------+----------+------------+
    |  Clock |  Target  | Estimated| Uncertainty|
    +--------+----------+----------+------------+
    |ap_clk  | 10.00 ns | 6.705 ns |   1.25 ns  |
    +--------+----------+----------+------------+

+ Latency: 
    * Summary: 
    +---------+---------+----------+----------+-----+-----+---------+
    |  Latency (cycles) |  Latency (absolute) |  Interval | Pipeline|
    |   min   |   max   |    min   |    max   | min | max |   Type  |
    +---------+---------+----------+----------+-----+-----+---------+
    |      259|      259| 2.590 us | 2.590 us |  259|  259|   none  |
    +---------+---------+----------+----------+-----+-----+---------+

    + Detail: 
        * Instance: 
        N/A

        * Loop: 
        +-----------------+---------+---------+----------+-----------+-----------+------+----------+
        |                 |  Latency (cycles) | Iteration|  Initiation Interval  | Trip |          |
        |    Loop Name    |   min   |   max   |  Latency |  achieved |   target  | Count| Pipelined|
        +-----------------+---------+---------+----------+-----------+-----------+------+----------+
        |- filter_label3  |      257|      257|         3|          1|          1|   256|    yes   |
        +-----------------+---------+---------+----------+-----------+-----------+------+----------+



================================================================
== Utilization Estimates
================================================================
* Summary: 
+-----------------+---------+-------+--------+-------+-----+
|       Name      | BRAM_18K| DSP48E|   FF   |  LUT  | URAM|
+-----------------+---------+-------+--------+-------+-----+
|DSP              |        -|      -|       -|      -|    -|
|Expression       |        -|      -|       0|     91|    -|
|FIFO             |        -|      -|       -|      -|    -|
|Instance         |        -|      -|       -|      -|    -|
|Memory           |        -|      -|       -|      -|    -|
|Multiplexer      |        -|      -|       -|     75|    -|
|Register         |        -|      -|      90|      -|    -|
+-----------------+---------+-------+--------+-------+-----+
|Total            |        0|      0|      90|    166|    0|
+-----------------+---------+-------+--------+-------+-----+
|Available        |      280|    220|  106400|  53200|    0|
+-----------------+---------+-------+--------+-------+-----+
|Utilization (%)  |        0|      0|   ~0   |   ~0  |    0|
+-----------------+---------+-------+--------+-------+-----+

+ Detail: 
    * Instance: 
    N/A

    * DSP48E: 
    N/A

    * Memory: 
    N/A

    * FIFO: 
    N/A

    * Expression: 
    +-------------------------+----------+-------+---+----+------------+------------+
    |      Variable Name      | Operation| DSP48E| FF| LUT| Bitwidth P0| Bitwidth P1|
    +-------------------------+----------+-------+---+----+------------+------------+
    |i_fu_143_p2              |     +    |      0|  0|  15|           9|           1|
    |j_V_fu_165_p2            |     +    |      0|  0|  39|          32|           1|
    |icmp_ln10_fu_137_p2      |   icmp   |      0|  0|  13|           9|          10|
    |icmp_ln883_fu_154_p2     |   icmp   |      0|  0|  18|          32|           1|
    |ap_block_state1          |    or    |      0|  0|   2|           1|           1|
    |ap_enable_pp0            |    xor   |      0|  0|   2|           1|           2|
    |ap_enable_reg_pp0_iter1  |    xor   |      0|  0|   2|           2|           1|
    +-------------------------+----------+-------+---+----+------------+------------+
    |Total                    |          |      0|  0|  91|          86|          17|
    +-------------------------+----------+-------+---+----+------------+------------+

    * Multiplexer: 
    +-------------------------+----+-----------+-----+-----------+
    |           Name          | LUT| Input Size| Bits| Total Bits|
    +-------------------------+----+-----------+-----+-----------+
    |ap_NS_fsm                |  21|          4|    1|          4|
    |ap_done                  |   9|          2|    1|          2|
    |ap_enable_reg_pp0_iter1  |   9|          2|    1|          2|
    |ap_enable_reg_pp0_iter2  |   9|          2|    1|          2|
    |i_0_i_reg_117            |   9|          2|    9|         18|
    |n_out_blk_n              |   9|          2|    1|          2|
    |t_V_fu_52                |   9|          2|   32|         64|
    +-------------------------+----+-----------+-----+-----------+
    |Total                    |  75|         16|   46|         94|
    +-------------------------+----+-----------+-----+-----------+

    * Register: 
    +-------------------------+----+----+-----+-----------+
    |           Name          | FF | LUT| Bits| Const Bits|
    +-------------------------+----+----+-----+-----------+
    |ap_CS_fsm                |   3|   0|    3|          0|
    |ap_done_reg              |   1|   0|    1|          0|
    |ap_enable_reg_pp0_iter0  |   1|   0|    1|          0|
    |ap_enable_reg_pp0_iter1  |   1|   0|    1|          0|
    |ap_enable_reg_pp0_iter2  |   1|   0|    1|          0|
    |i_0_i_reg_117            |   9|   0|    9|          0|
    |icmp_ln883_reg_202       |   1|   0|    1|          0|
    |t_V_fu_52                |  32|   0|   32|          0|
    |zext_ln12_reg_192        |   9|   0|   64|         55|
    |zext_ln544_reg_206       |  32|   0|   64|         32|
    +-------------------------+----+----+-----+-----------+
    |Total                    |  90|   0|  177|         87|
    +-------------------------+----+----+-----+-----------+



================================================================
== Interface
================================================================
* Summary: 
+--------------------------+-----+-----+------------+-----------------+--------------+
|         RTL Ports        | Dir | Bits|  Protocol  |  Source Object  |    C Type    |
+--------------------------+-----+-----+------------+-----------------+--------------+
|ap_clk                    |  in |    1| ap_ctrl_hs |      filter     | return value |
|ap_rst                    |  in |    1| ap_ctrl_hs |      filter     | return value |
|ap_start                  |  in |    1| ap_ctrl_hs |      filter     | return value |
|ap_done                   | out |    1| ap_ctrl_hs |      filter     | return value |
|ap_continue               |  in |    1| ap_ctrl_hs |      filter     | return value |
|ap_idle                   | out |    1| ap_ctrl_hs |      filter     | return value |
|ap_ready                  | out |    1| ap_ctrl_hs |      filter     | return value |
|in_value_V_address0       | out |    8|  ap_memory |    in_value_V   |     array    |
|in_value_V_ce0            | out |    1|  ap_memory |    in_value_V   |     array    |
|in_value_V_q0             |  in |   32|  ap_memory |    in_value_V   |     array    |
|in_frequency_V_address0   | out |    8|  ap_memory |  in_frequency_V |     array    |
|in_frequency_V_ce0        | out |    1|  ap_memory |  in_frequency_V |     array    |
|in_frequency_V_q0         |  in |   32|  ap_memory |  in_frequency_V |     array    |
|out_value_V_address0      | out |    8|  ap_memory |   out_value_V   |     array    |
|out_value_V_ce0           | out |    1|  ap_memory |   out_value_V   |     array    |
|out_value_V_we0           | out |    1|  ap_memory |   out_value_V   |     array    |
|out_value_V_d0            | out |   32|  ap_memory |   out_value_V   |     array    |
|out_frequency_V_address0  | out |    8|  ap_memory | out_frequency_V |     array    |
|out_frequency_V_ce0       | out |    1|  ap_memory | out_frequency_V |     array    |
|out_frequency_V_we0       | out |    1|  ap_memory | out_frequency_V |     array    |
|out_frequency_V_d0        | out |   32|  ap_memory | out_frequency_V |     array    |
|n_out_din                 | out |   32|   ap_fifo  |      n_out      |    pointer   |
|n_out_full_n              |  in |    1|   ap_fifo  |      n_out      |    pointer   |
|n_out_write               | out |    1|   ap_fifo  |      n_out      |    pointer   |
+--------------------------+-----+-----+------------+-----------------+--------------+

============================================================
+ Verbose Summary: Synthesis Manager
============================================================
InlineROM: 1
ExposeGlobal: 0
============================================================
+ Verbose Summary: CDFG Model
============================================================
IsTopModel: 0
ResetActiveHigh: 1
IsCombinational: 2
IsDatapathOnly: 0
HasWiredReturn: 1
HasMFsm: 0
HasVarLatency: 1
IsPipeline: 0
IsRtlPipelined: 0
IsInstanceOverlapped: 0
IsDontTouch: 0
HasImplIP: 0
IsGatedGlobalClock: 0

+ Individual pipeline summary: 
  * Pipeline-0: initiation interval (II) = 1, depth = 3


============================================================
+ Verbose Summary: Schedule
============================================================
* Number of FSM states : 5
* Pipeline : 1
  Pipeline-0 : II = 1, D = 3, States = { 2 3 4 }
* Dataflow Pipeline: 0

* FSM state transitions: 
1 --> 2 
2 --> 5 3 
3 --> 4 
4 --> 2 
5 --> 

* FSM state operations: 

State 1 <SV = 0> <Delay = 1.76>
ST_1 : Operation 6 [1/1] (0.00ns)   --->   "%t_V = alloca i32"   --->   Operation 6 'alloca' 't_V' <Predicate = true> <Delay = 0.00>
ST_1 : Operation 7 [1/1] (1.76ns)   --->   "store i32 0, i32* %t_V" [./hls-src/huffman_filter.cpp:10->./hls-src/huffman_encoding.cpp:8]   --->   Operation 7 'store' <Predicate = true> <Delay = 1.76>
ST_1 : Operation 8 [1/1] (1.76ns)   --->   "br label %0" [./hls-src/huffman_filter.cpp:10->./hls-src/huffman_encoding.cpp:8]   --->   Operation 8 'br' <Predicate = true> <Delay = 1.76>

State 2 <SV = 1> <Delay = 3.25>
ST_2 : Operation 9 [1/1] (0.00ns)   --->   "%i_0_i = phi i9 [ 0, %entry ], [ %i, %filter_label3_end ]"   --->   Operation 9 'phi' 'i_0_i' <Predicate = true> <Delay = 0.00>
ST_2 : Operation 10 [1/1] (1.66ns)   --->   "%icmp_ln10 = icmp eq i9 %i_0_i, -256" [./hls-src/huffman_filter.cpp:10->./hls-src/huffman_encoding.cpp:8]   --->   Operation 10 'icmp' 'icmp_ln10' <Predicate = true> <Delay = 1.66> <Core = "Cmp">   --->   Core 25 'Cmp' <Latency = 0> <II = 1> <Delay = 2.47> <FuncUnit> <Opcode : 'icmp'> <InPorts = 2> <OutPorts = 1>
ST_2 : Operation 11 [1/1] (0.00ns)   --->   "call void (...)* @_ssdm_op_SpecLoopTripCount(i64 256, i64 256, i64 256)"   --->   Operation 11 'speclooptripcount' <Predicate = true> <Delay = 0.00>
ST_2 : Operation 12 [1/1] (1.82ns)   --->   "%i = add i9 %i_0_i, 1" [./hls-src/huffman_filter.cpp:10->./hls-src/huffman_encoding.cpp:8]   --->   Operation 12 'add' 'i' <Predicate = true> <Delay = 1.82> <Core = "AddSub">   --->   Core 14 'AddSub' <Latency = 0> <II = 1> <Delay = 2.55> <FuncUnit> <Opcode : 'add' 'sub'> <InPorts = 2> <OutPorts = 1>
ST_2 : Operation 13 [1/1] (0.00ns)   --->   "br i1 %icmp_ln10, label %.exit, label %filter_label3_begin" [./hls-src/huffman_filter.cpp:10->./hls-src/huffman_encoding.cpp:8]   --->   Operation 13 'br' <Predicate = true> <Delay = 0.00>
ST_2 : Operation 14 [1/1] (0.00ns)   --->   "%zext_ln12 = zext i9 %i_0_i to i64" [./hls-src/huffman_filter.cpp:12->./hls-src/huffman_encoding.cpp:8]   --->   Operation 14 'zext' 'zext_ln12' <Predicate = (!icmp_ln10)> <Delay = 0.00>
ST_2 : Operation 15 [1/1] (0.00ns)   --->   "%in_frequency_V_addr = getelementptr [256 x i32]* %in_frequency_V, i64 0, i64 %zext_ln12" [./hls-src/huffman_filter.cpp:12->./hls-src/huffman_encoding.cpp:8]   --->   Operation 15 'getelementptr' 'in_frequency_V_addr' <Predicate = (!icmp_ln10)> <Delay = 0.00>
ST_2 : Operation 16 [2/2] (3.25ns)   --->   "%in_frequency_V_load = load i32* %in_frequency_V_addr, align 4" [./hls-src/huffman_filter.cpp:12->./hls-src/huffman_encoding.cpp:8]   --->   Operation 16 'load' 'in_frequency_V_load' <Predicate = (!icmp_ln10)> <Delay = 3.25> <Core = "RAM">   --->   Core 37 'RAM' <Latency = 1> <II = 1> <Delay = 3.25> <Storage> <Opcode : 'load' 'store'> <Ports = 2> <Width = 5> <Depth = 256> <RAM>

State 3 <SV = 2> <Delay = 6.70>
ST_3 : Operation 17 [1/2] (3.25ns)   --->   "%in_frequency_V_load = load i32* %in_frequency_V_addr, align 4" [./hls-src/huffman_filter.cpp:12->./hls-src/huffman_encoding.cpp:8]   --->   Operation 17 'load' 'in_frequency_V_load' <Predicate = true> <Delay = 3.25> <Core = "RAM">   --->   Core 37 'RAM' <Latency = 1> <II = 1> <Delay = 3.25> <Storage> <Opcode : 'load' 'store'> <Ports = 2> <Width = 5> <Depth = 256> <RAM>
ST_3 : Operation 18 [1/1] (2.47ns)   --->   "%icmp_ln883 = icmp eq i32 %in_frequency_V_load, 0" [./hls-src/huffman_filter.cpp:12->./hls-src/huffman_encoding.cpp:8]   --->   Operation 18 'icmp' 'icmp_ln883' <Predicate = true> <Delay = 2.47> <Core = "Cmp">   --->   Core 25 'Cmp' <Latency = 0> <II = 1> <Delay = 2.47> <FuncUnit> <Opcode : 'icmp'> <InPorts = 2> <OutPorts = 1>
ST_3 : Operation 19 [1/1] (0.00ns)   --->   "br i1 %icmp_ln883, label %filter_label3_end, label %1" [./hls-src/huffman_filter.cpp:12->./hls-src/huffman_encoding.cpp:8]   --->   Operation 19 'br' <Predicate = true> <Delay = 0.00>
ST_3 : Operation 20 [1/1] (0.00ns)   --->   "%t_V_load = load i32* %t_V" [./hls-src/huffman_filter.cpp:15->./hls-src/huffman_encoding.cpp:8]   --->   Operation 20 'load' 't_V_load' <Predicate = (!icmp_ln883)> <Delay = 0.00>
ST_3 : Operation 21 [1/1] (0.00ns)   --->   "%zext_ln544 = zext i32 %t_V_load to i64" [./hls-src/huffman_filter.cpp:13->./hls-src/huffman_encoding.cpp:8]   --->   Operation 21 'zext' 'zext_ln544' <Predicate = (!icmp_ln883)> <Delay = 0.00>
ST_3 : Operation 22 [1/1] (0.00ns)   --->   "%out_frequency_V_addr = getelementptr [256 x i32]* %out_frequency_V, i64 0, i64 %zext_ln544" [./hls-src/huffman_filter.cpp:13->./hls-src/huffman_encoding.cpp:8]   --->   Operation 22 'getelementptr' 'out_frequency_V_addr' <Predicate = (!icmp_ln883)> <Delay = 0.00>
ST_3 : Operation 23 [1/1] (3.25ns)   --->   "store i32 %in_frequency_V_load, i32* %out_frequency_V_addr, align 4" [./hls-src/huffman_filter.cpp:13->./hls-src/huffman_encoding.cpp:8]   --->   Operation 23 'store' <Predicate = (!icmp_ln883)> <Delay = 3.25> <Core = "RAM">   --->   Core 37 'RAM' <Latency = 1> <II = 1> <Delay = 3.25> <Storage> <Opcode : 'load' 'store'> <Ports = 2> <Width = 5> <Depth = 256> <RAM>
ST_3 : Operation 24 [1/1] (0.00ns)   --->   "%in_value_V_addr = getelementptr [256 x i32]* %in_value_V, i64 0, i64 %zext_ln12" [./hls-src/huffman_filter.cpp:14->./hls-src/huffman_encoding.cpp:8]   --->   Operation 24 'getelementptr' 'in_value_V_addr' <Predicate = (!icmp_ln883)> <Delay = 0.00>
ST_3 : Operation 25 [2/2] (3.25ns)   --->   "%in_value_V_load = load i32* %in_value_V_addr, align 4" [./hls-src/huffman_filter.cpp:14->./hls-src/huffman_encoding.cpp:8]   --->   Operation 25 'load' 'in_value_V_load' <Predicate = (!icmp_ln883)> <Delay = 3.25> <Core = "RAM">   --->   Core 37 'RAM' <Latency = 1> <II = 1> <Delay = 3.25> <Storage> <Opcode : 'load' 'store'> <Ports = 2> <Width = 5> <Depth = 256> <RAM>
ST_3 : Operation 26 [1/1] (2.55ns)   --->   "%j_V = add i32 %t_V_load, 1" [./hls-src/huffman_filter.cpp:15->./hls-src/huffman_encoding.cpp:8]   --->   Operation 26 'add' 'j_V' <Predicate = (!icmp_ln883)> <Delay = 2.55> <Core = "AddSub">   --->   Core 14 'AddSub' <Latency = 0> <II = 1> <Delay = 2.55> <FuncUnit> <Opcode : 'add' 'sub'> <InPorts = 2> <OutPorts = 1>
ST_3 : Operation 27 [1/1] (1.76ns)   --->   "store i32 %j_V, i32* %t_V" [./hls-src/huffman_filter.cpp:16->./hls-src/huffman_encoding.cpp:8]   --->   Operation 27 'store' <Predicate = (!icmp_ln883)> <Delay = 1.76>

State 4 <SV = 3> <Delay = 6.50>
ST_4 : Operation 28 [1/1] (0.00ns)   --->   "call void (...)* @_ssdm_op_SpecLoopName([14 x i8]* @p_str158) nounwind" [./hls-src/huffman_filter.cpp:10->./hls-src/huffman_encoding.cpp:8]   --->   Operation 28 'specloopname' <Predicate = true> <Delay = 0.00>
ST_4 : Operation 29 [1/1] (0.00ns)   --->   "%tmp_i = call i32 (...)* @_ssdm_op_SpecRegionBegin([14 x i8]* @p_str158)" [./hls-src/huffman_filter.cpp:10->./hls-src/huffman_encoding.cpp:8]   --->   Operation 29 'specregionbegin' 'tmp_i' <Predicate = true> <Delay = 0.00>
ST_4 : Operation 30 [1/1] (0.00ns)   --->   "call void (...)* @_ssdm_op_SpecPipeline(i32 1, i32 1, i32 1, i32 0, [1 x i8]* @p_str57) nounwind" [./hls-src/huffman_filter.cpp:11->./hls-src/huffman_encoding.cpp:8]   --->   Operation 30 'specpipeline' <Predicate = true> <Delay = 0.00>
ST_4 : Operation 31 [1/2] (3.25ns)   --->   "%in_value_V_load = load i32* %in_value_V_addr, align 4" [./hls-src/huffman_filter.cpp:14->./hls-src/huffman_encoding.cpp:8]   --->   Operation 31 'load' 'in_value_V_load' <Predicate = (!icmp_ln883)> <Delay = 3.25> <Core = "RAM">   --->   Core 37 'RAM' <Latency = 1> <II = 1> <Delay = 3.25> <Storage> <Opcode : 'load' 'store'> <Ports = 2> <Width = 5> <Depth = 256> <RAM>
ST_4 : Operation 32 [1/1] (0.00ns)   --->   "%out_value_V_addr = getelementptr [256 x i32]* %out_value_V, i64 0, i64 %zext_ln544" [./hls-src/huffman_filter.cpp:14->./hls-src/huffman_encoding.cpp:8]   --->   Operation 32 'getelementptr' 'out_value_V_addr' <Predicate = (!icmp_ln883)> <Delay = 0.00>
ST_4 : Operation 33 [1/1] (3.25ns)   --->   "store i32 %in_value_V_load, i32* %out_value_V_addr, align 4" [./hls-src/huffman_filter.cpp:14->./hls-src/huffman_encoding.cpp:8]   --->   Operation 33 'store' <Predicate = (!icmp_ln883)> <Delay = 3.25> <Core = "RAM">   --->   Core 37 'RAM' <Latency = 1> <II = 1> <Delay = 3.25> <Storage> <Opcode : 'load' 'store'> <Ports = 2> <Width = 5> <Depth = 256> <RAM>
ST_4 : Operation 34 [1/1] (0.00ns)   --->   "br label %filter_label3_end" [./hls-src/huffman_filter.cpp:16->./hls-src/huffman_encoding.cpp:8]   --->   Operation 34 'br' <Predicate = (!icmp_ln883)> <Delay = 0.00>
ST_4 : Operation 35 [1/1] (0.00ns)   --->   "%empty = call i32 (...)* @_ssdm_op_SpecRegionEnd([14 x i8]* @p_str158, i32 %tmp_i)" [./hls-src/huffman_filter.cpp:17->./hls-src/huffman_encoding.cpp:8]   --->   Operation 35 'specregionend' 'empty' <Predicate = (!icmp_ln10)> <Delay = 0.00>
ST_4 : Operation 36 [1/1] (0.00ns)   --->   "br label %0" [./hls-src/huffman_filter.cpp:10->./hls-src/huffman_encoding.cpp:8]   --->   Operation 36 'br' <Predicate = (!icmp_ln10)> <Delay = 0.00>

State 5 <SV = 2> <Delay = 3.63>
ST_5 : Operation 37 [1/1] (0.00ns)   --->   "%t_V_load_1 = load i32* %t_V" [./hls-src/huffman_encoding.cpp:8]   --->   Operation 37 'load' 't_V_load_1' <Predicate = true> <Delay = 0.00>
ST_5 : Operation 38 [1/1] (0.00ns)   --->   "%empty_26 = call i32 (...)* @_ssdm_op_SpecInterface(i32* %n_out, [8 x i8]* @ap_fifo_str, i32 0, i32 0, [1 x i8]* @p_str, i32 0, i32 0, [1 x i8]* @p_str, [1 x i8]* @p_str, [1 x i8]* @p_str, i32 2, i32 2, i32 16, i32 16, [1 x i8]* @p_str, [11 x i8]* @ScalarProp_str)"   --->   Operation 38 'specinterface' 'empty_26' <Predicate = true> <Delay = 0.00>
ST_5 : Operation 39 [1/1] (3.63ns)   --->   "call void @_ssdm_op_Write.ap_fifo.i32P(i32* %n_out, i32 %t_V_load_1)" [./hls-src/huffman_encoding.cpp:8]   --->   Operation 39 'write' <Predicate = true> <Delay = 3.63> <Core = "FIFO">   --->   Core 32 'FIFO' <Latency = 0> <II = 1> <Delay = 3.63> <Storage> <Opcode : 'read' 'write' 'nbread' 'nbwrite'> <Ports = 0> <Width = 32> <Depth = 3> <FIFO>
ST_5 : Operation 40 [1/1] (0.00ns)   --->   "ret void" [./hls-src/huffman_encoding.cpp:8]   --->   Operation 40 'ret' <Predicate = true> <Delay = 0.00>


============================================================
+ Verbose Summary: Binding
============================================================
STG Binding: 
---------------- STG Properties BEGIN ----------------
- Is combinational: 0
- Is one-state seq: 0
- Is datapath-only: 0
- Is pipelined: 0
- Is top level: 0
Port [ Return ] is wired: 1; IO mode=ap_ctrl_hs:ce=0
Port [ in_value_V]:  wired=1; compound=1; hidden=0; nouse=0; global=0; static=0; extern=0; dir=0; type=1; pingpong=0; private_global=0; MemPort=[13]; IO mode=ap_memory:ce=0
Port [ in_frequency_V]:  wired=1; compound=1; hidden=0; nouse=0; global=0; static=0; extern=0; dir=0; type=1; pingpong=0; private_global=0; MemPort=[13]; IO mode=ap_memory:ce=0
Port [ out_value_V]:  wired=1; compound=1; hidden=0; nouse=0; global=0; static=0; extern=0; dir=1; type=1; pingpong=1; private_global=0; MemPort=[03]; IO mode=ap_memory:ce=0
Port [ out_frequency_V]:  wired=1; compound=1; hidden=0; nouse=0; global=0; static=0; extern=0; dir=1; type=1; pingpong=1; private_global=0; MemPort=[03]; IO mode=ap_memory:ce=0
Port [ n_out]:  wired=1; compound=1; hidden=0; nouse=0; global=0; static=0; extern=0; dir=1; type=3; pingpong=0; private_global=0; IO mode=ap_fifo:ce=0
---------------- STG Properties END ------------------

---------------- Datapath Model BEGIN ----------------

<LifeTime>
<method=bitvector/>
t_V                   (alloca           ) [ 011111]
store_ln10            (store            ) [ 000000]
br_ln10               (br               ) [ 011110]
i_0_i                 (phi              ) [ 001000]
icmp_ln10             (icmp             ) [ 001110]
speclooptripcount_ln0 (speclooptripcount) [ 000000]
i                     (add              ) [ 011110]
br_ln10               (br               ) [ 000000]
zext_ln12             (zext             ) [ 001100]
in_frequency_V_addr   (getelementptr    ) [ 001100]
in_frequency_V_load   (load             ) [ 000000]
icmp_ln883            (icmp             ) [ 001110]
br_ln12               (br               ) [ 000000]
t_V_load              (load             ) [ 000000]
zext_ln544            (zext             ) [ 001010]
out_frequency_V_addr  (getelementptr    ) [ 000000]
store_ln13            (store            ) [ 000000]
in_value_V_addr       (getelementptr    ) [ 001010]
j_V                   (add              ) [ 000000]
store_ln16            (store            ) [ 000000]
specloopname_ln10     (specloopname     ) [ 000000]
tmp_i                 (specregionbegin  ) [ 000000]
specpipeline_ln11     (specpipeline     ) [ 000000]
in_value_V_load       (load             ) [ 000000]
out_value_V_addr      (getelementptr    ) [ 000000]
store_ln14            (store            ) [ 000000]
br_ln16               (br               ) [ 000000]
empty                 (specregionend    ) [ 000000]
br_ln10               (br               ) [ 011110]
t_V_load_1            (load             ) [ 000000]
empty_26              (specinterface    ) [ 000000]
write_ln8             (write            ) [ 000000]
ret_ln8               (ret              ) [ 000000]
</LifeTime>

<model>

<comp_list>
<comp id="0" class="1000" name="in_value_V">
<pin_list>
<pin id="1" dir="1" index="0" bw="1" slack="0"/>
</pin_list>
<bind>
<StgValue><ssdm name="in_value_V"/><MemPortTyVec>1 3 </MemPortTyVec>
</StgValue>
</bind>
</comp>

<comp id="2" class="1000" name="in_frequency_V">
<pin_list>
<pin id="3" dir="1" index="0" bw="1" slack="0"/>
</pin_list>
<bind>
<StgValue><ssdm name="in_frequency_V"/><MemPortTyVec>1 3 </MemPortTyVec>
</StgValue>
</bind>
</comp>

<comp id="4" class="1000" name="out_value_V">
<pin_list>
<pin id="5" dir="1" index="0" bw="1" slack="0"/>
</pin_list>
<bind>
<StgValue><ssdm name="out_value_V"/><MemPortTyVec>0 3 </MemPortTyVec>
</StgValue>
</bind>
</comp>

<comp id="6" class="1000" name="out_frequency_V">
<pin_list>
<pin id="7" dir="1" index="0" bw="1" slack="0"/>
</pin_list>
<bind>
<StgValue><ssdm name="out_frequency_V"/><MemPortTyVec>0 3 </MemPortTyVec>
</StgValue>
</bind>
</comp>

<comp id="8" class="1000" name="n_out">
<pin_list>
<pin id="9" dir="1" index="0" bw="1" slack="0"/>
</pin_list>
<bind>
<StgValue><ssdm name="n_out"/></StgValue>
</bind>
</comp>

<comp id="10" class="1001" name="const_10">
<pin_list>
<pin id="11" dir="1" index="0" bw="1" slack="0"/>
</pin_list>
<bind>
<StgValue><ssdm name=""/></StgValue>
</bind>
</comp>

<comp id="12" class="1001" name="const_12">
<pin_list>
<pin id="13" dir="1" index="0" bw="1" slack="0"/>
</pin_list>
<bind>
<StgValue><ssdm name=""/></StgValue>
</bind>
</comp>

<comp id="14" class="1001" name="const_14">
<pin_list>
<pin id="15" dir="1" index="0" bw="1" slack="1"/>
</pin_list>
<bind>
<StgValue><ssdm name=""/></StgValue>
</bind>
</comp>

<comp id="16" class="1001" name="const_16">
<pin_list>
<pin id="17" dir="1" index="0" bw="1" slack="0"/>
</pin_list>
<bind>
<StgValue><ssdm name=""/></StgValue>
</bind>
</comp>

<comp id="18" class="1001" name="const_18">
<pin_list>
<pin id="19" dir="1" index="0" bw="1" slack="2147483647"/>
</pin_list>
<bind>
<StgValue><ssdm name="_ssdm_op_SpecLoopTripCount"/></StgValue>
</bind>
</comp>

<comp id="20" class="1001" name="const_20">
<pin_list>
<pin id="21" dir="1" index="0" bw="1" slack="2147483647"/>
</pin_list>
<bind>
<StgValue><ssdm name=""/></StgValue>
</bind>
</comp>

<comp id="22" class="1001" name="const_22">
<pin_list>
<pin id="23" dir="1" index="0" bw="1" slack="0"/>
</pin_list>
<bind>
<StgValue><ssdm name=""/></StgValue>
</bind>
</comp>

<comp id="24" class="1001" name="const_24">
<pin_list>
<pin id="25" dir="1" index="0" bw="1" slack="0"/>
</pin_list>
<bind>
<StgValue><ssdm name=""/></StgValue>
</bind>
</comp>

<comp id="26" class="1001" name="const_26">
<pin_list>
<pin id="27" dir="1" index="0" bw="1" slack="2147483647"/>
</pin_list>
<bind>
<StgValue><ssdm name="_ssdm_op_SpecLoopName"/></StgValue>
</bind>
</comp>

<comp id="28" class="1001" name="const_28">
<pin_list>
<pin id="29" dir="1" index="0" bw="1" slack="2147483647"/>
</pin_list>
<bind>
<StgValue><ssdm name="p_str158"/></StgValue>
</bind>
</comp>

<comp id="30" class="1001" name="const_30">
<pin_list>
<pin id="31" dir="1" index="0" bw="1" slack="2147483647"/>
</pin_list>
<bind>
<StgValue><ssdm name="_ssdm_op_SpecRegionBegin"/></StgValue>
</bind>
</comp>

<comp id="32" class="1001" name="const_32">
<pin_list>
<pin id="33" dir="1" index="0" bw="1" slack="2147483647"/>
</pin_list>
<bind>
<StgValue><ssdm name="_ssdm_op_SpecPipeline"/></StgValue>
</bind>
</comp>

<comp id="34" class="1001" name="const_34">
<pin_list>
<pin id="35" dir="1" index="0" bw="1" slack="2147483647"/>
</pin_list>
<bind>
<StgValue><ssdm name="p_str57"/></StgValue>
</bind>
</comp>

<comp id="36" class="1001" name="const_36">
<pin_list>
<pin id="37" dir="1" index="0" bw="1" slack="2147483647"/>
</pin_list>
<bind>
<StgValue><ssdm name="_ssdm_op_SpecRegionEnd"/></StgValue>
</bind>
</comp>

<comp id="38" class="1001" name="const_38">
<pin_list>
<pin id="39" dir="1" index="0" bw="1" slack="2147483647"/>
</pin_list>
<bind>
<StgValue><ssdm name="_ssdm_op_SpecInterface"/></StgValue>
</bind>
</comp>

<comp id="40" class="1001" name="const_40">
<pin_list>
<pin id="41" dir="1" index="0" bw="1" slack="2147483647"/>
</pin_list>
<bind>
<StgValue><ssdm name="ap_fifo_str"/></StgValue>
</bind>
</comp>

<comp id="42" class="1001" name="const_42">
<pin_list>
<pin id="43" dir="1" index="0" bw="1" slack="2147483647"/>
</pin_list>
<bind>
<StgValue><ssdm name="p_str"/></StgValue>
</bind>
</comp>

<comp id="44" class="1001" name="const_44">
<pin_list>
<pin id="45" dir="1" index="0" bw="1" slack="2147483647"/>
</pin_list>
<bind>
<StgValue><ssdm name=""/></StgValue>
</bind>
</comp>

<comp id="46" class="1001" name="const_46">
<pin_list>
<pin id="47" dir="1" index="0" bw="1" slack="2147483647"/>
</pin_list>
<bind>
<StgValue><ssdm name=""/></StgValue>
</bind>
</comp>

<comp id="48" class="1001" name="const_48">
<pin_list>
<pin id="49" dir="1" index="0" bw="1" slack="2147483647"/>
</pin_list>
<bind>
<StgValue><ssdm name="ScalarProp_str"/></StgValue>
</bind>
</comp>

<comp id="50" class="1001" name="const_50">
<pin_list>
<pin id="51" dir="1" index="0" bw="1" slack="0"/>
</pin_list>
<bind>
<StgValue><ssdm name="_ssdm_op_Write.ap_fifo.i32P"/></StgValue>
</bind>
</comp>

<comp id="52" class="1004" name="t_V_fu_52">
<pin_list>
<pin id="53" dir="0" index="0" bw="1" slack="0"/>
<pin id="54" dir="1" index="1" bw="32" slack="0"/>
</pin_list>
<bind>
<opcode="alloca(26) " fcode="alloca"/>
<opset="t_V/1 "/>
</bind>
</comp>

<comp id="56" class="1004" name="write_ln8_write_fu_56">
<pin_list>
<pin id="57" dir="0" index="0" bw="0" slack="0"/>
<pin id="58" dir="0" index="1" bw="32" slack="0"/>
<pin id="59" dir="0" index="2" bw="32" slack="0"/>
<pin id="60" dir="1" index="3" bw="0" slack="2147483647"/>
</pin_list>
<bind>
<opcode="write(1151) " fcode="write"/>
<opset="write_ln8/5 "/>
</bind>
</comp>

<comp id="63" class="1004" name="in_frequency_V_addr_gep_fu_63">
<pin_list>
<pin id="64" dir="0" index="0" bw="32" slack="0"/>
<pin id="65" dir="0" index="1" bw="1" slack="0"/>
<pin id="66" dir="0" index="2" bw="9" slack="0"/>
<pin id="67" dir="1" index="3" bw="8" slack="0"/>
</pin_list>
<bind>
<opcode="getelementptr(29) " fcode="getelementptr"/>
<opset="in_frequency_V_addr/2 "/>
</bind>
</comp>

<comp id="70" class="1004" name="grp_access_fu_70">
<pin_list>
<pin id="71" dir="0" index="0" bw="8" slack="0"/>
<pin id="72" dir="0" index="1" bw="32" slack="2147483647"/>
<pin id="73" dir="0" index="2" bw="0" slack="2147483647"/>
<pin id="74" dir="1" index="3" bw="32" slack="0"/>
</pin_list>
<bind>
<opcode="load(27) " fcode="load"/>
<opset="in_frequency_V_load/2 "/>
</bind>
</comp>

<comp id="76" class="1004" name="out_frequency_V_addr_gep_fu_76">
<pin_list>
<pin id="77" dir="0" index="0" bw="32" slack="0"/>
<pin id="78" dir="0" index="1" bw="1" slack="0"/>
<pin id="79" dir="0" index="2" bw="32" slack="0"/>
<pin id="80" dir="1" index="3" bw="8" slack="0"/>
</pin_list>
<bind>
<opcode="getelementptr(29) " fcode="getelementptr"/>
<opset="out_frequency_V_addr/3 "/>
</bind>
</comp>

<comp id="83" class="1004" name="store_ln13_access_fu_83">
<pin_list>
<pin id="84" dir="0" index="0" bw="8" slack="0"/>
<pin id="85" dir="0" index="1" bw="32" slack="0"/>
<pin id="86" dir="0" index="2" bw="0" slack="2147483647"/>
<pin id="87" dir="1" index="3" bw="32" slack="2147483647"/>
</pin_list>
<bind>
<opcode="store(28) " fcode="store"/>
<opset="store_ln13/3 "/>
</bind>
</comp>

<comp id="90" class="1004" name="in_value_V_addr_gep_fu_90">
<pin_list>
<pin id="91" dir="0" index="0" bw="32" slack="0"/>
<pin id="92" dir="0" index="1" bw="1" slack="0"/>
<pin id="93" dir="0" index="2" bw="9" slack="1"/>
<pin id="94" dir="1" index="3" bw="8" slack="0"/>
</pin_list>
<bind>
<opcode="getelementptr(29) " fcode="getelementptr"/>
<opset="in_value_V_addr/3 "/>
</bind>
</comp>

<comp id="97" class="1004" name="grp_access_fu_97">
<pin_list>
<pin id="98" dir="0" index="0" bw="8" slack="0"/>
<pin id="99" dir="0" index="1" bw="32" slack="2147483647"/>
<pin id="100" dir="0" index="2" bw="0" slack="2147483647"/>
<pin id="101" dir="1" index="3" bw="32" slack="0"/>
</pin_list>
<bind>
<opcode="load(27) " fcode="load"/>
<opset="in_value_V_load/3 "/>
</bind>
</comp>

<comp id="103" class="1004" name="out_value_V_addr_gep_fu_103">
<pin_list>
<pin id="104" dir="0" index="0" bw="32" slack="0"/>
<pin id="105" dir="0" index="1" bw="1" slack="0"/>
<pin id="106" dir="0" index="2" bw="32" slack="1"/>
<pin id="107" dir="1" index="3" bw="8" slack="0"/>
</pin_list>
<bind>
<opcode="getelementptr(29) " fcode="getelementptr"/>
<opset="out_value_V_addr/4 "/>
</bind>
</comp>

<comp id="110" class="1004" name="store_ln14_access_fu_110">
<pin_list>
<pin id="111" dir="0" index="0" bw="8" slack="0"/>
<pin id="112" dir="0" index="1" bw="32" slack="0"/>
<pin id="113" dir="0" index="2" bw="0" slack="2147483647"/>
<pin id="114" dir="1" index="3" bw="32" slack="2147483647"/>
</pin_list>
<bind>
<opcode="store(28) " fcode="store"/>
<opset="store_ln14/4 "/>
</bind>
</comp>

<comp id="117" class="1005" name="i_0_i_reg_117">
<pin_list>
<pin id="118" dir="0" index="0" bw="9" slack="1"/>
<pin id="119" dir="1" index="1" bw="9" slack="1"/>
</pin_list>
<bind>
<opset="i_0_i (phireg) "/>
</bind>
</comp>

<comp id="121" class="1004" name="i_0_i_phi_fu_121">
<pin_list>
<pin id="122" dir="0" index="0" bw="1" slack="1"/>
<pin id="123" dir="0" index="1" bw="0" slack="2147483647"/>
<pin id="124" dir="0" index="2" bw="9" slack="0"/>
<pin id="125" dir="0" index="3" bw="0" slack="2147483647"/>
<pin id="126" dir="1" index="4" bw="9" slack="0"/>
</pin_list>
<bind>
<opcode="phi(47) " fcode="phi"/>
<opset="i_0_i/2 "/>
</bind>
</comp>

<comp id="128" class="1004" name="grp_load_fu_128">
<pin_list>
<pin id="129" dir="0" index="0" bw="32" slack="2"/>
<pin id="130" dir="1" index="1" bw="32" slack="0"/>
</pin_list>
<bind>
<opcode="load(27) " fcode="load"/>
<opset="t_V_load/3 t_V_load_1/5 "/>
</bind>
</comp>

<comp id="132" class="1004" name="store_ln10_store_fu_132">
<pin_list>
<pin id="133" dir="0" index="0" bw="1" slack="0"/>
<pin id="134" dir="0" index="1" bw="32" slack="0"/>
<pin id="135" dir="1" index="2" bw="0" slack="2147483647"/>
</pin_list>
<bind>
<opcode="store(28) " fcode="store"/>
<opset="store_ln10/1 "/>
</bind>
</comp>

<comp id="137" class="1004" name="icmp_ln10_fu_137">
<pin_list>
<pin id="138" dir="0" index="0" bw="9" slack="0"/>
<pin id="139" dir="0" index="1" bw="9" slack="0"/>
<pin id="140" dir="1" index="2" bw="1" slack="2"/>
</pin_list>
<bind>
<opcode="icmp(45) " fcode="icmp"/>
<opset="icmp_ln10/2 "/>
</bind>
</comp>

<comp id="143" class="1004" name="i_fu_143">
<pin_list>
<pin id="144" dir="0" index="0" bw="9" slack="0"/>
<pin id="145" dir="0" index="1" bw="1" slack="0"/>
<pin id="146" dir="1" index="2" bw="9" slack="0"/>
</pin_list>
<bind>
<opcode="add(8) " fcode="add"/>
<opset="i/2 "/>
</bind>
</comp>

<comp id="149" class="1004" name="zext_ln12_fu_149">
<pin_list>
<pin id="150" dir="0" index="0" bw="9" slack="0"/>
<pin id="151" dir="1" index="1" bw="64" slack="0"/>
</pin_list>
<bind>
<opcode="zext(34) " fcode="zext"/>
<opset="zext_ln12/2 "/>
</bind>
</comp>

<comp id="154" class="1004" name="icmp_ln883_fu_154">
<pin_list>
<pin id="155" dir="0" index="0" bw="32" slack="0"/>
<pin id="156" dir="0" index="1" bw="32" slack="0"/>
<pin id="157" dir="1" index="2" bw="1" slack="1"/>
</pin_list>
<bind>
<opcode="icmp(45) " fcode="icmp"/>
<opset="icmp_ln883/3 "/>
</bind>
</comp>

<comp id="160" class="1004" name="zext_ln544_fu_160">
<pin_list>
<pin id="161" dir="0" index="0" bw="32" slack="0"/>
<pin id="162" dir="1" index="1" bw="64" slack="0"/>
</pin_list>
<bind>
<opcode="zext(34) " fcode="zext"/>
<opset="zext_ln544/3 "/>
</bind>
</comp>

<comp id="165" class="1004" name="j_V_fu_165">
<pin_list>
<pin id="166" dir="0" index="0" bw="32" slack="0"/>
<pin id="167" dir="0" index="1" bw="1" slack="0"/>
<pin id="168" dir="1" index="2" bw="32" slack="0"/>
</pin_list>
<bind>
<opcode="add(8) " fcode="add"/>
<opset="j_V/3 "/>
</bind>
</comp>

<comp id="171" class="1004" name="store_ln16_store_fu_171">
<pin_list>
<pin id="172" dir="0" index="0" bw="32" slack="0"/>
<pin id="173" dir="0" index="1" bw="32" slack="2"/>
<pin id="174" dir="1" index="2" bw="0" slack="2147483647"/>
</pin_list>
<bind>
<opcode="store(28) " fcode="store"/>
<opset="store_ln16/3 "/>
</bind>
</comp>

<comp id="176" class="1005" name="t_V_reg_176">
<pin_list>
<pin id="177" dir="0" index="0" bw="32" slack="0"/>
<pin id="178" dir="1" index="1" bw="32" slack="0"/>
</pin_list>
<bind>
<opset="t_V "/>
</bind>
</comp>

<comp id="183" class="1005" name="icmp_ln10_reg_183">
<pin_list>
<pin id="184" dir="0" index="0" bw="1" slack="2"/>
<pin id="185" dir="1" index="1" bw="1" slack="2147483647"/>
</pin_list>
<bind>
<opset="icmp_ln10 "/>
</bind>
</comp>

<comp id="187" class="1005" name="i_reg_187">
<pin_list>
<pin id="188" dir="0" index="0" bw="9" slack="0"/>
<pin id="189" dir="1" index="1" bw="9" slack="0"/>
</pin_list>
<bind>
<opset="i "/>
</bind>
</comp>

<comp id="192" class="1005" name="zext_ln12_reg_192">
<pin_list>
<pin id="193" dir="0" index="0" bw="64" slack="1"/>
<pin id="194" dir="1" index="1" bw="64" slack="1"/>
</pin_list>
<bind>
<opset="zext_ln12 "/>
</bind>
</comp>

<comp id="197" class="1005" name="in_frequency_V_addr_reg_197">
<pin_list>
<pin id="198" dir="0" index="0" bw="8" slack="1"/>
<pin id="199" dir="1" index="1" bw="8" slack="1"/>
</pin_list>
<bind>
<opset="in_frequency_V_addr "/>
</bind>
</comp>

<comp id="202" class="1005" name="icmp_ln883_reg_202">
<pin_list>
<pin id="203" dir="0" index="0" bw="1" slack="1"/>
<pin id="204" dir="1" index="1" bw="1" slack="2147483647"/>
</pin_list>
<bind>
<opset="icmp_ln883 "/>
</bind>
</comp>

<comp id="206" class="1005" name="zext_ln544_reg_206">
<pin_list>
<pin id="207" dir="0" index="0" bw="64" slack="1"/>
<pin id="208" dir="1" index="1" bw="64" slack="1"/>
</pin_list>
<bind>
<opset="zext_ln544 "/>
</bind>
</comp>

<comp id="211" class="1005" name="in_value_V_addr_reg_211">
<pin_list>
<pin id="212" dir="0" index="0" bw="8" slack="1"/>
<pin id="213" dir="1" index="1" bw="8" slack="1"/>
</pin_list>
<bind>
<opset="in_value_V_addr "/>
</bind>
</comp>

</comp_list>

<net_list>
<net id="55"><net_src comp="10" pin="0"/><net_sink comp="52" pin=0"/></net>

<net id="61"><net_src comp="50" pin="0"/><net_sink comp="56" pin=0"/></net>

<net id="62"><net_src comp="8" pin="0"/><net_sink comp="56" pin=1"/></net>

<net id="68"><net_src comp="2" pin="0"/><net_sink comp="63" pin=0"/></net>

<net id="69"><net_src comp="24" pin="0"/><net_sink comp="63" pin=1"/></net>

<net id="75"><net_src comp="63" pin="3"/><net_sink comp="70" pin=0"/></net>

<net id="81"><net_src comp="6" pin="0"/><net_sink comp="76" pin=0"/></net>

<net id="82"><net_src comp="24" pin="0"/><net_sink comp="76" pin=1"/></net>

<net id="88"><net_src comp="70" pin="3"/><net_sink comp="83" pin=1"/></net>

<net id="89"><net_src comp="76" pin="3"/><net_sink comp="83" pin=0"/></net>

<net id="95"><net_src comp="0" pin="0"/><net_sink comp="90" pin=0"/></net>

<net id="96"><net_src comp="24" pin="0"/><net_sink comp="90" pin=1"/></net>

<net id="102"><net_src comp="90" pin="3"/><net_sink comp="97" pin=0"/></net>

<net id="108"><net_src comp="4" pin="0"/><net_sink comp="103" pin=0"/></net>

<net id="109"><net_src comp="24" pin="0"/><net_sink comp="103" pin=1"/></net>

<net id="115"><net_src comp="97" pin="3"/><net_sink comp="110" pin=1"/></net>

<net id="116"><net_src comp="103" pin="3"/><net_sink comp="110" pin=0"/></net>

<net id="120"><net_src comp="14" pin="0"/><net_sink comp="117" pin=0"/></net>

<net id="127"><net_src comp="117" pin="1"/><net_sink comp="121" pin=0"/></net>

<net id="131"><net_src comp="128" pin="1"/><net_sink comp="56" pin=2"/></net>

<net id="136"><net_src comp="12" pin="0"/><net_sink comp="132" pin=0"/></net>

<net id="141"><net_src comp="121" pin="4"/><net_sink comp="137" pin=0"/></net>

<net id="142"><net_src comp="16" pin="0"/><net_sink comp="137" pin=1"/></net>

<net id="147"><net_src comp="121" pin="4"/><net_sink comp="143" pin=0"/></net>

<net id="148"><net_src comp="22" pin="0"/><net_sink comp="143" pin=1"/></net>

<net id="152"><net_src comp="121" pin="4"/><net_sink comp="149" pin=0"/></net>

<net id="153"><net_src comp="149" pin="1"/><net_sink comp="63" pin=2"/></net>

<net id="158"><net_src comp="70" pin="3"/><net_sink comp="154" pin=0"/></net>

<net id="159"><net_src comp="12" pin="0"/><net_sink comp="154" pin=1"/></net>

<net id="163"><net_src comp="128" pin="1"/><net_sink comp="160" pin=0"/></net>

<net id="164"><net_src comp="160" pin="1"/><net_sink comp="76" pin=2"/></net>

<net id="169"><net_src comp="128" pin="1"/><net_sink comp="165" pin=0"/></net>

<net id="170"><net_src comp="10" pin="0"/><net_sink comp="165" pin=1"/></net>

<net id="175"><net_src comp="165" pin="2"/><net_sink comp="171" pin=0"/></net>

<net id="179"><net_src comp="52" pin="1"/><net_sink comp="176" pin=0"/></net>

<net id="180"><net_src comp="176" pin="1"/><net_sink comp="132" pin=1"/></net>

<net id="181"><net_src comp="176" pin="1"/><net_sink comp="128" pin=0"/></net>

<net id="182"><net_src comp="176" pin="1"/><net_sink comp="171" pin=1"/></net>

<net id="186"><net_src comp="137" pin="2"/><net_sink comp="183" pin=0"/></net>

<net id="190"><net_src comp="143" pin="2"/><net_sink comp="187" pin=0"/></net>

<net id="191"><net_src comp="187" pin="1"/><net_sink comp="121" pin=2"/></net>

<net id="195"><net_src comp="149" pin="1"/><net_sink comp="192" pin=0"/></net>

<net id="196"><net_src comp="192" pin="1"/><net_sink comp="90" pin=2"/></net>

<net id="200"><net_src comp="63" pin="3"/><net_sink comp="197" pin=0"/></net>

<net id="201"><net_src comp="197" pin="1"/><net_sink comp="70" pin=0"/></net>

<net id="205"><net_src comp="154" pin="2"/><net_sink comp="202" pin=0"/></net>

<net id="209"><net_src comp="160" pin="1"/><net_sink comp="206" pin=0"/></net>

<net id="210"><net_src comp="206" pin="1"/><net_sink comp="103" pin=2"/></net>

<net id="214"><net_src comp="90" pin="3"/><net_sink comp="211" pin=0"/></net>

<net id="215"><net_src comp="211" pin="1"/><net_sink comp="97" pin=0"/></net>

</net_list>

</model> 
---------------- Datapath Model END ------------------

* FSMD analyzer results:
  - Output states:
	Port: in_value_V | {}
	Port: in_frequency_V | {}
	Port: out_value_V | {4 }
	Port: out_frequency_V | {3 }
	Port: n_out | {5 }
 - Input state : 
	Port: filter : in_value_V | {3 4 }
	Port: filter : in_frequency_V | {2 3 }
  - Chain level:
	State 1
		store_ln10 : 1
	State 2
		icmp_ln10 : 1
		i : 1
		br_ln10 : 2
		zext_ln12 : 1
		in_frequency_V_addr : 2
		in_frequency_V_load : 3
	State 3
		icmp_ln883 : 1
		br_ln12 : 2
		zext_ln544 : 1
		out_frequency_V_addr : 2
		store_ln13 : 3
		in_value_V_load : 1
		j_V : 1
		store_ln16 : 2
	State 4
		store_ln14 : 1
		empty : 1
	State 5
		write_ln8 : 1


============================================================
+ Verbose Summary: Datapath Resource usage 
============================================================

* Functional unit list:
|----------|-----------------------|---------|---------|
| Operation|    Functional Unit    |    FF   |   LUT   |
|----------|-----------------------|---------|---------|
|    add   |        i_fu_143       |    0    |    15   |
|          |       j_V_fu_165      |    0    |    39   |
|----------|-----------------------|---------|---------|
|   icmp   |    icmp_ln10_fu_137   |    0    |    13   |
|          |   icmp_ln883_fu_154   |    0    |    18   |
|----------|-----------------------|---------|---------|
|   write  | write_ln8_write_fu_56 |    0    |    0    |
|----------|-----------------------|---------|---------|
|   zext   |    zext_ln12_fu_149   |    0    |    0    |
|          |   zext_ln544_fu_160   |    0    |    0    |
|----------|-----------------------|---------|---------|
|   Total  |                       |    0    |    85   |
|----------|-----------------------|---------|---------|

Memories:
N/A

* Register list:
+---------------------------+--------+
|                           |   FF   |
+---------------------------+--------+
|       i_0_i_reg_117       |    9   |
|         i_reg_187         |    9   |
|     icmp_ln10_reg_183     |    1   |
|     icmp_ln883_reg_202    |    1   |
|in_frequency_V_addr_reg_197|    8   |
|  in_value_V_addr_reg_211  |    8   |
|        t_V_reg_176        |   32   |
|     zext_ln12_reg_192     |   64   |
|     zext_ln544_reg_206    |   64   |
+---------------------------+--------+
|           Total           |   196  |
+---------------------------+--------+

* Multiplexer (MUX) list: 
|------------------|------|------|------|--------||---------||---------|
|       Comp       |  Pin | Size |  BW  | S x BW ||  Delay  ||   LUT   |
|------------------|------|------|------|--------||---------||---------|
| grp_access_fu_70 |  p0  |   2  |   8  |   16   ||    9    |
| grp_access_fu_97 |  p0  |   2  |   8  |   16   ||    9    |
|------------------|------|------|------|--------||---------||---------|
|       Total      |      |      |      |   32   ||  3.538  ||    18   |
|------------------|------|------|------|--------||---------||---------|



* Summary:
+-----------+--------+--------+--------+
|           |  Delay |   FF   |   LUT  |
+-----------+--------+--------+--------+
|  Function |    -   |    0   |   85   |
|   Memory  |    -   |    -   |    -   |
|Multiplexer|    3   |    -   |   18   |
|  Register |    -   |   196  |    -   |
+-----------+--------+--------+--------+
|   Total   |    3   |   196  |   103  |
+-----------+--------+--------+--------+
