

================================================================
== Vivado HLS Report for 'Loop_copy_sorted_pro'
================================================================
* Date:           Tue Aug  3 15:38:28 2021

* Version:        2020.1 (Build 2897737 on Wed May 27 20:21:37 MDT 2020)
* Project:        huffman_encoding_core_build
* Solution:       optimized
* Product family: zynq
* Target device:  xc7z020-clg484-1


================================================================
== Performance Estimates
================================================================
+ Timing: 
    * Summary: 
    +--------+----------+----------+------------+
    |  Clock |  Target  | Estimated| Uncertainty|
    +--------+----------+----------+------------+
    |ap_clk  | 10.00 ns | 6.508 ns |   1.25 ns  |
    +--------+----------+----------+------------+

+ Latency: 
    * Summary: 
    +---------+---------+----------+----------+-----+-----+---------+
    |  Latency (cycles) |  Latency (absolute) |  Interval | Pipeline|
    |   min   |   max   |    min   |    max   | min | max |   Type  |
    +---------+---------+----------+----------+-----+-----+---------+
    |      513|      513| 5.130 us | 5.130 us |  513|  513|   none  |
    +---------+---------+----------+----------+-----+-----+---------+

    + Detail: 
        * Instance: 
        N/A

        * Loop: 
        +---------------+---------+---------+----------+-----------+-----------+------+----------+
        |               |  Latency (cycles) | Iteration|  Initiation Interval  | Trip |          |
        |   Loop Name   |   min   |   max   |  Latency |  achieved |   target  | Count| Pipelined|
        +---------------+---------+---------+----------+-----------+-----------+------+----------+
        |- copy_sorted  |      512|      512|         2|          -|          -|   256|    no    |
        +---------------+---------+---------+----------+-----------+-----------+------+----------+

============================================================
+ Verbose Summary: Synthesis Manager
============================================================
InlineROM: 1
ExposeGlobal: 0
============================================================
+ Verbose Summary: CDFG Model
============================================================
IsTopModel: 0
ResetActiveHigh: 1
IsCombinational: 2
IsDatapathOnly: 0
HasWiredReturn: 1
HasMFsm: 0
HasVarLatency: 1
IsPipeline: 0
IsRtlPipelined: 0
IsInstanceOverlapped: 0
IsDontTouch: 0
HasImplIP: 0
IsGatedGlobalClock: 0


============================================================
+ Verbose Summary: Schedule
============================================================
* Number of FSM states : 3
* Pipeline : 0
* Dataflow Pipeline: 0

* FSM state transitions: 
1 --> 2 
2 --> 3 
3 --> 2 

* FSM state operations: 

State 1 <SV = 0> <Delay = 3.63>
ST_1 : Operation 4 [1/1] (0.00ns)   --->   "%empty = call i32 (...)* @_ssdm_op_SpecInterface(i32* %n, [8 x i8]* @ap_fifo_str, i32 0, i32 0, [1 x i8]* @p_str, i32 0, i32 0, [1 x i8]* @p_str, [1 x i8]* @p_str, [1 x i8]* @p_str, i32 2, i32 2, i32 16, i32 16, [1 x i8]* @p_str, [11 x i8]* @ScalarProp_str)"   --->   Operation 4 'specinterface' 'empty' <Predicate = true> <Delay = 0.00>
ST_1 : Operation 5 [1/1] (3.63ns)   --->   "%n_read = call i32 @_ssdm_op_Read.ap_fifo.i32P(i32* %n)" [./hls-src/huffman_encoding.cpp:42]   --->   Operation 5 'read' 'n_read' <Predicate = true> <Delay = 3.63> <Core = "FIFO">   --->   Core 32 'FIFO' <Latency = 0> <II = 1> <Delay = 3.63> <Storage> <Opcode : 'read' 'write' 'nbread' 'nbwrite'> <Ports = 0> <Width = 32> <Depth = 3> <FIFO>
ST_1 : Operation 6 [1/1] (1.76ns)   --->   "br label %.preheader.i" [./hls-src/huffman_encoding.cpp:42]   --->   Operation 6 'br' <Predicate = true> <Delay = 1.76>

State 2 <SV = 1> <Delay = 3.63>
ST_2 : Operation 7 [1/1] (0.00ns)   --->   "%i_0_i = phi i31 [ %i, %copy_sorted ], [ 0, %entry ]"   --->   Operation 7 'phi' 'i_0_i' <Predicate = true> <Delay = 0.00>
ST_2 : Operation 8 [1/1] (0.00ns)   --->   "%zext_ln42 = zext i31 %i_0_i to i32" [./hls-src/huffman_encoding.cpp:42]   --->   Operation 8 'zext' 'zext_ln42' <Predicate = true> <Delay = 0.00>
ST_2 : Operation 9 [1/1] (2.47ns)   --->   "%icmp_ln42 = icmp slt i32 %zext_ln42, %n_read" [./hls-src/huffman_encoding.cpp:42]   --->   Operation 9 'icmp' 'icmp_ln42' <Predicate = true> <Delay = 2.47> <Core = "Cmp">   --->   Core 25 'Cmp' <Latency = 0> <II = 1> <Delay = 2.47> <FuncUnit> <Opcode : 'icmp'> <InPorts = 2> <OutPorts = 1>
ST_2 : Operation 10 [1/1] (2.52ns)   --->   "%i = add i31 %i_0_i, 1" [./hls-src/huffman_encoding.cpp:42]   --->   Operation 10 'add' 'i' <Predicate = true> <Delay = 2.52> <Core = "AddSub">   --->   Core 14 'AddSub' <Latency = 0> <II = 1> <Delay = 2.52> <FuncUnit> <Opcode : 'add' 'sub'> <InPorts = 2> <OutPorts = 1>
ST_2 : Operation 11 [1/1] (0.00ns)   --->   "br i1 %icmp_ln42, label %copy_sorted, label %.exit" [./hls-src/huffman_encoding.cpp:42]   --->   Operation 11 'br' <Predicate = true> <Delay = 0.00>
ST_2 : Operation 12 [1/1] (0.00ns)   --->   "%zext_ln43 = zext i31 %i_0_i to i64" [./hls-src/huffman_encoding.cpp:43]   --->   Operation 12 'zext' 'zext_ln43' <Predicate = (icmp_ln42)> <Delay = 0.00>
ST_2 : Operation 13 [1/1] (0.00ns)   --->   "%sorted_0_addr = getelementptr [256 x i32]* %sorted_0, i64 0, i64 %zext_ln43" [./hls-src/huffman_encoding.cpp:43]   --->   Operation 13 'getelementptr' 'sorted_0_addr' <Predicate = (icmp_ln42)> <Delay = 0.00>
ST_2 : Operation 14 [2/2] (3.25ns)   --->   "%sorted_0_load = load i32* %sorted_0_addr, align 8" [./hls-src/huffman_encoding.cpp:43]   --->   Operation 14 'load' 'sorted_0_load' <Predicate = (icmp_ln42)> <Delay = 3.25> <Core = "RAM">   --->   Core 37 'RAM' <Latency = 1> <II = 1> <Delay = 3.25> <Storage> <Opcode : 'load' 'store'> <Ports = 2> <Width = 32> <Depth = 256> <RAM>
ST_2 : Operation 15 [1/1] (0.00ns)   --->   "%sorted_1_addr = getelementptr [256 x i32]* %sorted_1, i64 0, i64 %zext_ln43" [./hls-src/huffman_encoding.cpp:44]   --->   Operation 15 'getelementptr' 'sorted_1_addr' <Predicate = (icmp_ln42)> <Delay = 0.00>
ST_2 : Operation 16 [2/2] (3.25ns)   --->   "%previous_frequency = load i32* %sorted_1_addr, align 4" [./hls-src/huffman_encoding.cpp:44]   --->   Operation 16 'load' 'previous_frequency' <Predicate = (icmp_ln42)> <Delay = 3.25> <Core = "RAM">   --->   Core 37 'RAM' <Latency = 1> <II = 1> <Delay = 3.25> <Storage> <Opcode : 'load' 'store'> <Ports = 2> <Width = 32> <Depth = 256> <RAM>
ST_2 : Operation 17 [1/1] (0.00ns)   --->   "%empty_47 = call i32 (...)* @_ssdm_op_SpecInterface(i32* %val_assign_out_out, [8 x i8]* @ap_fifo_str, i32 0, i32 0, [1 x i8]* @p_str, i32 0, i32 0, [1 x i8]* @p_str, [1 x i8]* @p_str, [1 x i8]* @p_str, i32 2, i32 2, i32 16, i32 16, [1 x i8]* @p_str, [11 x i8]* @ScalarProp_str)"   --->   Operation 17 'specinterface' 'empty_47' <Predicate = (!icmp_ln42)> <Delay = 0.00>
ST_2 : Operation 18 [1/1] (3.63ns)   --->   "call void @_ssdm_op_Write.ap_fifo.i32P(i32* %val_assign_out_out, i32 %n_read)" [./hls-src/huffman_encoding.cpp:42]   --->   Operation 18 'write' <Predicate = (!icmp_ln42)> <Delay = 3.63> <Core = "FIFO">   --->   Core 32 'FIFO' <Latency = 0> <II = 1> <Delay = 3.63> <Storage> <Opcode : 'read' 'write' 'nbread' 'nbwrite'> <Ports = 0> <Width = 32> <Depth = 3> <FIFO>
ST_2 : Operation 19 [1/1] (0.00ns)   --->   "%empty_48 = call i32 (...)* @_ssdm_op_SpecInterface(i32* %val_assign_out_out1, [8 x i8]* @ap_fifo_str, i32 0, i32 0, [1 x i8]* @p_str, i32 0, i32 0, [1 x i8]* @p_str, [1 x i8]* @p_str, [1 x i8]* @p_str, i32 2, i32 2, i32 16, i32 16, [1 x i8]* @p_str, [11 x i8]* @ScalarProp_str)"   --->   Operation 19 'specinterface' 'empty_48' <Predicate = (!icmp_ln42)> <Delay = 0.00>
ST_2 : Operation 20 [1/1] (3.63ns)   --->   "call void @_ssdm_op_Write.ap_fifo.i32P(i32* %val_assign_out_out1, i32 %n_read)" [./hls-src/huffman_encoding.cpp:42]   --->   Operation 20 'write' <Predicate = (!icmp_ln42)> <Delay = 3.63> <Core = "FIFO">   --->   Core 32 'FIFO' <Latency = 0> <II = 1> <Delay = 3.63> <Storage> <Opcode : 'read' 'write' 'nbread' 'nbwrite'> <Ports = 0> <Width = 32> <Depth = 3> <FIFO>
ST_2 : Operation 21 [1/1] (0.00ns)   --->   "ret void"   --->   Operation 21 'ret' <Predicate = (!icmp_ln42)> <Delay = 0.00>

State 3 <SV = 2> <Delay = 6.50>
ST_3 : Operation 22 [1/1] (0.00ns)   --->   "call void (...)* @_ssdm_op_SpecLoopName([12 x i8]* @p_str135) nounwind" [./hls-src/huffman_encoding.cpp:42]   --->   Operation 22 'specloopname' <Predicate = true> <Delay = 0.00>
ST_3 : Operation 23 [1/1] (0.00ns)   --->   "%tmp_i = call i32 (...)* @_ssdm_op_SpecRegionBegin([12 x i8]* @p_str135)" [./hls-src/huffman_encoding.cpp:42]   --->   Operation 23 'specregionbegin' 'tmp_i' <Predicate = true> <Delay = 0.00>
ST_3 : Operation 24 [1/1] (0.00ns)   --->   "call void (...)* @_ssdm_op_SpecLoopTripCount(i32 256, i32 256, i32 256, [1 x i8]* @p_str34) nounwind" [./hls-src/huffman_encoding.cpp:43]   --->   Operation 24 'speclooptripcount' <Predicate = true> <Delay = 0.00>
ST_3 : Operation 25 [1/2] (3.25ns)   --->   "%sorted_0_load = load i32* %sorted_0_addr, align 8" [./hls-src/huffman_encoding.cpp:43]   --->   Operation 25 'load' 'sorted_0_load' <Predicate = true> <Delay = 3.25> <Core = "RAM">   --->   Core 37 'RAM' <Latency = 1> <II = 1> <Delay = 3.25> <Storage> <Opcode : 'load' 'store'> <Ports = 2> <Width = 32> <Depth = 256> <RAM>
ST_3 : Operation 26 [1/1] (0.00ns)   --->   "%sorted_copy1_value_V_1 = getelementptr [256 x i32]* %sorted_copy1_value_V, i64 0, i64 %zext_ln43" [./hls-src/huffman_encoding.cpp:43]   --->   Operation 26 'getelementptr' 'sorted_copy1_value_V_1' <Predicate = true> <Delay = 0.00>
ST_3 : Operation 27 [1/1] (3.25ns)   --->   "store i32 %sorted_0_load, i32* %sorted_copy1_value_V_1, align 8" [./hls-src/huffman_encoding.cpp:43]   --->   Operation 27 'store' <Predicate = true> <Delay = 3.25> <Core = "RAM">   --->   Core 37 'RAM' <Latency = 1> <II = 1> <Delay = 3.25> <Storage> <Opcode : 'load' 'store'> <Ports = 2> <Width = 32> <Depth = 256> <RAM>
ST_3 : Operation 28 [1/2] (3.25ns)   --->   "%previous_frequency = load i32* %sorted_1_addr, align 4" [./hls-src/huffman_encoding.cpp:44]   --->   Operation 28 'load' 'previous_frequency' <Predicate = true> <Delay = 3.25> <Core = "RAM">   --->   Core 37 'RAM' <Latency = 1> <II = 1> <Delay = 3.25> <Storage> <Opcode : 'load' 'store'> <Ports = 2> <Width = 32> <Depth = 256> <RAM>
ST_3 : Operation 29 [1/1] (0.00ns)   --->   "%sorted_copy1_frequen = getelementptr [256 x i32]* %sorted_copy1_frequency_V, i64 0, i64 %zext_ln43" [./hls-src/huffman_encoding.cpp:44]   --->   Operation 29 'getelementptr' 'sorted_copy1_frequen' <Predicate = true> <Delay = 0.00>
ST_3 : Operation 30 [1/1] (3.25ns)   --->   "store i32 %previous_frequency, i32* %sorted_copy1_frequen, align 4" [./hls-src/huffman_encoding.cpp:44]   --->   Operation 30 'store' <Predicate = true> <Delay = 3.25> <Core = "RAM">   --->   Core 37 'RAM' <Latency = 1> <II = 1> <Delay = 3.25> <Storage> <Opcode : 'load' 'store'> <Ports = 2> <Width = 32> <Depth = 256> <RAM>
ST_3 : Operation 31 [1/1] (0.00ns)   --->   "%sorted_copy2_value_V_1 = getelementptr [256 x i32]* %sorted_copy2_value_V, i64 0, i64 %zext_ln43" [./hls-src/huffman_encoding.cpp:45]   --->   Operation 31 'getelementptr' 'sorted_copy2_value_V_1' <Predicate = true> <Delay = 0.00>
ST_3 : Operation 32 [1/1] (3.25ns)   --->   "store i32 %sorted_0_load, i32* %sorted_copy2_value_V_1, align 8" [./hls-src/huffman_encoding.cpp:45]   --->   Operation 32 'store' <Predicate = true> <Delay = 3.25> <Core = "RAM">   --->   Core 37 'RAM' <Latency = 1> <II = 1> <Delay = 3.25> <Storage> <Opcode : 'load' 'store'> <Ports = 2> <Width = 32> <Depth = 256> <RAM>
ST_3 : Operation 33 [1/1] (0.00ns)   --->   "%empty_46 = call i32 (...)* @_ssdm_op_SpecRegionEnd([12 x i8]* @p_str135, i32 %tmp_i)" [./hls-src/huffman_encoding.cpp:50]   --->   Operation 33 'specregionend' 'empty_46' <Predicate = true> <Delay = 0.00>
ST_3 : Operation 34 [1/1] (0.00ns)   --->   "br label %.preheader.i" [./hls-src/huffman_encoding.cpp:42]   --->   Operation 34 'br' <Predicate = true> <Delay = 0.00>


============================================================
+ Verbose Summary: Binding
============================================================
STG Binding: 
---------------- STG Properties BEGIN ----------------
- Is combinational: 0
- Is one-state seq: 0
- Is datapath-only: 0
- Is pipelined: 0
- Is top level: 0
Port [ Return ] is wired: 1; IO mode=ap_ctrl_hs:ce=0
Port [ n]:  wired=1; compound=1; hidden=0; nouse=0; global=0; static=0; extern=0; dir=0; type=3; pingpong=0; private_global=0; IO mode=ap_fifo:ce=0
Port [ sorted_0]:  wired=1; compound=1; hidden=0; nouse=0; global=0; static=0; extern=0; dir=0; type=1; pingpong=1; private_global=0; MemPort=[13]; IO mode=ap_memory:ce=0
Port [ sorted_copy1_value_V]:  wired=1; compound=1; hidden=0; nouse=0; global=0; static=0; extern=0; dir=1; type=1; pingpong=1; private_global=0; MemPort=[03]; IO mode=ap_memory:ce=0
Port [ sorted_1]:  wired=1; compound=1; hidden=0; nouse=0; global=0; static=0; extern=0; dir=0; type=1; pingpong=1; private_global=0; MemPort=[13]; IO mode=ap_memory:ce=0
Port [ sorted_copy1_frequency_V]:  wired=1; compound=1; hidden=0; nouse=0; global=0; static=0; extern=0; dir=1; type=1; pingpong=1; private_global=0; MemPort=[03]; IO mode=ap_memory:ce=0
Port [ sorted_copy2_value_V]:  wired=1; compound=1; hidden=0; nouse=0; global=0; static=0; extern=0; dir=1; type=1; pingpong=1; private_global=0; MemPort=[03]; IO mode=ap_memory:ce=0
Port [ val_assign_out_out]:  wired=1; compound=1; hidden=0; nouse=0; global=0; static=0; extern=0; dir=1; type=3; pingpong=0; private_global=0; IO mode=ap_fifo:ce=0
Port [ val_assign_out_out1]:  wired=1; compound=1; hidden=0; nouse=0; global=0; static=0; extern=0; dir=1; type=3; pingpong=0; private_global=0; IO mode=ap_fifo:ce=0
---------------- STG Properties END ------------------

---------------- Datapath Model BEGIN ----------------

<LifeTime>
<method=bitvector/>
empty                  (specinterface    ) [ 0000]
n_read                 (read             ) [ 0011]
br_ln42                (br               ) [ 0111]
i_0_i                  (phi              ) [ 0010]
zext_ln42              (zext             ) [ 0000]
icmp_ln42              (icmp             ) [ 0011]
i                      (add              ) [ 0111]
br_ln42                (br               ) [ 0000]
zext_ln43              (zext             ) [ 0001]
sorted_0_addr          (getelementptr    ) [ 0001]
sorted_1_addr          (getelementptr    ) [ 0001]
empty_47               (specinterface    ) [ 0000]
write_ln42             (write            ) [ 0000]
empty_48               (specinterface    ) [ 0000]
write_ln42             (write            ) [ 0000]
ret_ln0                (ret              ) [ 0000]
specloopname_ln42      (specloopname     ) [ 0000]
tmp_i                  (specregionbegin  ) [ 0000]
speclooptripcount_ln43 (speclooptripcount) [ 0000]
sorted_0_load          (load             ) [ 0000]
sorted_copy1_value_V_1 (getelementptr    ) [ 0000]
store_ln43             (store            ) [ 0000]
previous_frequency     (load             ) [ 0000]
sorted_copy1_frequen   (getelementptr    ) [ 0000]
store_ln44             (store            ) [ 0000]
sorted_copy2_value_V_1 (getelementptr    ) [ 0000]
store_ln45             (store            ) [ 0000]
empty_46               (specregionend    ) [ 0000]
br_ln42                (br               ) [ 0111]
</LifeTime>

<model>

<comp_list>
<comp id="0" class="1000" name="n">
<pin_list>
<pin id="1" dir="1" index="0" bw="1" slack="0"/>
</pin_list>
<bind>
<StgValue><ssdm name="n"/></StgValue>
</bind>
</comp>

<comp id="2" class="1000" name="sorted_0">
<pin_list>
<pin id="3" dir="1" index="0" bw="1" slack="0"/>
</pin_list>
<bind>
<StgValue><ssdm name="sorted_0"/><MemPortTyVec>1 3 </MemPortTyVec>
</StgValue>
</bind>
</comp>

<comp id="4" class="1000" name="sorted_copy1_value_V">
<pin_list>
<pin id="5" dir="1" index="0" bw="1" slack="0"/>
</pin_list>
<bind>
<StgValue><ssdm name="sorted_copy1_value_V"/><MemPortTyVec>0 3 </MemPortTyVec>
</StgValue>
</bind>
</comp>

<comp id="6" class="1000" name="sorted_1">
<pin_list>
<pin id="7" dir="1" index="0" bw="1" slack="0"/>
</pin_list>
<bind>
<StgValue><ssdm name="sorted_1"/><MemPortTyVec>1 3 </MemPortTyVec>
</StgValue>
</bind>
</comp>

<comp id="8" class="1000" name="sorted_copy1_frequency_V">
<pin_list>
<pin id="9" dir="1" index="0" bw="1" slack="0"/>
</pin_list>
<bind>
<StgValue><ssdm name="sorted_copy1_frequency_V"/><MemPortTyVec>0 3 </MemPortTyVec>
</StgValue>
</bind>
</comp>

<comp id="10" class="1000" name="sorted_copy2_value_V">
<pin_list>
<pin id="11" dir="1" index="0" bw="1" slack="0"/>
</pin_list>
<bind>
<StgValue><ssdm name="sorted_copy2_value_V"/><MemPortTyVec>0 3 </MemPortTyVec>
</StgValue>
</bind>
</comp>

<comp id="12" class="1000" name="val_assign_out_out">
<pin_list>
<pin id="13" dir="1" index="0" bw="1" slack="0"/>
</pin_list>
<bind>
<StgValue><ssdm name="val_assign_out_out"/></StgValue>
</bind>
</comp>

<comp id="14" class="1000" name="val_assign_out_out1">
<pin_list>
<pin id="15" dir="1" index="0" bw="1" slack="0"/>
</pin_list>
<bind>
<StgValue><ssdm name="val_assign_out_out1"/></StgValue>
</bind>
</comp>

<comp id="16" class="1001" name="const_16">
<pin_list>
<pin id="17" dir="1" index="0" bw="1" slack="2147483647"/>
</pin_list>
<bind>
<StgValue><ssdm name="_ssdm_op_SpecInterface"/></StgValue>
</bind>
</comp>

<comp id="18" class="1001" name="const_18">
<pin_list>
<pin id="19" dir="1" index="0" bw="1" slack="2147483647"/>
</pin_list>
<bind>
<StgValue><ssdm name="ap_fifo_str"/></StgValue>
</bind>
</comp>

<comp id="20" class="1001" name="const_20">
<pin_list>
<pin id="21" dir="1" index="0" bw="1" slack="2147483647"/>
</pin_list>
<bind>
<StgValue><ssdm name=""/></StgValue>
</bind>
</comp>

<comp id="22" class="1001" name="const_22">
<pin_list>
<pin id="23" dir="1" index="0" bw="1" slack="2147483647"/>
</pin_list>
<bind>
<StgValue><ssdm name="p_str"/></StgValue>
</bind>
</comp>

<comp id="24" class="1001" name="const_24">
<pin_list>
<pin id="25" dir="1" index="0" bw="1" slack="2147483647"/>
</pin_list>
<bind>
<StgValue><ssdm name=""/></StgValue>
</bind>
</comp>

<comp id="26" class="1001" name="const_26">
<pin_list>
<pin id="27" dir="1" index="0" bw="1" slack="2147483647"/>
</pin_list>
<bind>
<StgValue><ssdm name=""/></StgValue>
</bind>
</comp>

<comp id="28" class="1001" name="const_28">
<pin_list>
<pin id="29" dir="1" index="0" bw="1" slack="2147483647"/>
</pin_list>
<bind>
<StgValue><ssdm name="ScalarProp_str"/></StgValue>
</bind>
</comp>

<comp id="30" class="1001" name="const_30">
<pin_list>
<pin id="31" dir="1" index="0" bw="1" slack="0"/>
</pin_list>
<bind>
<StgValue><ssdm name="_ssdm_op_Read.ap_fifo.i32P"/></StgValue>
</bind>
</comp>

<comp id="32" class="1001" name="const_32">
<pin_list>
<pin id="33" dir="1" index="0" bw="1" slack="1"/>
</pin_list>
<bind>
<StgValue><ssdm name=""/></StgValue>
</bind>
</comp>

<comp id="34" class="1001" name="const_34">
<pin_list>
<pin id="35" dir="1" index="0" bw="1" slack="0"/>
</pin_list>
<bind>
<StgValue><ssdm name=""/></StgValue>
</bind>
</comp>

<comp id="36" class="1001" name="const_36">
<pin_list>
<pin id="37" dir="1" index="0" bw="1" slack="0"/>
</pin_list>
<bind>
<StgValue><ssdm name=""/></StgValue>
</bind>
</comp>

<comp id="38" class="1001" name="const_38">
<pin_list>
<pin id="39" dir="1" index="0" bw="1" slack="0"/>
</pin_list>
<bind>
<StgValue><ssdm name="_ssdm_op_Write.ap_fifo.i32P"/></StgValue>
</bind>
</comp>

<comp id="40" class="1001" name="const_40">
<pin_list>
<pin id="41" dir="1" index="0" bw="1" slack="2147483647"/>
</pin_list>
<bind>
<StgValue><ssdm name="_ssdm_op_SpecLoopName"/></StgValue>
</bind>
</comp>

<comp id="42" class="1001" name="const_42">
<pin_list>
<pin id="43" dir="1" index="0" bw="1" slack="2147483647"/>
</pin_list>
<bind>
<StgValue><ssdm name="p_str135"/></StgValue>
</bind>
</comp>

<comp id="44" class="1001" name="const_44">
<pin_list>
<pin id="45" dir="1" index="0" bw="1" slack="2147483647"/>
</pin_list>
<bind>
<StgValue><ssdm name="_ssdm_op_SpecRegionBegin"/></StgValue>
</bind>
</comp>

<comp id="46" class="1001" name="const_46">
<pin_list>
<pin id="47" dir="1" index="0" bw="1" slack="2147483647"/>
</pin_list>
<bind>
<StgValue><ssdm name="_ssdm_op_SpecLoopTripCount"/></StgValue>
</bind>
</comp>

<comp id="48" class="1001" name="const_48">
<pin_list>
<pin id="49" dir="1" index="0" bw="1" slack="2147483647"/>
</pin_list>
<bind>
<StgValue><ssdm name=""/></StgValue>
</bind>
</comp>

<comp id="50" class="1001" name="const_50">
<pin_list>
<pin id="51" dir="1" index="0" bw="1" slack="2147483647"/>
</pin_list>
<bind>
<StgValue><ssdm name="p_str34"/></StgValue>
</bind>
</comp>

<comp id="52" class="1001" name="const_52">
<pin_list>
<pin id="53" dir="1" index="0" bw="1" slack="2147483647"/>
</pin_list>
<bind>
<StgValue><ssdm name="_ssdm_op_SpecRegionEnd"/></StgValue>
</bind>
</comp>

<comp id="54" class="1004" name="n_read_read_fu_54">
<pin_list>
<pin id="55" dir="0" index="0" bw="32" slack="0"/>
<pin id="56" dir="0" index="1" bw="32" slack="0"/>
<pin id="57" dir="1" index="2" bw="32" slack="1"/>
</pin_list>
<bind>
<opcode="read(1150) " fcode="read"/>
<opset="n_read/1 "/>
</bind>
</comp>

<comp id="60" class="1004" name="write_ln42_write_fu_60">
<pin_list>
<pin id="61" dir="0" index="0" bw="0" slack="0"/>
<pin id="62" dir="0" index="1" bw="32" slack="0"/>
<pin id="63" dir="0" index="2" bw="32" slack="1"/>
<pin id="64" dir="1" index="3" bw="0" slack="2147483647"/>
</pin_list>
<bind>
<opcode="write(1151) " fcode="write"/>
<opset="write_ln42/2 "/>
</bind>
</comp>

<comp id="67" class="1004" name="write_ln42_write_fu_67">
<pin_list>
<pin id="68" dir="0" index="0" bw="0" slack="0"/>
<pin id="69" dir="0" index="1" bw="32" slack="0"/>
<pin id="70" dir="0" index="2" bw="32" slack="1"/>
<pin id="71" dir="1" index="3" bw="0" slack="2147483647"/>
</pin_list>
<bind>
<opcode="write(1151) " fcode="write"/>
<opset="write_ln42/2 "/>
</bind>
</comp>

<comp id="74" class="1004" name="sorted_0_addr_gep_fu_74">
<pin_list>
<pin id="75" dir="0" index="0" bw="32" slack="0"/>
<pin id="76" dir="0" index="1" bw="1" slack="0"/>
<pin id="77" dir="0" index="2" bw="31" slack="0"/>
<pin id="78" dir="1" index="3" bw="8" slack="0"/>
</pin_list>
<bind>
<opcode="getelementptr(29) " fcode="getelementptr"/>
<opset="sorted_0_addr/2 "/>
</bind>
</comp>

<comp id="81" class="1004" name="grp_access_fu_81">
<pin_list>
<pin id="82" dir="0" index="0" bw="8" slack="0"/>
<pin id="83" dir="0" index="1" bw="32" slack="2147483647"/>
<pin id="84" dir="0" index="2" bw="0" slack="2147483647"/>
<pin id="85" dir="1" index="3" bw="32" slack="0"/>
</pin_list>
<bind>
<opcode="load(27) " fcode="load"/>
<opset="sorted_0_load/2 "/>
</bind>
</comp>

<comp id="87" class="1004" name="sorted_1_addr_gep_fu_87">
<pin_list>
<pin id="88" dir="0" index="0" bw="32" slack="0"/>
<pin id="89" dir="0" index="1" bw="1" slack="0"/>
<pin id="90" dir="0" index="2" bw="31" slack="0"/>
<pin id="91" dir="1" index="3" bw="8" slack="0"/>
</pin_list>
<bind>
<opcode="getelementptr(29) " fcode="getelementptr"/>
<opset="sorted_1_addr/2 "/>
</bind>
</comp>

<comp id="94" class="1004" name="grp_access_fu_94">
<pin_list>
<pin id="95" dir="0" index="0" bw="8" slack="0"/>
<pin id="96" dir="0" index="1" bw="32" slack="2147483647"/>
<pin id="97" dir="0" index="2" bw="0" slack="2147483647"/>
<pin id="98" dir="1" index="3" bw="32" slack="0"/>
</pin_list>
<bind>
<opcode="load(27) " fcode="load"/>
<opset="previous_frequency/2 "/>
</bind>
</comp>

<comp id="100" class="1004" name="sorted_copy1_value_V_1_gep_fu_100">
<pin_list>
<pin id="101" dir="0" index="0" bw="32" slack="0"/>
<pin id="102" dir="0" index="1" bw="1" slack="0"/>
<pin id="103" dir="0" index="2" bw="31" slack="1"/>
<pin id="104" dir="1" index="3" bw="8" slack="0"/>
</pin_list>
<bind>
<opcode="getelementptr(29) " fcode="getelementptr"/>
<opset="sorted_copy1_value_V_1/3 "/>
</bind>
</comp>

<comp id="107" class="1004" name="store_ln43_access_fu_107">
<pin_list>
<pin id="108" dir="0" index="0" bw="8" slack="0"/>
<pin id="109" dir="0" index="1" bw="32" slack="0"/>
<pin id="110" dir="0" index="2" bw="0" slack="2147483647"/>
<pin id="111" dir="1" index="3" bw="32" slack="2147483647"/>
</pin_list>
<bind>
<opcode="store(28) " fcode="store"/>
<opset="store_ln43/3 "/>
</bind>
</comp>

<comp id="114" class="1004" name="sorted_copy1_frequen_gep_fu_114">
<pin_list>
<pin id="115" dir="0" index="0" bw="32" slack="0"/>
<pin id="116" dir="0" index="1" bw="1" slack="0"/>
<pin id="117" dir="0" index="2" bw="31" slack="1"/>
<pin id="118" dir="1" index="3" bw="8" slack="0"/>
</pin_list>
<bind>
<opcode="getelementptr(29) " fcode="getelementptr"/>
<opset="sorted_copy1_frequen/3 "/>
</bind>
</comp>

<comp id="121" class="1004" name="store_ln44_access_fu_121">
<pin_list>
<pin id="122" dir="0" index="0" bw="8" slack="0"/>
<pin id="123" dir="0" index="1" bw="32" slack="0"/>
<pin id="124" dir="0" index="2" bw="0" slack="2147483647"/>
<pin id="125" dir="1" index="3" bw="32" slack="2147483647"/>
</pin_list>
<bind>
<opcode="store(28) " fcode="store"/>
<opset="store_ln44/3 "/>
</bind>
</comp>

<comp id="128" class="1004" name="sorted_copy2_value_V_1_gep_fu_128">
<pin_list>
<pin id="129" dir="0" index="0" bw="32" slack="0"/>
<pin id="130" dir="0" index="1" bw="1" slack="0"/>
<pin id="131" dir="0" index="2" bw="31" slack="1"/>
<pin id="132" dir="1" index="3" bw="8" slack="0"/>
</pin_list>
<bind>
<opcode="getelementptr(29) " fcode="getelementptr"/>
<opset="sorted_copy2_value_V_1/3 "/>
</bind>
</comp>

<comp id="135" class="1004" name="store_ln45_access_fu_135">
<pin_list>
<pin id="136" dir="0" index="0" bw="8" slack="0"/>
<pin id="137" dir="0" index="1" bw="32" slack="0"/>
<pin id="138" dir="0" index="2" bw="0" slack="2147483647"/>
<pin id="139" dir="1" index="3" bw="32" slack="2147483647"/>
</pin_list>
<bind>
<opcode="store(28) " fcode="store"/>
<opset="store_ln45/3 "/>
</bind>
</comp>

<comp id="142" class="1005" name="i_0_i_reg_142">
<pin_list>
<pin id="143" dir="0" index="0" bw="31" slack="1"/>
<pin id="144" dir="1" index="1" bw="31" slack="1"/>
</pin_list>
<bind>
<opset="i_0_i (phireg) "/>
</bind>
</comp>

<comp id="146" class="1004" name="i_0_i_phi_fu_146">
<pin_list>
<pin id="147" dir="0" index="0" bw="31" slack="0"/>
<pin id="148" dir="0" index="1" bw="0" slack="2147483647"/>
<pin id="149" dir="0" index="2" bw="1" slack="1"/>
<pin id="150" dir="0" index="3" bw="0" slack="2147483647"/>
<pin id="151" dir="1" index="4" bw="31" slack="0"/>
</pin_list>
<bind>
<opcode="phi(47) " fcode="phi"/>
<opset="i_0_i/2 "/>
</bind>
</comp>

<comp id="153" class="1004" name="zext_ln42_fu_153">
<pin_list>
<pin id="154" dir="0" index="0" bw="31" slack="0"/>
<pin id="155" dir="1" index="1" bw="32" slack="0"/>
</pin_list>
<bind>
<opcode="zext(34) " fcode="zext"/>
<opset="zext_ln42/2 "/>
</bind>
</comp>

<comp id="157" class="1004" name="icmp_ln42_fu_157">
<pin_list>
<pin id="158" dir="0" index="0" bw="31" slack="0"/>
<pin id="159" dir="0" index="1" bw="32" slack="1"/>
<pin id="160" dir="1" index="2" bw="1" slack="2147483647"/>
</pin_list>
<bind>
<opcode="icmp(45) " fcode="icmp"/>
<opset="icmp_ln42/2 "/>
</bind>
</comp>

<comp id="162" class="1004" name="i_fu_162">
<pin_list>
<pin id="163" dir="0" index="0" bw="31" slack="0"/>
<pin id="164" dir="0" index="1" bw="1" slack="0"/>
<pin id="165" dir="1" index="2" bw="31" slack="0"/>
</pin_list>
<bind>
<opcode="add(8) " fcode="add"/>
<opset="i/2 "/>
</bind>
</comp>

<comp id="168" class="1004" name="zext_ln43_fu_168">
<pin_list>
<pin id="169" dir="0" index="0" bw="31" slack="0"/>
<pin id="170" dir="1" index="1" bw="64" slack="0"/>
</pin_list>
<bind>
<opcode="zext(34) " fcode="zext"/>
<opset="zext_ln43/2 "/>
</bind>
</comp>

<comp id="174" class="1005" name="n_read_reg_174">
<pin_list>
<pin id="175" dir="0" index="0" bw="32" slack="1"/>
<pin id="176" dir="1" index="1" bw="32" slack="1"/>
</pin_list>
<bind>
<opset="n_read "/>
</bind>
</comp>

<comp id="184" class="1005" name="i_reg_184">
<pin_list>
<pin id="185" dir="0" index="0" bw="31" slack="0"/>
<pin id="186" dir="1" index="1" bw="31" slack="0"/>
</pin_list>
<bind>
<opset="i "/>
</bind>
</comp>

<comp id="189" class="1005" name="zext_ln43_reg_189">
<pin_list>
<pin id="190" dir="0" index="0" bw="64" slack="1"/>
<pin id="191" dir="1" index="1" bw="64" slack="1"/>
</pin_list>
<bind>
<opset="zext_ln43 "/>
</bind>
</comp>

<comp id="196" class="1005" name="sorted_0_addr_reg_196">
<pin_list>
<pin id="197" dir="0" index="0" bw="8" slack="1"/>
<pin id="198" dir="1" index="1" bw="8" slack="1"/>
</pin_list>
<bind>
<opset="sorted_0_addr "/>
</bind>
</comp>

<comp id="201" class="1005" name="sorted_1_addr_reg_201">
<pin_list>
<pin id="202" dir="0" index="0" bw="8" slack="1"/>
<pin id="203" dir="1" index="1" bw="8" slack="1"/>
</pin_list>
<bind>
<opset="sorted_1_addr "/>
</bind>
</comp>

</comp_list>

<net_list>
<net id="58"><net_src comp="30" pin="0"/><net_sink comp="54" pin=0"/></net>

<net id="59"><net_src comp="0" pin="0"/><net_sink comp="54" pin=1"/></net>

<net id="65"><net_src comp="38" pin="0"/><net_sink comp="60" pin=0"/></net>

<net id="66"><net_src comp="12" pin="0"/><net_sink comp="60" pin=1"/></net>

<net id="72"><net_src comp="38" pin="0"/><net_sink comp="67" pin=0"/></net>

<net id="73"><net_src comp="14" pin="0"/><net_sink comp="67" pin=1"/></net>

<net id="79"><net_src comp="2" pin="0"/><net_sink comp="74" pin=0"/></net>

<net id="80"><net_src comp="36" pin="0"/><net_sink comp="74" pin=1"/></net>

<net id="86"><net_src comp="74" pin="3"/><net_sink comp="81" pin=0"/></net>

<net id="92"><net_src comp="6" pin="0"/><net_sink comp="87" pin=0"/></net>

<net id="93"><net_src comp="36" pin="0"/><net_sink comp="87" pin=1"/></net>

<net id="99"><net_src comp="87" pin="3"/><net_sink comp="94" pin=0"/></net>

<net id="105"><net_src comp="4" pin="0"/><net_sink comp="100" pin=0"/></net>

<net id="106"><net_src comp="36" pin="0"/><net_sink comp="100" pin=1"/></net>

<net id="112"><net_src comp="81" pin="3"/><net_sink comp="107" pin=1"/></net>

<net id="113"><net_src comp="100" pin="3"/><net_sink comp="107" pin=0"/></net>

<net id="119"><net_src comp="8" pin="0"/><net_sink comp="114" pin=0"/></net>

<net id="120"><net_src comp="36" pin="0"/><net_sink comp="114" pin=1"/></net>

<net id="126"><net_src comp="94" pin="3"/><net_sink comp="121" pin=1"/></net>

<net id="127"><net_src comp="114" pin="3"/><net_sink comp="121" pin=0"/></net>

<net id="133"><net_src comp="10" pin="0"/><net_sink comp="128" pin=0"/></net>

<net id="134"><net_src comp="36" pin="0"/><net_sink comp="128" pin=1"/></net>

<net id="140"><net_src comp="81" pin="3"/><net_sink comp="135" pin=1"/></net>

<net id="141"><net_src comp="128" pin="3"/><net_sink comp="135" pin=0"/></net>

<net id="145"><net_src comp="32" pin="0"/><net_sink comp="142" pin=0"/></net>

<net id="152"><net_src comp="142" pin="1"/><net_sink comp="146" pin=2"/></net>

<net id="156"><net_src comp="146" pin="4"/><net_sink comp="153" pin=0"/></net>

<net id="161"><net_src comp="153" pin="1"/><net_sink comp="157" pin=0"/></net>

<net id="166"><net_src comp="146" pin="4"/><net_sink comp="162" pin=0"/></net>

<net id="167"><net_src comp="34" pin="0"/><net_sink comp="162" pin=1"/></net>

<net id="171"><net_src comp="146" pin="4"/><net_sink comp="168" pin=0"/></net>

<net id="172"><net_src comp="168" pin="1"/><net_sink comp="74" pin=2"/></net>

<net id="173"><net_src comp="168" pin="1"/><net_sink comp="87" pin=2"/></net>

<net id="177"><net_src comp="54" pin="2"/><net_sink comp="174" pin=0"/></net>

<net id="178"><net_src comp="174" pin="1"/><net_sink comp="157" pin=1"/></net>

<net id="179"><net_src comp="174" pin="1"/><net_sink comp="60" pin=2"/></net>

<net id="180"><net_src comp="174" pin="1"/><net_sink comp="67" pin=2"/></net>

<net id="187"><net_src comp="162" pin="2"/><net_sink comp="184" pin=0"/></net>

<net id="188"><net_src comp="184" pin="1"/><net_sink comp="146" pin=0"/></net>

<net id="192"><net_src comp="168" pin="1"/><net_sink comp="189" pin=0"/></net>

<net id="193"><net_src comp="189" pin="1"/><net_sink comp="100" pin=2"/></net>

<net id="194"><net_src comp="189" pin="1"/><net_sink comp="114" pin=2"/></net>

<net id="195"><net_src comp="189" pin="1"/><net_sink comp="128" pin=2"/></net>

<net id="199"><net_src comp="74" pin="3"/><net_sink comp="196" pin=0"/></net>

<net id="200"><net_src comp="196" pin="1"/><net_sink comp="81" pin=0"/></net>

<net id="204"><net_src comp="87" pin="3"/><net_sink comp="201" pin=0"/></net>

<net id="205"><net_src comp="201" pin="1"/><net_sink comp="94" pin=0"/></net>

</net_list>

</model> 
---------------- Datapath Model END ------------------

* FSMD analyzer results:
  - Output states:
	Port: sorted_copy1_value_V | {3 }
	Port: sorted_copy1_frequency_V | {3 }
	Port: sorted_copy2_value_V | {3 }
	Port: val_assign_out_out | {2 }
	Port: val_assign_out_out1 | {2 }
 - Input state : 
	Port: Loop_copy_sorted_pro : n | {1 }
	Port: Loop_copy_sorted_pro : sorted_0 | {2 3 }
	Port: Loop_copy_sorted_pro : sorted_1 | {2 3 }
  - Chain level:
	State 1
	State 2
		zext_ln42 : 1
		icmp_ln42 : 2
		i : 1
		br_ln42 : 3
		zext_ln43 : 1
		sorted_0_addr : 2
		sorted_0_load : 3
		sorted_1_addr : 2
		previous_frequency : 3
	State 3
		store_ln43 : 1
		store_ln44 : 1
		store_ln45 : 1
		empty_46 : 1


============================================================
+ Verbose Summary: Datapath Resource usage 
============================================================

* Functional unit list:
|----------|------------------------|---------|---------|
| Operation|     Functional Unit    |    FF   |   LUT   |
|----------|------------------------|---------|---------|
|    add   |        i_fu_162        |    0    |    38   |
|----------|------------------------|---------|---------|
|   icmp   |    icmp_ln42_fu_157    |    0    |    18   |
|----------|------------------------|---------|---------|
|   read   |    n_read_read_fu_54   |    0    |    0    |
|----------|------------------------|---------|---------|
|   write  | write_ln42_write_fu_60 |    0    |    0    |
|          | write_ln42_write_fu_67 |    0    |    0    |
|----------|------------------------|---------|---------|
|   zext   |    zext_ln42_fu_153    |    0    |    0    |
|          |    zext_ln43_fu_168    |    0    |    0    |
|----------|------------------------|---------|---------|
|   Total  |                        |    0    |    56   |
|----------|------------------------|---------|---------|

Memories:
N/A

* Register list:
+---------------------+--------+
|                     |   FF   |
+---------------------+--------+
|    i_0_i_reg_142    |   31   |
|      i_reg_184      |   31   |
|    n_read_reg_174   |   32   |
|sorted_0_addr_reg_196|    8   |
|sorted_1_addr_reg_201|    8   |
|  zext_ln43_reg_189  |   64   |
+---------------------+--------+
|        Total        |   174  |
+---------------------+--------+

* Multiplexer (MUX) list: 
|------------------|------|------|------|--------||---------||---------|
|       Comp       |  Pin | Size |  BW  | S x BW ||  Delay  ||   LUT   |
|------------------|------|------|------|--------||---------||---------|
| grp_access_fu_81 |  p0  |   2  |   8  |   16   ||    9    |
| grp_access_fu_94 |  p0  |   2  |   8  |   16   ||    9    |
|------------------|------|------|------|--------||---------||---------|
|       Total      |      |      |      |   32   ||  3.538  ||    18   |
|------------------|------|------|------|--------||---------||---------|



* Summary:
+-----------+--------+--------+--------+
|           |  Delay |   FF   |   LUT  |
+-----------+--------+--------+--------+
|  Function |    -   |    0   |   56   |
|   Memory  |    -   |    -   |    -   |
|Multiplexer|    3   |    -   |   18   |
|  Register |    -   |   174  |    -   |
+-----------+--------+--------+--------+
|   Total   |    3   |   174  |   74   |
+-----------+--------+--------+--------+
