==============================================================
Vivado(TM) HLS - High-Level Synthesis from C, C++ and SystemC v2020.1 (64-bit)
Copyright 1986-2020 Xilinx, Inc. All Rights Reserved.
==============================================================
INFO: [SYN 201-201] Setting up clock 'default' with a period of 10ns.
INFO: [HLS 200-10] Setting target device to 'xc7z020-clg484-1'
INFO: [SIM 211-2] *************** CSIM start ***************
INFO: [SIM 211-4] CSIM will launch GCC as the compiler.
ERROR: [SIM 211-100] 'csim_design' failed: compilation error(s).
INFO: [SIM 211-3] *************** CSIM finish ***************
==============================================================
Vivado(TM) HLS - High-Level Synthesis from C, C++ and SystemC v2020.1 (64-bit)
Copyright 1986-2020 Xilinx, Inc. All Rights Reserved.
==============================================================
INFO: [SYN 201-201] Setting up clock 'default' with a period of 10ns.
INFO: [HLS 200-10] Setting target device to 'xc7z020-clg484-1'
INFO: [SIM 211-2] *************** CSIM start ***************
INFO: [SIM 211-4] CSIM will launch GCC as the compiler.
ERROR: [SIM 211-100] 'csim_design' failed: compilation error(s).
INFO: [SIM 211-3] *************** CSIM finish ***************
==============================================================
Vivado(TM) HLS - High-Level Synthesis from C, C++ and SystemC v2020.1 (64-bit)
Copyright 1986-2020 Xilinx, Inc. All Rights Reserved.
==============================================================
INFO: [SYN 201-201] Setting up clock 'default' with a period of 10ns.
INFO: [HLS 200-10] Setting target device to 'xc7z020-clg484-1'
INFO: [SIM 211-2] *************** CSIM start ***************
INFO: [SIM 211-4] CSIM will launch GCC as the compiler.
INFO: [SIM 211-1] CSim done with 0 errors.
INFO: [SIM 211-3] *************** CSIM finish ***************
==============================================================
Vivado(TM) HLS - High-Level Synthesis from C, C++ and SystemC v2020.1 (64-bit)
Copyright 1986-2020 Xilinx, Inc. All Rights Reserved.
==============================================================
INFO: [SYN 201-201] Setting up clock 'default' with a period of 10ns.
INFO: [HLS 200-10] Setting target device to 'xc7z020-clg484-1'
INFO: [SCHED 204-61] Option 'relax_ii_for_timing' is enabled, will increase II to preserve clock frequency constraints.
INFO: [HLS 200-10] Analyzing design file './hls-src/huffman_truncate_tree.cpp' ... 
INFO: [HLS 200-10] Analyzing design file './hls-src/huffman_create_codeword.cpp' ... 
INFO: [HLS 200-10] Analyzing design file './hls-src/huffman_sort.cpp' ... 
INFO: [HLS 200-10] Analyzing design file './hls-src/huffman_encoding.cpp' ... 
WARNING: [HLS 214-114] Since the only kind of statements allowed in a canonical dataflow region are variable declarations and function calls, the compiler may not be able to correctly handle the region: ./hls-src/huffman_encoding.cpp:41:1
WARNING: [HLS 214-114] Since the only kind of statements allowed in a canonical dataflow region are variable declarations and function calls, the compiler may not be able to correctly handle the region: ./hls-src/huffman_encoding.cpp:74:3
WARNING: [HLS 200-471] Dataflow form checks found 2 issue(s) in file ./hls-src/huffman_encoding.cpp
INFO: [HLS 200-10] Analyzing design file './hls-src/huffman_compute_bit_length.cpp' ... 
INFO: [HLS 200-10] Analyzing design file './hls-src/huffman_filter.cpp' ... 
INFO: [HLS 200-10] Analyzing design file './hls-src/huffman_create_tree.cpp' ... 
INFO: [HLS 200-10] Analyzing design file './hls-src/huffman_canonize_tree.cpp' ... 
INFO: [HLS 200-111] Finished Linking Time (s): cpu = 00:00:03 ; elapsed = 00:01:20 . Memory (MB): peak = 928.035 ; gain = 831.746
INFO: [HLS 200-111] Finished Checking Pragmas Time (s): cpu = 00:00:03 ; elapsed = 00:01:20 . Memory (MB): peak = 928.035 ; gain = 831.746
INFO: [HLS 200-10] Starting code transformations ...
INFO: [HLS 200-111] Finished Standard Transforms Time (s): cpu = 00:00:04 ; elapsed = 00:01:21 . Memory (MB): peak = 928.035 ; gain = 831.746
INFO: [HLS 200-10] Checking synthesizability ...
INFO: [HLS 200-111] Finished Checking Synthesizability Time (s): cpu = 00:00:04 ; elapsed = 00:01:21 . Memory (MB): peak = 928.035 ; gain = 831.746
INFO: [XFORM 203-101] Partitioning array 'digit_location.V' (./hls-src/huffman_sort.cpp:12) in dimension 1 completely.
INFO: [XFORM 203-101] Partitioning array 'digit_histogram.V' (./hls-src/huffman_sort.cpp:12) in dimension 1 completely.
INFO: [XFORM 203-721] Changing loop 'Loop_copy_sorted_proc' (./hls-src/huffman_encoding.cpp:42) to a process function for dataflow in function 'huffman_encoding'.
WARNING: [XFORM 203-713] All the elements of global array 'filtered.value.V' should be updated in process function 'filter', otherwise it may not be synthesized correctly.
WARNING: [XFORM 203-713] All the elements of global array 'filtered.frequency.V' should be updated in process function 'filter', otherwise it may not be synthesized correctly.
WARNING: [XFORM 203-713] All the elements of global array 'sorted.0'  should be updated in process function 'sort', otherwise it may not be synthesized correctly.
WARNING: [XFORM 203-713] All the elements of global array 'sorted.1'  should be updated in process function 'sort', otherwise it may not be synthesized correctly.
WARNING: [XFORM 203-713] All the elements of global array 'sorted_copy1.value.V' should be updated in process function 'Loop_copy_sorted_proc', otherwise it may not be synthesized correctly.
WARNING: [XFORM 203-713] All the elements of global array 'sorted_copy1.frequency.V' should be updated in process function 'Loop_copy_sorted_proc', otherwise it may not be synthesized correctly.
WARNING: [XFORM 203-713] All the elements of global array 'sorted_copy2.value.V' should be updated in process function 'Loop_copy_sorted_proc', otherwise it may not be synthesized correctly.
WARNING: [XFORM 203-713] All the elements of global array 'parent.V' should be updated in process function 'create_tree', otherwise it may not be synthesized correctly.
WARNING: [XFORM 203-713] All the elements of global array 'left.V' should be updated in process function 'create_tree', otherwise it may not be synthesized correctly.
WARNING: [XFORM 203-713] All the elements of global array 'right.V' should be updated in process function 'create_tree', otherwise it may not be synthesized correctly.
WARNING: [XFORM 203-713] All the elements of global array 'length_histogram.V' should be updated in process function 'compute_bit_length', otherwise it may not be synthesized correctly.
WARNING: [XFORM 203-713] All the elements of global array 'truncated_length_histogram1.V' should be updated in process function 'truncate_tree', otherwise it may not be synthesized correctly.
WARNING: [XFORM 203-713] All the elements of global array 'symbol_bits.V' should be updated in process function 'canonize_tree', otherwise it may not be synthesized correctly.
WARNING: [XFORM 203-713] All the elements of global array 'encoding.V' should be updated in process function 'create_codeword', otherwise it may not be synthesized correctly.
INFO: [XFORM 203-712] Applying dataflow to function 'huffman_encoding', detected/extracted 9 process function(s): 
	 'filter'
	 'sort'
	 'Loop_copy_sorted_proc'
	 'create_tree'
	 'compute_bit_length'
	 'truncate_tree'
	 'canonize_tree'
	 'create_codeword'
	 'Block__proc'.
INFO: [XFORM 203-401] Performing if-conversion on hyperblock from (./hls-src/huffman_create_codeword.cpp:49:50) to (./hls-src/huffman_create_codeword.cpp:55:7) in function 'create_codeword'... converting 4 basic blocks.
INFO: [HLS 200-111] Finished Pre-synthesis Time (s): cpu = 00:00:05 ; elapsed = 00:01:22 . Memory (MB): peak = 928.035 ; gain = 831.746
WARNING: [XFORM 203-542] Cannot flatten a loop nest 'radix_sort' (./hls-src/huffman_sort.cpp:26:61) in function 'sort' : 

more than one sub loop.
WARNING: [XFORM 203-631] Renaming function 'Loop_copy_sorted_proc' to 'Loop_copy_sorted_pro' (./hls-src/huffman_encoding.cpp:42:25)
INFO: [HLS 200-472] Inferring partial write operation for 'output_length_histogram1.V' (./hls-src/huffman_truncate_tree.cpp:11:9)
INFO: [HLS 200-472] Inferring partial write operation for 'output_length_histogram1.V' (./hls-src/huffman_truncate_tree.cpp:30:38)
INFO: [HLS 200-472] Inferring partial write operation for 'output_length_histogram1.V' (./hls-src/huffman_truncate_tree.cpp:31:38)
INFO: [HLS 200-472] Inferring partial write operation for 'output_length_histogram1.V' (./hls-src/huffman_truncate_tree.cpp:32:13)
INFO: [HLS 200-472] Inferring partial write operation for 'output_length_histogram1.V' (./hls-src/huffman_truncate_tree.cpp:33:13)
INFO: [HLS 200-472] Inferring partial write operation for 'sorting.value.V' (./hls-src/huffman.h:30:8)
INFO: [HLS 200-472] Inferring partial write operation for 'current_digit.V' (./hls-src/huffman_sort.cpp:37:13)
INFO: [HLS 200-472] Inferring partial write operation for 'previous_sorting.val' (./hls-src/huffman.h:30:8)
INFO: [HLS 200-472] Inferring partial write operation for 'sorting.value.V' (./hls-src/huffman.h:30:8)
INFO: [HLS 200-472] Inferring partial write operation for 'out.value.V' (./hls-src/huffman.h:30:8)
INFO: [HLS 200-472] Inferring partial write operation for 'out.frequency.V' (./hls-src/huffman_filter.cpp:13:11)
INFO: [HLS 200-472] Inferring partial write operation for 'out.value.V' (./hls-src/huffman_filter.cpp:14:11)
INFO: [HLS 200-472] Inferring partial write operation for 'left.V' (./hls-src/huffman_create_tree.cpp:28:13)
INFO: [HLS 200-472] Inferring partial write operation for 'left.V' (./hls-src/huffman_create_tree.cpp:33:13)
INFO: [HLS 200-472] Inferring partial write operation for 'parent.V' (./hls-src/huffman_create_tree.cpp:35:20)
INFO: [HLS 200-472] Inferring partial write operation for 'right.V' (./hls-src/huffman_create_tree.cpp:44:13)
INFO: [HLS 200-472] Inferring partial write operation for 'frequency.V' (./hls-src/huffman_create_tree.cpp:45:28)
INFO: [HLS 200-472] Inferring partial write operation for 'right.V' (./hls-src/huffman_create_tree.cpp:49:13)
INFO: [HLS 200-472] Inferring partial write operation for 'frequency.V' (./hls-src/huffman_create_tree.cpp:50:28)
INFO: [HLS 200-472] Inferring partial write operation for 'parent.V' (./hls-src/huffman_create_tree.cpp:51:20)
INFO: [HLS 200-472] Inferring partial write operation for 'parent.V' (./hls-src/huffman_create_tree.cpp:58:12)
INFO: [HLS 200-472] Inferring partial write operation for 'codeword_length_hist' (./hls-src/huffman_create_codeword.cpp:14:9)
INFO: [HLS 200-472] Inferring partial write operation for 'codeword_length_hist' (./hls-src/huffman_create_codeword.cpp:19:9)
INFO: [HLS 200-472] Inferring partial write operation for 'first_codeword.V' (./hls-src/huffman_create_codeword.cpp:24:5)
INFO: [HLS 200-472] Inferring partial write operation for 'first_codeword.V' (./hls-src/huffman_create_codeword.cpp:28:23)
INFO: [HLS 200-472] Inferring partial write operation for 'first_codeword.V' (./hls-src/huffman_create_codeword.cpp:54:26)
INFO: [HLS 200-472] Inferring partial write operation for 'internal_length_hist' (./hls-src/huffman_compute_bit_length.cpp:16:2)
INFO: [HLS 200-472] Inferring partial write operation for 'child_depth.V' (./hls-src/huffman_compute_bit_length.cpp:19:5)
INFO: [HLS 200-472] Inferring partial write operation for 'child_depth.V' (./hls-src/huffman_compute_bit_length.cpp:25:9)
INFO: [HLS 200-472] Inferring partial write operation for 'internal_length_hist' (./hls-src/huffman_compute_bit_length.cpp:37:39)
INFO: [HLS 200-472] Inferring partial write operation for 'length_histogram.V' (./hls-src/huffman_compute_bit_length.cpp:38:30)
INFO: [HLS 200-472] Inferring partial write operation for 'symbol_bits.V' (./hls-src/huffman_canonize_tree.cpp:14:5)
INFO: [HLS 200-472] Inferring partial write operation for 'symbol_bits.V' (./hls-src/huffman_canonize_tree.cpp:36:5)
INFO: [HLS 200-472] Inferring partial write operation for 'sorted_copy1.value.V' (./hls-src/huffman_encoding.cpp:43:5)
INFO: [HLS 200-472] Inferring partial write operation for 'sorted_copy1.frequency.V' (./hls-src/huffman_encoding.cpp:44:5)
INFO: [HLS 200-472] Inferring partial write operation for 'sorted_copy2.value.V' (./hls-src/huffman_encoding.cpp:45:5)
INFO: [HLS 200-111] Finished Architecture Synthesis Time (s): cpu = 00:00:06 ; elapsed = 00:01:23 . Memory (MB): peak = 928.035 ; gain = 831.746
INFO: [HLS 200-10] Starting hardware synthesis ...
INFO: [HLS 200-10] Synthesizing 'huffman_encoding' ...
WARNING: [SYN 201-103] Legalizing function name 'Block__proc' to 'Block_proc'.
INFO: [HLS 200-10] ----------------------------------------------------------------
INFO: [HLS 200-42] -- Implementing module 'filter' 
INFO: [HLS 200-10] ----------------------------------------------------------------
INFO: [SCHED 204-11] Starting scheduling ...
INFO: [SCHED 204-61] Pipelining loop 'Loop 1'.
INFO: [SCHED 204-61] Pipelining result : Target II = 1, Final II = 1, Depth = 3.
INFO: [SCHED 204-11] Finished scheduling.
INFO: [HLS 200-111]  Elapsed time: 83.065 seconds; current allocated memory: 250.237 MB.
INFO: [BIND 205-100] Starting micro-architecture generation ...
INFO: [BIND 205-101] Performing variable lifetime analysis.
INFO: [BIND 205-101] Exploring resource sharing.
INFO: [BIND 205-101] Binding ...
INFO: [BIND 205-100] Finished micro-architecture generation.
INFO: [HLS 200-111]  Elapsed time: 0.073 seconds; current allocated memory: 250.374 MB.
INFO: [HLS 200-10] ----------------------------------------------------------------
INFO: [HLS 200-42] -- Implementing module 'sort' 
INFO: [HLS 200-10] ----------------------------------------------------------------
INFO: [SCHED 204-11] Starting scheduling ...
INFO: [SCHED 204-61] Pipelining loop 'copy_in_to_sorting'.
INFO: [SCHED 204-61] Pipelining result : Target II = 1, Final II = 1, Depth = 2.
INFO: [SCHED 204-61] Pipelining loop 'init_histogram'.
INFO: [SCHED 204-61] Pipelining result : Target II = 1, Final II = 1, Depth = 1.
INFO: [SCHED 204-61] Pipelining loop 'compute_histogram'.
INFO: [SCHED 204-61] Pipelining result : Target II = 1, Final II = 1, Depth = 3.
INFO: [SCHED 204-61] Pipelining loop 'find_digit_location'.
INFO: [SCHED 204-61] Pipelining result : Target II = 1, Final II = 1, Depth = 1.
INFO: [SCHED 204-61] Pipelining loop 're_sort'.
INFO: [SCHED 204-61] Pipelining result : Target II = 1, Final II = 1, Depth = 3.
INFO: [SCHED 204-11] Finished scheduling.
INFO: [HLS 200-111]  Elapsed time: 0.951 seconds; current allocated memory: 251.583 MB.
INFO: [BIND 205-100] Starting micro-architecture generation ...
INFO: [BIND 205-101] Performing variable lifetime analysis.
INFO: [BIND 205-101] Exploring resource sharing.
INFO: [BIND 205-101] Binding ...
INFO: [BIND 205-100] Finished micro-architecture generation.
INFO: [HLS 200-111]  Elapsed time: 0.278 seconds; current allocated memory: 255.056 MB.
INFO: [HLS 200-10] ----------------------------------------------------------------
INFO: [HLS 200-42] -- Implementing module 'Loop_copy_sorted_pro' 
INFO: [HLS 200-10] ----------------------------------------------------------------
INFO: [SCHED 204-11] Starting scheduling ...
INFO: [SCHED 204-11] Finished scheduling.
INFO: [HLS 200-111]  Elapsed time: 0.397 seconds; current allocated memory: 255.168 MB.
INFO: [BIND 205-100] Starting micro-architecture generation ...
INFO: [BIND 205-101] Performing variable lifetime analysis.
INFO: [BIND 205-101] Exploring resource sharing.
INFO: [BIND 205-101] Binding ...
INFO: [BIND 205-100] Finished micro-architecture generation.
INFO: [HLS 200-111]  Elapsed time: 0.079 seconds; current allocated memory: 255.296 MB.
INFO: [HLS 200-10] ----------------------------------------------------------------
INFO: [HLS 200-42] -- Implementing module 'create_tree' 
INFO: [HLS 200-10] ----------------------------------------------------------------
INFO: [SCHED 204-11] Starting scheduling ...
INFO: [SCHED 204-61] Pipelining loop 'Loop 1'.
INFO: [SCHED 204-61] Pipelining result : Target II = 5, Final II = 4, Depth = 4.
INFO: [SCHED 204-11] Finished scheduling.
INFO: [HLS 200-111]  Elapsed time: 0.173 seconds; current allocated memory: 255.528 MB.
INFO: [BIND 205-100] Starting micro-architecture generation ...
INFO: [BIND 205-101] Performing variable lifetime analysis.
INFO: [BIND 205-101] Exploring resource sharing.
INFO: [BIND 205-101] Binding ...
INFO: [BIND 205-100] Finished micro-architecture generation.
INFO: [HLS 200-111]  Elapsed time: 0.11 seconds; current allocated memory: 255.896 MB.
INFO: [HLS 200-10] ----------------------------------------------------------------
INFO: [HLS 200-42] -- Implementing module 'compute_bit_length' 
INFO: [HLS 200-10] ----------------------------------------------------------------
INFO: [SCHED 204-11] Starting scheduling ...
INFO: [SCHED 204-61] Pipelining loop 'init_histogram'.
INFO: [SCHED 204-61] Pipelining result : Target II = 1, Final II = 1, Depth = 1.
INFO: [SCHED 204-61] Pipelining loop 'traverse_tree'.
INFO: [SCHED 204-61] Pipelining result : Target II = 3, Final II = 3, Depth = 5.
INFO: [SCHED 204-11] Finished scheduling.
INFO: [HLS 200-111]  Elapsed time: 0.213 seconds; current allocated memory: 256.114 MB.
INFO: [BIND 205-100] Starting micro-architecture generation ...
INFO: [BIND 205-101] Performing variable lifetime analysis.
INFO: [BIND 205-101] Exploring resource sharing.
INFO: [BIND 205-101] Binding ...
INFO: [BIND 205-100] Finished micro-architecture generation.
INFO: [HLS 200-111]  Elapsed time: 0.099 seconds; current allocated memory: 256.345 MB.
INFO: [HLS 200-10] ----------------------------------------------------------------
INFO: [HLS 200-42] -- Implementing module 'truncate_tree' 
INFO: [HLS 200-10] ----------------------------------------------------------------
INFO: [SCHED 204-11] Starting scheduling ...
INFO: [SCHED 204-11] Finished scheduling.
INFO: [HLS 200-111]  Elapsed time: 0.119 seconds; current allocated memory: 256.569 MB.
INFO: [BIND 205-100] Starting micro-architecture generation ...
INFO: [BIND 205-101] Performing variable lifetime analysis.
INFO: [BIND 205-101] Exploring resource sharing.
INFO: [BIND 205-101] Binding ...
INFO: [BIND 205-100] Finished micro-architecture generation.
INFO: [HLS 200-111]  Elapsed time: 0.088 seconds; current allocated memory: 256.786 MB.
INFO: [HLS 200-10] ----------------------------------------------------------------
INFO: [HLS 200-42] -- Implementing module 'canonize_tree' 
INFO: [HLS 200-10] ----------------------------------------------------------------
INFO: [SCHED 204-11] Starting scheduling ...
INFO: [SCHED 204-11] Finished scheduling.
INFO: [HLS 200-111]  Elapsed time: 0.144 seconds; current allocated memory: 256.937 MB.
INFO: [BIND 205-100] Starting micro-architecture generation ...
INFO: [BIND 205-101] Performing variable lifetime analysis.
INFO: [BIND 205-101] Exploring resource sharing.
INFO: [BIND 205-101] Binding ...
INFO: [BIND 205-100] Finished micro-architecture generation.
INFO: [HLS 200-111]  Elapsed time: 0.084 seconds; current allocated memory: 257.113 MB.
INFO: [HLS 200-10] ----------------------------------------------------------------
INFO: [HLS 200-42] -- Implementing module 'create_codeword' 
INFO: [HLS 200-10] ----------------------------------------------------------------
INFO: [SCHED 204-11] Starting scheduling ...
INFO: [SCHED 204-61] Pipelining loop 'first_codewords'.
WARNING: [SCHED 204-68] The II Violation in module 'create_codeword' (Loop: first_codewords): Unable to enforce a carried dependence constraint (II = 1, distance = 1, offset = 1)
   between 'store' operation ('first_codeword_V_add_2_write_ln28', ./hls-src/huffman_create_codeword.cpp:28) of variable 'shl_ln', ./hls-src/huffman_create_codeword.cpp:28 on array 'first_codeword.V', ./hls-src/huffman_create_codeword.cpp:22 and 'load' operation ('first_codeword_V_loa', ./hls-src/huffman_create_codeword.cpp:28) on array 'first_codeword.V', ./hls-src/huffman_create_codeword.cpp:22.
INFO: [SCHED 204-61] Pipelining result : Target II = 1, Final II = 2, Depth = 2.
INFO: [SCHED 204-61] Pipelining loop 'assign_codewords'.
INFO: [SCHED 204-61] Pipelining result : Target II = 5, Final II = 4, Depth = 4.
INFO: [SCHED 204-11] Finished scheduling.
INFO: [HLS 200-111]  Elapsed time: 0.154 seconds; current allocated memory: 257.363 MB.
INFO: [BIND 205-100] Starting micro-architecture generation ...
INFO: [BIND 205-101] Performing variable lifetime analysis.
INFO: [BIND 205-101] Exploring resource sharing.
INFO: [BIND 205-101] Binding ...
INFO: [BIND 205-100] Finished micro-architecture generation.
INFO: [HLS 200-111]  Elapsed time: 0.108 seconds; current allocated memory: 257.686 MB.
INFO: [HLS 200-10] ----------------------------------------------------------------
INFO: [HLS 200-42] -- Implementing module 'Block_proc' 
INFO: [HLS 200-10] ----------------------------------------------------------------
INFO: [SCHED 204-11] Starting scheduling ...
INFO: [SCHED 204-11] Finished scheduling.
INFO: [HLS 200-111]  Elapsed time: 0.198 seconds; current allocated memory: 257.729 MB.
INFO: [BIND 205-100] Starting micro-architecture generation ...
INFO: [BIND 205-101] Performing variable lifetime analysis.
INFO: [BIND 205-101] Exploring resource sharing.
INFO: [BIND 205-101] Binding ...
INFO: [BIND 205-100] Finished micro-architecture generation.
INFO: [HLS 200-111]  Elapsed time: 0.068 seconds; current allocated memory: 257.775 MB.
INFO: [HLS 200-10] ----------------------------------------------------------------
INFO: [HLS 200-42] -- Implementing module 'huffman_encoding' 
INFO: [HLS 200-10] ----------------------------------------------------------------
INFO: [SCHED 204-11] Starting scheduling ...
INFO: [SCHED 204-11] Finished scheduling.
INFO: [HLS 200-111]  Elapsed time: 0.073 seconds; current allocated memory: 257.913 MB.
INFO: [BIND 205-100] Starting micro-architecture generation ...
INFO: [BIND 205-101] Performing variable lifetime analysis.
INFO: [BIND 205-101] Exploring resource sharing.
INFO: [BIND 205-101] Binding ...
INFO: [BIND 205-100] Finished micro-architecture generation.
INFO: [HLS 200-111]  Elapsed time: 0.405 seconds; current allocated memory: 258.320 MB.
INFO: [HLS 200-10] ----------------------------------------------------------------
INFO: [HLS 200-10] -- Generating RTL for module 'filter' 
INFO: [HLS 200-10] ----------------------------------------------------------------
INFO: [RTGEN 206-100] Finished creating RTL model for 'filter'.
INFO: [HLS 200-111]  Elapsed time: 0.218 seconds; current allocated memory: 258.718 MB.
INFO: [HLS 200-10] ----------------------------------------------------------------
INFO: [HLS 200-10] -- Generating RTL for module 'sort' 
INFO: [HLS 200-10] ----------------------------------------------------------------
INFO: [SYN 201-210] Renamed object name 'sort_previous_sorting_val' to 'sort_previous_sorbkb' due to the length limit 20
INFO: [SYN 201-210] Renamed object name 'sort_previous_sorting_fre' to 'sort_previous_sorcud' due to the length limit 20
INFO: [SYN 201-210] Renamed object name 'sort_sorting_value_V' to 'sort_sorting_valudEe' due to the length limit 20
INFO: [SYN 201-210] Renamed object name 'sort_sorting_frequency_V' to 'sort_sorting_freqeOg' due to the length limit 20
INFO: [SYN 201-210] Renamed object name 'sort_current_digit_V' to 'sort_current_digifYi' due to the length limit 20
INFO: [SYN 201-210] Renamed object name 'huffman_encoding_mux_164_32_1_1' to 'huffman_encoding_g8j' due to the length limit 20
INFO: [RTGEN 206-100] Generating core module 'huffman_encoding_g8j': 3 instance(s).
INFO: [RTGEN 206-100] Finished creating RTL model for 'sort'.
INFO: [HLS 200-111]  Elapsed time: 0.384 seconds; current allocated memory: 262.159 MB.
INFO: [HLS 200-10] ----------------------------------------------------------------
INFO: [HLS 200-10] -- Generating RTL for module 'Loop_copy_sorted_pro' 
INFO: [HLS 200-10] ----------------------------------------------------------------
INFO: [RTGEN 206-100] Finished creating RTL model for 'Loop_copy_sorted_pro'.
INFO: [HLS 200-111]  Elapsed time: 0.649 seconds; current allocated memory: 269.141 MB.
INFO: [HLS 200-10] ----------------------------------------------------------------
INFO: [HLS 200-10] -- Generating RTL for module 'create_tree' 
INFO: [HLS 200-10] ----------------------------------------------------------------
INFO: [SYN 201-210] Renamed object name 'create_tree_frequency_V' to 'create_tree_frequhbi' due to the length limit 20
INFO: [RTGEN 206-100] Finished creating RTL model for 'create_tree'.
INFO: [HLS 200-111]  Elapsed time: 0.148 seconds; current allocated memory: 270.033 MB.
INFO: [HLS 200-10] ----------------------------------------------------------------
INFO: [HLS 200-10] -- Generating RTL for module 'compute_bit_length' 
INFO: [HLS 200-10] ----------------------------------------------------------------
INFO: [SYN 201-210] Renamed object name 'compute_bit_length_child_depth_V' to 'compute_bit_lengtibs' due to the length limit 20
INFO: [SYN 201-210] Renamed object name 'compute_bit_length_internal_length_hist' to 'compute_bit_lengtjbC' due to the length limit 20
INFO: [RTGEN 206-100] Finished creating RTL model for 'compute_bit_length'.
INFO: [HLS 200-111]  Elapsed time: 0.431 seconds; current allocated memory: 271.687 MB.
INFO: [HLS 200-10] ----------------------------------------------------------------
INFO: [HLS 200-10] -- Generating RTL for module 'truncate_tree' 
INFO: [HLS 200-10] ----------------------------------------------------------------
INFO: [RTGEN 206-100] Finished creating RTL model for 'truncate_tree'.
INFO: [HLS 200-111]  Elapsed time: 0.682 seconds; current allocated memory: 272.958 MB.
INFO: [HLS 200-10] ----------------------------------------------------------------
INFO: [HLS 200-10] -- Generating RTL for module 'canonize_tree' 
INFO: [HLS 200-10] ----------------------------------------------------------------
INFO: [RTGEN 206-100] Finished creating RTL model for 'canonize_tree'.
INFO: [HLS 200-111]  Elapsed time: 0.235 seconds; current allocated memory: 274.123 MB.
INFO: [HLS 200-10] ----------------------------------------------------------------
INFO: [HLS 200-10] -- Generating RTL for module 'create_codeword' 
INFO: [HLS 200-10] ----------------------------------------------------------------
INFO: [SYN 201-210] Renamed object name 'create_codeword_codeword_length_hist' to 'create_codeword_ckbM' due to the length limit 20
INFO: [SYN 201-210] Renamed object name 'create_codeword_first_codeword_V' to 'create_codeword_flbW' due to the length limit 20
INFO: [RTGEN 206-100] Finished creating RTL model for 'create_codeword'.
INFO: [HLS 200-111]  Elapsed time: 0.205 seconds; current allocated memory: 275.321 MB.
INFO: [HLS 200-10] ----------------------------------------------------------------
INFO: [HLS 200-10] -- Generating RTL for module 'Block_proc' 
INFO: [HLS 200-10] ----------------------------------------------------------------
INFO: [RTGEN 206-100] Finished creating RTL model for 'Block_proc'.
INFO: [HLS 200-111]  Elapsed time: 0.282 seconds; current allocated memory: 276.510 MB.
INFO: [HLS 200-10] ----------------------------------------------------------------
INFO: [HLS 200-10] -- Generating RTL for module 'huffman_encoding' 
INFO: [HLS 200-10] ----------------------------------------------------------------
INFO: [RTGEN 206-500] Setting interface mode on port 'huffman_encoding/symbol_histogram_value_V' to 'ap_memory'.
INFO: [RTGEN 206-500] Setting interface mode on port 'huffman_encoding/symbol_histogram_frequency_V' to 'ap_memory'.
INFO: [RTGEN 206-500] Setting interface mode on port 'huffman_encoding/encoding_V' to 'ap_memory'.
INFO: [RTGEN 206-500] Setting interface mode on port 'huffman_encoding/num_nonzero_symbols' to 'ap_vld'.
INFO: [RTGEN 206-500] Setting interface mode on function 'huffman_encoding' to 'ap_ctrl_hs'.
INFO: [SYN 201-210] Renamed object name 'huffman_encoding_filtered_value_V' to 'huffman_encoding_mb6' due to the length limit 20
INFO: [SYN 201-210] Renamed object name 'huffman_encoding_filtered_frequency_V' to 'huffman_encoding_ncg' due to the length limit 20
INFO: [SYN 201-210] Renamed object name 'huffman_encoding_sorted_0' to 'huffman_encoding_ocq' due to the length limit 20
INFO: [SYN 201-210] Renamed object name 'huffman_encoding_sorted_1' to 'huffman_encoding_pcA' due to the length limit 20
INFO: [SYN 201-210] Renamed object name 'huffman_encoding_sorted_copy1_value_V' to 'huffman_encoding_qcK' due to the length limit 20
INFO: [SYN 201-210] Renamed object name 'huffman_encoding_sorted_copy1_frequen' to 'huffman_encoding_rcU' due to the length limit 20
INFO: [SYN 201-210] Renamed object name 'huffman_encoding_sorted_copy2_value_V' to 'huffman_encoding_sc4' due to the length limit 20
INFO: [SYN 201-210] Renamed object name 'huffman_encoding_parent_V' to 'huffman_encoding_tde' due to the length limit 20
INFO: [SYN 201-210] Renamed object name 'huffman_encoding_left_V' to 'huffman_encoding_udo' due to the length limit 20
INFO: [SYN 201-210] Renamed object name 'huffman_encoding_right_V' to 'huffman_encoding_vdy' due to the length limit 20
INFO: [SYN 201-210] Renamed object name 'huffman_encoding_length_histogram_V' to 'huffman_encoding_wdI' due to the length limit 20
INFO: [SYN 201-210] Renamed object name 'huffman_encoding_truncated_length_his' to 'huffman_encoding_xdS' due to the length limit 20
INFO: [SYN 201-210] Renamed object name 'huffman_encoding_symbol_bits_V' to 'huffman_encoding_yd2' due to the length limit 20
INFO: [SYN 201-210] Renamed object name 'start_for_Block_proc_U0' to 'start_for_Block_pzec' due to the length limit 20
INFO: [RTGEN 206-100] Finished creating RTL model for 'huffman_encoding'.
INFO: [HLS 200-111]  Elapsed time: 0.378 seconds; current allocated memory: 278.561 MB.
INFO: [HLS 200-790] **** Loop Constraint Status: All loop constraints were NOT satisfied.
INFO: [HLS 200-789] **** Estimated Fmax: 115.46 MHz
INFO: [RTMG 210-278] Implementing memory 'sort_previous_sorbkb_ram (RAM)' using block RAMs.
INFO: [RTMG 210-278] Implementing memory 'sort_current_digifYi_ram (RAM)' using block RAMs.
INFO: [RTMG 210-278] Implementing memory 'create_tree_frequhbi_ram (RAM)' using block RAMs.
INFO: [RTMG 210-278] Implementing memory 'compute_bit_lengtibs_ram (RAM)' using block RAMs.
INFO: [RTMG 210-278] Implementing memory 'compute_bit_lengtjbC_ram (RAM)' using block RAMs.
INFO: [RTMG 210-278] Implementing memory 'create_codeword_flbW_ram (RAM)' using distributed RAMs.
INFO: [HLS 200-741] Implementing PIPO huffman_encoding_mb6_memcore using a single memory for all blocks
INFO: [RTMG 210-278] Implementing memory 'huffman_encoding_mb6_memcore_ram (RAM)' using block RAMs.
INFO: [HLS 200-741] Implementing PIPO huffman_encoding_tde_memcore using a single memory for all blocks
INFO: [RTMG 210-278] Implementing memory 'huffman_encoding_tde_memcore_ram (RAM)' using block RAMs.
INFO: [HLS 200-741] Implementing PIPO huffman_encoding_udo_memcore using a single memory for all blocks
INFO: [RTMG 210-278] Implementing memory 'huffman_encoding_udo_memcore_ram (RAM)' using block RAMs.
INFO: [HLS 200-741] Implementing PIPO huffman_encoding_wdI_memcore using a single memory for all blocks
INFO: [RTMG 210-278] Implementing memory 'huffman_encoding_wdI_memcore_ram (RAM)' using block RAMs.
INFO: [HLS 200-740] Implementing PIPO huffman_encoding_xdS_memcore using a separate memory for each block
INFO: [RTMG 210-278] Implementing memory 'huffman_encoding_xdS_memcore_ram (RAM)' using block RAMs.
INFO: [HLS 200-741] Implementing PIPO huffman_encoding_yd2_memcore using a single memory for all blocks
INFO: [RTMG 210-278] Implementing memory 'huffman_encoding_yd2_memcore_ram (RAM)' using block RAMs.
INFO: [RTMG 210-285] Implementing FIFO 'n_c_U(fifo_w32_d2_A)' using Shift Registers.
INFO: [RTMG 210-285] Implementing FIFO 'n_c16_U(fifo_w32_d2_A)' using Shift Registers.
INFO: [RTMG 210-285] Implementing FIFO 'val_assign_loc_c_U(fifo_w32_d2_A)' using Shift Registers.
INFO: [RTMG 210-285] Implementing FIFO 'val_assign_loc_c17_U(fifo_w32_d2_A)' using Shift Registers.
INFO: [RTMG 210-285] Implementing FIFO 'val_assign_loc_c18_U(fifo_w32_d2_A)' using Shift Registers.
INFO: [RTMG 210-285] Implementing FIFO 'val_assign_loc_c19_U(fifo_w32_d3_A)' using Shift Registers.
INFO: [RTMG 210-285] Implementing FIFO 'start_for_Block_pzec_U(start_for_Block_pzec)' using Shift Registers.
INFO: [HLS 200-741] Implementing PIPO huffman_encoding_mb6_memcore using a single memory for all blocks
INFO: [HLS 200-741] Implementing PIPO huffman_encoding_tde_memcore using a single memory for all blocks
INFO: [HLS 200-741] Implementing PIPO huffman_encoding_udo_memcore using a single memory for all blocks
INFO: [HLS 200-741] Implementing PIPO huffman_encoding_wdI_memcore using a single memory for all blocks
INFO: [HLS 200-740] Implementing PIPO huffman_encoding_xdS_memcore using a separate memory for each block
INFO: [HLS 200-741] Implementing PIPO huffman_encoding_yd2_memcore using a single memory for all blocks
INFO: [HLS 200-741] Implementing PIPO huffman_encoding_mb6_memcore using a single memory for all blocks
INFO: [HLS 200-741] Implementing PIPO huffman_encoding_tde_memcore using a single memory for all blocks
INFO: [HLS 200-741] Implementing PIPO huffman_encoding_udo_memcore using a single memory for all blocks
INFO: [HLS 200-741] Implementing PIPO huffman_encoding_wdI_memcore using a single memory for all blocks
INFO: [HLS 200-740] Implementing PIPO huffman_encoding_xdS_memcore using a separate memory for each block
INFO: [HLS 200-741] Implementing PIPO huffman_encoding_yd2_memcore using a single memory for all blocks
INFO: [HLS 200-111] Finished generating all RTL models Time (s): cpu = 00:00:13 ; elapsed = 00:01:35 . Memory (MB): peak = 928.035 ; gain = 831.746
INFO: [VHDL 208-304] Generating VHDL RTL for huffman_encoding.
INFO: [VLOG 209-307] Generating Verilog RTL for huffman_encoding.
INFO: [HLS 200-112] Total elapsed time: 94.796 seconds; peak allocated memory: 278.561 MB.
==============================================================
Vivado(TM) HLS - High-Level Synthesis from C, C++ and SystemC v2020.1 (64-bit)
Copyright 1986-2020 Xilinx, Inc. All Rights Reserved.
==============================================================
INFO: [SYN 201-201] Setting up clock 'default' with a period of 10ns.
INFO: [HLS 200-10] Setting target device to 'xc7z020-clg484-1'
INFO: [SCHED 204-61] Option 'relax_ii_for_timing' is enabled, will increase II to preserve clock frequency constraints.
INFO: [HLS 200-10] Analyzing design file './hls-src/huffman_canonize_tree.cpp' ... 
INFO: [HLS 200-10] Analyzing design file './hls-src/huffman_create_tree.cpp' ... 
INFO: [HLS 200-10] Analyzing design file './hls-src/huffman_filter.cpp' ... 
INFO: [HLS 200-10] Analyzing design file './hls-src/huffman_compute_bit_length.cpp' ... 
INFO: [HLS 200-10] Analyzing design file './hls-src/huffman_encoding.cpp' ... 
WARNING: [HLS 214-114] Since the only kind of statements allowed in a canonical dataflow region are variable declarations and function calls, the compiler may not be able to correctly handle the region: ./hls-src/huffman_encoding.cpp:41:1
WARNING: [HLS 214-114] Since the only kind of statements allowed in a canonical dataflow region are variable declarations and function calls, the compiler may not be able to correctly handle the region: ./hls-src/huffman_encoding.cpp:74:3
WARNING: [HLS 200-471] Dataflow form checks found 2 issue(s) in file ./hls-src/huffman_encoding.cpp
INFO: [HLS 200-10] Analyzing design file './hls-src/huffman_sort.cpp' ... 
INFO: [HLS 200-10] Analyzing design file './hls-src/huffman_create_codeword.cpp' ... 
INFO: [HLS 200-10] Analyzing design file './hls-src/huffman_truncate_tree.cpp' ... 
INFO: [HLS 200-111] Finished Linking Time (s): cpu = 00:00:03 ; elapsed = 00:01:15 . Memory (MB): peak = 889.109 ; gain = 793.082
INFO: [HLS 200-111] Finished Checking Pragmas Time (s): cpu = 00:00:03 ; elapsed = 00:01:15 . Memory (MB): peak = 889.109 ; gain = 793.082
INFO: [HLS 200-10] Starting code transformations ...
INFO: [HLS 200-111] Finished Standard Transforms Time (s): cpu = 00:00:04 ; elapsed = 00:01:16 . Memory (MB): peak = 889.109 ; gain = 793.082
INFO: [HLS 200-10] Checking synthesizability ...
INFO: [HLS 200-111] Finished Checking Synthesizability Time (s): cpu = 00:00:04 ; elapsed = 00:01:16 . Memory (MB): peak = 889.109 ; gain = 793.082
INFO: [XFORM 203-101] Partitioning array 'digit_location.V' (./hls-src/huffman_sort.cpp:12) in dimension 1 completely.
INFO: [XFORM 203-101] Partitioning array 'digit_histogram.V' (./hls-src/huffman_sort.cpp:12) in dimension 1 completely.
INFO: [XFORM 203-721] Changing loop 'Loop_copy_sorted_proc' (./hls-src/huffman_encoding.cpp:42) to a process function for dataflow in function 'huffman_encoding'.
WARNING: [XFORM 203-713] All the elements of global array 'filtered.value.V' should be updated in process function 'filter', otherwise it may not be synthesized correctly.
WARNING: [XFORM 203-713] All the elements of global array 'filtered.frequency.V' should be updated in process function 'filter', otherwise it may not be synthesized correctly.
WARNING: [XFORM 203-713] All the elements of global array 'sorted.0'  should be updated in process function 'sort', otherwise it may not be synthesized correctly.
WARNING: [XFORM 203-713] All the elements of global array 'sorted.1'  should be updated in process function 'sort', otherwise it may not be synthesized correctly.
WARNING: [XFORM 203-713] All the elements of global array 'sorted_copy1.value.V' should be updated in process function 'Loop_copy_sorted_proc', otherwise it may not be synthesized correctly.
WARNING: [XFORM 203-713] All the elements of global array 'sorted_copy1.frequency.V' should be updated in process function 'Loop_copy_sorted_proc', otherwise it may not be synthesized correctly.
WARNING: [XFORM 203-713] All the elements of global array 'sorted_copy2.value.V' should be updated in process function 'Loop_copy_sorted_proc', otherwise it may not be synthesized correctly.
WARNING: [XFORM 203-713] All the elements of global array 'parent.V' should be updated in process function 'create_tree', otherwise it may not be synthesized correctly.
WARNING: [XFORM 203-713] All the elements of global array 'left.V' should be updated in process function 'create_tree', otherwise it may not be synthesized correctly.
WARNING: [XFORM 203-713] All the elements of global array 'right.V' should be updated in process function 'create_tree', otherwise it may not be synthesized correctly.
WARNING: [XFORM 203-713] All the elements of global array 'length_histogram.V' should be updated in process function 'compute_bit_length', otherwise it may not be synthesized correctly.
WARNING: [XFORM 203-713] All the elements of global array 'truncated_length_histogram1.V' should be updated in process function 'truncate_tree', otherwise it may not be synthesized correctly.
WARNING: [XFORM 203-713] All the elements of global array 'symbol_bits.V' should be updated in process function 'canonize_tree', otherwise it may not be synthesized correctly.
WARNING: [XFORM 203-713] All the elements of global array 'encoding.V' should be updated in process function 'create_codeword', otherwise it may not be synthesized correctly.
INFO: [XFORM 203-712] Applying dataflow to function 'huffman_encoding', detected/extracted 9 process function(s): 
	 'filter'
	 'sort'
	 'Loop_copy_sorted_proc'
	 'create_tree'
	 'compute_bit_length'
	 'truncate_tree'
	 'canonize_tree'
	 'create_codeword'
	 'Block__proc'.
INFO: [XFORM 203-401] Performing if-conversion on hyperblock from (./hls-src/huffman_create_codeword.cpp:49:50) to (./hls-src/huffman_create_codeword.cpp:55:7) in function 'create_codeword'... converting 4 basic blocks.
INFO: [HLS 200-111] Finished Pre-synthesis Time (s): cpu = 00:00:05 ; elapsed = 00:01:17 . Memory (MB): peak = 889.109 ; gain = 793.082
WARNING: [XFORM 203-542] Cannot flatten a loop nest 'radix_sort' (./hls-src/huffman_sort.cpp:26:61) in function 'sort' : 

more than one sub loop.
WARNING: [XFORM 203-631] Renaming function 'Loop_copy_sorted_proc' to 'Loop_copy_sorted_pro' (./hls-src/huffman_encoding.cpp:42:25)
INFO: [HLS 200-472] Inferring partial write operation for 'output_length_histogram1.V' (./hls-src/huffman_truncate_tree.cpp:11:9)
INFO: [HLS 200-472] Inferring partial write operation for 'output_length_histogram1.V' (./hls-src/huffman_truncate_tree.cpp:30:38)
INFO: [HLS 200-472] Inferring partial write operation for 'output_length_histogram1.V' (./hls-src/huffman_truncate_tree.cpp:31:38)
INFO: [HLS 200-472] Inferring partial write operation for 'output_length_histogram1.V' (./hls-src/huffman_truncate_tree.cpp:32:13)
INFO: [HLS 200-472] Inferring partial write operation for 'output_length_histogram1.V' (./hls-src/huffman_truncate_tree.cpp:33:13)
INFO: [HLS 200-472] Inferring partial write operation for 'sorting.value.V' (./hls-src/huffman.h:30:8)
INFO: [HLS 200-472] Inferring partial write operation for 'current_digit.V' (./hls-src/huffman_sort.cpp:37:13)
INFO: [HLS 200-472] Inferring partial write operation for 'previous_sorting.val' (./hls-src/huffman.h:30:8)
INFO: [HLS 200-472] Inferring partial write operation for 'sorting.value.V' (./hls-src/huffman.h:30:8)
INFO: [HLS 200-472] Inferring partial write operation for 'out.value.V' (./hls-src/huffman.h:30:8)
INFO: [HLS 200-472] Inferring partial write operation for 'out.frequency.V' (./hls-src/huffman_filter.cpp:13:11)
INFO: [HLS 200-472] Inferring partial write operation for 'out.value.V' (./hls-src/huffman_filter.cpp:14:11)
INFO: [HLS 200-472] Inferring partial write operation for 'left.V' (./hls-src/huffman_create_tree.cpp:28:13)
INFO: [HLS 200-472] Inferring partial write operation for 'left.V' (./hls-src/huffman_create_tree.cpp:33:13)
INFO: [HLS 200-472] Inferring partial write operation for 'parent.V' (./hls-src/huffman_create_tree.cpp:35:20)
INFO: [HLS 200-472] Inferring partial write operation for 'right.V' (./hls-src/huffman_create_tree.cpp:44:13)
INFO: [HLS 200-472] Inferring partial write operation for 'frequency.V' (./hls-src/huffman_create_tree.cpp:45:28)
INFO: [HLS 200-472] Inferring partial write operation for 'right.V' (./hls-src/huffman_create_tree.cpp:49:13)
INFO: [HLS 200-472] Inferring partial write operation for 'frequency.V' (./hls-src/huffman_create_tree.cpp:50:28)
INFO: [HLS 200-472] Inferring partial write operation for 'parent.V' (./hls-src/huffman_create_tree.cpp:51:20)
INFO: [HLS 200-472] Inferring partial write operation for 'parent.V' (./hls-src/huffman_create_tree.cpp:58:12)
INFO: [HLS 200-472] Inferring partial write operation for 'codeword_length_hist' (./hls-src/huffman_create_codeword.cpp:14:9)
INFO: [HLS 200-472] Inferring partial write operation for 'codeword_length_hist' (./hls-src/huffman_create_codeword.cpp:19:9)
INFO: [HLS 200-472] Inferring partial write operation for 'first_codeword.V' (./hls-src/huffman_create_codeword.cpp:24:5)
INFO: [HLS 200-472] Inferring partial write operation for 'first_codeword.V' (./hls-src/huffman_create_codeword.cpp:28:23)
INFO: [HLS 200-472] Inferring partial write operation for 'first_codeword.V' (./hls-src/huffman_create_codeword.cpp:54:26)
INFO: [HLS 200-472] Inferring partial write operation for 'internal_length_hist' (./hls-src/huffman_compute_bit_length.cpp:16:2)
INFO: [HLS 200-472] Inferring partial write operation for 'child_depth.V' (./hls-src/huffman_compute_bit_length.cpp:19:5)
INFO: [HLS 200-472] Inferring partial write operation for 'child_depth.V' (./hls-src/huffman_compute_bit_length.cpp:25:9)
INFO: [HLS 200-472] Inferring partial write operation for 'internal_length_hist' (./hls-src/huffman_compute_bit_length.cpp:37:39)
INFO: [HLS 200-472] Inferring partial write operation for 'length_histogram.V' (./hls-src/huffman_compute_bit_length.cpp:38:30)
INFO: [HLS 200-472] Inferring partial write operation for 'symbol_bits.V' (./hls-src/huffman_canonize_tree.cpp:14:5)
INFO: [HLS 200-472] Inferring partial write operation for 'symbol_bits.V' (./hls-src/huffman_canonize_tree.cpp:36:5)
INFO: [HLS 200-472] Inferring partial write operation for 'sorted_copy1.value.V' (./hls-src/huffman_encoding.cpp:43:5)
INFO: [HLS 200-472] Inferring partial write operation for 'sorted_copy1.frequency.V' (./hls-src/huffman_encoding.cpp:44:5)
INFO: [HLS 200-472] Inferring partial write operation for 'sorted_copy2.value.V' (./hls-src/huffman_encoding.cpp:45:5)
INFO: [HLS 200-111] Finished Architecture Synthesis Time (s): cpu = 00:00:06 ; elapsed = 00:01:18 . Memory (MB): peak = 889.109 ; gain = 793.082
INFO: [HLS 200-10] Starting hardware synthesis ...
INFO: [HLS 200-10] Synthesizing 'huffman_encoding' ...
WARNING: [SYN 201-103] Legalizing function name 'Block__proc' to 'Block_proc'.
INFO: [HLS 200-10] ----------------------------------------------------------------
INFO: [HLS 200-42] -- Implementing module 'filter' 
INFO: [HLS 200-10] ----------------------------------------------------------------
INFO: [SCHED 204-11] Starting scheduling ...
INFO: [SCHED 204-61] Pipelining loop 'Loop 1'.
INFO: [SCHED 204-61] Pipelining result : Target II = 1, Final II = 1, Depth = 3.
INFO: [SCHED 204-11] Finished scheduling.
INFO: [HLS 200-111]  Elapsed time: 78.16 seconds; current allocated memory: 250.163 MB.
INFO: [BIND 205-100] Starting micro-architecture generation ...
INFO: [BIND 205-101] Performing variable lifetime analysis.
INFO: [BIND 205-101] Exploring resource sharing.
INFO: [BIND 205-101] Binding ...
INFO: [BIND 205-100] Finished micro-architecture generation.
INFO: [HLS 200-111]  Elapsed time: 0.066 seconds; current allocated memory: 250.297 MB.
INFO: [HLS 200-10] ----------------------------------------------------------------
INFO: [HLS 200-42] -- Implementing module 'sort' 
INFO: [HLS 200-10] ----------------------------------------------------------------
INFO: [SCHED 204-11] Starting scheduling ...
INFO: [SCHED 204-61] Pipelining loop 'copy_in_to_sorting'.
INFO: [SCHED 204-61] Pipelining result : Target II = 1, Final II = 1, Depth = 2.
INFO: [SCHED 204-61] Pipelining loop 'init_histogram'.
INFO: [SCHED 204-61] Pipelining result : Target II = 1, Final II = 1, Depth = 1.
INFO: [SCHED 204-61] Pipelining loop 'compute_histogram'.
INFO: [SCHED 204-61] Pipelining result : Target II = 1, Final II = 1, Depth = 3.
INFO: [SCHED 204-61] Pipelining loop 'find_digit_location'.
INFO: [SCHED 204-61] Pipelining result : Target II = 1, Final II = 1, Depth = 1.
INFO: [SCHED 204-61] Pipelining loop 're_sort'.
INFO: [SCHED 204-61] Pipelining result : Target II = 1, Final II = 1, Depth = 3.
INFO: [SCHED 204-11] Finished scheduling.
INFO: [HLS 200-111]  Elapsed time: 0.887 seconds; current allocated memory: 251.491 MB.
INFO: [BIND 205-100] Starting micro-architecture generation ...
INFO: [BIND 205-101] Performing variable lifetime analysis.
INFO: [BIND 205-101] Exploring resource sharing.
INFO: [BIND 205-101] Binding ...
INFO: [BIND 205-100] Finished micro-architecture generation.
INFO: [HLS 200-111]  Elapsed time: 0.256 seconds; current allocated memory: 254.958 MB.
INFO: [HLS 200-10] ----------------------------------------------------------------
INFO: [HLS 200-42] -- Implementing module 'Loop_copy_sorted_pro' 
INFO: [HLS 200-10] ----------------------------------------------------------------
INFO: [SCHED 204-11] Starting scheduling ...
INFO: [SCHED 204-11] Finished scheduling.
INFO: [HLS 200-111]  Elapsed time: 0.332 seconds; current allocated memory: 255.071 MB.
INFO: [BIND 205-100] Starting micro-architecture generation ...
INFO: [BIND 205-101] Performing variable lifetime analysis.
INFO: [BIND 205-101] Exploring resource sharing.
INFO: [BIND 205-101] Binding ...
INFO: [BIND 205-100] Finished micro-architecture generation.
INFO: [HLS 200-111]  Elapsed time: 0.068 seconds; current allocated memory: 255.190 MB.
INFO: [HLS 200-10] ----------------------------------------------------------------
INFO: [HLS 200-42] -- Implementing module 'create_tree' 
INFO: [HLS 200-10] ----------------------------------------------------------------
INFO: [SCHED 204-11] Starting scheduling ...
INFO: [SCHED 204-61] Pipelining loop 'Loop 1'.
INFO: [SCHED 204-61] Pipelining result : Target II = 5, Final II = 4, Depth = 4.
INFO: [SCHED 204-11] Finished scheduling.
INFO: [HLS 200-111]  Elapsed time: 0.164 seconds; current allocated memory: 255.422 MB.
INFO: [BIND 205-100] Starting micro-architecture generation ...
INFO: [BIND 205-101] Performing variable lifetime analysis.
INFO: [BIND 205-101] Exploring resource sharing.
INFO: [BIND 205-101] Binding ...
INFO: [BIND 205-100] Finished micro-architecture generation.
INFO: [HLS 200-111]  Elapsed time: 0.097 seconds; current allocated memory: 255.785 MB.
INFO: [HLS 200-10] ----------------------------------------------------------------
INFO: [HLS 200-42] -- Implementing module 'compute_bit_length' 
INFO: [HLS 200-10] ----------------------------------------------------------------
INFO: [SCHED 204-11] Starting scheduling ...
INFO: [SCHED 204-61] Pipelining loop 'init_histogram'.
INFO: [SCHED 204-61] Pipelining result : Target II = 1, Final II = 1, Depth = 1.
INFO: [SCHED 204-61] Pipelining loop 'traverse_tree'.
INFO: [SCHED 204-61] Pipelining result : Target II = 3, Final II = 3, Depth = 5.
INFO: [SCHED 204-11] Finished scheduling.
INFO: [HLS 200-111]  Elapsed time: 0.205 seconds; current allocated memory: 256.002 MB.
INFO: [BIND 205-100] Starting micro-architecture generation ...
INFO: [BIND 205-101] Performing variable lifetime analysis.
INFO: [BIND 205-101] Exploring resource sharing.
INFO: [BIND 205-101] Binding ...
INFO: [BIND 205-100] Finished micro-architecture generation.
INFO: [HLS 200-111]  Elapsed time: 0.096 seconds; current allocated memory: 256.228 MB.
INFO: [HLS 200-10] ----------------------------------------------------------------
INFO: [HLS 200-42] -- Implementing module 'truncate_tree' 
INFO: [HLS 200-10] ----------------------------------------------------------------
INFO: [SCHED 204-11] Starting scheduling ...
INFO: [SCHED 204-11] Finished scheduling.
INFO: [HLS 200-111]  Elapsed time: 0.125 seconds; current allocated memory: 256.480 MB.
INFO: [BIND 205-100] Starting micro-architecture generation ...
INFO: [BIND 205-101] Performing variable lifetime analysis.
INFO: [BIND 205-101] Exploring resource sharing.
INFO: [BIND 205-101] Binding ...
INFO: [BIND 205-100] Finished micro-architecture generation.
INFO: [HLS 200-111]  Elapsed time: 0.087 seconds; current allocated memory: 256.698 MB.
INFO: [HLS 200-10] ----------------------------------------------------------------
INFO: [HLS 200-42] -- Implementing module 'canonize_tree' 
INFO: [HLS 200-10] ----------------------------------------------------------------
INFO: [SCHED 204-11] Starting scheduling ...
INFO: [SCHED 204-11] Finished scheduling.
INFO: [HLS 200-111]  Elapsed time: 0.138 seconds; current allocated memory: 256.819 MB.
INFO: [BIND 205-100] Starting micro-architecture generation ...
INFO: [BIND 205-101] Performing variable lifetime analysis.
INFO: [BIND 205-101] Exploring resource sharing.
INFO: [BIND 205-101] Binding ...
INFO: [BIND 205-100] Finished micro-architecture generation.
INFO: [HLS 200-111]  Elapsed time: 0.077 seconds; current allocated memory: 256.993 MB.
INFO: [HLS 200-10] ----------------------------------------------------------------
INFO: [HLS 200-42] -- Implementing module 'create_codeword' 
INFO: [HLS 200-10] ----------------------------------------------------------------
INFO: [SCHED 204-11] Starting scheduling ...
INFO: [SCHED 204-61] Pipelining loop 'first_codewords'.
WARNING: [SCHED 204-68] The II Violation in module 'create_codeword' (Loop: first_codewords): Unable to enforce a carried dependence constraint (II = 1, distance = 1, offset = 1)
   between 'store' operation ('first_codeword_V_add_2_write_ln28', ./hls-src/huffman_create_codeword.cpp:28) of variable 'shl_ln', ./hls-src/huffman_create_codeword.cpp:28 on array 'first_codeword.V', ./hls-src/huffman_create_codeword.cpp:22 and 'load' operation ('first_codeword_V_loa', ./hls-src/huffman_create_codeword.cpp:28) on array 'first_codeword.V', ./hls-src/huffman_create_codeword.cpp:22.
INFO: [SCHED 204-61] Pipelining result : Target II = 1, Final II = 2, Depth = 2.
INFO: [SCHED 204-61] Pipelining loop 'assign_codewords'.
INFO: [SCHED 204-61] Pipelining result : Target II = 5, Final II = 4, Depth = 4.
INFO: [SCHED 204-11] Finished scheduling.
INFO: [HLS 200-111]  Elapsed time: 0.149 seconds; current allocated memory: 257.243 MB.
INFO: [BIND 205-100] Starting micro-architecture generation ...
INFO: [BIND 205-101] Performing variable lifetime analysis.
INFO: [BIND 205-101] Exploring resource sharing.
INFO: [BIND 205-101] Binding ...
INFO: [BIND 205-100] Finished micro-architecture generation.
INFO: [HLS 200-111]  Elapsed time: 0.099 seconds; current allocated memory: 257.566 MB.
INFO: [HLS 200-10] ----------------------------------------------------------------
INFO: [HLS 200-42] -- Implementing module 'Block_proc' 
INFO: [HLS 200-10] ----------------------------------------------------------------
INFO: [SCHED 204-11] Starting scheduling ...
INFO: [SCHED 204-11] Finished scheduling.
INFO: [HLS 200-111]  Elapsed time: 0.148 seconds; current allocated memory: 257.609 MB.
INFO: [BIND 205-100] Starting micro-architecture generation ...
INFO: [BIND 205-101] Performing variable lifetime analysis.
INFO: [BIND 205-101] Exploring resource sharing.
INFO: [BIND 205-101] Binding ...
INFO: [BIND 205-100] Finished micro-architecture generation.
INFO: [HLS 200-111]  Elapsed time: 0.066 seconds; current allocated memory: 257.652 MB.
INFO: [HLS 200-10] ----------------------------------------------------------------
INFO: [HLS 200-42] -- Implementing module 'huffman_encoding' 
INFO: [HLS 200-10] ----------------------------------------------------------------
INFO: [SCHED 204-11] Starting scheduling ...
INFO: [SCHED 204-11] Finished scheduling.
INFO: [HLS 200-111]  Elapsed time: 0.072 seconds; current allocated memory: 257.790 MB.
INFO: [BIND 205-100] Starting micro-architecture generation ...
INFO: [BIND 205-101] Performing variable lifetime analysis.
INFO: [BIND 205-101] Exploring resource sharing.
INFO: [BIND 205-101] Binding ...
INFO: [BIND 205-100] Finished micro-architecture generation.
INFO: [HLS 200-111]  Elapsed time: 0.4 seconds; current allocated memory: 258.172 MB.
INFO: [HLS 200-10] ----------------------------------------------------------------
INFO: [HLS 200-10] -- Generating RTL for module 'filter' 
INFO: [HLS 200-10] ----------------------------------------------------------------
INFO: [RTGEN 206-100] Finished creating RTL model for 'filter'.
INFO: [HLS 200-111]  Elapsed time: 0.197 seconds; current allocated memory: 258.554 MB.
INFO: [HLS 200-10] ----------------------------------------------------------------
INFO: [HLS 200-10] -- Generating RTL for module 'sort' 
INFO: [HLS 200-10] ----------------------------------------------------------------
INFO: [SYN 201-210] Renamed object name 'sort_previous_sorting_val' to 'sort_previous_sorbkb' due to the length limit 20
INFO: [SYN 201-210] Renamed object name 'sort_previous_sorting_fre' to 'sort_previous_sorcud' due to the length limit 20
INFO: [SYN 201-210] Renamed object name 'sort_sorting_value_V' to 'sort_sorting_valudEe' due to the length limit 20
INFO: [SYN 201-210] Renamed object name 'sort_sorting_frequency_V' to 'sort_sorting_freqeOg' due to the length limit 20
INFO: [SYN 201-210] Renamed object name 'sort_current_digit_V' to 'sort_current_digifYi' due to the length limit 20
INFO: [SYN 201-210] Renamed object name 'huffman_encoding_mux_164_32_1_1' to 'huffman_encoding_g8j' due to the length limit 20
INFO: [RTGEN 206-100] Generating core module 'huffman_encoding_g8j': 3 instance(s).
INFO: [RTGEN 206-100] Finished creating RTL model for 'sort'.
INFO: [HLS 200-111]  Elapsed time: 0.381 seconds; current allocated memory: 262.039 MB.
INFO: [HLS 200-10] ----------------------------------------------------------------
INFO: [HLS 200-10] -- Generating RTL for module 'Loop_copy_sorted_pro' 
INFO: [HLS 200-10] ----------------------------------------------------------------
INFO: [RTGEN 206-100] Finished creating RTL model for 'Loop_copy_sorted_pro'.
INFO: [HLS 200-111]  Elapsed time: 1.011 seconds; current allocated memory: 268.961 MB.
INFO: [HLS 200-10] ----------------------------------------------------------------
INFO: [HLS 200-10] -- Generating RTL for module 'create_tree' 
INFO: [HLS 200-10] ----------------------------------------------------------------
INFO: [SYN 201-210] Renamed object name 'create_tree_frequency_V' to 'create_tree_frequhbi' due to the length limit 20
INFO: [RTGEN 206-100] Finished creating RTL model for 'create_tree'.
INFO: [HLS 200-111]  Elapsed time: 0.139 seconds; current allocated memory: 269.867 MB.
INFO: [HLS 200-10] ----------------------------------------------------------------
INFO: [HLS 200-10] -- Generating RTL for module 'compute_bit_length' 
INFO: [HLS 200-10] ----------------------------------------------------------------
INFO: [SYN 201-210] Renamed object name 'compute_bit_length_child_depth_V' to 'compute_bit_lengtibs' due to the length limit 20
INFO: [SYN 201-210] Renamed object name 'compute_bit_length_internal_length_hist' to 'compute_bit_lengtjbC' due to the length limit 20
INFO: [RTGEN 206-100] Finished creating RTL model for 'compute_bit_length'.
INFO: [HLS 200-111]  Elapsed time: 0.245 seconds; current allocated memory: 271.508 MB.
INFO: [HLS 200-10] ----------------------------------------------------------------
INFO: [HLS 200-10] -- Generating RTL for module 'truncate_tree' 
INFO: [HLS 200-10] ----------------------------------------------------------------
INFO: [RTGEN 206-100] Finished creating RTL model for 'truncate_tree'.
INFO: [HLS 200-111]  Elapsed time: 0.185 seconds; current allocated memory: 272.779 MB.
INFO: [HLS 200-10] ----------------------------------------------------------------
INFO: [HLS 200-10] -- Generating RTL for module 'canonize_tree' 
INFO: [HLS 200-10] ----------------------------------------------------------------
INFO: [RTGEN 206-100] Finished creating RTL model for 'canonize_tree'.
INFO: [HLS 200-111]  Elapsed time: 0.193 seconds; current allocated memory: 273.944 MB.
INFO: [HLS 200-10] ----------------------------------------------------------------
INFO: [HLS 200-10] -- Generating RTL for module 'create_codeword' 
INFO: [HLS 200-10] ----------------------------------------------------------------
INFO: [SYN 201-210] Renamed object name 'create_codeword_codeword_length_hist' to 'create_codeword_ckbM' due to the length limit 20
INFO: [SYN 201-210] Renamed object name 'create_codeword_first_codeword_V' to 'create_codeword_flbW' due to the length limit 20
INFO: [RTGEN 206-100] Finished creating RTL model for 'create_codeword'.
INFO: [HLS 200-111]  Elapsed time: 0.183 seconds; current allocated memory: 275.141 MB.
INFO: [HLS 200-10] ----------------------------------------------------------------
INFO: [HLS 200-10] -- Generating RTL for module 'Block_proc' 
INFO: [HLS 200-10] ----------------------------------------------------------------
INFO: [RTGEN 206-100] Finished creating RTL model for 'Block_proc'.
INFO: [HLS 200-111]  Elapsed time: 0.249 seconds; current allocated memory: 276.351 MB.
INFO: [HLS 200-10] ----------------------------------------------------------------
INFO: [HLS 200-10] -- Generating RTL for module 'huffman_encoding' 
INFO: [HLS 200-10] ----------------------------------------------------------------
INFO: [RTGEN 206-500] Setting interface mode on port 'huffman_encoding/symbol_histogram_value_V' to 'ap_memory'.
INFO: [RTGEN 206-500] Setting interface mode on port 'huffman_encoding/symbol_histogram_frequency_V' to 'ap_memory'.
INFO: [RTGEN 206-500] Setting interface mode on port 'huffman_encoding/encoding_V' to 'ap_memory'.
INFO: [RTGEN 206-500] Setting interface mode on port 'huffman_encoding/num_nonzero_symbols' to 'ap_vld'.
INFO: [RTGEN 206-500] Setting interface mode on function 'huffman_encoding' to 'ap_ctrl_hs'.
INFO: [SYN 201-210] Renamed object name 'huffman_encoding_filtered_value_V' to 'huffman_encoding_mb6' due to the length limit 20
INFO: [SYN 201-210] Renamed object name 'huffman_encoding_filtered_frequency_V' to 'huffman_encoding_ncg' due to the length limit 20
INFO: [SYN 201-210] Renamed object name 'huffman_encoding_sorted_0' to 'huffman_encoding_ocq' due to the length limit 20
INFO: [SYN 201-210] Renamed object name 'huffman_encoding_sorted_1' to 'huffman_encoding_pcA' due to the length limit 20
INFO: [SYN 201-210] Renamed object name 'huffman_encoding_sorted_copy1_value_V' to 'huffman_encoding_qcK' due to the length limit 20
INFO: [SYN 201-210] Renamed object name 'huffman_encoding_sorted_copy1_frequen' to 'huffman_encoding_rcU' due to the length limit 20
INFO: [SYN 201-210] Renamed object name 'huffman_encoding_sorted_copy2_value_V' to 'huffman_encoding_sc4' due to the length limit 20
INFO: [SYN 201-210] Renamed object name 'huffman_encoding_parent_V' to 'huffman_encoding_tde' due to the length limit 20
INFO: [SYN 201-210] Renamed object name 'huffman_encoding_left_V' to 'huffman_encoding_udo' due to the length limit 20
INFO: [SYN 201-210] Renamed object name 'huffman_encoding_right_V' to 'huffman_encoding_vdy' due to the length limit 20
INFO: [SYN 201-210] Renamed object name 'huffman_encoding_length_histogram_V' to 'huffman_encoding_wdI' due to the length limit 20
INFO: [SYN 201-210] Renamed object name 'huffman_encoding_truncated_length_his' to 'huffman_encoding_xdS' due to the length limit 20
INFO: [SYN 201-210] Renamed object name 'huffman_encoding_symbol_bits_V' to 'huffman_encoding_yd2' due to the length limit 20
INFO: [SYN 201-210] Renamed object name 'start_for_Block_proc_U0' to 'start_for_Block_pzec' due to the length limit 20
INFO: [RTGEN 206-100] Finished creating RTL model for 'huffman_encoding'.
INFO: [HLS 200-111]  Elapsed time: 0.387 seconds; current allocated memory: 278.366 MB.
INFO: [HLS 200-790] **** Loop Constraint Status: All loop constraints were NOT satisfied.
INFO: [HLS 200-789] **** Estimated Fmax: 115.46 MHz
INFO: [RTMG 210-278] Implementing memory 'sort_previous_sorbkb_ram (RAM)' using block RAMs.
INFO: [RTMG 210-278] Implementing memory 'sort_current_digifYi_ram (RAM)' using block RAMs.
INFO: [RTMG 210-278] Implementing memory 'create_tree_frequhbi_ram (RAM)' using block RAMs.
INFO: [RTMG 210-278] Implementing memory 'compute_bit_lengtibs_ram (RAM)' using block RAMs.
INFO: [RTMG 210-278] Implementing memory 'compute_bit_lengtjbC_ram (RAM)' using block RAMs.
INFO: [RTMG 210-278] Implementing memory 'create_codeword_flbW_ram (RAM)' using distributed RAMs.
INFO: [HLS 200-741] Implementing PIPO huffman_encoding_mb6_memcore using a single memory for all blocks
INFO: [RTMG 210-278] Implementing memory 'huffman_encoding_mb6_memcore_ram (RAM)' using block RAMs.
INFO: [HLS 200-741] Implementing PIPO huffman_encoding_tde_memcore using a single memory for all blocks
INFO: [RTMG 210-278] Implementing memory 'huffman_encoding_tde_memcore_ram (RAM)' using block RAMs.
INFO: [HLS 200-741] Implementing PIPO huffman_encoding_udo_memcore using a single memory for all blocks
INFO: [RTMG 210-278] Implementing memory 'huffman_encoding_udo_memcore_ram (RAM)' using block RAMs.
INFO: [HLS 200-741] Implementing PIPO huffman_encoding_wdI_memcore using a single memory for all blocks
INFO: [RTMG 210-278] Implementing memory 'huffman_encoding_wdI_memcore_ram (RAM)' using block RAMs.
INFO: [HLS 200-740] Implementing PIPO huffman_encoding_xdS_memcore using a separate memory for each block
INFO: [RTMG 210-278] Implementing memory 'huffman_encoding_xdS_memcore_ram (RAM)' using block RAMs.
INFO: [HLS 200-741] Implementing PIPO huffman_encoding_yd2_memcore using a single memory for all blocks
INFO: [RTMG 210-278] Implementing memory 'huffman_encoding_yd2_memcore_ram (RAM)' using block RAMs.
INFO: [RTMG 210-285] Implementing FIFO 'n_c_U(fifo_w32_d2_A)' using Shift Registers.
INFO: [RTMG 210-285] Implementing FIFO 'n_c16_U(fifo_w32_d2_A)' using Shift Registers.
INFO: [RTMG 210-285] Implementing FIFO 'val_assign_loc_c_U(fifo_w32_d2_A)' using Shift Registers.
INFO: [RTMG 210-285] Implementing FIFO 'val_assign_loc_c17_U(fifo_w32_d2_A)' using Shift Registers.
INFO: [RTMG 210-285] Implementing FIFO 'val_assign_loc_c18_U(fifo_w32_d2_A)' using Shift Registers.
INFO: [RTMG 210-285] Implementing FIFO 'val_assign_loc_c19_U(fifo_w32_d3_A)' using Shift Registers.
INFO: [RTMG 210-285] Implementing FIFO 'start_for_Block_pzec_U(start_for_Block_pzec)' using Shift Registers.
INFO: [HLS 200-741] Implementing PIPO huffman_encoding_mb6_memcore using a single memory for all blocks
INFO: [HLS 200-741] Implementing PIPO huffman_encoding_tde_memcore using a single memory for all blocks
INFO: [HLS 200-741] Implementing PIPO huffman_encoding_udo_memcore using a single memory for all blocks
INFO: [HLS 200-741] Implementing PIPO huffman_encoding_wdI_memcore using a single memory for all blocks
INFO: [HLS 200-740] Implementing PIPO huffman_encoding_xdS_memcore using a separate memory for each block
INFO: [HLS 200-741] Implementing PIPO huffman_encoding_yd2_memcore using a single memory for all blocks
INFO: [HLS 200-741] Implementing PIPO huffman_encoding_mb6_memcore using a single memory for all blocks
INFO: [HLS 200-741] Implementing PIPO huffman_encoding_tde_memcore using a single memory for all blocks
INFO: [HLS 200-741] Implementing PIPO huffman_encoding_udo_memcore using a single memory for all blocks
INFO: [HLS 200-741] Implementing PIPO huffman_encoding_wdI_memcore using a single memory for all blocks
INFO: [HLS 200-740] Implementing PIPO huffman_encoding_xdS_memcore using a separate memory for each block
INFO: [HLS 200-741] Implementing PIPO huffman_encoding_yd2_memcore using a single memory for all blocks
INFO: [HLS 200-111] Finished generating all RTL models Time (s): cpu = 00:00:13 ; elapsed = 00:01:28 . Memory (MB): peak = 889.109 ; gain = 793.082
INFO: [VHDL 208-304] Generating VHDL RTL for huffman_encoding.
INFO: [VLOG 209-307] Generating Verilog RTL for huffman_encoding.
INFO: [HLS 200-112] Total elapsed time: 88.029 seconds; peak allocated memory: 278.366 MB.
==============================================================
Vivado(TM) HLS - High-Level Synthesis from C, C++ and SystemC v2020.1 (64-bit)
Copyright 1986-2020 Xilinx, Inc. All Rights Reserved.
==============================================================
INFO: [SYN 201-201] Setting up clock 'default' with a period of 10ns.
INFO: [HLS 200-10] Setting target device to 'xc7z020-clg484-1'
INFO: [SCHED 204-61] Option 'relax_ii_for_timing' is enabled, will increase II to preserve clock frequency constraints.
INFO: [HLS 200-10] Analyzing design file './hls-src/huffman_canonize_tree.cpp' ... 
INFO: [HLS 200-10] Analyzing design file './hls-src/huffman_create_tree.cpp' ... 
INFO: [HLS 200-10] Analyzing design file './hls-src/huffman_filter.cpp' ... 
INFO: [HLS 200-10] Analyzing design file './hls-src/huffman_compute_bit_length.cpp' ... 
INFO: [HLS 200-10] Analyzing design file './hls-src/huffman_encoding.cpp' ... 
WARNING: [HLS 214-114] Since the only kind of statements allowed in a canonical dataflow region are variable declarations and function calls, the compiler may not be able to correctly handle the region: ./hls-src/huffman_encoding.cpp:41:1
WARNING: [HLS 214-114] Since the only kind of statements allowed in a canonical dataflow region are variable declarations and function calls, the compiler may not be able to correctly handle the region: ./hls-src/huffman_encoding.cpp:74:3
WARNING: [HLS 200-471] Dataflow form checks found 2 issue(s) in file ./hls-src/huffman_encoding.cpp
INFO: [HLS 200-10] Analyzing design file './hls-src/huffman_sort.cpp' ... 
INFO: [HLS 200-10] Analyzing design file './hls-src/huffman_create_codeword.cpp' ... 
INFO: [HLS 200-10] Analyzing design file './hls-src/huffman_truncate_tree.cpp' ... 
INFO: [HLS 200-111] Finished Linking Time (s): cpu = 00:00:03 ; elapsed = 00:01:16 . Memory (MB): peak = 888.984 ; gain = 792.934
INFO: [HLS 200-111] Finished Checking Pragmas Time (s): cpu = 00:00:03 ; elapsed = 00:01:16 . Memory (MB): peak = 888.984 ; gain = 792.934
INFO: [HLS 200-10] Starting code transformations ...
INFO: [HLS 200-111] Finished Standard Transforms Time (s): cpu = 00:00:04 ; elapsed = 00:01:17 . Memory (MB): peak = 888.984 ; gain = 792.934
INFO: [HLS 200-10] Checking synthesizability ...
INFO: [HLS 200-111] Finished Checking Synthesizability Time (s): cpu = 00:00:04 ; elapsed = 00:01:17 . Memory (MB): peak = 888.984 ; gain = 792.934
INFO: [XFORM 203-101] Partitioning array 'digit_location.V' (./hls-src/huffman_sort.cpp:12) in dimension 1 completely.
INFO: [XFORM 203-101] Partitioning array 'digit_histogram.V' (./hls-src/huffman_sort.cpp:12) in dimension 1 completely.
INFO: [XFORM 203-721] Changing loop 'Loop_copy_sorted_proc' (./hls-src/huffman_encoding.cpp:42) to a process function for dataflow in function 'huffman_encoding'.
WARNING: [XFORM 203-713] All the elements of global array 'filtered.value.V' should be updated in process function 'filter', otherwise it may not be synthesized correctly.
WARNING: [XFORM 203-713] All the elements of global array 'filtered.frequency.V' should be updated in process function 'filter', otherwise it may not be synthesized correctly.
WARNING: [XFORM 203-713] All the elements of global array 'sorted.0'  should be updated in process function 'sort', otherwise it may not be synthesized correctly.
WARNING: [XFORM 203-713] All the elements of global array 'sorted.1'  should be updated in process function 'sort', otherwise it may not be synthesized correctly.
WARNING: [XFORM 203-713] All the elements of global array 'sorted_copy1.value.V' should be updated in process function 'Loop_copy_sorted_proc', otherwise it may not be synthesized correctly.
WARNING: [XFORM 203-713] All the elements of global array 'sorted_copy1.frequency.V' should be updated in process function 'Loop_copy_sorted_proc', otherwise it may not be synthesized correctly.
WARNING: [XFORM 203-713] All the elements of global array 'sorted_copy2.value.V' should be updated in process function 'Loop_copy_sorted_proc', otherwise it may not be synthesized correctly.
WARNING: [XFORM 203-713] All the elements of global array 'parent.V' should be updated in process function 'create_tree', otherwise it may not be synthesized correctly.
WARNING: [XFORM 203-713] All the elements of global array 'left.V' should be updated in process function 'create_tree', otherwise it may not be synthesized correctly.
WARNING: [XFORM 203-713] All the elements of global array 'right.V' should be updated in process function 'create_tree', otherwise it may not be synthesized correctly.
WARNING: [XFORM 203-713] All the elements of global array 'length_histogram.V' should be updated in process function 'compute_bit_length', otherwise it may not be synthesized correctly.
WARNING: [XFORM 203-713] All the elements of global array 'truncated_length_histogram1.V' should be updated in process function 'truncate_tree', otherwise it may not be synthesized correctly.
WARNING: [XFORM 203-713] All the elements of global array 'symbol_bits.V' should be updated in process function 'canonize_tree', otherwise it may not be synthesized correctly.
WARNING: [XFORM 203-713] All the elements of global array 'encoding.V' should be updated in process function 'create_codeword', otherwise it may not be synthesized correctly.
INFO: [XFORM 203-712] Applying dataflow to function 'huffman_encoding', detected/extracted 9 process function(s): 
	 'filter'
	 'sort'
	 'Loop_copy_sorted_proc'
	 'create_tree'
	 'compute_bit_length'
	 'truncate_tree'
	 'canonize_tree'
	 'create_codeword'
	 'Block__proc'.
INFO: [XFORM 203-401] Performing if-conversion on hyperblock from (./hls-src/huffman_create_codeword.cpp:49:50) to (./hls-src/huffman_create_codeword.cpp:55:7) in function 'create_codeword'... converting 4 basic blocks.
INFO: [HLS 200-111] Finished Pre-synthesis Time (s): cpu = 00:00:05 ; elapsed = 00:01:18 . Memory (MB): peak = 888.984 ; gain = 792.934
WARNING: [XFORM 203-542] Cannot flatten a loop nest 'radix_sort' (./hls-src/huffman_sort.cpp:26:61) in function 'sort' : 

more than one sub loop.
WARNING: [XFORM 203-631] Renaming function 'Loop_copy_sorted_proc' to 'Loop_copy_sorted_pro' (./hls-src/huffman_encoding.cpp:42:25)
INFO: [HLS 200-472] Inferring partial write operation for 'output_length_histogram1.V' (./hls-src/huffman_truncate_tree.cpp:11:9)
INFO: [HLS 200-472] Inferring partial write operation for 'output_length_histogram1.V' (./hls-src/huffman_truncate_tree.cpp:30:38)
INFO: [HLS 200-472] Inferring partial write operation for 'output_length_histogram1.V' (./hls-src/huffman_truncate_tree.cpp:31:38)
INFO: [HLS 200-472] Inferring partial write operation for 'output_length_histogram1.V' (./hls-src/huffman_truncate_tree.cpp:32:13)
INFO: [HLS 200-472] Inferring partial write operation for 'output_length_histogram1.V' (./hls-src/huffman_truncate_tree.cpp:33:13)
INFO: [HLS 200-472] Inferring partial write operation for 'sorting.value.V' (./hls-src/huffman.h:30:8)
INFO: [HLS 200-472] Inferring partial write operation for 'current_digit.V' (./hls-src/huffman_sort.cpp:37:13)
INFO: [HLS 200-472] Inferring partial write operation for 'previous_sorting.val' (./hls-src/huffman.h:30:8)
INFO: [HLS 200-472] Inferring partial write operation for 'sorting.value.V' (./hls-src/huffman.h:30:8)
INFO: [HLS 200-472] Inferring partial write operation for 'out.value.V' (./hls-src/huffman.h:30:8)
INFO: [HLS 200-472] Inferring partial write operation for 'out.frequency.V' (./hls-src/huffman_filter.cpp:13:11)
INFO: [HLS 200-472] Inferring partial write operation for 'out.value.V' (./hls-src/huffman_filter.cpp:14:11)
INFO: [HLS 200-472] Inferring partial write operation for 'left.V' (./hls-src/huffman_create_tree.cpp:28:13)
INFO: [HLS 200-472] Inferring partial write operation for 'left.V' (./hls-src/huffman_create_tree.cpp:33:13)
INFO: [HLS 200-472] Inferring partial write operation for 'parent.V' (./hls-src/huffman_create_tree.cpp:35:20)
INFO: [HLS 200-472] Inferring partial write operation for 'right.V' (./hls-src/huffman_create_tree.cpp:44:13)
INFO: [HLS 200-472] Inferring partial write operation for 'frequency.V' (./hls-src/huffman_create_tree.cpp:45:28)
INFO: [HLS 200-472] Inferring partial write operation for 'right.V' (./hls-src/huffman_create_tree.cpp:49:13)
INFO: [HLS 200-472] Inferring partial write operation for 'frequency.V' (./hls-src/huffman_create_tree.cpp:50:28)
INFO: [HLS 200-472] Inferring partial write operation for 'parent.V' (./hls-src/huffman_create_tree.cpp:51:20)
INFO: [HLS 200-472] Inferring partial write operation for 'parent.V' (./hls-src/huffman_create_tree.cpp:58:12)
INFO: [HLS 200-472] Inferring partial write operation for 'codeword_length_hist' (./hls-src/huffman_create_codeword.cpp:14:9)
INFO: [HLS 200-472] Inferring partial write operation for 'codeword_length_hist' (./hls-src/huffman_create_codeword.cpp:19:9)
INFO: [HLS 200-472] Inferring partial write operation for 'first_codeword.V' (./hls-src/huffman_create_codeword.cpp:24:5)
INFO: [HLS 200-472] Inferring partial write operation for 'first_codeword.V' (./hls-src/huffman_create_codeword.cpp:28:23)
INFO: [HLS 200-472] Inferring partial write operation for 'first_codeword.V' (./hls-src/huffman_create_codeword.cpp:54:26)
INFO: [HLS 200-472] Inferring partial write operation for 'internal_length_hist' (./hls-src/huffman_compute_bit_length.cpp:16:2)
INFO: [HLS 200-472] Inferring partial write operation for 'child_depth.V' (./hls-src/huffman_compute_bit_length.cpp:19:5)
INFO: [HLS 200-472] Inferring partial write operation for 'child_depth.V' (./hls-src/huffman_compute_bit_length.cpp:25:9)
INFO: [HLS 200-472] Inferring partial write operation for 'internal_length_hist' (./hls-src/huffman_compute_bit_length.cpp:37:39)
INFO: [HLS 200-472] Inferring partial write operation for 'length_histogram.V' (./hls-src/huffman_compute_bit_length.cpp:38:30)
INFO: [HLS 200-472] Inferring partial write operation for 'symbol_bits.V' (./hls-src/huffman_canonize_tree.cpp:14:5)
INFO: [HLS 200-472] Inferring partial write operation for 'symbol_bits.V' (./hls-src/huffman_canonize_tree.cpp:36:5)
INFO: [HLS 200-472] Inferring partial write operation for 'sorted_copy1.value.V' (./hls-src/huffman_encoding.cpp:43:5)
INFO: [HLS 200-472] Inferring partial write operation for 'sorted_copy1.frequency.V' (./hls-src/huffman_encoding.cpp:44:5)
INFO: [HLS 200-472] Inferring partial write operation for 'sorted_copy2.value.V' (./hls-src/huffman_encoding.cpp:45:5)
INFO: [HLS 200-111] Finished Architecture Synthesis Time (s): cpu = 00:00:06 ; elapsed = 00:01:19 . Memory (MB): peak = 888.984 ; gain = 792.934
INFO: [HLS 200-10] Starting hardware synthesis ...
INFO: [HLS 200-10] Synthesizing 'huffman_encoding' ...
WARNING: [SYN 201-103] Legalizing function name 'Block__proc' to 'Block_proc'.
INFO: [HLS 200-10] ----------------------------------------------------------------
INFO: [HLS 200-42] -- Implementing module 'filter' 
INFO: [HLS 200-10] ----------------------------------------------------------------
INFO: [SCHED 204-11] Starting scheduling ...
INFO: [SCHED 204-61] Pipelining loop 'Loop 1'.
INFO: [SCHED 204-61] Pipelining result : Target II = 1, Final II = 1, Depth = 3.
INFO: [SCHED 204-11] Finished scheduling.
INFO: [HLS 200-111]  Elapsed time: 79.468 seconds; current allocated memory: 250.163 MB.
INFO: [BIND 205-100] Starting micro-architecture generation ...
INFO: [BIND 205-101] Performing variable lifetime analysis.
INFO: [BIND 205-101] Exploring resource sharing.
INFO: [BIND 205-101] Binding ...
INFO: [BIND 205-100] Finished micro-architecture generation.
INFO: [HLS 200-111]  Elapsed time: 0.07 seconds; current allocated memory: 250.298 MB.
INFO: [HLS 200-10] ----------------------------------------------------------------
INFO: [HLS 200-42] -- Implementing module 'sort' 
INFO: [HLS 200-10] ----------------------------------------------------------------
INFO: [SCHED 204-11] Starting scheduling ...
INFO: [SCHED 204-61] Pipelining loop 'copy_in_to_sorting'.
INFO: [SCHED 204-61] Pipelining result : Target II = 1, Final II = 1, Depth = 2.
INFO: [SCHED 204-61] Pipelining loop 'init_histogram'.
INFO: [SCHED 204-61] Pipelining result : Target II = 1, Final II = 1, Depth = 1.
INFO: [SCHED 204-61] Pipelining loop 'compute_histogram'.
INFO: [SCHED 204-61] Pipelining result : Target II = 1, Final II = 1, Depth = 3.
INFO: [SCHED 204-61] Pipelining loop 'find_digit_location'.
INFO: [SCHED 204-61] Pipelining result : Target II = 1, Final II = 1, Depth = 1.
INFO: [SCHED 204-61] Pipelining loop 're_sort'.
INFO: [SCHED 204-61] Pipelining result : Target II = 1, Final II = 1, Depth = 3.
INFO: [SCHED 204-11] Finished scheduling.
INFO: [HLS 200-111]  Elapsed time: 0.92 seconds; current allocated memory: 251.492 MB.
INFO: [BIND 205-100] Starting micro-architecture generation ...
INFO: [BIND 205-101] Performing variable lifetime analysis.
INFO: [BIND 205-101] Exploring resource sharing.
INFO: [BIND 205-101] Binding ...
INFO: [BIND 205-100] Finished micro-architecture generation.
INFO: [HLS 200-111]  Elapsed time: 0.265 seconds; current allocated memory: 254.959 MB.
INFO: [HLS 200-10] ----------------------------------------------------------------
INFO: [HLS 200-42] -- Implementing module 'Loop_copy_sorted_pro' 
INFO: [HLS 200-10] ----------------------------------------------------------------
INFO: [SCHED 204-11] Starting scheduling ...
INFO: [SCHED 204-11] Finished scheduling.
INFO: [HLS 200-111]  Elapsed time: 0.339 seconds; current allocated memory: 255.071 MB.
INFO: [BIND 205-100] Starting micro-architecture generation ...
INFO: [BIND 205-101] Performing variable lifetime analysis.
INFO: [BIND 205-101] Exploring resource sharing.
INFO: [BIND 205-101] Binding ...
INFO: [BIND 205-100] Finished micro-architecture generation.
INFO: [HLS 200-111]  Elapsed time: 0.233 seconds; current allocated memory: 255.190 MB.
INFO: [HLS 200-10] ----------------------------------------------------------------
INFO: [HLS 200-42] -- Implementing module 'create_tree' 
INFO: [HLS 200-10] ----------------------------------------------------------------
INFO: [SCHED 204-11] Starting scheduling ...
INFO: [SCHED 204-61] Pipelining loop 'Loop 1'.
INFO: [SCHED 204-61] Pipelining result : Target II = 5, Final II = 4, Depth = 4.
INFO: [SCHED 204-11] Finished scheduling.
INFO: [HLS 200-111]  Elapsed time: 0.165 seconds; current allocated memory: 255.423 MB.
INFO: [BIND 205-100] Starting micro-architecture generation ...
INFO: [BIND 205-101] Performing variable lifetime analysis.
INFO: [BIND 205-101] Exploring resource sharing.
INFO: [BIND 205-101] Binding ...
INFO: [BIND 205-100] Finished micro-architecture generation.
INFO: [HLS 200-111]  Elapsed time: 0.103 seconds; current allocated memory: 255.785 MB.
INFO: [HLS 200-10] ----------------------------------------------------------------
INFO: [HLS 200-42] -- Implementing module 'compute_bit_length' 
INFO: [HLS 200-10] ----------------------------------------------------------------
INFO: [SCHED 204-11] Starting scheduling ...
INFO: [SCHED 204-61] Pipelining loop 'init_histogram'.
INFO: [SCHED 204-61] Pipelining result : Target II = 1, Final II = 1, Depth = 1.
INFO: [SCHED 204-61] Pipelining loop 'traverse_tree'.
INFO: [SCHED 204-61] Pipelining result : Target II = 3, Final II = 3, Depth = 5.
INFO: [SCHED 204-11] Finished scheduling.
INFO: [HLS 200-111]  Elapsed time: 0.221 seconds; current allocated memory: 256.002 MB.
INFO: [BIND 205-100] Starting micro-architecture generation ...
INFO: [BIND 205-101] Performing variable lifetime analysis.
INFO: [BIND 205-101] Exploring resource sharing.
INFO: [BIND 205-101] Binding ...
INFO: [BIND 205-100] Finished micro-architecture generation.
INFO: [HLS 200-111]  Elapsed time: 0.101 seconds; current allocated memory: 256.228 MB.
INFO: [HLS 200-10] ----------------------------------------------------------------
INFO: [HLS 200-42] -- Implementing module 'truncate_tree' 
INFO: [HLS 200-10] ----------------------------------------------------------------
INFO: [SCHED 204-11] Starting scheduling ...
INFO: [SCHED 204-11] Finished scheduling.
INFO: [HLS 200-111]  Elapsed time: 0.121 seconds; current allocated memory: 256.480 MB.
INFO: [BIND 205-100] Starting micro-architecture generation ...
INFO: [BIND 205-101] Performing variable lifetime analysis.
INFO: [BIND 205-101] Exploring resource sharing.
INFO: [BIND 205-101] Binding ...
INFO: [BIND 205-100] Finished micro-architecture generation.
INFO: [HLS 200-111]  Elapsed time: 0.094 seconds; current allocated memory: 256.698 MB.
INFO: [HLS 200-10] ----------------------------------------------------------------
INFO: [HLS 200-42] -- Implementing module 'canonize_tree' 
INFO: [HLS 200-10] ----------------------------------------------------------------
INFO: [SCHED 204-11] Starting scheduling ...
INFO: [SCHED 204-11] Finished scheduling.
INFO: [HLS 200-111]  Elapsed time: 0.146 seconds; current allocated memory: 256.820 MB.
INFO: [BIND 205-100] Starting micro-architecture generation ...
INFO: [BIND 205-101] Performing variable lifetime analysis.
INFO: [BIND 205-101] Exploring resource sharing.
INFO: [BIND 205-101] Binding ...
INFO: [BIND 205-100] Finished micro-architecture generation.
INFO: [HLS 200-111]  Elapsed time: 0.08 seconds; current allocated memory: 256.994 MB.
INFO: [HLS 200-10] ----------------------------------------------------------------
INFO: [HLS 200-42] -- Implementing module 'create_codeword' 
INFO: [HLS 200-10] ----------------------------------------------------------------
INFO: [SCHED 204-11] Starting scheduling ...
INFO: [SCHED 204-61] Pipelining loop 'first_codewords'.
WARNING: [SCHED 204-68] The II Violation in module 'create_codeword' (Loop: first_codewords): Unable to enforce a carried dependence constraint (II = 1, distance = 1, offset = 1)
   between 'store' operation ('first_codeword_V_add_2_write_ln28', ./hls-src/huffman_create_codeword.cpp:28) of variable 'shl_ln', ./hls-src/huffman_create_codeword.cpp:28 on array 'first_codeword.V', ./hls-src/huffman_create_codeword.cpp:22 and 'load' operation ('first_codeword_V_loa', ./hls-src/huffman_create_codeword.cpp:28) on array 'first_codeword.V', ./hls-src/huffman_create_codeword.cpp:22.
INFO: [SCHED 204-61] Pipelining result : Target II = 1, Final II = 2, Depth = 2.
INFO: [SCHED 204-61] Pipelining loop 'assign_codewords'.
INFO: [SCHED 204-61] Pipelining result : Target II = 5, Final II = 4, Depth = 4.
INFO: [SCHED 204-11] Finished scheduling.
INFO: [HLS 200-111]  Elapsed time: 0.18 seconds; current allocated memory: 257.241 MB.
INFO: [BIND 205-100] Starting micro-architecture generation ...
INFO: [BIND 205-101] Performing variable lifetime analysis.
INFO: [BIND 205-101] Exploring resource sharing.
INFO: [BIND 205-101] Binding ...
INFO: [BIND 205-100] Finished micro-architecture generation.
INFO: [HLS 200-111]  Elapsed time: 0.121 seconds; current allocated memory: 257.561 MB.
INFO: [HLS 200-10] ----------------------------------------------------------------
INFO: [HLS 200-42] -- Implementing module 'Block_proc' 
INFO: [HLS 200-10] ----------------------------------------------------------------
INFO: [SCHED 204-11] Starting scheduling ...
INFO: [SCHED 204-11] Finished scheduling.
INFO: [HLS 200-111]  Elapsed time: 0.154 seconds; current allocated memory: 257.604 MB.
INFO: [BIND 205-100] Starting micro-architecture generation ...
INFO: [BIND 205-101] Performing variable lifetime analysis.
INFO: [BIND 205-101] Exploring resource sharing.
INFO: [BIND 205-101] Binding ...
INFO: [BIND 205-100] Finished micro-architecture generation.
INFO: [HLS 200-111]  Elapsed time: 0.067 seconds; current allocated memory: 257.647 MB.
INFO: [HLS 200-10] ----------------------------------------------------------------
INFO: [HLS 200-42] -- Implementing module 'huffman_encoding' 
INFO: [HLS 200-10] ----------------------------------------------------------------
INFO: [SCHED 204-11] Starting scheduling ...
INFO: [SCHED 204-11] Finished scheduling.
INFO: [HLS 200-111]  Elapsed time: 0.071 seconds; current allocated memory: 257.785 MB.
INFO: [BIND 205-100] Starting micro-architecture generation ...
INFO: [BIND 205-101] Performing variable lifetime analysis.
INFO: [BIND 205-101] Exploring resource sharing.
INFO: [BIND 205-101] Binding ...
INFO: [BIND 205-100] Finished micro-architecture generation.
INFO: [HLS 200-111]  Elapsed time: 0.412 seconds; current allocated memory: 258.167 MB.
INFO: [HLS 200-10] ----------------------------------------------------------------
INFO: [HLS 200-10] -- Generating RTL for module 'filter' 
INFO: [HLS 200-10] ----------------------------------------------------------------
INFO: [RTGEN 206-100] Finished creating RTL model for 'filter'.
INFO: [HLS 200-111]  Elapsed time: 0.34 seconds; current allocated memory: 258.549 MB.
INFO: [HLS 200-10] ----------------------------------------------------------------
INFO: [HLS 200-10] -- Generating RTL for module 'sort' 
INFO: [HLS 200-10] ----------------------------------------------------------------
INFO: [SYN 201-210] Renamed object name 'sort_previous_sorting_val' to 'sort_previous_sorbkb' due to the length limit 20
INFO: [SYN 201-210] Renamed object name 'sort_previous_sorting_fre' to 'sort_previous_sorcud' due to the length limit 20
INFO: [SYN 201-210] Renamed object name 'sort_sorting_value_V' to 'sort_sorting_valudEe' due to the length limit 20
INFO: [SYN 201-210] Renamed object name 'sort_sorting_frequency_V' to 'sort_sorting_freqeOg' due to the length limit 20
INFO: [SYN 201-210] Renamed object name 'sort_current_digit_V' to 'sort_current_digifYi' due to the length limit 20
INFO: [SYN 201-210] Renamed object name 'huffman_encoding_mux_164_32_1_1' to 'huffman_encoding_g8j' due to the length limit 20
INFO: [RTGEN 206-100] Generating core module 'huffman_encoding_g8j': 3 instance(s).
INFO: [RTGEN 206-100] Finished creating RTL model for 'sort'.
INFO: [HLS 200-111]  Elapsed time: 0.419 seconds; current allocated memory: 262.034 MB.
INFO: [HLS 200-10] ----------------------------------------------------------------
INFO: [HLS 200-10] -- Generating RTL for module 'Loop_copy_sorted_pro' 
INFO: [HLS 200-10] ----------------------------------------------------------------
INFO: [RTGEN 206-100] Finished creating RTL model for 'Loop_copy_sorted_pro'.
INFO: [HLS 200-111]  Elapsed time: 0.659 seconds; current allocated memory: 268.956 MB.
INFO: [HLS 200-10] ----------------------------------------------------------------
INFO: [HLS 200-10] -- Generating RTL for module 'create_tree' 
INFO: [HLS 200-10] ----------------------------------------------------------------
INFO: [SYN 201-210] Renamed object name 'create_tree_frequency_V' to 'create_tree_frequhbi' due to the length limit 20
INFO: [RTGEN 206-100] Finished creating RTL model for 'create_tree'.
INFO: [HLS 200-111]  Elapsed time: 0.143 seconds; current allocated memory: 269.861 MB.
INFO: [HLS 200-10] ----------------------------------------------------------------
INFO: [HLS 200-10] -- Generating RTL for module 'compute_bit_length' 
INFO: [HLS 200-10] ----------------------------------------------------------------
INFO: [SYN 201-210] Renamed object name 'compute_bit_length_child_depth_V' to 'compute_bit_lengtibs' due to the length limit 20
INFO: [SYN 201-210] Renamed object name 'compute_bit_length_internal_length_hist' to 'compute_bit_lengtjbC' due to the length limit 20
INFO: [RTGEN 206-100] Finished creating RTL model for 'compute_bit_length'.
INFO: [HLS 200-111]  Elapsed time: 0.278 seconds; current allocated memory: 271.503 MB.
INFO: [HLS 200-10] ----------------------------------------------------------------
INFO: [HLS 200-10] -- Generating RTL for module 'truncate_tree' 
INFO: [HLS 200-10] ----------------------------------------------------------------
INFO: [RTGEN 206-100] Finished creating RTL model for 'truncate_tree'.
INFO: [HLS 200-111]  Elapsed time: 0.192 seconds; current allocated memory: 272.773 MB.
INFO: [HLS 200-10] ----------------------------------------------------------------
INFO: [HLS 200-10] -- Generating RTL for module 'canonize_tree' 
INFO: [HLS 200-10] ----------------------------------------------------------------
INFO: [RTGEN 206-100] Finished creating RTL model for 'canonize_tree'.
INFO: [HLS 200-111]  Elapsed time: 0.192 seconds; current allocated memory: 273.938 MB.
INFO: [HLS 200-10] ----------------------------------------------------------------
INFO: [HLS 200-10] -- Generating RTL for module 'create_codeword' 
INFO: [HLS 200-10] ----------------------------------------------------------------
INFO: [SYN 201-210] Renamed object name 'create_codeword_codeword_length_hist' to 'create_codeword_ckbM' due to the length limit 20
INFO: [SYN 201-210] Renamed object name 'create_codeword_first_codeword_V' to 'create_codeword_flbW' due to the length limit 20
INFO: [RTGEN 206-100] Finished creating RTL model for 'create_codeword'.
INFO: [HLS 200-111]  Elapsed time: 0.183 seconds; current allocated memory: 275.127 MB.
INFO: [HLS 200-10] ----------------------------------------------------------------
INFO: [HLS 200-10] -- Generating RTL for module 'Block_proc' 
INFO: [HLS 200-10] ----------------------------------------------------------------
INFO: [RTGEN 206-100] Finished creating RTL model for 'Block_proc'.
INFO: [HLS 200-111]  Elapsed time: 0.242 seconds; current allocated memory: 276.338 MB.
INFO: [HLS 200-10] ----------------------------------------------------------------
INFO: [HLS 200-10] -- Generating RTL for module 'huffman_encoding' 
INFO: [HLS 200-10] ----------------------------------------------------------------
INFO: [RTGEN 206-500] Setting interface mode on port 'huffman_encoding/symbol_histogram_value_V' to 'ap_memory'.
INFO: [RTGEN 206-500] Setting interface mode on port 'huffman_encoding/symbol_histogram_frequency_V' to 'ap_memory'.
INFO: [RTGEN 206-500] Setting interface mode on port 'huffman_encoding/encoding_V' to 'ap_memory'.
INFO: [RTGEN 206-500] Setting interface mode on port 'huffman_encoding/num_nonzero_symbols' to 'ap_vld'.
INFO: [RTGEN 206-500] Setting interface mode on function 'huffman_encoding' to 'ap_ctrl_hs'.
INFO: [SYN 201-210] Renamed object name 'huffman_encoding_filtered_value_V' to 'huffman_encoding_mb6' due to the length limit 20
INFO: [SYN 201-210] Renamed object name 'huffman_encoding_filtered_frequency_V' to 'huffman_encoding_ncg' due to the length limit 20
INFO: [SYN 201-210] Renamed object name 'huffman_encoding_sorted_0' to 'huffman_encoding_ocq' due to the length limit 20
INFO: [SYN 201-210] Renamed object name 'huffman_encoding_sorted_1' to 'huffman_encoding_pcA' due to the length limit 20
INFO: [SYN 201-210] Renamed object name 'huffman_encoding_sorted_copy1_value_V' to 'huffman_encoding_qcK' due to the length limit 20
INFO: [SYN 201-210] Renamed object name 'huffman_encoding_sorted_copy1_frequen' to 'huffman_encoding_rcU' due to the length limit 20
INFO: [SYN 201-210] Renamed object name 'huffman_encoding_sorted_copy2_value_V' to 'huffman_encoding_sc4' due to the length limit 20
INFO: [SYN 201-210] Renamed object name 'huffman_encoding_parent_V' to 'huffman_encoding_tde' due to the length limit 20
INFO: [SYN 201-210] Renamed object name 'huffman_encoding_left_V' to 'huffman_encoding_udo' due to the length limit 20
INFO: [SYN 201-210] Renamed object name 'huffman_encoding_right_V' to 'huffman_encoding_vdy' due to the length limit 20
INFO: [SYN 201-210] Renamed object name 'huffman_encoding_length_histogram_V' to 'huffman_encoding_wdI' due to the length limit 20
INFO: [SYN 201-210] Renamed object name 'huffman_encoding_truncated_length_his' to 'huffman_encoding_xdS' due to the length limit 20
INFO: [SYN 201-210] Renamed object name 'huffman_encoding_symbol_bits_V' to 'huffman_encoding_yd2' due to the length limit 20
INFO: [SYN 201-210] Renamed object name 'start_for_Block_proc_U0' to 'start_for_Block_pzec' due to the length limit 20
INFO: [RTGEN 206-100] Finished creating RTL model for 'huffman_encoding'.
INFO: [HLS 200-111]  Elapsed time: 0.376 seconds; current allocated memory: 278.325 MB.
INFO: [HLS 200-790] **** Loop Constraint Status: All loop constraints were NOT satisfied.
INFO: [HLS 200-789] **** Estimated Fmax: 115.46 MHz
INFO: [RTMG 210-278] Implementing memory 'sort_previous_sorbkb_ram (RAM)' using block RAMs.
INFO: [RTMG 210-278] Implementing memory 'sort_current_digifYi_ram (RAM)' using block RAMs.
INFO: [RTMG 210-278] Implementing memory 'create_tree_frequhbi_ram (RAM)' using block RAMs.
INFO: [RTMG 210-278] Implementing memory 'compute_bit_lengtibs_ram (RAM)' using block RAMs.
INFO: [RTMG 210-278] Implementing memory 'compute_bit_lengtjbC_ram (RAM)' using block RAMs.
INFO: [RTMG 210-278] Implementing memory 'create_codeword_ckbM_ram (RAM)' using distributed RAMs.
INFO: [RTMG 210-278] Implementing memory 'create_codeword_flbW_ram (RAM)' using distributed RAMs.
INFO: [HLS 200-741] Implementing PIPO huffman_encoding_mb6_memcore using a single memory for all blocks
INFO: [RTMG 210-278] Implementing memory 'huffman_encoding_mb6_memcore_ram (RAM)' using block RAMs.
INFO: [HLS 200-741] Implementing PIPO huffman_encoding_tde_memcore using a single memory for all blocks
INFO: [RTMG 210-278] Implementing memory 'huffman_encoding_tde_memcore_ram (RAM)' using block RAMs.
INFO: [HLS 200-741] Implementing PIPO huffman_encoding_udo_memcore using a single memory for all blocks
INFO: [RTMG 210-278] Implementing memory 'huffman_encoding_udo_memcore_ram (RAM)' using block RAMs.
INFO: [HLS 200-741] Implementing PIPO huffman_encoding_wdI_memcore using a single memory for all blocks
INFO: [RTMG 210-278] Implementing memory 'huffman_encoding_wdI_memcore_ram (RAM)' using block RAMs.
INFO: [HLS 200-740] Implementing PIPO huffman_encoding_xdS_memcore using a separate memory for each block
INFO: [RTMG 210-278] Implementing memory 'huffman_encoding_xdS_memcore_ram (RAM)' using block RAMs.
INFO: [HLS 200-741] Implementing PIPO huffman_encoding_yd2_memcore using a single memory for all blocks
INFO: [RTMG 210-278] Implementing memory 'huffman_encoding_yd2_memcore_ram (RAM)' using block RAMs.
INFO: [RTMG 210-285] Implementing FIFO 'n_c_U(fifo_w32_d2_A)' using Shift Registers.
INFO: [RTMG 210-285] Implementing FIFO 'n_c16_U(fifo_w32_d2_A)' using Shift Registers.
INFO: [RTMG 210-285] Implementing FIFO 'val_assign_loc_c_U(fifo_w32_d2_A)' using Shift Registers.
INFO: [RTMG 210-285] Implementing FIFO 'val_assign_loc_c17_U(fifo_w32_d2_A)' using Shift Registers.
INFO: [RTMG 210-285] Implementing FIFO 'val_assign_loc_c18_U(fifo_w32_d2_A)' using Shift Registers.
INFO: [RTMG 210-285] Implementing FIFO 'val_assign_loc_c19_U(fifo_w32_d3_A)' using Shift Registers.
INFO: [RTMG 210-285] Implementing FIFO 'start_for_Block_pzec_U(start_for_Block_pzec)' using Shift Registers.
INFO: [HLS 200-741] Implementing PIPO huffman_encoding_mb6_memcore using a single memory for all blocks
INFO: [HLS 200-741] Implementing PIPO huffman_encoding_tde_memcore using a single memory for all blocks
INFO: [HLS 200-741] Implementing PIPO huffman_encoding_udo_memcore using a single memory for all blocks
INFO: [HLS 200-741] Implementing PIPO huffman_encoding_wdI_memcore using a single memory for all blocks
INFO: [HLS 200-740] Implementing PIPO huffman_encoding_xdS_memcore using a separate memory for each block
INFO: [HLS 200-741] Implementing PIPO huffman_encoding_yd2_memcore using a single memory for all blocks
INFO: [HLS 200-741] Implementing PIPO huffman_encoding_mb6_memcore using a single memory for all blocks
INFO: [HLS 200-741] Implementing PIPO huffman_encoding_tde_memcore using a single memory for all blocks
INFO: [HLS 200-741] Implementing PIPO huffman_encoding_udo_memcore using a single memory for all blocks
INFO: [HLS 200-741] Implementing PIPO huffman_encoding_wdI_memcore using a single memory for all blocks
INFO: [HLS 200-740] Implementing PIPO huffman_encoding_xdS_memcore using a separate memory for each block
INFO: [HLS 200-741] Implementing PIPO huffman_encoding_yd2_memcore using a single memory for all blocks
INFO: [HLS 200-111] Finished generating all RTL models Time (s): cpu = 00:00:13 ; elapsed = 00:01:30 . Memory (MB): peak = 888.984 ; gain = 792.934
INFO: [VHDL 208-304] Generating VHDL RTL for huffman_encoding.
INFO: [VLOG 209-307] Generating Verilog RTL for huffman_encoding.
INFO: [HLS 200-112] Total elapsed time: 90.351 seconds; peak allocated memory: 278.325 MB.
==============================================================
Vivado(TM) HLS - High-Level Synthesis from C, C++ and SystemC v2020.1 (64-bit)
Copyright 1986-2020 Xilinx, Inc. All Rights Reserved.
==============================================================
INFO: [SYN 201-201] Setting up clock 'default' with a period of 10ns.
INFO: [HLS 200-10] Setting target device to 'xc7z020-clg484-1'
INFO: [SIM 211-2] *************** CSIM start ***************
INFO: [SIM 211-4] CSIM will launch GCC as the compiler.
INFO: [SIM 211-1] CSim done with 0 errors.
INFO: [SIM 211-3] *************** CSIM finish ***************
