

================================================================
== Vivado HLS Report for 'compute_bit_length'
================================================================
* Date:           Tue Aug  3 15:22:57 2021

* Version:        2020.1 (Build 2897737 on Wed May 27 20:21:37 MDT 2020)
* Project:        huffman_encoding_core_build
* Solution:       solution
* Product family: zynq
* Target device:  xc7z020-clg484-1


================================================================
== Performance Estimates
================================================================
+ Timing: 
    * Summary: 
    +--------+----------+----------+------------+
    |  Clock |  Target  | Estimated| Uncertainty|
    +--------+----------+----------+------------+
    |ap_clk  | 10.00 ns | 8.333 ns |   1.25 ns  |
    +--------+----------+----------+------------+

+ Latency: 
    * Summary: 
    +---------+---------+-----------+-----------+------+------+---------+
    |  Latency (cycles) |   Latency (absolute)  |   Interval  | Pipeline|
    |   min   |   max   |    min    |    max    |  min |  max |   Type  |
    +---------+---------+-----------+-----------+------+------+---------+
    |     1078|     1331| 10.780 us | 13.310 us |  1078|  1331|   none  |
    +---------+---------+-----------+-----------+------+------+---------+

    + Detail: 
        * Instance: 
        N/A

        * Loop: 
        +------------------+---------+---------+----------+-----------+-----------+------+----------+
        |                  |  Latency (cycles) | Iteration|  Initiation Interval  | Trip |          |
        |     Loop Name    |   min   |   max   |  Latency |  achieved |   target  | Count| Pipelined|
        +------------------+---------+---------+----------+-----------+-----------+------+----------+
        |- init_histogram  |       64|       64|         1|          -|          -|    64|    no    |
        |- traverse_tree   |     1012|     1265|   4 ~ 5  |          -|          -|   253|    no    |
        +------------------+---------+---------+----------+-----------+-----------+------+----------+



================================================================
== Utilization Estimates
================================================================
* Summary: 
+-----------------+---------+-------+--------+-------+-----+
|       Name      | BRAM_18K| DSP48E|   FF   |  LUT  | URAM|
+-----------------+---------+-------+--------+-------+-----+
|DSP              |        -|      -|       -|      -|    -|
|Expression       |        -|      -|       0|    235|    -|
|FIFO             |        -|      -|       -|      -|    -|
|Instance         |        -|      -|       -|      -|    -|
|Memory           |        2|      -|       0|      0|    0|
|Multiplexer      |        -|      -|       -|    140|    -|
|Register         |        -|      -|     126|      -|    -|
+-----------------+---------+-------+--------+-------+-----+
|Total            |        2|      0|     126|    375|    0|
+-----------------+---------+-------+--------+-------+-----+
|Available        |      280|    220|  106400|  53200|    0|
+-----------------+---------+-------+--------+-------+-----+
|Utilization (%)  |    ~0   |      0|   ~0   |   ~0  |    0|
+-----------------+---------+-------+--------+-------+-----+

+ Detail: 
    * Instance: 
    N/A

    * DSP48E: 
    N/A

    * Memory: 
    +------------------------+----------------------+---------+---+----+-----+------+-----+------+-------------+
    |         Memory         |        Module        | BRAM_18K| FF| LUT| URAM| Words| Bits| Banks| W*Bits*Banks|
    +------------------------+----------------------+---------+---+----+-----+------+-----+------+-------------+
    |child_depth_V_U         |compute_bit_lengtjbC  |        1|  0|   0|    0|   255|    6|     1|         1530|
    |internal_length_hist_U  |compute_bit_lengtkbM  |        1|  0|   0|    0|    64|   32|     1|         2048|
    +------------------------+----------------------+---------+---+----+-----+------+-----+------+-------------+
    |Total                   |                      |        2|  0|   0|    0|   319|   38|     2|         3578|
    +------------------------+----------------------+---------+---+----+-----+------+-----+------+-------------+

    * FIFO: 
    N/A

    * Expression: 
    +------------------------+----------+-------+---+----+------------+------------+
    |      Variable Name     | Operation| DSP48E| FF| LUT| Bitwidth P0| Bitwidth P1|
    +------------------------+----------+-------+---+----+------------+------------+
    |add_ln19_fu_222_p2      |     +    |      0|  0|  39|          32|           3|
    |count_V_2_fu_283_p2     |     +    |      0|  0|  39|          32|          32|
    |i_7_fu_211_p2           |     +    |      0|  0|  15|           7|           1|
    |i_8_fu_290_p2           |     +    |      0|  0|  39|          32|           2|
    |i_fu_232_p2             |     +    |      0|  0|  39|          32|           3|
    |length_V_fu_255_p2      |     +    |      0|  0|  15|           6|           1|
    |icmp_ln14_fu_205_p2     |   icmp   |      0|  0|  11|           7|           8|
    |icmp_ln883_1_fu_268_p2  |   icmp   |      0|  0|  18|          32|           2|
    |icmp_ln883_fu_262_p2    |   icmp   |      0|  0|  18|          32|           2|
    |ap_condition_158        |    or    |      0|  0|   2|           1|           1|
    +------------------------+----------+-------+---+----+------------+------------+
    |Total                   |          |      0|  0| 235|         213|          55|
    +------------------------+----------+-------+---+----+------------+------------+

    * Multiplexer: 
    +-------------------------------+----+-----------+-----+-----------+
    |              Name             | LUT| Input Size| Bits| Total Bits|
    +-------------------------------+----+-----------+-----+-----------+
    |ap_NS_fsm                      |  41|          8|    1|          8|
    |child_depth_V_address0         |  21|          4|    8|         32|
    |child_depth_V_d0               |  15|          3|    6|         18|
    |i2_0_reg_182                   |   9|          2|   32|         64|
    |i_0_reg_171                    |   9|          2|    7|         14|
    |internal_length_hist_address0  |  21|          4|    6|         24|
    |internal_length_hist_d0        |  15|          3|   32|         96|
    |op2_assign_reg_192             |   9|          2|    2|          4|
    +-------------------------------+----+-----------+-----+-----------+
    |Total                          | 140|         28|   94|        260|
    +-------------------------------+----+-----------+-----+-----------+

    * Register: 
    +--------------------------------+----+----+-----+-----------+
    |              Name              | FF | LUT| Bits| Const Bits|
    +--------------------------------+----+----+-----+-----------+
    |ap_CS_fsm                       |   7|   0|    7|          0|
    |count_V_reg_363                 |  32|   0|   32|          0|
    |i2_0_reg_182                    |  32|   0|   32|          0|
    |i_0_reg_171                     |   7|   0|    7|          0|
    |icmp_ln883_1_reg_349            |   1|   0|    1|          0|
    |icmp_ln883_reg_345              |   1|   0|    1|          0|
    |internal_length_hist_2_reg_358  |   6|   0|    6|          0|
    |op2_assign_reg_192              |   2|   0|    2|          0|
    |zext_ln24_reg_318               |  32|   0|   64|         32|
    |zext_ln544_9_reg_353            |   6|   0|   64|         58|
    +--------------------------------+----+----+-----+-----------+
    |Total                           | 126|   0|  216|         90|
    +--------------------------------+----+----+-----+-----------+



================================================================
== Interface
================================================================
* Summary: 
+-----------------------------+-----+-----+------------+--------------------+--------------+
|          RTL Ports          | Dir | Bits|  Protocol  |    Source Object   |    C Type    |
+-----------------------------+-----+-----+------------+--------------------+--------------+
|ap_clk                       |  in |    1| ap_ctrl_hs | compute_bit_length | return value |
|ap_rst                       |  in |    1| ap_ctrl_hs | compute_bit_length | return value |
|ap_start                     |  in |    1| ap_ctrl_hs | compute_bit_length | return value |
|ap_done                      | out |    1| ap_ctrl_hs | compute_bit_length | return value |
|ap_idle                      | out |    1| ap_ctrl_hs | compute_bit_length | return value |
|ap_ready                     | out |    1| ap_ctrl_hs | compute_bit_length | return value |
|parent_V_address0            | out |    8|  ap_memory |      parent_V      |     array    |
|parent_V_ce0                 | out |    1|  ap_memory |      parent_V      |     array    |
|parent_V_q0                  |  in |   31|  ap_memory |      parent_V      |     array    |
|left_V_address0              | out |    8|  ap_memory |       left_V       |     array    |
|left_V_ce0                   | out |    1|  ap_memory |       left_V       |     array    |
|left_V_q0                    |  in |   32|  ap_memory |       left_V       |     array    |
|right_V_address0             | out |    8|  ap_memory |       right_V      |     array    |
|right_V_ce0                  | out |    1|  ap_memory |       right_V      |     array    |
|right_V_q0                   |  in |   32|  ap_memory |       right_V      |     array    |
|num_symbols                  |  in |   32|   ap_none  |     num_symbols    |    scalar    |
|length_histogram_V_address0  | out |    6|  ap_memory | length_histogram_V |     array    |
|length_histogram_V_ce0       | out |    1|  ap_memory | length_histogram_V |     array    |
|length_histogram_V_we0       | out |    1|  ap_memory | length_histogram_V |     array    |
|length_histogram_V_d0        | out |   32|  ap_memory | length_histogram_V |     array    |
+-----------------------------+-----+-----+------------+--------------------+--------------+

