

================================================================
== Vivado HLS Report for 'filter'
================================================================
* Date:           Tue Aug  3 12:44:35 2021

* Version:        2020.1 (Build 2897737 on Wed May 27 20:21:37 MDT 2020)
* Project:        huffman_encoding_core_build
* Solution:       solution
* Product family: zynq
* Target device:  xc7z020-clg484-1


================================================================
== Performance Estimates
================================================================
+ Timing: 
    * Summary: 
    +--------+----------+----------+------------+
    |  Clock |  Target  | Estimated| Uncertainty|
    +--------+----------+----------+------------+
    |ap_clk  | 10.00 ns | 6.705 ns |   1.25 ns  |
    +--------+----------+----------+------------+

+ Latency: 
    * Summary: 
    +---------+---------+----------+----------+-----+-----+---------+
    |  Latency (cycles) |  Latency (absolute) |  Interval | Pipeline|
    |   min   |   max   |    min   |    max   | min | max |   Type  |
    +---------+---------+----------+----------+-----+-----+---------+
    |      259|      259| 2.590 us | 2.590 us |  259|  259|   none  |
    +---------+---------+----------+----------+-----+-----+---------+

    + Detail: 
        * Instance: 
        N/A

        * Loop: 
        +----------+---------+---------+----------+-----------+-----------+------+----------+
        |          |  Latency (cycles) | Iteration|  Initiation Interval  | Trip |          |
        | Loop Name|   min   |   max   |  Latency |  achieved |   target  | Count| Pipelined|
        +----------+---------+---------+----------+-----------+-----------+------+----------+
        |- Loop 1  |      257|      257|         3|          1|          1|   256|    yes   |
        +----------+---------+---------+----------+-----------+-----------+------+----------+



================================================================
== Utilization Estimates
================================================================
* Summary: 
+-----------------+---------+-------+--------+-------+-----+
|       Name      | BRAM_18K| DSP48E|   FF   |  LUT  | URAM|
+-----------------+---------+-------+--------+-------+-----+
|DSP              |        -|      -|       -|      -|    -|
|Expression       |        -|      -|       0|     91|    -|
|FIFO             |        -|      -|       -|      -|    -|
|Instance         |        -|      -|       -|      -|    -|
|Memory           |        -|      -|       -|      -|    -|
|Multiplexer      |        -|      -|       -|     75|    -|
|Register         |        -|      -|      90|      -|    -|
+-----------------+---------+-------+--------+-------+-----+
|Total            |        0|      0|      90|    166|    0|
+-----------------+---------+-------+--------+-------+-----+
|Available        |      280|    220|  106400|  53200|    0|
+-----------------+---------+-------+--------+-------+-----+
|Utilization (%)  |        0|      0|   ~0   |   ~0  |    0|
+-----------------+---------+-------+--------+-------+-----+

+ Detail: 
    * Instance: 
    N/A

    * DSP48E: 
    N/A

    * Memory: 
    N/A

    * FIFO: 
    N/A

    * Expression: 
    +-------------------------+----------+-------+---+----+------------+------------+
    |      Variable Name      | Operation| DSP48E| FF| LUT| Bitwidth P0| Bitwidth P1|
    +-------------------------+----------+-------+---+----+------------+------------+
    |i_fu_149_p2              |     +    |      0|  0|  15|           9|           1|
    |j_V_fu_171_p2            |     +    |      0|  0|  39|          32|           1|
    |icmp_ln10_fu_143_p2      |   icmp   |      0|  0|  13|           9|          10|
    |icmp_ln883_fu_160_p2     |   icmp   |      0|  0|  18|          32|           1|
    |ap_block_state1          |    or    |      0|  0|   2|           1|           1|
    |ap_enable_pp0            |    xor   |      0|  0|   2|           1|           2|
    |ap_enable_reg_pp0_iter1  |    xor   |      0|  0|   2|           2|           1|
    +-------------------------+----------+-------+---+----+------------+------------+
    |Total                    |          |      0|  0|  91|          86|          17|
    +-------------------------+----------+-------+---+----+------------+------------+

    * Multiplexer: 
    +-------------------------+----+-----------+-----+-----------+
    |           Name          | LUT| Input Size| Bits| Total Bits|
    +-------------------------+----+-----------+-----+-----------+
    |ap_NS_fsm                |  21|          4|    1|          4|
    |ap_done                  |   9|          2|    1|          2|
    |ap_enable_reg_pp0_iter1  |   9|          2|    1|          2|
    |ap_enable_reg_pp0_iter2  |   9|          2|    1|          2|
    |i_0_i_reg_123            |   9|          2|    9|         18|
    |n_out_blk_n              |   9|          2|    1|          2|
    |t_V_fu_58                |   9|          2|   32|         64|
    +-------------------------+----+-----------+-----+-----------+
    |Total                    |  75|         16|   46|         94|
    +-------------------------+----+-----------+-----+-----------+

    * Register: 
    +-------------------------+----+----+-----+-----------+
    |           Name          | FF | LUT| Bits| Const Bits|
    +-------------------------+----+----+-----+-----------+
    |ap_CS_fsm                |   3|   0|    3|          0|
    |ap_done_reg              |   1|   0|    1|          0|
    |ap_enable_reg_pp0_iter0  |   1|   0|    1|          0|
    |ap_enable_reg_pp0_iter1  |   1|   0|    1|          0|
    |ap_enable_reg_pp0_iter2  |   1|   0|    1|          0|
    |i_0_i_reg_123            |   9|   0|    9|          0|
    |icmp_ln883_reg_208       |   1|   0|    1|          0|
    |t_V_fu_58                |  32|   0|   32|          0|
    |zext_ln12_reg_198        |   9|   0|   64|         55|
    |zext_ln544_reg_212       |  32|   0|   64|         32|
    +-------------------------+----+----+-----+-----------+
    |Total                    |  90|   0|  177|         87|
    +-------------------------+----+----+-----+-----------+



================================================================
== Interface
================================================================
* Summary: 
+--------------------------+-----+-----+------------+-----------------+--------------+
|         RTL Ports        | Dir | Bits|  Protocol  |  Source Object  |    C Type    |
+--------------------------+-----+-----+------------+-----------------+--------------+
|ap_clk                    |  in |    1| ap_ctrl_hs |      filter     | return value |
|ap_rst                    |  in |    1| ap_ctrl_hs |      filter     | return value |
|ap_start                  |  in |    1| ap_ctrl_hs |      filter     | return value |
|ap_done                   | out |    1| ap_ctrl_hs |      filter     | return value |
|ap_continue               |  in |    1| ap_ctrl_hs |      filter     | return value |
|ap_idle                   | out |    1| ap_ctrl_hs |      filter     | return value |
|ap_ready                  | out |    1| ap_ctrl_hs |      filter     | return value |
|in_value_V_address0       | out |    8|  ap_memory |    in_value_V   |     array    |
|in_value_V_ce0            | out |    1|  ap_memory |    in_value_V   |     array    |
|in_value_V_q0             |  in |   32|  ap_memory |    in_value_V   |     array    |
|in_frequency_V_address0   | out |    8|  ap_memory |  in_frequency_V |     array    |
|in_frequency_V_ce0        | out |    1|  ap_memory |  in_frequency_V |     array    |
|in_frequency_V_q0         |  in |   32|  ap_memory |  in_frequency_V |     array    |
|out_value_V_address0      | out |    8|  ap_memory |   out_value_V   |     array    |
|out_value_V_ce0           | out |    1|  ap_memory |   out_value_V   |     array    |
|out_value_V_we0           | out |    1|  ap_memory |   out_value_V   |     array    |
|out_value_V_d0            | out |   32|  ap_memory |   out_value_V   |     array    |
|out_frequency_V_address0  | out |    8|  ap_memory | out_frequency_V |     array    |
|out_frequency_V_ce0       | out |    1|  ap_memory | out_frequency_V |     array    |
|out_frequency_V_we0       | out |    1|  ap_memory | out_frequency_V |     array    |
|out_frequency_V_d0        | out |   32|  ap_memory | out_frequency_V |     array    |
|n_out_din                 | out |   32|   ap_fifo  |      n_out      |    pointer   |
|n_out_full_n              |  in |    1|   ap_fifo  |      n_out      |    pointer   |
|n_out_write               | out |    1|   ap_fifo  |      n_out      |    pointer   |
+--------------------------+-----+-----+------------+-----------------+--------------+

