

================================================================
== Vivado HLS Report for 'huffman_encoding'
================================================================
* Date:           Wed Aug  4 18:02:15 2021

* Version:        2020.1 (Build 2897737 on Wed May 27 20:21:37 MDT 2020)
* Project:        huffman_encoding_core_build
* Solution:       solution
* Product family: zynq
* Target device:  xc7z020-clg484-1


================================================================
== Performance Estimates
================================================================
+ Timing: 
    * Summary: 
    +--------+----------+----------+------------+
    |  Clock |  Target  | Estimated| Uncertainty|
    +--------+----------+----------+------------+
    |ap_clk  | 10.00 ns | 8.333 ns |   1.25 ns  |
    +--------+----------+----------+------------+

+ Latency: 
    * Summary: 
    +---------+---------+-----------+----------+------+-------+---------+
    |  Latency (cycles) |  Latency (absolute)  |   Interval   | Pipeline|
    |   min   |   max   |    min    |    max   |  min |  max  |   Type  |
    +---------+---------+-----------+----------+------+-------+---------+
    |     5389|    22194| 53.890 us | 0.222 ms |  5389|  22194|   none  |
    +---------+---------+-----------+----------+------+-------+---------+

    + Detail: 
        * Instance: 
        +-------------------------------+--------------------+---------+---------+-----------+-----------+------+-------+---------+
        |                               |                    |  Latency (cycles) |   Latency (absolute)  |   Interval   | Pipeline|
        |            Instance           |       Module       |   min   |   max   |    min    |    max    |  min |  max  |   Type  |
        +-------------------------------+--------------------+---------+---------+-----------+-----------+------+-------+---------+
        |grp_create_tree_fu_369         |create_tree         |        1|     1021| 10.000 ns | 10.210 us |     1|   1021|   none  |
        |grp_sort_fu_379                |sort                |      410|    15258|  4.100 us |  0.153 ms |   410|  15258|   none  |
        |grp_truncate_tree_fu_388       |truncate_tree       |     1339|     1447| 13.390 us | 14.470 us |  1339|   1447|   none  |
        |grp_compute_bit_length_fu_395  |compute_bit_length  |     1078|     1331| 10.780 us | 13.310 us |  1078|   1331|   none  |
        |grp_create_codeword_fu_404     |create_codeword     |      822|     1078|  8.220 us | 10.780 us |   822|   1078|   none  |
        +-------------------------------+--------------------+---------+---------+-----------+-----------+------+-------+---------+

        * Loop: 
        +----------------------+---------+---------+----------+-----------+-----------+-------+----------+
        |                      |  Latency (cycles) | Iteration|  Initiation Interval  |  Trip |          |
        |       Loop Name      |   min   |   max   |  Latency |  achieved |   target  | Count | Pipelined|
        +----------------------+---------+---------+----------+-----------+-----------+-------+----------+
        |- filter_label3       |      768|      768|         3|          -|          -|    256|    no    |
        |- copy_sorted         |      512|      512|         2|          -|          -|    256|    no    |
        |- init_bits           |      256|      256|         1|          -|          -|    256|    no    |
        |- process_symbols     |      192|      512|   3 ~ 8  |          -|          -|     64|    no    |
        | + process_symbols.1  |        3|        5|         2|          -|          -| 1 ~ 2 |    no    |
        +----------------------+---------+---------+----------+-----------+-----------+-------+----------+



================================================================
== Utilization Estimates
================================================================
* Summary: 
+-----------------+---------+-------+--------+-------+-----+
|       Name      | BRAM_18K| DSP48E|   FF   |  LUT  | URAM|
+-----------------+---------+-------+--------+-------+-----+
|DSP              |        -|      -|       -|      -|    -|
|Expression       |        -|      -|       0|    340|    -|
|FIFO             |        -|      -|       -|      -|    -|
|Instance         |        8|      -|    1424|   3147|    0|
|Memory           |       15|      -|       0|      0|    0|
|Multiplexer      |        -|      -|       -|    681|    -|
|Register         |        -|      -|     442|      -|    -|
+-----------------+---------+-------+--------+-------+-----+
|Total            |       23|      0|    1866|   4168|    0|
+-----------------+---------+-------+--------+-------+-----+
|Available        |      280|    220|  106400|  53200|    0|
+-----------------+---------+-------+--------+-------+-----+
|Utilization (%)  |        8|      0|       1|      7|    0|
+-----------------+---------+-------+--------+-------+-----+

+ Detail: 
    * Instance: 
    +-------------------------------+--------------------+---------+-------+-----+-----+-----+
    |            Instance           |       Module       | BRAM_18K| DSP48E|  FF | LUT | URAM|
    +-------------------------------+--------------------+---------+-------+-----+-----+-----+
    |grp_compute_bit_length_fu_395  |compute_bit_length  |        2|      0|  126|  375|    0|
    |grp_create_codeword_fu_404     |create_codeword     |        0|      0|  126|  536|    0|
    |grp_create_tree_fu_369         |create_tree         |        1|      0|  453|  782|    0|
    |grp_sort_fu_379                |sort                |        5|      0|  464|  816|    0|
    |grp_truncate_tree_fu_388       |truncate_tree       |        0|      0|  255|  638|    0|
    +-------------------------------+--------------------+---------+-------+-----+-----+-----+
    |Total                          |                    |        8|      0| 1424| 3147|    0|
    +-------------------------------+--------------------+---------+-------+-----+-----+-----+

    * DSP48E: 
    N/A

    * Memory: 
    +--------------------------+----------------------+---------+---+----+-----+------+-----+------+-------------+
    |          Memory          |        Module        | BRAM_18K| FF| LUT| URAM| Words| Bits| Banks| W*Bits*Banks|
    +--------------------------+----------------------+---------+---+----+-----+------+-----+------+-------------+
    |length_histogram_V_U      |compute_bit_lengtkbM  |        1|  0|   0|    0|    64|   32|     1|         2048|
    |truncated_length_his_1_U  |compute_bit_lengtkbM  |        1|  0|   0|    0|    64|   32|     1|         2048|
    |left_V_U                  |create_tree_frequibs  |        1|  0|   0|    0|   255|   32|     1|         8160|
    |right_V_U                 |create_tree_frequibs  |        1|  0|   0|    0|   255|   32|     1|         8160|
    |parent_V_U                |huffman_encoding_tde  |        1|  0|   0|    0|   255|   31|     1|         7905|
    |truncated_length_his_U    |huffman_encoding_xdS  |        2|  0|   0|    0|    64|   32|     1|         2048|
    |symbol_bits_V_U           |huffman_encoding_zec  |        1|  0|   0|    0|   256|    5|     1|         1280|
    |filtered_value_V_U        |sort_previous_sorbkb  |        1|  0|   0|    0|   256|   32|     1|         8192|
    |filtered_frequency_V_U    |sort_previous_sorbkb  |        1|  0|   0|    0|   256|   32|     1|         8192|
    |sorted_0_U                |sort_previous_sorbkb  |        1|  0|   0|    0|   256|   32|     1|         8192|
    |sorted_1_U                |sort_previous_sorbkb  |        1|  0|   0|    0|   256|   32|     1|         8192|
    |sorted_copy1_value_V_U    |sort_previous_sorbkb  |        1|  0|   0|    0|   256|   32|     1|         8192|
    |sorted_copy1_frequen_U    |sort_previous_sorbkb  |        1|  0|   0|    0|   256|   32|     1|         8192|
    |sorted_copy2_value_V_U    |sort_previous_sorbkb  |        1|  0|   0|    0|   256|   32|     1|         8192|
    +--------------------------+----------------------+---------+---+----+-----+------+-----+------+-------------+
    |Total                     |                      |       15|  0|   0|    0|  3005|  420|    14|        88993|
    +--------------------------+----------------------+---------+---+----+-----+------+-----+------+-------------+

    * FIFO: 
    N/A

    * Expression: 
    +------------------------+----------+-------+---+----+------------+------------+
    |      Variable Name     | Operation| DSP48E| FF| LUT| Bitwidth P0| Bitwidth P1|
    +------------------------+----------+-------+---+----+------------+------------+
    |count_V_1_fu_571_p2     |     +    |      0|  0|  39|           2|          32|
    |i_4_fu_443_p2           |     +    |      0|  0|  15|           9|           1|
    |i_5_fu_505_p2           |     +    |      0|  0|  15|           9|           1|
    |i_fu_487_p2             |     +    |      0|  0|  38|          31|           1|
    |j_V_fu_466_p2           |     +    |      0|  0|  39|          32|           1|
    |k_fu_527_p2             |     +    |      0|  0|  39|          32|           1|
    |length_V_fu_539_p2      |     +    |      0|  0|  39|          32|           2|
    |icmp_ln10_fu_437_p2     |   icmp   |      0|  0|  13|           9|          10|
    |icmp_ln13_fu_499_p2     |   icmp   |      0|  0|  13|           9|          10|
    |icmp_ln40_fu_481_p2     |   icmp   |      0|  0|  18|          32|          32|
    |icmp_ln41_fu_521_p2     |   icmp   |      0|  0|  18|          32|          32|
    |icmp_ln879_2_fu_550_p2  |   icmp   |      0|  0|  18|          32|           1|
    |icmp_ln879_fu_533_p2    |   icmp   |      0|  0|  18|          32|           1|
    |icmp_ln883_fu_454_p2    |   icmp   |      0|  0|  18|          32|           1|
    +------------------------+----------+-------+---+----+------------+------------+
    |Total                   |          |      0|  0| 340|         325|         126|
    +------------------------+----------+-------+---+----+------------+------------+

    * Multiplexer: 
    +---------------------------------+----+-----------+-----+-----------+
    |               Name              | LUT| Input Size| Bits| Total Bits|
    +---------------------------------+----+-----------+-----+-----------+
    |ap_NS_fsm                        |  93|         19|    1|         19|
    |filtered_frequency_V_address0    |  15|          3|    8|         24|
    |filtered_frequency_V_ce0         |  15|          3|    1|          3|
    |filtered_value_V_address0        |  15|          3|    8|         24|
    |filtered_value_V_ce0             |  15|          3|    1|          3|
    |i_0_i1_reg_324                   |   9|          2|    9|         18|
    |i_0_i_reg_302                    |   9|          2|    9|         18|
    |i_0_reg_313                      |   9|          2|   31|         62|
    |i_op_assign_reg_347              |   9|          2|   32|         64|
    |left_V_address0                  |  15|          3|    8|         24|
    |left_V_ce0                       |  15|          3|    1|          3|
    |left_V_we0                       |   9|          2|    1|          2|
    |length_V_1_fu_138                |   9|          2|   32|         64|
    |length_histogram_V_address0      |  15|          3|    6|         18|
    |length_histogram_V_ce0           |  15|          3|    1|          3|
    |length_histogram_V_we0           |   9|          2|    1|          2|
    |p_066_0_i_reg_335                |   9|          2|   32|         64|
    |parent_V_address0                |  15|          3|    8|         24|
    |parent_V_ce0                     |  15|          3|    1|          3|
    |parent_V_we0                     |   9|          2|    1|          2|
    |right_V_address0                 |  15|          3|    8|         24|
    |right_V_ce0                      |  15|          3|    1|          3|
    |right_V_we0                      |   9|          2|    1|          2|
    |sorted_0_address0                |  15|          3|    8|         24|
    |sorted_0_ce0                     |  15|          3|    1|          3|
    |sorted_0_we0                     |   9|          2|    1|          2|
    |sorted_1_address0                |  15|          3|    8|         24|
    |sorted_1_ce0                     |  15|          3|    1|          3|
    |sorted_1_we0                     |   9|          2|    1|          2|
    |sorted_copy1_frequen_address0    |  15|          3|    8|         24|
    |sorted_copy1_frequen_ce0         |  15|          3|    1|          3|
    |sorted_copy1_value_V_address0    |  15|          3|    8|         24|
    |sorted_copy1_value_V_ce0         |  15|          3|    1|          3|
    |sorted_copy2_value_V_address0    |  15|          3|    8|         24|
    |symbol_bits_V_address0           |  21|          4|    8|         32|
    |symbol_bits_V_ce0                |  15|          3|    1|          3|
    |symbol_bits_V_d0                 |  15|          3|    5|         15|
    |t_V_3_reg_359                    |   9|          2|   32|         64|
    |t_V_4_fu_78                      |   9|          2|   32|         64|
    |truncated_length_his_1_address0  |  15|          3|    6|         18|
    |truncated_length_his_1_ce0       |  15|          3|    1|          3|
    |truncated_length_his_1_we0       |   9|          2|    1|          2|
    |truncated_length_his_address0    |  15|          3|    6|         18|
    |truncated_length_his_ce0         |  15|          3|    1|          3|
    |truncated_length_his_ce1         |   9|          2|    1|          2|
    |truncated_length_his_we0         |   9|          2|    1|          2|
    |truncated_length_his_we1         |   9|          2|    1|          2|
    +---------------------------------+----+-----------+-----+-----------+
    |Total                            | 681|        140|  344|        837|
    +---------------------------------+----+-----------+-----+-----------+

    * Register: 
    +--------------------------------------------+----+----+-----+-----------+
    |                    Name                    | FF | LUT| Bits| Const Bits|
    +--------------------------------------------+----+----+-----+-----------+
    |ap_CS_fsm                                   |  18|   0|   18|          0|
    |grp_compute_bit_length_fu_395_ap_start_reg  |   1|   0|    1|          0|
    |grp_create_codeword_fu_404_ap_start_reg     |   1|   0|    1|          0|
    |grp_create_tree_fu_369_ap_start_reg         |   1|   0|    1|          0|
    |grp_sort_fu_379_ap_start_reg                |   1|   0|    1|          0|
    |grp_truncate_tree_fu_388_ap_start_reg       |   1|   0|    1|          0|
    |i_0_i1_reg_324                              |   9|   0|    9|          0|
    |i_0_i_reg_302                               |   9|   0|    9|          0|
    |i_0_reg_313                                 |  31|   0|   31|          0|
    |i_4_reg_587                                 |   9|   0|    9|          0|
    |i_op_assign_reg_347                         |  32|   0|   32|          0|
    |i_reg_619                                   |  31|   0|   31|          0|
    |icmp_ln879_reg_664                          |   1|   0|    1|          0|
    |icmp_ln883_reg_607                          |   1|   0|    1|          0|
    |k_reg_659                                   |  32|   0|   32|          0|
    |length_V_1_fu_138                           |  32|   0|   32|          0|
    |length_V_reg_668                            |  32|   0|   32|          0|
    |p_066_0_i_reg_335                           |  32|   0|   32|          0|
    |reg_425                                     |  32|   0|   32|          0|
    |symbol_histogram_fre_1_reg_602              |  32|   0|   32|          0|
    |t_V_3_reg_359                               |  32|   0|   32|          0|
    |t_V_4_fu_78                                 |  32|   0|   32|          0|
    |zext_ln12_reg_592                           |   9|   0|   64|         55|
    |zext_ln41_reg_624                           |  31|   0|   64|         33|
    +--------------------------------------------+----+----+-----+-----------+
    |Total                                       | 442|   0|  530|         88|
    +--------------------------------------------+----+----+-----+-----------+



================================================================
== Interface
================================================================
* Summary: 
+---------------------------------------+-----+-----+------------+------------------------------+--------------+
|               RTL Ports               | Dir | Bits|  Protocol  |         Source Object        |    C Type    |
+---------------------------------------+-----+-----+------------+------------------------------+--------------+
|ap_clk                                 |  in |    1| ap_ctrl_hs |       huffman_encoding       | return value |
|ap_rst                                 |  in |    1| ap_ctrl_hs |       huffman_encoding       | return value |
|ap_start                               |  in |    1| ap_ctrl_hs |       huffman_encoding       | return value |
|ap_done                                | out |    1| ap_ctrl_hs |       huffman_encoding       | return value |
|ap_idle                                | out |    1| ap_ctrl_hs |       huffman_encoding       | return value |
|ap_ready                               | out |    1| ap_ctrl_hs |       huffman_encoding       | return value |
|symbol_histogram_value_V_address0      | out |    8|  ap_memory |   symbol_histogram_value_V   |     array    |
|symbol_histogram_value_V_ce0           | out |    1|  ap_memory |   symbol_histogram_value_V   |     array    |
|symbol_histogram_value_V_q0            |  in |   32|  ap_memory |   symbol_histogram_value_V   |     array    |
|symbol_histogram_frequency_V_address0  | out |    8|  ap_memory | symbol_histogram_frequency_V |     array    |
|symbol_histogram_frequency_V_ce0       | out |    1|  ap_memory | symbol_histogram_frequency_V |     array    |
|symbol_histogram_frequency_V_q0        |  in |   32|  ap_memory | symbol_histogram_frequency_V |     array    |
|encoding_V_address0                    | out |    8|  ap_memory |          encoding_V          |     array    |
|encoding_V_ce0                         | out |    1|  ap_memory |          encoding_V          |     array    |
|encoding_V_we0                         | out |    1|  ap_memory |          encoding_V          |     array    |
|encoding_V_d0                          | out |   32|  ap_memory |          encoding_V          |     array    |
|num_nonzero_symbols                    | out |   32|   ap_vld   |      num_nonzero_symbols     |    pointer   |
|num_nonzero_symbols_ap_vld             | out |    1|   ap_vld   |      num_nonzero_symbols     |    pointer   |
+---------------------------------------+-----+-----+------------+------------------------------+--------------+

