

================================================================
== Vivado HLS Report for 'canonize_tree'
================================================================
* Date:           Sun Aug  1 13:11:01 2021

* Version:        2020.1 (Build 2897737 on Wed May 27 20:21:37 MDT 2020)
* Project:        huffman_encoding_core_build
* Solution:       alternative
* Product family: zynq
* Target device:  xc7z020-clg484-1


================================================================
== Performance Estimates
================================================================
+ Timing: 
    * Summary: 
    +--------+----------+----------+------------+
    |  Clock |  Target  | Estimated| Uncertainty|
    +--------+----------+----------+------------+
    |ap_clk  | 10.00 ns | 6.508 ns |   1.25 ns  |
    +--------+----------+----------+------------+

+ Latency: 
    * Summary: 
    +---------+---------+----------+-----------+-----+------+---------+
    |  Latency (cycles) |  Latency (absolute)  |  Interval  | Pipeline|
    |   min   |   max   |    min   |    max    | min |  max |   Type  |
    +---------+---------+----------+-----------+-----+------+---------+
    |      258|     2306| 2.580 us | 23.060 us |  258|  2306|   none  |
    +---------+---------+----------+-----------+-----+------+---------+

    + Detail: 
        * Instance: 
        N/A

        * Loop: 
        +----------------------+---------+---------+----------+-----------+-----------+---------+----------+
        |                      |  Latency (cycles) | Iteration|  Initiation Interval  |   Trip  |          |
        |       Loop Name      |   min   |   max   |  Latency |  achieved |   target  |  Count  | Pipelined|
        +----------------------+---------+---------+----------+-----------+-----------+---------+----------+
        |- init_bits           |      256|      256|         1|          -|          -|      256|    no    |
        |- process_symbols     |        0|     2048|   3 ~ 8  |          -|          -| 0 ~ 256 |    no    |
        | + process_symbols.1  |        3|        5|         2|          -|          -|  1 ~ 2  |    no    |
        +----------------------+---------+---------+----------+-----------+-----------+---------+----------+



================================================================
== Utilization Estimates
================================================================
* Summary: 
+-----------------+---------+-------+--------+-------+-----+
|       Name      | BRAM_18K| DSP48E|   FF   |  LUT  | URAM|
+-----------------+---------+-------+--------+-------+-----+
|DSP              |        -|      -|       -|      -|    -|
|Expression       |        -|      -|       0|    201|    -|
|FIFO             |        -|      -|       -|      -|    -|
|Instance         |        -|      -|       -|      -|    -|
|Memory           |        -|      -|       -|      -|    -|
|Multiplexer      |        -|      -|       -|    131|    -|
|Register         |        -|      -|     241|      -|    -|
+-----------------+---------+-------+--------+-------+-----+
|Total            |        0|      0|     241|    332|    0|
+-----------------+---------+-------+--------+-------+-----+
|Available        |      280|    220|  106400|  53200|    0|
+-----------------+---------+-------+--------+-------+-----+
|Utilization (%)  |        0|      0|   ~0   |   ~0  |    0|
+-----------------+---------+-------+--------+-------+-----+

+ Detail: 
    * Instance: 
    N/A

    * DSP48E: 
    N/A

    * Memory: 
    N/A

    * FIFO: 
    N/A

    * Expression: 
    +------------------------+----------+-------+---+----+------------+------------+
    |      Variable Name     | Operation| DSP48E| FF| LUT| Bitwidth P0| Bitwidth P1|
    +------------------------+----------+-------+---+----+------------+------------+
    |count_V_2_fu_239_p2     |     +    |      0|  0|  39|           2|          32|
    |i_fu_174_p2             |     +    |      0|  0|  15|           9|           1|
    |k_fu_195_p2             |     +    |      0|  0|  39|          32|           1|
    |length_V_fu_207_p2      |     +    |      0|  0|  39|          32|           2|
    |icmp_ln13_fu_168_p2     |   icmp   |      0|  0|  13|           9|          10|
    |icmp_ln23_fu_190_p2     |   icmp   |      0|  0|  18|          32|          32|
    |icmp_ln879_5_fu_218_p2  |   icmp   |      0|  0|  18|          32|           1|
    |icmp_ln879_fu_201_p2    |   icmp   |      0|  0|  18|          32|           1|
    |ap_block_state1         |    or    |      0|  0|   2|           1|           1|
    +------------------------+----------+-------+---+----+------------+------------+
    |Total                   |          |      0|  0| 201|         181|          81|
    +------------------------+----------+-------+---+----+------------+------------+

    * Multiplexer: 
    +------------------------+----+-----------+-----+-----------+
    |          Name          | LUT| Input Size| Bits| Total Bits|
    +------------------------+----+-----------+-----+-----------+
    |ap_NS_fsm               |  38|          7|    1|          7|
    |ap_done                 |   9|          2|    1|          2|
    |i_0_i_i_reg_116         |   9|          2|    9|         18|
    |i_op_assign_reg_139     |   9|          2|   32|         64|
    |length_V_1_fu_58        |   9|          2|   32|         64|
    |p_066_0_i_i_reg_127     |   9|          2|   32|         64|
    |symbol_bits_V_address0  |  15|          3|    8|         24|
    |symbol_bits_V_d0        |  15|          3|    5|         15|
    |t_V_7_reg_151           |   9|          2|   32|         64|
    |val_assign_loc_blk_n    |   9|          2|    1|          2|
    +------------------------+----+-----------+-----+-----------+
    |Total                   | 131|         27|  153|        324|
    +------------------------+----+-----------+-----+-----------+

    * Register: 
    +-----------------------------+----+----+-----+-----------+
    |             Name            | FF | LUT| Bits| Const Bits|
    +-----------------------------+----+----+-----+-----------+
    |ap_CS_fsm                    |   6|   0|    6|          0|
    |ap_done_reg                  |   1|   0|    1|          0|
    |i_0_i_i_reg_116              |   9|   0|    9|          0|
    |i_op_assign_reg_139          |  32|   0|   32|          0|
    |icmp_ln879_reg_273           |   1|   0|    1|          0|
    |k_reg_268                    |  32|   0|   32|          0|
    |length_V_1_fu_58             |  32|   0|   32|          0|
    |length_V_reg_277             |  32|   0|   32|          0|
    |p_066_0_i_i_reg_127          |  32|   0|   32|          0|
    |t_V_7_reg_151                |  32|   0|   32|          0|
    |val_assign_loc_read_reg_245  |  32|   0|   32|          0|
    +-----------------------------+----+----+-----+-----------+
    |Total                        | 241|   0|  241|          0|
    +-----------------------------+----+----+-----+-----------+



================================================================
== Interface
================================================================
* Summary: 
+--------------------------------------+-----+-----+------------+-----------------------------+--------------+
|               RTL Ports              | Dir | Bits|  Protocol  |        Source Object        |    C Type    |
+--------------------------------------+-----+-----+------------+-----------------------------+--------------+
|ap_clk                                |  in |    1| ap_ctrl_hs |        canonize_tree        | return value |
|ap_rst                                |  in |    1| ap_ctrl_hs |        canonize_tree        | return value |
|ap_start                              |  in |    1| ap_ctrl_hs |        canonize_tree        | return value |
|ap_done                               | out |    1| ap_ctrl_hs |        canonize_tree        | return value |
|ap_continue                           |  in |    1| ap_ctrl_hs |        canonize_tree        | return value |
|ap_idle                               | out |    1| ap_ctrl_hs |        canonize_tree        | return value |
|ap_ready                              | out |    1| ap_ctrl_hs |        canonize_tree        | return value |
|sorted_value_V_address0               | out |    8|  ap_memory |        sorted_value_V       |     array    |
|sorted_value_V_ce0                    | out |    1|  ap_memory |        sorted_value_V       |     array    |
|sorted_value_V_q0                     |  in |   32|  ap_memory |        sorted_value_V       |     array    |
|val_assign_loc_dout                   |  in |   32|   ap_fifo  |        val_assign_loc       |    pointer   |
|val_assign_loc_empty_n                |  in |    1|   ap_fifo  |        val_assign_loc       |    pointer   |
|val_assign_loc_read                   | out |    1|   ap_fifo  |        val_assign_loc       |    pointer   |
|codeword_length_histogram_V_address0  | out |    6|  ap_memory | codeword_length_histogram_V |     array    |
|codeword_length_histogram_V_ce0       | out |    1|  ap_memory | codeword_length_histogram_V |     array    |
|codeword_length_histogram_V_q0        |  in |   32|  ap_memory | codeword_length_histogram_V |     array    |
|symbol_bits_V_address0                | out |    8|  ap_memory |        symbol_bits_V        |     array    |
|symbol_bits_V_ce0                     | out |    1|  ap_memory |        symbol_bits_V        |     array    |
|symbol_bits_V_we0                     | out |    1|  ap_memory |        symbol_bits_V        |     array    |
|symbol_bits_V_d0                      | out |    5|  ap_memory |        symbol_bits_V        |     array    |
+--------------------------------------+-----+-----+------------+-----------------------------+--------------+

