

================================================================
== Vivado HLS Report for 'create_codeword'
================================================================
* Date:           Sun Aug  1 13:11:01 2021

* Version:        2020.1 (Build 2897737 on Wed May 27 20:21:37 MDT 2020)
* Project:        huffman_encoding_core_build
* Solution:       alternative
* Product family: zynq
* Target device:  xc7z020-clg484-1


================================================================
== Performance Estimates
================================================================
+ Timing: 
    * Summary: 
    +--------+----------+----------+------------+
    |  Clock |  Target  | Estimated| Uncertainty|
    +--------+----------+----------+------------+
    |ap_clk  | 10.00 ns | 7.760 ns |   1.25 ns  |
    +--------+----------+----------+------------+

+ Latency: 
    * Summary: 
    +---------+---------+-----------+-----------+------+------+---------+
    |  Latency (cycles) |   Latency (absolute)  |   Interval  | Pipeline|
    |   min   |   max   |    min    |    max    |  min |  max |   Type  |
    +---------+---------+-----------+-----------+------+------+---------+
    |     1877|     1877| 18.770 us | 18.770 us |  1877|  1877|   none  |
    +---------+---------+-----------+-----------+------+------+---------+

    + Detail: 
        * Instance: 
        N/A

        * Loop: 
        +--------------------+---------+---------+----------+-----------+-----------+------+----------+
        |                    |  Latency (cycles) | Iteration|  Initiation Interval  | Trip |          |
        |      Loop Name     |   min   |   max   |  Latency |  achieved |   target  | Count| Pipelined|
        +--------------------+---------+---------+----------+-----------+-----------+------+----------+
        |- Loop 1            |       27|       27|         1|          -|          -|    27|    no    |
        |- Loop 2            |      768|      768|         3|          -|          -|   256|    no    |
        |- first_codewords   |       52|       52|         2|          2|          1|    26|    yes   |
        |- assign_codewords  |     1024|     1024|         4|          4|          5|   256|    yes   |
        +--------------------+---------+---------+----------+-----------+-----------+------+----------+



================================================================
== Utilization Estimates
================================================================
* Summary: 
+-----------------+---------+-------+--------+-------+-----+
|       Name      | BRAM_18K| DSP48E|   FF   |  LUT  | URAM|
+-----------------+---------+-------+--------+-------+-----+
|DSP              |        -|      -|       -|      -|    -|
|Expression       |        -|      -|       0|    453|    -|
|FIFO             |        -|      -|       -|      -|    -|
|Instance         |        -|      -|       -|      -|    -|
|Memory           |        0|      -|     118|     26|    0|
|Multiplexer      |        -|      -|       -|    245|    -|
|Register         |        -|      -|     108|      -|    -|
+-----------------+---------+-------+--------+-------+-----+
|Total            |        0|      0|     226|    724|    0|
+-----------------+---------+-------+--------+-------+-----+
|Available        |      280|    220|  106400|  53200|    0|
+-----------------+---------+-------+--------+-------+-----+
|Utilization (%)  |        0|      0|   ~0   |      1|    0|
+-----------------+---------+-------+--------+-------+-----+

+ Detail: 
    * Instance: 
    N/A

    * DSP48E: 
    N/A

    * Memory: 
    +------------------------+----------------------+---------+----+----+-----+------+-----+------+-------------+
    |         Memory         |        Module        | BRAM_18K| FF | LUT| URAM| Words| Bits| Banks| W*Bits*Banks|
    +------------------------+----------------------+---------+----+----+-----+------+-----+------+-------------+
    |codeword_length_hist_U  |create_codeword_ckbM  |        0|  64|  14|    0|    27|   32|     1|          864|
    |first_codeword_V_U      |create_codeword_flbW  |        0|  54|  12|    0|    27|   27|     1|          729|
    +------------------------+----------------------+---------+----+----+-----+------+-----+------+-------------+
    |Total                   |                      |        0| 118|  26|    0|    54|   59|     2|         1593|
    +------------------------+----------------------+---------+----+----+-----+------+-----+------+-------------+

    * FIFO: 
    N/A

    * Expression: 
    +------------------------+----------+-------+---+----+------------+------------+
    |      Variable Name     | Operation| DSP48E| FF| LUT| Bitwidth P0| Bitwidth P1|
    +------------------------+----------+-------+---+----+------------+------------+
    |add_ln1503_fu_305_p2    |     +    |      0|  0|  33|          26|          26|
    |add_ln28_fu_280_p2      |     +    |      0|  0|  15|           2|           5|
    |add_ln700_3_fu_427_p2   |     +    |      0|  0|  34|           1|          27|
    |add_ln700_fu_267_p2     |     +    |      0|  0|  39|          32|           1|
    |i_3_fu_251_p2           |     +    |      0|  0|  15|           9|           1|
    |i_4_fu_320_p2           |     +    |      0|  0|  15|           1|           5|
    |i_5_fu_332_p2           |     +    |      0|  0|  15|           9|           1|
    |i_fu_234_p2             |     +    |      0|  0|  15|           5|           1|
    |ret_V_fu_367_p2         |     -    |      0|  0|  15|           5|           6|
    |sub_ln556_fu_385_p2     |     -    |      0|  0|  12|           1|           3|
    |icmp_ln13_fu_228_p2     |   icmp   |      0|  0|  11|           5|           4|
    |icmp_ln17_fu_245_p2     |   icmp   |      0|  0|  13|           9|          10|
    |icmp_ln26_fu_274_p2     |   icmp   |      0|  0|  11|           5|           4|
    |icmp_ln42_fu_326_p2     |   icmp   |      0|  0|  13|           9|          10|
    |icmp_ln883_fu_343_p2    |   icmp   |      0|  0|  11|           5|           1|
    |lshr_ln808_fu_405_p2    |   lshr   |      0|  0|  81|          27|          27|
    |ap_block_state1         |    or    |      0|  0|   2|           1|           1|
    |select_ln796_fu_419_p3  |  select  |      0|  0|  22|           1|          22|
    |r_V_fu_395_p2           |    shl   |      0|  0|  81|          27|          27|
    +------------------------+----------+-------+---+----+------------+------------+
    |Total                   |          |      0|  0| 453|         180|         182|
    +------------------------+----------+-------+---+----+------------+------------+

    * Multiplexer: 
    +-------------------------------+----+-----------+-----+-----------+
    |              Name             | LUT| Input Size| Bits| Total Bits|
    +-------------------------------+----+-----------+-----+-----------+
    |ap_NS_fsm                      |  59|         14|    1|         14|
    |ap_done                        |   9|          2|    1|          2|
    |codeword_length_hist_address0  |  27|          5|    5|         25|
    |codeword_length_hist_d0        |  15|          3|   32|         96|
    |encoding_V_address0            |  15|          3|    8|         24|
    |encoding_V_d0                  |  15|          3|   32|         96|
    |first_codeword_V_address0      |  33|          6|    5|         30|
    |first_codeword_V_d0            |  21|          4|   27|        108|
    |i1_0_reg_194                   |   9|          2|    9|         18|
    |i3_0_reg_205                   |   9|          2|    5|         10|
    |i4_0_reg_217                   |   9|          2|    9|         18|
    |i_0_reg_183                    |   9|          2|    5|         10|
    |symbol_bits_V_address0         |  15|          3|    8|         24|
    +-------------------------------+----+-----------+-----+-----------+
    |Total                          | 245|         51|  147|        475|
    +-------------------------------+----+-----------+-----+-----------+

    * Register: 
    +--------------------------------+----+----+-----+-----------+
    |              Name              | FF | LUT| Bits| Const Bits|
    +--------------------------------+----+----+-----+-----------+
    |ap_CS_fsm                       |  13|   0|   13|          0|
    |ap_done_reg                     |   1|   0|    1|          0|
    |codeword_length_hist_2_reg_467  |   5|   0|    5|          0|
    |first_codeword_V_add_3_reg_520  |   5|   0|    5|          0|
    |i1_0_reg_194                    |   9|   0|    9|          0|
    |i3_0_reg_205                    |   5|   0|    5|          0|
    |i4_0_reg_217                    |   9|   0|    9|          0|
    |i_0_reg_183                     |   5|   0|    5|          0|
    |i_3_reg_457                     |   9|   0|    9|          0|
    |i_5_reg_494                     |   9|   0|    9|          0|
    |icmp_ln42_reg_490               |   1|   0|    1|          0|
    |icmp_ln883_reg_516              |   1|   0|    1|          0|
    |length_V_reg_510                |   5|   0|    5|          0|
    |select_ln796_reg_525            |  22|   0|   22|          0|
    |zext_ln44_reg_499               |   9|   0|   64|         55|
    +--------------------------------+----+----+-----+-----------+
    |Total                           | 108|   0|  163|         55|
    +--------------------------------+----+----+-----+-----------+



================================================================
== Interface
================================================================
* Summary: 
+------------------------+-----+-----+------------+-----------------+--------------+
|        RTL Ports       | Dir | Bits|  Protocol  |  Source Object  |    C Type    |
+------------------------+-----+-----+------------+-----------------+--------------+
|ap_clk                  |  in |    1| ap_ctrl_hs | create_codeword | return value |
|ap_rst                  |  in |    1| ap_ctrl_hs | create_codeword | return value |
|ap_start                |  in |    1| ap_ctrl_hs | create_codeword | return value |
|ap_done                 | out |    1| ap_ctrl_hs | create_codeword | return value |
|ap_continue             |  in |    1| ap_ctrl_hs | create_codeword | return value |
|ap_idle                 | out |    1| ap_ctrl_hs | create_codeword | return value |
|ap_ready                | out |    1| ap_ctrl_hs | create_codeword | return value |
|symbol_bits_V_address0  | out |    8|  ap_memory |  symbol_bits_V  |     array    |
|symbol_bits_V_ce0       | out |    1|  ap_memory |  symbol_bits_V  |     array    |
|symbol_bits_V_q0        |  in |    5|  ap_memory |  symbol_bits_V  |     array    |
|encoding_V_address0     | out |    8|  ap_memory |    encoding_V   |     array    |
|encoding_V_ce0          | out |    1|  ap_memory |    encoding_V   |     array    |
|encoding_V_we0          | out |    1|  ap_memory |    encoding_V   |     array    |
|encoding_V_d0           | out |   32|  ap_memory |    encoding_V   |     array    |
+------------------------+-----+-----+------------+-----------------+--------------+

