

================================================================
== Vivado HLS Report for 'huffman_encoding'
================================================================
* Date:           Sun Aug  1 13:11:03 2021

* Version:        2020.1 (Build 2897737 on Wed May 27 20:21:37 MDT 2020)
* Project:        huffman_encoding_core_build
* Solution:       alternative
* Product family: zynq
* Target device:  xc7z020-clg484-1


================================================================
== Performance Estimates
================================================================
+ Timing: 
    * Summary: 
    +--------+----------+----------+------------+
    |  Clock |  Target  | Estimated| Uncertainty|
    +--------+----------+----------+------------+
    |ap_clk  | 10.00 ns | 8.661 ns |   1.25 ns  |
    +--------+----------+----------+------------+

+ Latency: 
    * Summary: 
    +---------+---------+----------+----------+-----+-----+----------+
    |  Latency (cycles) |  Latency (absolute) |  Interval | Pipeline |
    |   min   |   max   |    min   |    max   | min | max |   Type   |
    +---------+---------+----------+----------+-----+-----+----------+
    |        ?|        ?|         ?|         ?|    ?|    ?| dataflow |
    +---------+---------+----------+----------+-----+-----+----------+

    + Detail: 
        * Instance: 
        +-------------------------+----------------------+---------+---------+-----------+-----------+------+------+---------+
        |                         |                      |  Latency (cycles) |   Latency (absolute)  |   Interval  | Pipeline|
        |         Instance        |        Module        |   min   |   max   |    min    |    max    |  min |  max |   Type  |
        +-------------------------+----------------------+---------+---------+-----------+-----------+------+------+---------+
        |sort_U0                  |sort                  |      355|     4707|  3.550 us | 47.070 us |   355|  4707|   none  |
        |create_tree_U0           |create_tree           |        2|     1022| 20.000 ns | 10.220 us |     2|  1022|   none  |
        |create_codeword_U0       |create_codeword       |     1877|     1877| 18.770 us | 18.770 us |  1877|  1877|   none  |
        |truncate_tree_U0         |truncate_tree         |     1210|     1318| 12.100 us | 13.180 us |  1210|  1318|   none  |
        |compute_bit_length_U0    |compute_bit_length    |        ?|        ?|          ?|          ?|     ?|     ?|   none  |
        |canonize_tree_U0         |canonize_tree         |      258|     2306|  2.580 us | 23.060 us |   258|  2306|   none  |
        |filter_U0                |filter                |      259|      259|  2.590 us |  2.590 us |   259|   259|   none  |
        |Loop_copy_sorted_pro_U0  |Loop_copy_sorted_pro  |        ?|        ?|          ?|          ?|     ?|     ?|   none  |
        |Block_proc_U0            |Block_proc            |        0|        0|    0 ns   |    0 ns   |     0|     0|   none  |
        +-------------------------+----------------------+---------+---------+-----------+-----------+------+------+---------+

        * Loop: 
        N/A



================================================================
== Utilization Estimates
================================================================
* Summary: 
+-----------------+---------+-------+--------+-------+-----+
|       Name      | BRAM_18K| DSP48E|   FF   |  LUT  | URAM|
+-----------------+---------+-------+--------+-------+-----+
|DSP              |        -|      -|       -|      -|    -|
|Expression       |        -|      -|       0|     62|    -|
|FIFO             |        0|      -|      30|    264|    -|
|Instance         |        8|      -|    4986|   5740|    0|
|Memory           |       14|      -|       0|      0|    0|
|Multiplexer      |        -|      -|       -|     90|    -|
|Register         |        -|      -|      10|      -|    -|
+-----------------+---------+-------+--------+-------+-----+
|Total            |       22|      0|    5026|   6156|    0|
+-----------------+---------+-------+--------+-------+-----+
|Available        |      280|    220|  106400|  53200|    0|
+-----------------+---------+-------+--------+-------+-----+
|Utilization (%)  |        7|      0|       4|     11|    0|
+-----------------+---------+-------+--------+-------+-----+

+ Detail: 
    * Instance: 
    +-------------------------+----------------------+---------+-------+------+------+-----+
    |         Instance        |        Module        | BRAM_18K| DSP48E|  FF  |  LUT | URAM|
    +-------------------------+----------------------+---------+-------+------+------+-----+
    |Block_proc_U0            |Block_proc            |        0|      0|    34|    29|    0|
    |Loop_copy_sorted_pro_U0  |Loop_copy_sorted_pro  |        0|      0|   130|   135|    0|
    |canonize_tree_U0         |canonize_tree         |        0|      0|   241|   332|    0|
    |compute_bit_length_U0    |compute_bit_length    |        2|      0|   194|   422|    0|
    |create_codeword_U0       |create_codeword       |        0|      0|   226|   724|    0|
    |create_tree_U0           |create_tree           |        1|      0|   518|   820|    0|
    |filter_U0                |filter                |        0|      0|    90|   166|    0|
    |sort_U0                  |sort                  |        5|      0|  3320|  2527|    0|
    |truncate_tree_U0         |truncate_tree         |        0|      0|   233|   585|    0|
    +-------------------------+----------------------+---------+-------+------+------+-----+
    |Total                    |                      |        8|      0|  4986|  5740|    0|
    +-------------------------+----------------------+---------+-------+------+------+-----+

    * DSP48E: 
    N/A

    * Memory: 
    +------------------------+----------------------+---------+---+----+-----+------+-----+------+-------------+
    |         Memory         |        Module        | BRAM_18K| FF| LUT| URAM| Words| Bits| Banks| W*Bits*Banks|
    +------------------------+----------------------+---------+---+----+-----+------+-----+------+-------------+
    |filtered_value_V_U      |huffman_encoding_mb6  |        1|  0|   0|    0|   256|   32|     2|        16384|
    |filtered_frequency_V_U  |huffman_encoding_mb6  |        1|  0|   0|    0|   256|   32|     2|        16384|
    |sorted_0_U              |huffman_encoding_mb6  |        1|  0|   0|    0|   256|   32|     2|        16384|
    |sorted_1_U              |huffman_encoding_mb6  |        1|  0|   0|    0|   256|   32|     2|        16384|
    |sorted_copy1_value_V_U  |huffman_encoding_mb6  |        1|  0|   0|    0|   256|   32|     2|        16384|
    |sorted_copy1_frequen_U  |huffman_encoding_mb6  |        1|  0|   0|    0|   256|   32|     2|        16384|
    |sorted_copy2_value_V_U  |huffman_encoding_mb6  |        1|  0|   0|    0|   256|   32|     2|        16384|
    |parent_V_U              |huffman_encoding_tde  |        1|  0|   0|    0|   255|   31|     2|        15810|
    |left_V_U                |huffman_encoding_udo  |        1|  0|   0|    0|   255|   32|     2|        16320|
    |right_V_U               |huffman_encoding_udo  |        1|  0|   0|    0|   255|   32|     2|        16320|
    |length_histogram_V_U    |huffman_encoding_wdI  |        1|  0|   0|    0|    64|   32|     2|         4096|
    |truncated_length_his_U  |huffman_encoding_xdS  |        2|  0|   0|    0|    64|   32|     2|         4096|
    |symbol_bits_V_U         |huffman_encoding_yd2  |        1|  0|   0|    0|   256|    5|     2|         2560|
    +------------------------+----------------------+---------+---+----+-----+------+-----+------+-------------+
    |Total                   |                      |       14|  0|   0|    0|  2941|  388|    26|       173890|
    +------------------------+----------------------+---------+---+----+-----+------+-----+------+-------------+

    * FIFO: 
    +----------------------+---------+---+----+-----+------+-----+---------+
    |         Name         | BRAM_18K| FF| LUT| URAM| Depth| Bits| Size:D*B|
    +----------------------+---------+---+----+-----+------+-----+---------+
    |n_c16_U               |        0|  5|   0|    -|     2|   32|       64|
    |n_c_U                 |        0|  5|   0|    -|     2|   32|       64|
    |val_assign_loc_c17_U  |        0|  5|   0|    -|     2|   32|       64|
    |val_assign_loc_c18_U  |        0|  5|   0|    -|     2|   32|       64|
    |val_assign_loc_c19_U  |        0|  5|   0|    -|     3|   32|       96|
    |val_assign_loc_c_U    |        0|  5|   0|    -|     2|   32|       64|
    +----------------------+---------+---+----+-----+------+-----+---------+
    |Total                 |        0| 30|   0|    0|    13|  192|      416|
    +----------------------+---------+---+----+-----+------+-----+---------+

    * Expression: 
    +--------------------------------------------+----------+-------+---+----+------------+------------+
    |                Variable Name               | Operation| DSP48E| FF| LUT| Bitwidth P0| Bitwidth P1|
    +--------------------------------------------+----------+-------+---+----+------------+------------+
    |Loop_copy_sorted_pro_U0_ap_continue         |    and   |      0|  0|   2|           1|           1|
    |Loop_copy_sorted_pro_U0_ap_start            |    and   |      0|  0|   2|           1|           1|
    |ap_channel_done_filtered_frequency_V        |    and   |      0|  0|   2|           1|           1|
    |ap_channel_done_filtered_value_V            |    and   |      0|  0|   2|           1|           1|
    |ap_channel_done_left_V                      |    and   |      0|  0|   2|           1|           1|
    |ap_channel_done_parent_V                    |    and   |      0|  0|   2|           1|           1|
    |ap_channel_done_right_V                     |    and   |      0|  0|   2|           1|           1|
    |ap_channel_done_sorted_0                    |    and   |      0|  0|   2|           1|           1|
    |ap_channel_done_sorted_1                    |    and   |      0|  0|   2|           1|           1|
    |ap_channel_done_sorted_copy1_frequen        |    and   |      0|  0|   2|           1|           1|
    |ap_channel_done_sorted_copy1_value_V        |    and   |      0|  0|   2|           1|           1|
    |ap_channel_done_sorted_copy2_value_V        |    and   |      0|  0|   2|           1|           1|
    |ap_idle                                     |    and   |      0|  0|   2|           1|           1|
    |ap_sync_done                                |    and   |      0|  0|   2|           1|           1|
    |canonize_tree_U0_ap_start                   |    and   |      0|  0|   2|           1|           1|
    |compute_bit_length_U0_ap_start              |    and   |      0|  0|   2|           1|           1|
    |create_tree_U0_ap_continue                  |    and   |      0|  0|   2|           1|           1|
    |create_tree_U0_ap_start                     |    and   |      0|  0|   2|           1|           1|
    |filter_U0_ap_continue                       |    and   |      0|  0|   2|           1|           1|
    |sort_U0_ap_continue                         |    and   |      0|  0|   2|           1|           1|
    |sort_U0_ap_start                            |    and   |      0|  0|   2|           1|           1|
    |ap_sync_channel_write_filtered_frequency_V  |    or    |      0|  0|   2|           1|           1|
    |ap_sync_channel_write_filtered_value_V      |    or    |      0|  0|   2|           1|           1|
    |ap_sync_channel_write_left_V                |    or    |      0|  0|   2|           1|           1|
    |ap_sync_channel_write_parent_V              |    or    |      0|  0|   2|           1|           1|
    |ap_sync_channel_write_right_V               |    or    |      0|  0|   2|           1|           1|
    |ap_sync_channel_write_sorted_0              |    or    |      0|  0|   2|           1|           1|
    |ap_sync_channel_write_sorted_1              |    or    |      0|  0|   2|           1|           1|
    |ap_sync_channel_write_sorted_copy1_frequen  |    or    |      0|  0|   2|           1|           1|
    |ap_sync_channel_write_sorted_copy1_value_V  |    or    |      0|  0|   2|           1|           1|
    |ap_sync_channel_write_sorted_copy2_value_V  |    or    |      0|  0|   2|           1|           1|
    +--------------------------------------------+----------+-------+---+----+------------+------------+
    |Total                                       |          |      0|  0|  62|          31|          31|
    +--------------------------------------------+----------+-------+---+----+------------+------------+

    * Multiplexer: 
    +------------------------------------------------+----+-----------+-----+-----------+
    |                      Name                      | LUT| Input Size| Bits| Total Bits|
    +------------------------------------------------+----+-----------+-----+-----------+
    |ap_sync_reg_channel_write_filtered_frequency_V  |   9|          2|    1|          2|
    |ap_sync_reg_channel_write_filtered_value_V      |   9|          2|    1|          2|
    |ap_sync_reg_channel_write_left_V                |   9|          2|    1|          2|
    |ap_sync_reg_channel_write_parent_V              |   9|          2|    1|          2|
    |ap_sync_reg_channel_write_right_V               |   9|          2|    1|          2|
    |ap_sync_reg_channel_write_sorted_0              |   9|          2|    1|          2|
    |ap_sync_reg_channel_write_sorted_1              |   9|          2|    1|          2|
    |ap_sync_reg_channel_write_sorted_copy1_frequen  |   9|          2|    1|          2|
    |ap_sync_reg_channel_write_sorted_copy1_value_V  |   9|          2|    1|          2|
    |ap_sync_reg_channel_write_sorted_copy2_value_V  |   9|          2|    1|          2|
    +------------------------------------------------+----+-----------+-----+-----------+
    |Total                                           |  90|         20|   10|         20|
    +------------------------------------------------+----+-----------+-----+-----------+

    * Register: 
    +------------------------------------------------+---+----+-----+-----------+
    |                      Name                      | FF| LUT| Bits| Const Bits|
    +------------------------------------------------+---+----+-----+-----------+
    |ap_sync_reg_channel_write_filtered_frequency_V  |  1|   0|    1|          0|
    |ap_sync_reg_channel_write_filtered_value_V      |  1|   0|    1|          0|
    |ap_sync_reg_channel_write_left_V                |  1|   0|    1|          0|
    |ap_sync_reg_channel_write_parent_V              |  1|   0|    1|          0|
    |ap_sync_reg_channel_write_right_V               |  1|   0|    1|          0|
    |ap_sync_reg_channel_write_sorted_0              |  1|   0|    1|          0|
    |ap_sync_reg_channel_write_sorted_1              |  1|   0|    1|          0|
    |ap_sync_reg_channel_write_sorted_copy1_frequen  |  1|   0|    1|          0|
    |ap_sync_reg_channel_write_sorted_copy1_value_V  |  1|   0|    1|          0|
    |ap_sync_reg_channel_write_sorted_copy2_value_V  |  1|   0|    1|          0|
    +------------------------------------------------+---+----+-----+-----------+
    |Total                                           | 10|   0|   10|          0|
    +------------------------------------------------+---+----+-----+-----------+



================================================================
== Interface
================================================================
* Summary: 
+---------------------------------------+-----+-----+------------+------------------------------+--------------+
|               RTL Ports               | Dir | Bits|  Protocol  |         Source Object        |    C Type    |
+---------------------------------------+-----+-----+------------+------------------------------+--------------+
|ap_clk                                 |  in |    1| ap_ctrl_hs |       huffman_encoding       | return value |
|ap_rst                                 |  in |    1| ap_ctrl_hs |       huffman_encoding       | return value |
|ap_start                               |  in |    1| ap_ctrl_hs |       huffman_encoding       | return value |
|ap_done                                | out |    1| ap_ctrl_hs |       huffman_encoding       | return value |
|ap_ready                               | out |    1| ap_ctrl_hs |       huffman_encoding       | return value |
|ap_idle                                | out |    1| ap_ctrl_hs |       huffman_encoding       | return value |
|symbol_histogram_value_V_address0      | out |    8|  ap_memory |   symbol_histogram_value_V   |     array    |
|symbol_histogram_value_V_ce0           | out |    1|  ap_memory |   symbol_histogram_value_V   |     array    |
|symbol_histogram_value_V_d0            | out |   32|  ap_memory |   symbol_histogram_value_V   |     array    |
|symbol_histogram_value_V_q0            |  in |   32|  ap_memory |   symbol_histogram_value_V   |     array    |
|symbol_histogram_value_V_we0           | out |    1|  ap_memory |   symbol_histogram_value_V   |     array    |
|symbol_histogram_value_V_address1      | out |    8|  ap_memory |   symbol_histogram_value_V   |     array    |
|symbol_histogram_value_V_ce1           | out |    1|  ap_memory |   symbol_histogram_value_V   |     array    |
|symbol_histogram_value_V_d1            | out |   32|  ap_memory |   symbol_histogram_value_V   |     array    |
|symbol_histogram_value_V_q1            |  in |   32|  ap_memory |   symbol_histogram_value_V   |     array    |
|symbol_histogram_value_V_we1           | out |    1|  ap_memory |   symbol_histogram_value_V   |     array    |
|symbol_histogram_frequency_V_address0  | out |    8|  ap_memory | symbol_histogram_frequency_V |     array    |
|symbol_histogram_frequency_V_ce0       | out |    1|  ap_memory | symbol_histogram_frequency_V |     array    |
|symbol_histogram_frequency_V_d0        | out |   32|  ap_memory | symbol_histogram_frequency_V |     array    |
|symbol_histogram_frequency_V_q0        |  in |   32|  ap_memory | symbol_histogram_frequency_V |     array    |
|symbol_histogram_frequency_V_we0       | out |    1|  ap_memory | symbol_histogram_frequency_V |     array    |
|symbol_histogram_frequency_V_address1  | out |    8|  ap_memory | symbol_histogram_frequency_V |     array    |
|symbol_histogram_frequency_V_ce1       | out |    1|  ap_memory | symbol_histogram_frequency_V |     array    |
|symbol_histogram_frequency_V_d1        | out |   32|  ap_memory | symbol_histogram_frequency_V |     array    |
|symbol_histogram_frequency_V_q1        |  in |   32|  ap_memory | symbol_histogram_frequency_V |     array    |
|symbol_histogram_frequency_V_we1       | out |    1|  ap_memory | symbol_histogram_frequency_V |     array    |
|encoding_V_address0                    | out |    8|  ap_memory |          encoding_V          |     array    |
|encoding_V_ce0                         | out |    1|  ap_memory |          encoding_V          |     array    |
|encoding_V_d0                          | out |   32|  ap_memory |          encoding_V          |     array    |
|encoding_V_q0                          |  in |   32|  ap_memory |          encoding_V          |     array    |
|encoding_V_we0                         | out |    1|  ap_memory |          encoding_V          |     array    |
|encoding_V_address1                    | out |    8|  ap_memory |          encoding_V          |     array    |
|encoding_V_ce1                         | out |    1|  ap_memory |          encoding_V          |     array    |
|encoding_V_d1                          | out |   32|  ap_memory |          encoding_V          |     array    |
|encoding_V_q1                          |  in |   32|  ap_memory |          encoding_V          |     array    |
|encoding_V_we1                         | out |    1|  ap_memory |          encoding_V          |     array    |
|num_nonzero_symbols                    | out |   32|   ap_vld   |      num_nonzero_symbols     |    pointer   |
|num_nonzero_symbols_ap_vld             | out |    1|   ap_vld   |      num_nonzero_symbols     |    pointer   |
+---------------------------------------+-----+-----+------------+------------------------------+--------------+

