

================================================================
== Vivado HLS Report for 'canonize_tree'
================================================================
* Date:           Tue Aug  3 13:09:58 2021

* Version:        2020.1 (Build 2897737 on Wed May 27 20:21:37 MDT 2020)
* Project:        huffman_encoding_core_build
* Solution:       optimized
* Product family: zynq
* Target device:  xc7z020-clg484-1


================================================================
== Performance Estimates
================================================================
+ Timing: 
    * Summary: 
    +--------+----------+----------+------------+
    |  Clock |  Target  | Estimated| Uncertainty|
    +--------+----------+----------+------------+
    |ap_clk  | 10.00 ns | 6.508 ns |   1.25 ns  |
    +--------+----------+----------+------------+

+ Latency: 
    * Summary: 
    +---------+---------+-----------+-----------+------+------+---------+
    |  Latency (cycles) |   Latency (absolute)  |   Interval  | Pipeline|
    |   min   |   max   |    min    |    max    |  min |  max |   Type  |
    +---------+---------+-----------+-----------+------+------+---------+
    |     2052|     2052| 20.520 us | 20.520 us |  2052|  2052|   none  |
    +---------+---------+-----------+-----------+------+------+---------+

    + Detail: 
        * Instance: 
        N/A

        * Loop: 
        +-------------------------+---------+---------+----------+-----------+-----------+------+----------+
        |                         |  Latency (cycles) | Iteration|  Initiation Interval  | Trip |          |
        |        Loop Name        |   min   |   max   |  Latency |  achieved |   target  | Count| Pipelined|
        +-------------------------+---------+---------+----------+-----------+-----------+------+----------+
        |- process_symbols        |     1924|     1924|        30|          -|          -|    64|    no    |
        | + canonize_tree_label0  |       26|       26|         2|          1|          1|    25|    yes   |
        +-------------------------+---------+---------+----------+-----------+-----------+------+----------+



================================================================
== Utilization Estimates
================================================================
* Summary: 
+-----------------+---------+-------+--------+-------+-----+
|       Name      | BRAM_18K| DSP48E|   FF   |  LUT  | URAM|
+-----------------+---------+-------+--------+-------+-----+
|DSP              |        -|      -|       -|      -|    -|
|Expression       |        -|      -|       0|    179|    -|
|FIFO             |        -|      -|       -|      -|    -|
|Instance         |        -|      -|       -|      -|    -|
|Memory           |        -|      -|       -|      -|    -|
|Multiplexer      |        -|      -|       -|   1859|    -|
|Register         |        -|      -|     393|      -|    -|
+-----------------+---------+-------+--------+-------+-----+
|Total            |        0|      0|     393|   2038|    0|
+-----------------+---------+-------+--------+-------+-----+
|Available        |      280|    220|  106400|  53200|    0|
+-----------------+---------+-------+--------+-------+-----+
|Utilization (%)  |        0|      0|   ~0   |      3|    0|
+-----------------+---------+-------+--------+-------+-----+

+ Detail: 
    * Instance: 
    N/A

    * DSP48E: 
    N/A

    * Memory: 
    N/A

    * FIFO: 
    N/A

    * Expression: 
    +------------------------------------+----------+-------+---+----+------------+------------+
    |            Variable Name           | Operation| DSP48E| FF| LUT| Bitwidth P0| Bitwidth P1|
    +------------------------------------+----------+-------+---+----+------------+------------+
    |i_fu_2985_p2                        |     +    |      0|  0|  39|          32|           1|
    |k_fu_2991_p2                        |     +    |      0|  0|  39|           1|          32|
    |length_V_fu_3022_p2                 |     +    |      0|  0|  39|          32|           2|
    |ap_condition_1882                   |    and   |      0|  0|   2|           1|           1|
    |icmp_ln887_fu_2980_p2               |   icmp   |      0|  0|  18|          32|          32|
    |icmp_ln891_1_fu_3017_p2             |   icmp   |      0|  0|  18|          32|          32|
    |icmp_ln891_fu_3002_p2               |   icmp   |      0|  0|  18|          32|          32|
    |ap_block_state1                     |    or    |      0|  0|   2|           1|           1|
    |ap_predicate_tran132to133_state131  |    or    |      0|  0|   2|           1|           1|
    |ap_enable_pp0                       |    xor   |      0|  0|   2|           1|           2|
    +------------------------------------+----------+-------+---+----+------------+------------+
    |Total                               |          |      0|  0| 179|         165|         136|
    +------------------------------------+----------+-------+---+----+------------+------------+

    * Multiplexer: 
    +-----------------------------------+-----+-----------+-----+-----------+
    |                Name               | LUT | Input Size| Bits| Total Bits|
    +-----------------------------------+-----+-----------+-----+-----------+
    |ap_NS_fsm                          |  597|        133|    1|        133|
    |ap_done                            |    9|          2|    1|          2|
    |ap_enable_reg_pp0_iter1            |    9|          2|    1|          2|
    |ap_phi_mux_k_1_i_i_phi_fu_2944_p4  |    9|          2|   32|         64|
    |i_op_assign_1_reg_2963             |    9|          2|   32|         64|
    |i_op_assign_reg_2952               |    9|          2|   32|         64|
    |k_0_i_i_reg_2929                   |    9|          2|   32|         64|
    |k_1_i_i_reg_2941                   |    9|          2|   32|         64|
    |symbol_bits_V_address0             |  585|        130|    8|       1040|
    |symbol_bits_V_address1             |  581|        129|    8|       1032|
    |symbol_bits_V_d0                   |   15|          3|    5|         15|
    |t_V_reg_2917                       |    9|          2|   32|         64|
    |val_assign_loc_blk_n               |    9|          2|    1|          2|
    +-----------------------------------+-----+-----------+-----+-----------+
    |Total                              | 1859|        413|  217|       2610|
    +-----------------------------------+-----+-----------+-----+-----------+

    * Register: 
    +------------------------------+-----+----+-----+-----------+
    |             Name             |  FF | LUT| Bits| Const Bits|
    +------------------------------+-----+----+-----+-----------+
    |ap_CS_fsm                     |  132|   0|  132|          0|
    |ap_done_reg                   |    1|   0|    1|          0|
    |ap_enable_reg_pp0_iter0       |    1|   0|    1|          0|
    |ap_enable_reg_pp0_iter1       |    1|   0|    1|          0|
    |count_V_reg_3039              |   32|   0|   32|          0|
    |i_op_assign_1_reg_2963        |   32|   0|   32|          0|
    |i_op_assign_reg_2952          |   32|   0|   32|          0|
    |icmp_ln887_reg_3044           |    1|   0|    1|          0|
    |icmp_ln891_reg_3064           |    1|   0|    1|          0|
    |k_0_i_i_reg_2929              |   32|   0|   32|          0|
    |k_1_i_i_reg_2941              |   32|   0|   32|          0|
    |k_reg_3053                    |   32|   0|   32|          0|
    |t_V_reg_2917                  |   32|   0|   32|          0|
    |val_assign_loc_read_reg_3028  |   32|   0|   32|          0|
    +------------------------------+-----+----+-----+-----------+
    |Total                         |  393|   0|  393|          0|
    +------------------------------+-----+----+-----+-----------+



================================================================
== Interface
================================================================
* Summary: 
+--------------------------------------+-----+-----+------------+-----------------------------+--------------+
|               RTL Ports              | Dir | Bits|  Protocol  |        Source Object        |    C Type    |
+--------------------------------------+-----+-----+------------+-----------------------------+--------------+
|ap_clk                                |  in |    1| ap_ctrl_hs |        canonize_tree        | return value |
|ap_rst                                |  in |    1| ap_ctrl_hs |        canonize_tree        | return value |
|ap_start                              |  in |    1| ap_ctrl_hs |        canonize_tree        | return value |
|ap_done                               | out |    1| ap_ctrl_hs |        canonize_tree        | return value |
|ap_continue                           |  in |    1| ap_ctrl_hs |        canonize_tree        | return value |
|ap_idle                               | out |    1| ap_ctrl_hs |        canonize_tree        | return value |
|ap_ready                              | out |    1| ap_ctrl_hs |        canonize_tree        | return value |
|sorted_value_V_address0               | out |    8|  ap_memory |        sorted_value_V       |     array    |
|sorted_value_V_ce0                    | out |    1|  ap_memory |        sorted_value_V       |     array    |
|sorted_value_V_q0                     |  in |   32|  ap_memory |        sorted_value_V       |     array    |
|val_assign_loc_dout                   |  in |   32|   ap_fifo  |        val_assign_loc       |    pointer   |
|val_assign_loc_empty_n                |  in |    1|   ap_fifo  |        val_assign_loc       |    pointer   |
|val_assign_loc_read                   | out |    1|   ap_fifo  |        val_assign_loc       |    pointer   |
|codeword_length_histogram_V_address0  | out |    6|  ap_memory | codeword_length_histogram_V |     array    |
|codeword_length_histogram_V_ce0       | out |    1|  ap_memory | codeword_length_histogram_V |     array    |
|codeword_length_histogram_V_q0        |  in |   32|  ap_memory | codeword_length_histogram_V |     array    |
|symbol_bits_V_address0                | out |    8|  ap_memory |        symbol_bits_V        |     array    |
|symbol_bits_V_ce0                     | out |    1|  ap_memory |        symbol_bits_V        |     array    |
|symbol_bits_V_we0                     | out |    1|  ap_memory |        symbol_bits_V        |     array    |
|symbol_bits_V_d0                      | out |    5|  ap_memory |        symbol_bits_V        |     array    |
|symbol_bits_V_address1                | out |    8|  ap_memory |        symbol_bits_V        |     array    |
|symbol_bits_V_ce1                     | out |    1|  ap_memory |        symbol_bits_V        |     array    |
|symbol_bits_V_we1                     | out |    1|  ap_memory |        symbol_bits_V        |     array    |
|symbol_bits_V_d1                      | out |    5|  ap_memory |        symbol_bits_V        |     array    |
+--------------------------------------+-----+-----+------------+-----------------------------+--------------+

