

================================================================
== Vivado HLS Report for 'create_codeword'
================================================================
* Date:           Tue Aug  3 13:09:59 2021

* Version:        2020.1 (Build 2897737 on Wed May 27 20:21:37 MDT 2020)
* Project:        huffman_encoding_core_build
* Solution:       optimized
* Product family: zynq
* Target device:  xc7z020-clg484-1


================================================================
== Performance Estimates
================================================================
+ Timing: 
    * Summary: 
    +--------+----------+----------+------------+
    |  Clock |  Target  | Estimated| Uncertainty|
    +--------+----------+----------+------------+
    |ap_clk  | 10.00 ns | 7.950 ns |   1.25 ns  |
    +--------+----------+----------+------------+

+ Latency: 
    * Summary: 
    +---------+---------+-----------+-----------+------+------+---------+
    |  Latency (cycles) |   Latency (absolute)  |   Interval  | Pipeline|
    |   min   |   max   |    min    |    max    |  min |  max |   Type  |
    +---------+---------+-----------+-----------+------+------+---------+
    |     1080|     1080| 10.800 us | 10.800 us |  1080|  1080|   none  |
    +---------+---------+-----------+-----------+------+------+---------+

    + Detail: 
        * Instance: 
        N/A

        * Loop: 
        +--------------------+---------+---------+----------+-----------+-----------+------+----------+
        |                    |  Latency (cycles) | Iteration|  Initiation Interval  | Trip |          |
        |      Loop Name     |   min   |   max   |  Latency |  achieved |   target  | Count| Pipelined|
        +--------------------+---------+---------+----------+-----------+-----------+------+----------+
        |- first_codewords   |       52|       52|         2|          2|          1|    26|    yes   |
        |- assign_codewords  |     1024|     1024|         4|          4|          5|   256|    yes   |
        +--------------------+---------+---------+----------+-----------+-----------+------+----------+



================================================================
== Utilization Estimates
================================================================
* Summary: 
+-----------------+---------+-------+--------+-------+-----+
|       Name      | BRAM_18K| DSP48E|   FF   |  LUT  | URAM|
+-----------------+---------+-------+--------+-------+-----+
|DSP              |        -|      -|       -|      -|    -|
|Expression       |        -|      -|       0|    360|    -|
|FIFO             |        -|      -|       -|      -|    -|
|Instance         |        -|      -|       -|      -|    -|
|Memory           |        0|      -|      54|     12|    0|
|Multiplexer      |        -|      -|       -|    158|    -|
|Register         |        -|      -|      76|      -|    -|
+-----------------+---------+-------+--------+-------+-----+
|Total            |        0|      0|     130|    530|    0|
+-----------------+---------+-------+--------+-------+-----+
|Available        |      280|    220|  106400|  53200|    0|
+-----------------+---------+-------+--------+-------+-----+
|Utilization (%)  |        0|      0|   ~0   |   ~0  |    0|
+-----------------+---------+-------+--------+-------+-----+

+ Detail: 
    * Instance: 
    N/A

    * DSP48E: 
    N/A

    * Memory: 
    +--------------------+----------------------+---------+----+----+-----+------+-----+------+-------------+
    |       Memory       |        Module        | BRAM_18K| FF | LUT| URAM| Words| Bits| Banks| W*Bits*Banks|
    +--------------------+----------------------+---------+----+----+-----+------+-----+------+-------------+
    |first_codeword_V_U  |create_codeword_fkbM  |        0|  54|  12|    0|    27|   27|     1|          729|
    +--------------------+----------------------+---------+----+----+-----+------+-----+------+-------------+
    |Total               |                      |        0|  54|  12|    0|    27|   27|     1|          729|
    +--------------------+----------------------+---------+----+----+-----+------+-----+------+-------------+

    * FIFO: 
    N/A

    * Expression: 
    +------------------------+----------+-------+---+----+------------+------------+
    |      Variable Name     | Operation| DSP48E| FF| LUT| Bitwidth P0| Bitwidth P1|
    +------------------------+----------+-------+---+----+------------+------------+
    |add_ln1503_fu_212_p2    |     +    |      0|  0|  33|          26|          26|
    |add_ln16_fu_187_p2      |     +    |      0|  0|  15|           2|           5|
    |add_ln700_fu_334_p2     |     +    |      0|  0|  34|           1|          27|
    |i_2_fu_239_p2           |     +    |      0|  0|  15|           9|           1|
    |i_fu_227_p2             |     +    |      0|  0|  15|           1|           5|
    |ret_V_fu_274_p2         |     -    |      0|  0|  15|           5|           6|
    |sub_ln556_fu_292_p2     |     -    |      0|  0|  12|           1|           3|
    |icmp_ln14_fu_181_p2     |   icmp   |      0|  0|  11|           5|           4|
    |icmp_ln22_fu_233_p2     |   icmp   |      0|  0|  13|           9|          10|
    |icmp_ln883_fu_250_p2    |   icmp   |      0|  0|  11|           5|           1|
    |lshr_ln808_fu_312_p2    |   lshr   |      0|  0|  81|          27|          27|
    |ap_block_state1         |    or    |      0|  0|   2|           1|           1|
    |select_ln796_fu_326_p3  |  select  |      0|  0|  22|           1|          22|
    |r_V_fu_302_p2           |    shl   |      0|  0|  81|          27|          27|
    +------------------------+----------+-------+---+----+------------+------------+
    |Total                   |          |      0|  0| 360|         120|         165|
    +------------------------+----------+-------+---+----+------------+------------+

    * Multiplexer: 
    +---------------------------+----+-----------+-----+-----------+
    |            Name           | LUT| Input Size| Bits| Total Bits|
    +---------------------------+----+-----------+-----+-----------+
    |ap_NS_fsm                  |  47|         10|    1|         10|
    |ap_done                    |   9|          2|    1|          2|
    |encoding_V_address0        |  15|          3|    8|         24|
    |encoding_V_d0              |  15|          3|   32|         96|
    |first_codeword_V_address0  |  33|          6|    5|         30|
    |first_codeword_V_d0        |  21|          4|   27|        108|
    |i1_0_reg_170               |   9|          2|    9|         18|
    |i_0_reg_158                |   9|          2|    5|         10|
    +---------------------------+----+-----------+-----+-----------+
    |Total                      | 158|         32|   88|        298|
    +---------------------------+----+-----------+-----+-----------+

    * Register: 
    +--------------------------------+----+----+-----+-----------+
    |              Name              | FF | LUT| Bits| Const Bits|
    +--------------------------------+----+----+-----+-----------+
    |ap_CS_fsm                       |   9|   0|    9|          0|
    |ap_done_reg                     |   1|   0|    1|          0|
    |first_codeword_V_add_3_reg_400  |   5|   0|    5|          0|
    |i1_0_reg_170                    |   9|   0|    9|          0|
    |i_0_reg_158                     |   5|   0|    5|          0|
    |i_2_reg_374                     |   9|   0|    9|          0|
    |icmp_ln22_reg_370               |   1|   0|    1|          0|
    |icmp_ln883_reg_396              |   1|   0|    1|          0|
    |length_V_reg_390                |   5|   0|    5|          0|
    |select_ln796_reg_405            |  22|   0|   22|          0|
    |zext_ln24_reg_379               |   9|   0|   64|         55|
    +--------------------------------+----+----+-----+-----------+
    |Total                           |  76|   0|  131|         55|
    +--------------------------------+----+----+-----+-----------+



================================================================
== Interface
================================================================
* Summary: 
+--------------------------------------+-----+-----+------------+-----------------------------+--------------+
|               RTL Ports              | Dir | Bits|  Protocol  |        Source Object        |    C Type    |
+--------------------------------------+-----+-----+------------+-----------------------------+--------------+
|ap_clk                                |  in |    1| ap_ctrl_hs |       create_codeword       | return value |
|ap_rst                                |  in |    1| ap_ctrl_hs |       create_codeword       | return value |
|ap_start                              |  in |    1| ap_ctrl_hs |       create_codeword       | return value |
|ap_done                               | out |    1| ap_ctrl_hs |       create_codeword       | return value |
|ap_continue                           |  in |    1| ap_ctrl_hs |       create_codeword       | return value |
|ap_idle                               | out |    1| ap_ctrl_hs |       create_codeword       | return value |
|ap_ready                              | out |    1| ap_ctrl_hs |       create_codeword       | return value |
|symbol_bits_V_address0                | out |    8|  ap_memory |        symbol_bits_V        |     array    |
|symbol_bits_V_ce0                     | out |    1|  ap_memory |        symbol_bits_V        |     array    |
|symbol_bits_V_q0                      |  in |    5|  ap_memory |        symbol_bits_V        |     array    |
|codeword_length_histogram_V_address0  | out |    6|  ap_memory | codeword_length_histogram_V |     array    |
|codeword_length_histogram_V_ce0       | out |    1|  ap_memory | codeword_length_histogram_V |     array    |
|codeword_length_histogram_V_q0        |  in |   32|  ap_memory | codeword_length_histogram_V |     array    |
|encoding_V_address0                   | out |    8|  ap_memory |          encoding_V         |     array    |
|encoding_V_ce0                        | out |    1|  ap_memory |          encoding_V         |     array    |
|encoding_V_we0                        | out |    1|  ap_memory |          encoding_V         |     array    |
|encoding_V_d0                         | out |   32|  ap_memory |          encoding_V         |     array    |
+--------------------------------------+-----+-----+------------+-----------------------------+--------------+

