

================================================================
== Vivado HLS Report for 'huffman_encoding'
================================================================
* Date:           Wed Aug  4 17:59:05 2021

* Version:        2020.1 (Build 2897737 on Wed May 27 20:21:37 MDT 2020)
* Project:        huffman_encoding_core_build
* Solution:       optimized
* Product family: zynq
* Target device:  xc7z020-clg484-1


================================================================
== Performance Estimates
================================================================
+ Timing: 
    * Summary: 
    +--------+----------+----------+------------+
    |  Clock |  Target  | Estimated| Uncertainty|
    +--------+----------+----------+------------+
    |ap_clk  | 10.00 ns | 8.661 ns |   1.25 ns  |
    +--------+----------+----------+------------+

+ Latency: 
    * Summary: 
    +---------+---------+-----------+-----------+------+------+----------+
    |  Latency (cycles) |   Latency (absolute)  |   Interval  | Pipeline |
    |   min   |   max   |    min    |    max    |  min |  max |   Type   |
    +---------+---------+-----------+-----------+------+------+----------+
    |     4005|     9666| 40.050 us | 96.660 us |  2053|  4708| dataflow |
    +---------+---------+-----------+-----------+------+------+----------+

    + Detail: 
        * Instance: 
        +-------------------------+----------------------+---------+---------+-----------+-----------+------+------+---------+
        |                         |                      |  Latency (cycles) |   Latency (absolute)  |   Interval  | Pipeline|
        |         Instance        |        Module        |   min   |   max   |    min    |    max    |  min |  max |   Type  |
        +-------------------------+----------------------+---------+---------+-----------+-----------+------+------+---------+
        |sort_U0                  |sort                  |      355|     4707|  3.550 us | 47.070 us |   355|  4707|   none  |
        |truncate_tree_U0         |truncate_tree         |     1145|     1253| 11.450 us | 12.530 us |  1145|  1253|   none  |
        |canonize_tree_U0         |canonize_tree         |     2052|     2052| 20.520 us | 20.520 us |  2052|  2052|   none  |
        |create_tree_U0           |create_tree           |        2|     1022| 20.000 ns | 10.220 us |     2|  1022|   none  |
        |compute_bit_length_U0    |compute_bit_length    |      828|      828|  8.280 us |  8.280 us |   828|   828|   none  |
        |create_codeword_U0       |create_codeword       |      822|     1078|  8.220 us | 10.780 us |   822|  1078|   none  |
        |filter_U0                |filter                |      259|      259|  2.590 us |  2.590 us |   259|   259|   none  |
        |Loop_copy_sorted_pro_U0  |Loop_copy_sorted_pro  |      513|      513|  5.130 us |  5.130 us |   513|   513|   none  |
        |Block_proc_U0            |Block_proc            |        0|        0|    0 ns   |    0 ns   |     0|     0|   none  |
        +-------------------------+----------------------+---------+---------+-----------+-----------+------+------+---------+

        * Loop: 
        N/A



================================================================
== Utilization Estimates
================================================================
* Summary: 
+-----------------+---------+-------+--------+-------+-----+
|       Name      | BRAM_18K| DSP48E|   FF   |  LUT  | URAM|
+-----------------+---------+-------+--------+-------+-----+
|DSP              |        -|      -|       -|      -|    -|
|Expression       |        -|      -|       0|     74|    -|
|FIFO             |        0|      -|      30|    264|    -|
|Instance         |        8|      -|    5080|   8656|    0|
|Memory           |       17|      -|       0|      0|    0|
|Multiplexer      |        -|      -|       -|    108|    -|
|Register         |        -|      -|      12|      -|    -|
+-----------------+---------+-------+--------+-------+-----+
|Total            |       25|      0|    5122|   9102|    0|
+-----------------+---------+-------+--------+-------+-----+
|Available        |      280|    220|  106400|  53200|    0|
+-----------------+---------+-------+--------+-------+-----+
|Utilization (%)  |        8|      0|       4|     17|    0|
+-----------------+---------+-------+--------+-------+-----+

+ Detail: 
    * Instance: 
    +-------------------------+----------------------+---------+-------+------+------+-----+
    |         Instance        |        Module        | BRAM_18K| DSP48E|  FF  |  LUT | URAM|
    +-------------------------+----------------------+---------+-------+------+------+-----+
    |Block_proc_U0            |Block_proc            |        0|      0|    34|    29|    0|
    |Loop_copy_sorted_pro_U0  |Loop_copy_sorted_pro  |        0|      0|   130|   135|    0|
    |canonize_tree_U0         |canonize_tree         |        0|      0|   393|  2038|    0|
    |compute_bit_length_U0    |compute_bit_length    |        2|      0|   194|   422|    0|
    |create_codeword_U0       |create_codeword       |        0|      0|   127|   524|    0|
    |create_tree_U0           |create_tree           |        1|      0|   518|   820|    0|
    |filter_U0                |filter                |        0|      0|    90|   166|    0|
    |sort_U0                  |sort                  |        5|      0|  3320|  2527|    0|
    |truncate_tree_U0         |truncate_tree         |        0|      0|   274|  1995|    0|
    +-------------------------+----------------------+---------+-------+------+------+-----+
    |Total                    |                      |        8|      0|  5080|  8656|    0|
    +-------------------------+----------------------+---------+-------+------+------+-----+

    * DSP48E: 
    N/A

    * Memory: 
    +--------------------------+----------------------+---------+---+----+-----+------+-----+------+-------------+
    |          Memory          |        Module        | BRAM_18K| FF| LUT| URAM| Words| Bits| Banks| W*Bits*Banks|
    +--------------------------+----------------------+---------+---+----+-----+------+-----+------+-------------+
    |filtered_value_V_U        |huffman_encoding_lbW  |        1|  0|   0|    0|   256|   32|     2|        16384|
    |filtered_frequency_V_U    |huffman_encoding_lbW  |        1|  0|   0|    0|   256|   32|     2|        16384|
    |sorted_0_U                |huffman_encoding_lbW  |        1|  0|   0|    0|   256|   32|     2|        16384|
    |sorted_1_U                |huffman_encoding_lbW  |        1|  0|   0|    0|   256|   32|     2|        16384|
    |sorted_copy1_value_V_U    |huffman_encoding_lbW  |        1|  0|   0|    0|   256|   32|     2|        16384|
    |sorted_copy1_frequen_U    |huffman_encoding_lbW  |        1|  0|   0|    0|   256|   32|     2|        16384|
    |sorted_copy2_value_V_U    |huffman_encoding_lbW  |        1|  0|   0|    0|   256|   32|     2|        16384|
    |parent_V_U                |huffman_encoding_sc4  |        1|  0|   0|    0|   255|   31|     2|        15810|
    |left_V_U                  |huffman_encoding_tde  |        1|  0|   0|    0|   255|   32|     2|        16320|
    |right_V_U                 |huffman_encoding_tde  |        1|  0|   0|    0|   255|   32|     2|        16320|
    |length_histogram_V_U      |huffman_encoding_vdy  |        2|  0|   0|    0|    64|   32|     2|         4096|
    |truncated_length_his_U    |huffman_encoding_wdI  |        2|  0|   0|    0|    64|   32|     2|         4096|
    |truncated_length_his_1_U  |huffman_encoding_xdS  |        2|  0|   0|    0|    64|   32|     2|         4096|
    |symbol_bits_V_U           |huffman_encoding_yd2  |        1|  0|   0|    0|   256|    5|     2|         2560|
    +--------------------------+----------------------+---------+---+----+-----+------+-----+------+-------------+
    |Total                     |                      |       17|  0|   0|    0|  3005|  420|    28|       177986|
    +--------------------------+----------------------+---------+---+----+-----+------+-----+------+-------------+

    * FIFO: 
    +----------------------+---------+---+----+-----+------+-----+---------+
    |         Name         | BRAM_18K| FF| LUT| URAM| Depth| Bits| Size:D*B|
    +----------------------+---------+---+----+-----+------+-----+---------+
    |n_c16_U               |        0|  5|   0|    -|     2|   32|       64|
    |n_c_U                 |        0|  5|   0|    -|     2|   32|       64|
    |val_assign_loc_c17_U  |        0|  5|   0|    -|     2|   32|       64|
    |val_assign_loc_c18_U  |        0|  5|   0|    -|     2|   32|       64|
    |val_assign_loc_c19_U  |        0|  5|   0|    -|     3|   32|       96|
    |val_assign_loc_c_U    |        0|  5|   0|    -|     2|   32|       64|
    +----------------------+---------+---+----+-----+------+-----+---------+
    |Total                 |        0| 30|   0|    0|    13|  192|      416|
    +----------------------+---------+---+----+-----+------+-----+---------+

    * Expression: 
    +----------------------------------------------+----------+-------+---+----+------------+------------+
    |                 Variable Name                | Operation| DSP48E| FF| LUT| Bitwidth P0| Bitwidth P1|
    +----------------------------------------------+----------+-------+---+----+------------+------------+
    |Loop_copy_sorted_pro_U0_ap_continue           |    and   |      0|  0|   2|           1|           1|
    |Loop_copy_sorted_pro_U0_ap_start              |    and   |      0|  0|   2|           1|           1|
    |ap_channel_done_filtered_frequency_V          |    and   |      0|  0|   2|           1|           1|
    |ap_channel_done_filtered_value_V              |    and   |      0|  0|   2|           1|           1|
    |ap_channel_done_left_V                        |    and   |      0|  0|   2|           1|           1|
    |ap_channel_done_parent_V                      |    and   |      0|  0|   2|           1|           1|
    |ap_channel_done_right_V                       |    and   |      0|  0|   2|           1|           1|
    |ap_channel_done_sorted_0                      |    and   |      0|  0|   2|           1|           1|
    |ap_channel_done_sorted_1                      |    and   |      0|  0|   2|           1|           1|
    |ap_channel_done_sorted_copy1_frequen          |    and   |      0|  0|   2|           1|           1|
    |ap_channel_done_sorted_copy1_value_V          |    and   |      0|  0|   2|           1|           1|
    |ap_channel_done_sorted_copy2_value_V          |    and   |      0|  0|   2|           1|           1|
    |ap_channel_done_truncated_length_his          |    and   |      0|  0|   2|           1|           1|
    |ap_channel_done_truncated_length_his_1        |    and   |      0|  0|   2|           1|           1|
    |ap_idle                                       |    and   |      0|  0|   2|           1|           1|
    |ap_sync_done                                  |    and   |      0|  0|   2|           1|           1|
    |canonize_tree_U0_ap_start                     |    and   |      0|  0|   2|           1|           1|
    |compute_bit_length_U0_ap_start                |    and   |      0|  0|   2|           1|           1|
    |create_codeword_U0_ap_start                   |    and   |      0|  0|   2|           1|           1|
    |create_tree_U0_ap_continue                    |    and   |      0|  0|   2|           1|           1|
    |create_tree_U0_ap_start                       |    and   |      0|  0|   2|           1|           1|
    |filter_U0_ap_continue                         |    and   |      0|  0|   2|           1|           1|
    |sort_U0_ap_continue                           |    and   |      0|  0|   2|           1|           1|
    |sort_U0_ap_start                              |    and   |      0|  0|   2|           1|           1|
    |truncate_tree_U0_ap_continue                  |    and   |      0|  0|   2|           1|           1|
    |ap_sync_channel_write_filtered_frequency_V    |    or    |      0|  0|   2|           1|           1|
    |ap_sync_channel_write_filtered_value_V        |    or    |      0|  0|   2|           1|           1|
    |ap_sync_channel_write_left_V                  |    or    |      0|  0|   2|           1|           1|
    |ap_sync_channel_write_parent_V                |    or    |      0|  0|   2|           1|           1|
    |ap_sync_channel_write_right_V                 |    or    |      0|  0|   2|           1|           1|
    |ap_sync_channel_write_sorted_0                |    or    |      0|  0|   2|           1|           1|
    |ap_sync_channel_write_sorted_1                |    or    |      0|  0|   2|           1|           1|
    |ap_sync_channel_write_sorted_copy1_frequen    |    or    |      0|  0|   2|           1|           1|
    |ap_sync_channel_write_sorted_copy1_value_V    |    or    |      0|  0|   2|           1|           1|
    |ap_sync_channel_write_sorted_copy2_value_V    |    or    |      0|  0|   2|           1|           1|
    |ap_sync_channel_write_truncated_length_his    |    or    |      0|  0|   2|           1|           1|
    |ap_sync_channel_write_truncated_length_his_1  |    or    |      0|  0|   2|           1|           1|
    +----------------------------------------------+----------+-------+---+----+------------+------------+
    |Total                                         |          |      0|  0|  74|          37|          37|
    +----------------------------------------------+----------+-------+---+----+------------+------------+

    * Multiplexer: 
    +--------------------------------------------------+----+-----------+-----+-----------+
    |                       Name                       | LUT| Input Size| Bits| Total Bits|
    +--------------------------------------------------+----+-----------+-----+-----------+
    |ap_sync_reg_channel_write_filtered_frequency_V    |   9|          2|    1|          2|
    |ap_sync_reg_channel_write_filtered_value_V        |   9|          2|    1|          2|
    |ap_sync_reg_channel_write_left_V                  |   9|          2|    1|          2|
    |ap_sync_reg_channel_write_parent_V                |   9|          2|    1|          2|
    |ap_sync_reg_channel_write_right_V                 |   9|          2|    1|          2|
    |ap_sync_reg_channel_write_sorted_0                |   9|          2|    1|          2|
    |ap_sync_reg_channel_write_sorted_1                |   9|          2|    1|          2|
    |ap_sync_reg_channel_write_sorted_copy1_frequen    |   9|          2|    1|          2|
    |ap_sync_reg_channel_write_sorted_copy1_value_V    |   9|          2|    1|          2|
    |ap_sync_reg_channel_write_sorted_copy2_value_V    |   9|          2|    1|          2|
    |ap_sync_reg_channel_write_truncated_length_his    |   9|          2|    1|          2|
    |ap_sync_reg_channel_write_truncated_length_his_1  |   9|          2|    1|          2|
    +--------------------------------------------------+----+-----------+-----+-----------+
    |Total                                             | 108|         24|   12|         24|
    +--------------------------------------------------+----+-----------+-----+-----------+

    * Register: 
    +--------------------------------------------------+---+----+-----+-----------+
    |                       Name                       | FF| LUT| Bits| Const Bits|
    +--------------------------------------------------+---+----+-----+-----------+
    |ap_sync_reg_channel_write_filtered_frequency_V    |  1|   0|    1|          0|
    |ap_sync_reg_channel_write_filtered_value_V        |  1|   0|    1|          0|
    |ap_sync_reg_channel_write_left_V                  |  1|   0|    1|          0|
    |ap_sync_reg_channel_write_parent_V                |  1|   0|    1|          0|
    |ap_sync_reg_channel_write_right_V                 |  1|   0|    1|          0|
    |ap_sync_reg_channel_write_sorted_0                |  1|   0|    1|          0|
    |ap_sync_reg_channel_write_sorted_1                |  1|   0|    1|          0|
    |ap_sync_reg_channel_write_sorted_copy1_frequen    |  1|   0|    1|          0|
    |ap_sync_reg_channel_write_sorted_copy1_value_V    |  1|   0|    1|          0|
    |ap_sync_reg_channel_write_sorted_copy2_value_V    |  1|   0|    1|          0|
    |ap_sync_reg_channel_write_truncated_length_his    |  1|   0|    1|          0|
    |ap_sync_reg_channel_write_truncated_length_his_1  |  1|   0|    1|          0|
    +--------------------------------------------------+---+----+-----+-----------+
    |Total                                             | 12|   0|   12|          0|
    +--------------------------------------------------+---+----+-----+-----------+



================================================================
== Interface
================================================================
* Summary: 
+---------------------------------------+-----+-----+------------+------------------------------+--------------+
|               RTL Ports               | Dir | Bits|  Protocol  |         Source Object        |    C Type    |
+---------------------------------------+-----+-----+------------+------------------------------+--------------+
|ap_clk                                 |  in |    1| ap_ctrl_hs |       huffman_encoding       | return value |
|ap_rst                                 |  in |    1| ap_ctrl_hs |       huffman_encoding       | return value |
|ap_start                               |  in |    1| ap_ctrl_hs |       huffman_encoding       | return value |
|ap_done                                | out |    1| ap_ctrl_hs |       huffman_encoding       | return value |
|ap_ready                               | out |    1| ap_ctrl_hs |       huffman_encoding       | return value |
|ap_idle                                | out |    1| ap_ctrl_hs |       huffman_encoding       | return value |
|symbol_histogram_value_V_address0      | out |    8|  ap_memory |   symbol_histogram_value_V   |     array    |
|symbol_histogram_value_V_ce0           | out |    1|  ap_memory |   symbol_histogram_value_V   |     array    |
|symbol_histogram_value_V_d0            | out |   32|  ap_memory |   symbol_histogram_value_V   |     array    |
|symbol_histogram_value_V_q0            |  in |   32|  ap_memory |   symbol_histogram_value_V   |     array    |
|symbol_histogram_value_V_we0           | out |    1|  ap_memory |   symbol_histogram_value_V   |     array    |
|symbol_histogram_value_V_address1      | out |    8|  ap_memory |   symbol_histogram_value_V   |     array    |
|symbol_histogram_value_V_ce1           | out |    1|  ap_memory |   symbol_histogram_value_V   |     array    |
|symbol_histogram_value_V_d1            | out |   32|  ap_memory |   symbol_histogram_value_V   |     array    |
|symbol_histogram_value_V_q1            |  in |   32|  ap_memory |   symbol_histogram_value_V   |     array    |
|symbol_histogram_value_V_we1           | out |    1|  ap_memory |   symbol_histogram_value_V   |     array    |
|symbol_histogram_frequency_V_address0  | out |    8|  ap_memory | symbol_histogram_frequency_V |     array    |
|symbol_histogram_frequency_V_ce0       | out |    1|  ap_memory | symbol_histogram_frequency_V |     array    |
|symbol_histogram_frequency_V_d0        | out |   32|  ap_memory | symbol_histogram_frequency_V |     array    |
|symbol_histogram_frequency_V_q0        |  in |   32|  ap_memory | symbol_histogram_frequency_V |     array    |
|symbol_histogram_frequency_V_we0       | out |    1|  ap_memory | symbol_histogram_frequency_V |     array    |
|symbol_histogram_frequency_V_address1  | out |    8|  ap_memory | symbol_histogram_frequency_V |     array    |
|symbol_histogram_frequency_V_ce1       | out |    1|  ap_memory | symbol_histogram_frequency_V |     array    |
|symbol_histogram_frequency_V_d1        | out |   32|  ap_memory | symbol_histogram_frequency_V |     array    |
|symbol_histogram_frequency_V_q1        |  in |   32|  ap_memory | symbol_histogram_frequency_V |     array    |
|symbol_histogram_frequency_V_we1       | out |    1|  ap_memory | symbol_histogram_frequency_V |     array    |
|encoding_V_address0                    | out |    8|  ap_memory |          encoding_V          |     array    |
|encoding_V_ce0                         | out |    1|  ap_memory |          encoding_V          |     array    |
|encoding_V_d0                          | out |   32|  ap_memory |          encoding_V          |     array    |
|encoding_V_q0                          |  in |   32|  ap_memory |          encoding_V          |     array    |
|encoding_V_we0                         | out |    1|  ap_memory |          encoding_V          |     array    |
|encoding_V_address1                    | out |    8|  ap_memory |          encoding_V          |     array    |
|encoding_V_ce1                         | out |    1|  ap_memory |          encoding_V          |     array    |
|encoding_V_d1                          | out |   32|  ap_memory |          encoding_V          |     array    |
|encoding_V_q1                          |  in |   32|  ap_memory |          encoding_V          |     array    |
|encoding_V_we1                         | out |    1|  ap_memory |          encoding_V          |     array    |
|num_nonzero_symbols                    | out |   32|   ap_vld   |      num_nonzero_symbols     |    pointer   |
|num_nonzero_symbols_ap_vld             | out |    1|   ap_vld   |      num_nonzero_symbols     |    pointer   |
+---------------------------------------+-----+-----+------------+------------------------------+--------------+

