

================================================================
== Vivado HLS Report for 'canonize_tree'
================================================================
* Date:           Tue Aug  3 21:42:39 2021

* Version:        2020.1 (Build 2897737 on Wed May 27 20:21:37 MDT 2020)
* Project:        huffman_encoding_core_build
* Solution:       solution
* Product family: zynq
* Target device:  xc7z020-clg484-1


================================================================
== Performance Estimates
================================================================
+ Timing: 
    * Summary: 
    +--------+----------+----------+------------+
    |  Clock |  Target  | Estimated| Uncertainty|
    +--------+----------+----------+------------+
    |ap_clk  | 10.00 ns | 6.508 ns |   1.25 ns  |
    +--------+----------+----------+------------+

+ Latency: 
    * Summary: 
    +---------+---------+----------+----------+-----+-----+---------+
    |  Latency (cycles) |  Latency (absolute) |  Interval | Pipeline|
    |   min   |   max   |    min   |    max   | min | max |   Type  |
    +---------+---------+----------+----------+-----+-----+---------+
    |        ?|        ?|         ?|         ?|    ?|    ?|   none  |
    +---------+---------+----------+----------+-----+-----+---------+

    + Detail: 
        * Instance: 
        N/A

        * Loop: 
        +-------------------------+---------+---------+----------+-----------+-----------+------+----------+
        |                         |  Latency (cycles) | Iteration|  Initiation Interval  | Trip |          |
        |        Loop Name        |   min   |   max   |  Latency |  achieved |   target  | Count| Pipelined|
        +-------------------------+---------+---------+----------+-----------+-----------+------+----------+
        |- init_bits              |      256|      256|         1|          -|          -|   256|    no    |
        |- process_symbols        |        ?|        ?|         ?|          -|          -|     ?|    no    |
        | + canonize_tree_label0  |        ?|        ?|         2|          1|          1|     ?|    yes   |
        +-------------------------+---------+---------+----------+-----------+-----------+------+----------+

============================================================
+ Verbose Summary: Synthesis Manager
============================================================
InlineROM: 1
ExposeGlobal: 0
============================================================
+ Verbose Summary: CDFG Model
============================================================
IsTopModel: 0
ResetActiveHigh: 1
IsCombinational: 2
IsDatapathOnly: 0
HasWiredReturn: 1
HasMFsm: 0
HasVarLatency: 1
IsPipeline: 0
IsRtlPipelined: 0
IsInstanceOverlapped: 0
IsDontTouch: 0
HasImplIP: 0
IsGatedGlobalClock: 0

+ Individual pipeline summary: 
  * Pipeline-0: initiation interval (II) = 1, depth = 2


============================================================
+ Verbose Summary: Schedule
============================================================
* Number of FSM states : 7
* Pipeline : 1
  Pipeline-0 : II = 1, D = 2, States = { 5 6 }
* Dataflow Pipeline: 0

* FSM state transitions: 
1 --> 2 
2 --> 2 3 
3 --> 4 
4 --> 5 
5 --> 6 
6 --> 7 5 
7 --> 3 

* FSM state operations: 

State 1 <SV = 0> <Delay = 3.63>
ST_1 : Operation 8 [1/1] (0.00ns)   --->   "%empty = call i32 (...)* @_ssdm_op_SpecInterface(i32* %val_assign_loc, [8 x i8]* @ap_fifo_str, i32 0, i32 0, [1 x i8]* @p_str, i32 0, i32 0, [1 x i8]* @p_str, [1 x i8]* @p_str, [1 x i8]* @p_str, i32 2, i32 2, i32 16, i32 16, [1 x i8]* @p_str, [11 x i8]* @ScalarProp_str)"   --->   Operation 8 'specinterface' 'empty' <Predicate = true> <Delay = 0.00>
ST_1 : Operation 9 [1/1] (3.63ns)   --->   "%val_assign_loc_read = call i32 @_ssdm_op_Read.ap_fifo.i32P(i32* %val_assign_loc)" [./hls-src/huffman_encoding.cpp:71]   --->   Operation 9 'read' 'val_assign_loc_read' <Predicate = true> <Delay = 3.63> <Core = "FIFO">   --->   Core 32 'FIFO' <Latency = 0> <II = 1> <Delay = 3.63> <Storage> <Opcode : 'read' 'write' 'nbread' 'nbwrite'> <Ports = 0> <Width = 32> <Depth = 3> <FIFO>
ST_1 : Operation 10 [1/1] (1.76ns)   --->   "br label %._crit_edge.i.i" [./hls-src/huffman_canonize_tree.cpp:10->./hls-src/huffman_encoding.cpp:71]   --->   Operation 10 'br' <Predicate = true> <Delay = 1.76>

State 2 <SV = 1> <Delay = 3.25>
ST_2 : Operation 11 [1/1] (0.00ns)   --->   "%i_0_i_i = phi i9 [ %i, %0 ], [ 0, %entry ]"   --->   Operation 11 'phi' 'i_0_i_i' <Predicate = true> <Delay = 0.00>
ST_2 : Operation 12 [1/1] (1.66ns)   --->   "%icmp_ln13 = icmp eq i9 %i_0_i_i, -256" [./hls-src/huffman_canonize_tree.cpp:13->./hls-src/huffman_encoding.cpp:71]   --->   Operation 12 'icmp' 'icmp_ln13' <Predicate = true> <Delay = 1.66> <Core = "Cmp">   --->   Core 25 'Cmp' <Latency = 0> <II = 1> <Delay = 2.47> <FuncUnit> <Opcode : 'icmp'> <InPorts = 2> <OutPorts = 1>
ST_2 : Operation 13 [1/1] (0.00ns)   --->   "call void (...)* @_ssdm_op_SpecLoopTripCount(i64 256, i64 256, i64 256)"   --->   Operation 13 'speclooptripcount' <Predicate = true> <Delay = 0.00>
ST_2 : Operation 14 [1/1] (1.82ns)   --->   "%i = add i9 %i_0_i_i, 1" [./hls-src/huffman_canonize_tree.cpp:13->./hls-src/huffman_encoding.cpp:71]   --->   Operation 14 'add' 'i' <Predicate = true> <Delay = 1.82> <Core = "AddSub">   --->   Core 14 'AddSub' <Latency = 0> <II = 1> <Delay = 2.55> <FuncUnit> <Opcode : 'add' 'sub'> <InPorts = 2> <OutPorts = 1>
ST_2 : Operation 15 [1/1] (0.00ns)   --->   "br i1 %icmp_ln13, label %process_symbols_begin.preheader, label %0" [./hls-src/huffman_canonize_tree.cpp:13->./hls-src/huffman_encoding.cpp:71]   --->   Operation 15 'br' <Predicate = true> <Delay = 0.00>
ST_2 : Operation 16 [1/1] (0.00ns)   --->   "call void (...)* @_ssdm_op_SpecLoopName([10 x i8]* @p_str2) nounwind" [./hls-src/huffman_canonize_tree.cpp:13->./hls-src/huffman_encoding.cpp:71]   --->   Operation 16 'specloopname' <Predicate = (!icmp_ln13)> <Delay = 0.00>
ST_2 : Operation 17 [1/1] (0.00ns)   --->   "%zext_ln14 = zext i9 %i_0_i_i to i64" [./hls-src/huffman_canonize_tree.cpp:14->./hls-src/huffman_encoding.cpp:71]   --->   Operation 17 'zext' 'zext_ln14' <Predicate = (!icmp_ln13)> <Delay = 0.00>
ST_2 : Operation 18 [1/1] (0.00ns)   --->   "%symbol_bits_V_addr = getelementptr [256 x i5]* %symbol_bits_V, i64 0, i64 %zext_ln14" [./hls-src/huffman_canonize_tree.cpp:14->./hls-src/huffman_encoding.cpp:71]   --->   Operation 18 'getelementptr' 'symbol_bits_V_addr' <Predicate = (!icmp_ln13)> <Delay = 0.00>
ST_2 : Operation 19 [1/1] (3.25ns)   --->   "store i5 0, i5* %symbol_bits_V_addr, align 1" [./hls-src/huffman_canonize_tree.cpp:14->./hls-src/huffman_encoding.cpp:71]   --->   Operation 19 'store' <Predicate = (!icmp_ln13)> <Delay = 3.25> <Core = "RAM">   --->   Core 37 'RAM' <Latency = 1> <II = 1> <Delay = 3.25> <Storage> <Opcode : 'load' 'store'> <Ports = 2> <Width = 32> <Depth = 64> <RAM>
ST_2 : Operation 20 [1/1] (0.00ns)   --->   "br label %._crit_edge.i.i" [./hls-src/huffman_canonize_tree.cpp:13->./hls-src/huffman_encoding.cpp:71]   --->   Operation 20 'br' <Predicate = (!icmp_ln13)> <Delay = 0.00>
ST_2 : Operation 21 [1/1] (1.76ns)   --->   "br label %process_symbols_begin" [./hls-src/huffman_canonize_tree.cpp:27->./hls-src/huffman_encoding.cpp:71]   --->   Operation 21 'br' <Predicate = (icmp_ln13)> <Delay = 1.76>

State 3 <SV = 2> <Delay = 3.25>
ST_3 : Operation 22 [1/1] (0.00ns)   --->   "%t_V = phi i32 [ %length_V, %process_symbols_end ], [ 64, %process_symbols_begin.preheader ]"   --->   Operation 22 'phi' 't_V' <Predicate = true> <Delay = 0.00>
ST_3 : Operation 23 [1/1] (0.00ns)   --->   "%zext_ln544 = zext i32 %t_V to i64" [./hls-src/huffman_canonize_tree.cpp:28->./hls-src/huffman_encoding.cpp:71]   --->   Operation 23 'zext' 'zext_ln544' <Predicate = true> <Delay = 0.00>
ST_3 : Operation 24 [1/1] (0.00ns)   --->   "%codeword_length_hist = getelementptr [64 x i32]* %codeword_length_histogram_V, i64 0, i64 %zext_ln544" [./hls-src/huffman_canonize_tree.cpp:28->./hls-src/huffman_encoding.cpp:71]   --->   Operation 24 'getelementptr' 'codeword_length_hist' <Predicate = true> <Delay = 0.00>
ST_3 : Operation 25 [2/2] (3.25ns)   --->   "%count_V = load i32* %codeword_length_hist, align 4" [./hls-src/huffman_canonize_tree.cpp:28->./hls-src/huffman_encoding.cpp:71]   --->   Operation 25 'load' 'count_V' <Predicate = true> <Delay = 3.25> <Core = "RAM">   --->   Core 37 'RAM' <Latency = 1> <II = 1> <Delay = 3.25> <Storage> <Opcode : 'load' 'store'> <Ports = 2> <Width = 32> <Depth = 64> <RAM>

State 4 <SV = 3> <Delay = 3.25>
ST_4 : Operation 26 [1/1] (0.00ns)   --->   "%k_0_i_i = phi i32 [ %i_op_assign_1, %process_symbols_end ], [ 0, %process_symbols_begin.preheader ]" [./hls-src/huffman_canonize_tree.cpp:31->./hls-src/huffman_encoding.cpp:71]   --->   Operation 26 'phi' 'k_0_i_i' <Predicate = true> <Delay = 0.00>
ST_4 : Operation 27 [1/1] (0.00ns)   --->   "call void (...)* @_ssdm_op_SpecLoopName([16 x i8]* @p_str3) nounwind" [./hls-src/huffman_canonize_tree.cpp:27->./hls-src/huffman_encoding.cpp:71]   --->   Operation 27 'specloopname' <Predicate = true> <Delay = 0.00>
ST_4 : Operation 28 [1/1] (0.00ns)   --->   "%tmp_i_i = call i32 (...)* @_ssdm_op_SpecRegionBegin([16 x i8]* @p_str3)" [./hls-src/huffman_canonize_tree.cpp:27->./hls-src/huffman_encoding.cpp:71]   --->   Operation 28 'specregionbegin' 'tmp_i_i' <Predicate = true> <Delay = 0.00>
ST_4 : Operation 29 [1/2] (3.25ns)   --->   "%count_V = load i32* %codeword_length_hist, align 4" [./hls-src/huffman_canonize_tree.cpp:28->./hls-src/huffman_encoding.cpp:71]   --->   Operation 29 'load' 'count_V' <Predicate = true> <Delay = 3.25> <Core = "RAM">   --->   Core 37 'RAM' <Latency = 1> <II = 1> <Delay = 3.25> <Storage> <Opcode : 'load' 'store'> <Ports = 2> <Width = 32> <Depth = 64> <RAM>
ST_4 : Operation 30 [1/1] (1.76ns)   --->   "br label %1" [./hls-src/huffman_canonize_tree.cpp:29->./hls-src/huffman_encoding.cpp:71]   --->   Operation 30 'br' <Predicate = true> <Delay = 1.76>

State 5 <SV = 4> <Delay = 5.02>
ST_5 : Operation 31 [1/1] (0.00ns)   --->   "%k_1_i_i = phi i32 [ %k_0_i_i, %process_symbols_begin ], [ %k, %canonize_tree_label0_end ]"   --->   Operation 31 'phi' 'k_1_i_i' <Predicate = true> <Delay = 0.00>
ST_5 : Operation 32 [1/1] (0.00ns)   --->   "%i_op_assign = phi i32 [ 0, %process_symbols_begin ], [ %i_7, %canonize_tree_label0_end ]"   --->   Operation 32 'phi' 'i_op_assign' <Predicate = true> <Delay = 0.00>
ST_5 : Operation 33 [1/1] (2.47ns)   --->   "%icmp_ln887 = icmp ult i32 %i_op_assign, %count_V" [./hls-src/huffman_canonize_tree.cpp:29->./hls-src/huffman_encoding.cpp:71]   --->   Operation 33 'icmp' 'icmp_ln887' <Predicate = true> <Delay = 2.47> <Core = "Cmp">   --->   Core 25 'Cmp' <Latency = 0> <II = 1> <Delay = 2.47> <FuncUnit> <Opcode : 'icmp'> <InPorts = 2> <OutPorts = 1>
ST_5 : Operation 34 [1/1] (2.55ns)   --->   "%i_7 = add nsw i32 %i_op_assign, 1" [./hls-src/huffman_canonize_tree.cpp:29->./hls-src/huffman_encoding.cpp:71]   --->   Operation 34 'add' 'i_7' <Predicate = true> <Delay = 2.55> <Core = "AddSub">   --->   Core 14 'AddSub' <Latency = 0> <II = 1> <Delay = 2.55> <FuncUnit> <Opcode : 'add' 'sub'> <InPorts = 2> <OutPorts = 1>
ST_5 : Operation 35 [1/1] (1.76ns)   --->   "br i1 %icmp_ln887, label %canonize_tree_label0_begin, label %.loopexit.i.i" [./hls-src/huffman_canonize_tree.cpp:29->./hls-src/huffman_encoding.cpp:71]   --->   Operation 35 'br' <Predicate = true> <Delay = 1.76>
ST_5 : Operation 36 [1/1] (2.55ns)   --->   "%k = add nsw i32 1, %k_1_i_i" [./hls-src/huffman_canonize_tree.cpp:31->./hls-src/huffman_encoding.cpp:71]   --->   Operation 36 'add' 'k' <Predicate = (icmp_ln887)> <Delay = 2.55> <Core = "AddSub">   --->   Core 14 'AddSub' <Latency = 0> <II = 1> <Delay = 2.55> <FuncUnit> <Opcode : 'add' 'sub'> <InPorts = 2> <OutPorts = 1>
ST_5 : Operation 37 [1/1] (0.00ns)   --->   "%sext_ln31 = sext i32 %k_1_i_i to i64" [./hls-src/huffman_canonize_tree.cpp:31->./hls-src/huffman_encoding.cpp:71]   --->   Operation 37 'sext' 'sext_ln31' <Predicate = (icmp_ln887)> <Delay = 0.00>
ST_5 : Operation 38 [1/1] (0.00ns)   --->   "%sorted_value_V_addr = getelementptr [256 x i32]* %sorted_value_V, i64 0, i64 %sext_ln31" [./hls-src/huffman_canonize_tree.cpp:31->./hls-src/huffman_encoding.cpp:71]   --->   Operation 38 'getelementptr' 'sorted_value_V_addr' <Predicate = (icmp_ln887)> <Delay = 0.00>
ST_5 : Operation 39 [2/2] (3.25ns)   --->   "%val = load i32* %sorted_value_V_addr, align 4" [./hls-src/huffman_canonize_tree.cpp:31->./hls-src/huffman_encoding.cpp:71]   --->   Operation 39 'load' 'val' <Predicate = (icmp_ln887)> <Delay = 3.25> <Core = "RAM">   --->   Core 37 'RAM' <Latency = 1> <II = 1> <Delay = 3.25> <Storage> <Opcode : 'load' 'store'> <Ports = 2> <Width = 32> <Depth = 64> <RAM>
ST_5 : Operation 40 [1/1] (2.47ns)   --->   "%icmp_ln891 = icmp ult i32 %k, %val_assign_loc_read" [./hls-src/huffman_canonize_tree.cpp:33->./hls-src/huffman_encoding.cpp:71]   --->   Operation 40 'icmp' 'icmp_ln891' <Predicate = (icmp_ln887)> <Delay = 2.47> <Core = "Cmp">   --->   Core 25 'Cmp' <Latency = 0> <II = 1> <Delay = 2.47> <FuncUnit> <Opcode : 'icmp'> <InPorts = 2> <OutPorts = 1>

State 6 <SV = 5> <Delay = 6.50>
ST_6 : Operation 41 [1/1] (0.00ns)   --->   "call void (...)* @_ssdm_op_SpecLoopName([21 x i8]* @p_str4) nounwind" [./hls-src/huffman_canonize_tree.cpp:29->./hls-src/huffman_encoding.cpp:71]   --->   Operation 41 'specloopname' <Predicate = (icmp_ln887)> <Delay = 0.00>
ST_6 : Operation 42 [1/1] (0.00ns)   --->   "%tmp_14_i_i = call i32 (...)* @_ssdm_op_SpecRegionBegin([21 x i8]* @p_str4)" [./hls-src/huffman_canonize_tree.cpp:29->./hls-src/huffman_encoding.cpp:71]   --->   Operation 42 'specregionbegin' 'tmp_14_i_i' <Predicate = (icmp_ln887)> <Delay = 0.00>
ST_6 : Operation 43 [1/1] (0.00ns)   --->   "call void (...)* @_ssdm_op_SpecPipeline(i32 1, i32 1, i32 1, i32 0, [1 x i8]* @p_str5) nounwind" [./hls-src/huffman_canonize_tree.cpp:30->./hls-src/huffman_encoding.cpp:71]   --->   Operation 43 'specpipeline' <Predicate = (icmp_ln887)> <Delay = 0.00>
ST_6 : Operation 44 [1/2] (3.25ns)   --->   "%val = load i32* %sorted_value_V_addr, align 4" [./hls-src/huffman_canonize_tree.cpp:31->./hls-src/huffman_encoding.cpp:71]   --->   Operation 44 'load' 'val' <Predicate = (icmp_ln887)> <Delay = 3.25> <Core = "RAM">   --->   Core 37 'RAM' <Latency = 1> <II = 1> <Delay = 3.25> <Storage> <Opcode : 'load' 'store'> <Ports = 2> <Width = 32> <Depth = 64> <RAM>
ST_6 : Operation 45 [1/1] (0.00ns)   --->   "%sext_ln32 = sext i32 %val to i64" [./hls-src/huffman_canonize_tree.cpp:32->./hls-src/huffman_encoding.cpp:71]   --->   Operation 45 'sext' 'sext_ln32' <Predicate = (icmp_ln887)> <Delay = 0.00>
ST_6 : Operation 46 [1/1] (0.00ns)   --->   "%symbol_bits_V_addr_1 = getelementptr [256 x i5]* %symbol_bits_V, i64 0, i64 %sext_ln32" [./hls-src/huffman_canonize_tree.cpp:32->./hls-src/huffman_encoding.cpp:71]   --->   Operation 46 'getelementptr' 'symbol_bits_V_addr_1' <Predicate = (icmp_ln887)> <Delay = 0.00>
ST_6 : Operation 47 [1/1] (0.00ns)   --->   "%trunc_ln209 = trunc i32 %t_V to i5" [./hls-src/huffman_canonize_tree.cpp:32->./hls-src/huffman_encoding.cpp:71]   --->   Operation 47 'trunc' 'trunc_ln209' <Predicate = (icmp_ln887)> <Delay = 0.00>
ST_6 : Operation 48 [1/1] (3.25ns)   --->   "store i5 %trunc_ln209, i5* %symbol_bits_V_addr_1, align 1" [./hls-src/huffman_canonize_tree.cpp:32->./hls-src/huffman_encoding.cpp:71]   --->   Operation 48 'store' <Predicate = (icmp_ln887)> <Delay = 3.25> <Core = "RAM">   --->   Core 37 'RAM' <Latency = 1> <II = 1> <Delay = 3.25> <Storage> <Opcode : 'load' 'store'> <Ports = 2> <Width = 32> <Depth = 64> <RAM>
ST_6 : Operation 49 [1/1] (1.76ns)   --->   "br i1 %icmp_ln891, label %canonize_tree_label0_end, label %.loopexit.i.i" [./hls-src/huffman_canonize_tree.cpp:33->./hls-src/huffman_encoding.cpp:71]   --->   Operation 49 'br' <Predicate = (icmp_ln887)> <Delay = 1.76>
ST_6 : Operation 50 [1/1] (0.00ns)   --->   "%empty_33 = call i32 (...)* @_ssdm_op_SpecRegionEnd([21 x i8]* @p_str4, i32 %tmp_14_i_i)" [./hls-src/huffman_canonize_tree.cpp:34->./hls-src/huffman_encoding.cpp:71]   --->   Operation 50 'specregionend' 'empty_33' <Predicate = (icmp_ln887 & icmp_ln891)> <Delay = 0.00>
ST_6 : Operation 51 [1/1] (0.00ns)   --->   "br label %1" [./hls-src/huffman_canonize_tree.cpp:29->./hls-src/huffman_encoding.cpp:71]   --->   Operation 51 'br' <Predicate = (icmp_ln887 & icmp_ln891)> <Delay = 0.00>

State 7 <SV = 6> <Delay = 2.55>
ST_7 : Operation 52 [1/1] (0.00ns)   --->   "%i_op_assign_1 = phi i32 [ %k_1_i_i, %1 ], [ %k, %canonize_tree_label0_begin ]"   --->   Operation 52 'phi' 'i_op_assign_1' <Predicate = true> <Delay = 0.00>
ST_7 : Operation 53 [1/1] (2.47ns)   --->   "%icmp_ln891_1 = icmp ult i32 %i_op_assign_1, %val_assign_loc_read" [./hls-src/huffman_canonize_tree.cpp:35->./hls-src/huffman_encoding.cpp:71]   --->   Operation 53 'icmp' 'icmp_ln891_1' <Predicate = true> <Delay = 2.47> <Core = "Cmp">   --->   Core 25 'Cmp' <Latency = 0> <II = 1> <Delay = 2.47> <FuncUnit> <Opcode : 'icmp'> <InPorts = 2> <OutPorts = 1>
ST_7 : Operation 54 [1/1] (0.00ns)   --->   "br i1 %icmp_ln891_1, label %process_symbols_end, label %.exit" [./hls-src/huffman_canonize_tree.cpp:35->./hls-src/huffman_encoding.cpp:71]   --->   Operation 54 'br' <Predicate = true> <Delay = 0.00>
ST_7 : Operation 55 [1/1] (0.00ns)   --->   "%empty_34 = call i32 (...)* @_ssdm_op_SpecRegionEnd([16 x i8]* @p_str3, i32 %tmp_i_i)" [./hls-src/huffman_canonize_tree.cpp:36->./hls-src/huffman_encoding.cpp:71]   --->   Operation 55 'specregionend' 'empty_34' <Predicate = (icmp_ln891_1)> <Delay = 0.00>
ST_7 : Operation 56 [1/1] (2.55ns)   --->   "%length_V = add i32 %t_V, -1" [./hls-src/huffman_canonize_tree.cpp:27->./hls-src/huffman_encoding.cpp:71]   --->   Operation 56 'add' 'length_V' <Predicate = (icmp_ln891_1)> <Delay = 2.55> <Core = "AddSub">   --->   Core 14 'AddSub' <Latency = 0> <II = 1> <Delay = 2.55> <FuncUnit> <Opcode : 'add' 'sub'> <InPorts = 2> <OutPorts = 1>
ST_7 : Operation 57 [1/1] (0.00ns)   --->   "br label %process_symbols_begin" [./hls-src/huffman_canonize_tree.cpp:27->./hls-src/huffman_encoding.cpp:71]   --->   Operation 57 'br' <Predicate = (icmp_ln891_1)> <Delay = 0.00>
ST_7 : Operation 58 [1/1] (0.00ns)   --->   "ret void"   --->   Operation 58 'ret' <Predicate = (!icmp_ln891_1)> <Delay = 0.00>


============================================================
+ Verbose Summary: Timing violations
============================================================
Target clock period: 10ns, clock uncertainty: 1.25ns.

 <State 1>: 3.63ns
The critical path consists of the following:
	fifo read on port 'val_assign_loc' (./hls-src/huffman_encoding.cpp:71) [6]  (3.63 ns)

 <State 2>: 3.25ns
The critical path consists of the following:
	'phi' operation ('i') with incoming values : ('i', ./hls-src/huffman_canonize_tree.cpp:13->./hls-src/huffman_encoding.cpp:71) [9]  (0 ns)
	'getelementptr' operation ('symbol_bits_V_addr', ./hls-src/huffman_canonize_tree.cpp:14->./hls-src/huffman_encoding.cpp:71) [17]  (0 ns)
	'store' operation ('store_ln14', ./hls-src/huffman_canonize_tree.cpp:14->./hls-src/huffman_encoding.cpp:71) of constant 0 on array 'symbol_bits_V' [18]  (3.25 ns)

 <State 3>: 3.25ns
The critical path consists of the following:
	'phi' operation ('length.V') with incoming values : ('length.V', ./hls-src/huffman_canonize_tree.cpp:27->./hls-src/huffman_encoding.cpp:71) [23]  (0 ns)
	'getelementptr' operation ('codeword_length_hist', ./hls-src/huffman_canonize_tree.cpp:28->./hls-src/huffman_encoding.cpp:71) [28]  (0 ns)
	'load' operation ('count.V', ./hls-src/huffman_canonize_tree.cpp:28->./hls-src/huffman_encoding.cpp:71) on array 'codeword_length_histogram_V' [29]  (3.25 ns)

 <State 4>: 3.25ns
The critical path consists of the following:
	'load' operation ('count.V', ./hls-src/huffman_canonize_tree.cpp:28->./hls-src/huffman_encoding.cpp:71) on array 'codeword_length_histogram_V' [29]  (3.25 ns)

 <State 5>: 5.03ns
The critical path consists of the following:
	'phi' operation ('k') with incoming values : ('k', ./hls-src/huffman_canonize_tree.cpp:31->./hls-src/huffman_encoding.cpp:71) [32]  (0 ns)
	'add' operation ('k', ./hls-src/huffman_canonize_tree.cpp:31->./hls-src/huffman_encoding.cpp:71) [41]  (2.55 ns)
	'icmp' operation ('icmp_ln891', ./hls-src/huffman_canonize_tree.cpp:33->./hls-src/huffman_encoding.cpp:71) [49]  (2.47 ns)

 <State 6>: 6.51ns
The critical path consists of the following:
	'load' operation ('val', ./hls-src/huffman_canonize_tree.cpp:31->./hls-src/huffman_encoding.cpp:71) on array 'sorted_value_V' [44]  (3.25 ns)
	'getelementptr' operation ('symbol_bits_V_addr_1', ./hls-src/huffman_canonize_tree.cpp:32->./hls-src/huffman_encoding.cpp:71) [46]  (0 ns)
	'store' operation ('store_ln32', ./hls-src/huffman_canonize_tree.cpp:32->./hls-src/huffman_encoding.cpp:71) of variable 'trunc_ln209', ./hls-src/huffman_canonize_tree.cpp:32->./hls-src/huffman_encoding.cpp:71 on array 'symbol_bits_V' [48]  (3.25 ns)

 <State 7>: 2.55ns
The critical path consists of the following:
	'add' operation ('length.V', ./hls-src/huffman_canonize_tree.cpp:27->./hls-src/huffman_encoding.cpp:71) [60]  (2.55 ns)


============================================================
+ Verbose Summary: Binding
============================================================
N/A
* FSMD analyzer results:
  - Output states:
 - Input state : 
  - Chain level:
	State 1
	State 2
	State 3
	State 4
	State 5
	State 6
	State 7


============================================================
+ Verbose Summary: Datapath Resource usage 
============================================================
N/A
