

================================================================
== Vivado HLS Report for 'create_tree'
================================================================
* Date:           Wed Aug  4 18:02:12 2021

* Version:        2020.1 (Build 2897737 on Wed May 27 20:21:37 MDT 2020)
* Project:        huffman_encoding_core_build
* Solution:       solution
* Product family: zynq
* Target device:  xc7z020-clg484-1


================================================================
== Performance Estimates
================================================================
+ Timing: 
    * Summary: 
    +--------+----------+----------+------------+
    |  Clock |  Target  | Estimated| Uncertainty|
    +--------+----------+----------+------------+
    |ap_clk  | 10.00 ns | 7.575 ns |   1.25 ns  |
    +--------+----------+----------+------------+

+ Latency: 
    * Summary: 
    +---------+---------+-----------+-----------+-----+------+---------+
    |  Latency (cycles) |   Latency (absolute)  |  Interval  | Pipeline|
    |   min   |   max   |    min    |    max    | min |  max |   Type  |
    +---------+---------+-----------+-----------+-----+------+---------+
    |        1|     1021| 10.000 ns | 10.210 us |    1|  1021|   none  |
    +---------+---------+-----------+-----------+-----+------+---------+

    + Detail: 
        * Instance: 
        N/A

        * Loop: 
        +----------------------+---------+---------+----------+-----------+-----------+---------+----------+
        |                      |  Latency (cycles) | Iteration|  Initiation Interval  |   Trip  |          |
        |       Loop Name      |   min   |   max   |  Latency |  achieved |   target  |  Count  | Pipelined|
        +----------------------+---------+---------+----------+-----------+-----------+---------+----------+
        |- create_tree_label5  |        0|     1020|         4|          -|          -| 0 ~ 255 |    no    |
        +----------------------+---------+---------+----------+-----------+-----------+---------+----------+

============================================================
+ Verbose Summary: Synthesis Manager
============================================================
InlineROM: 1
ExposeGlobal: 0
============================================================
+ Verbose Summary: CDFG Model
============================================================
IsTopModel: 0
ResetActiveHigh: 1
IsCombinational: 0
IsDatapathOnly: 0
HasWiredReturn: 1
HasMFsm: 0
HasVarLatency: 1
IsPipeline: 0
IsRtlPipelined: 0
IsInstanceOverlapped: 0
IsDontTouch: 0
HasImplIP: 0
IsGatedGlobalClock: 0


============================================================
+ Verbose Summary: Schedule
============================================================
* Number of FSM states : 5
* Pipeline : 0
* Dataflow Pipeline: 0

* FSM state transitions: 
1 --> 2 
2 --> 3 
3 --> 4 
4 --> 5 
5 --> 2 

* FSM state operations: 

State 1 <SV = 0> <Delay = 2.55>
ST_1 : Operation 6 [1/1] (0.00ns)   --->   "%num_symbols_read = call i32 @_ssdm_op_Read.ap_auto.i32(i32 %num_symbols)"   --->   Operation 6 'read' 'num_symbols_read' <Predicate = true> <Delay = 0.00>
ST_1 : Operation 7 [1/1] (0.00ns)   --->   "%frequency_V = alloca [255 x i32], align 4" [./hls-src/huffman_create_tree.cpp:9]   --->   Operation 7 'alloca' 'frequency_V' <Predicate = true> <Delay = 0.00> <Core = "RAM">   --->   Core 37 'RAM' <Latency = 1> <II = 1> <Delay = 3.25> <Storage> <Opcode : 'load' 'store'> <Ports = 2> <Width = 31> <Depth = 255> <RAM>
ST_1 : Operation 8 [1/1] (2.55ns)   --->   "%add_ln15 = add nsw i32 %num_symbols_read, -1" [./hls-src/huffman_create_tree.cpp:15]   --->   Operation 8 'add' 'add_ln15' <Predicate = true> <Delay = 2.55> <Core = "AddSub">   --->   Core 14 'AddSub' <Latency = 0> <II = 1> <Delay = 2.55> <FuncUnit> <Opcode : 'add' 'sub'> <InPorts = 2> <OutPorts = 1>
ST_1 : Operation 9 [1/1] (1.76ns)   --->   "br label %._crit_edge414" [./hls-src/huffman_create_tree.cpp:15]   --->   Operation 9 'br' <Predicate = true> <Delay = 1.76>

State 2 <SV = 1> <Delay = 3.25>
ST_2 : Operation 10 [1/1] (0.00ns)   --->   "%t_V_3 = phi i32 [ 0, %._crit_edge ], [ %t_V_3_be, %._crit_edge414.backedge ]" [./hls-src/huffman_create_tree.cpp:35]   --->   Operation 10 'phi' 't_V_3' <Predicate = true> <Delay = 0.00>
ST_2 : Operation 11 [1/1] (0.00ns)   --->   "%t_V = phi i32 [ 0, %._crit_edge ], [ %t_V_be, %._crit_edge414.backedge ]" [./hls-src/huffman_create_tree.cpp:45]   --->   Operation 11 'phi' 't_V' <Predicate = true> <Delay = 0.00>
ST_2 : Operation 12 [1/1] (0.00ns)   --->   "%op2_assign = phi i31 [ 0, %._crit_edge ], [ %i, %._crit_edge414.backedge ]"   --->   Operation 12 'phi' 'op2_assign' <Predicate = true> <Delay = 0.00>
ST_2 : Operation 13 [1/1] (0.00ns)   --->   "%zext_ln15 = zext i31 %op2_assign to i32" [./hls-src/huffman_create_tree.cpp:15]   --->   Operation 13 'zext' 'zext_ln15' <Predicate = true> <Delay = 0.00>
ST_2 : Operation 14 [1/1] (2.47ns)   --->   "%icmp_ln15 = icmp slt i32 %zext_ln15, %add_ln15" [./hls-src/huffman_create_tree.cpp:15]   --->   Operation 14 'icmp' 'icmp_ln15' <Predicate = true> <Delay = 2.47> <Core = "Cmp">   --->   Core 25 'Cmp' <Latency = 0> <II = 1> <Delay = 2.47> <FuncUnit> <Opcode : 'icmp'> <InPorts = 2> <OutPorts = 1>
ST_2 : Operation 15 [1/1] (0.00ns)   --->   "call void (...)* @_ssdm_op_SpecLoopTripCount(i64 0, i64 255, i64 0)"   --->   Operation 15 'speclooptripcount' <Predicate = true> <Delay = 0.00>
ST_2 : Operation 16 [1/1] (2.52ns)   --->   "%i = add i31 %op2_assign, 1" [./hls-src/huffman_create_tree.cpp:15]   --->   Operation 16 'add' 'i' <Predicate = true> <Delay = 2.52> <Core = "AddSub">   --->   Core 14 'AddSub' <Latency = 0> <II = 1> <Delay = 2.55> <FuncUnit> <Opcode : 'add' 'sub'> <InPorts = 2> <OutPorts = 1>
ST_2 : Operation 17 [1/1] (0.00ns)   --->   "br i1 %icmp_ln15, label %._crit_edge404, label %4" [./hls-src/huffman_create_tree.cpp:15]   --->   Operation 17 'br' <Predicate = true> <Delay = 0.00>
ST_2 : Operation 18 [1/1] (0.00ns)   --->   "%zext_ln544_5 = zext i32 %t_V_3 to i64" [./hls-src/huffman_create_tree.cpp:23]   --->   Operation 18 'zext' 'zext_ln544_5' <Predicate = (icmp_ln15)> <Delay = 0.00>
ST_2 : Operation 19 [1/1] (0.00ns)   --->   "%frequency_V_addr = getelementptr [255 x i32]* %frequency_V, i64 0, i64 %zext_ln544_5" [./hls-src/huffman_create_tree.cpp:23]   --->   Operation 19 'getelementptr' 'frequency_V_addr' <Predicate = (icmp_ln15)> <Delay = 0.00>
ST_2 : Operation 20 [2/2] (3.25ns)   --->   "%intermediate_freq_V_2 = load i32* %frequency_V_addr, align 4" [./hls-src/huffman_create_tree.cpp:23]   --->   Operation 20 'load' 'intermediate_freq_V_2' <Predicate = (icmp_ln15)> <Delay = 3.25> <Core = "RAM">   --->   Core 37 'RAM' <Latency = 1> <II = 1> <Delay = 3.25> <Storage> <Opcode : 'load' 'store'> <Ports = 2> <Width = 31> <Depth = 255> <RAM>
ST_2 : Operation 21 [1/1] (0.00ns)   --->   "%zext_ln544_6 = zext i32 %t_V to i64" [./hls-src/huffman_create_tree.cpp:24]   --->   Operation 21 'zext' 'zext_ln544_6' <Predicate = (icmp_ln15)> <Delay = 0.00>
ST_2 : Operation 22 [1/1] (0.00ns)   --->   "%in_value_V_addr = getelementptr [256 x i32]* %in_value_V, i64 0, i64 %zext_ln544_6" [./hls-src/huffman_create_tree.cpp:24]   --->   Operation 22 'getelementptr' 'in_value_V_addr' <Predicate = (icmp_ln15)> <Delay = 0.00>
ST_2 : Operation 23 [2/2] (3.25ns)   --->   "%in_value_V_load = load i32* %in_value_V_addr, align 4" [./hls-src/huffman_create_tree.cpp:24]   --->   Operation 23 'load' 'in_value_V_load' <Predicate = (icmp_ln15)> <Delay = 3.25> <Core = "RAM">   --->   Core 37 'RAM' <Latency = 1> <II = 1> <Delay = 3.25> <Storage> <Opcode : 'load' 'store'> <Ports = 2> <Width = 31> <Depth = 255> <RAM>
ST_2 : Operation 24 [1/1] (0.00ns)   --->   "%in_frequency_V_addr = getelementptr [256 x i32]* %in_frequency_V, i64 0, i64 %zext_ln544_6" [./hls-src/huffman_create_tree.cpp:24]   --->   Operation 24 'getelementptr' 'in_frequency_V_addr' <Predicate = (icmp_ln15)> <Delay = 0.00>
ST_2 : Operation 25 [2/2] (3.25ns)   --->   "%node_freq_V_1 = load i32* %in_frequency_V_addr, align 4" [./hls-src/huffman_create_tree.cpp:24]   --->   Operation 25 'load' 'node_freq_V_1' <Predicate = (icmp_ln15)> <Delay = 3.25> <Core = "RAM">   --->   Core 37 'RAM' <Latency = 1> <II = 1> <Delay = 3.25> <Storage> <Opcode : 'load' 'store'> <Ports = 2> <Width = 31> <Depth = 255> <RAM>
ST_2 : Operation 26 [1/1] (0.00ns)   --->   "%zext_ln544 = zext i32 %t_V_3 to i64" [./hls-src/huffman_create_tree.cpp:57]   --->   Operation 26 'zext' 'zext_ln544' <Predicate = (!icmp_ln15)> <Delay = 0.00>
ST_2 : Operation 27 [1/1] (0.00ns)   --->   "%parent_V_addr = getelementptr [255 x i31]* %parent_V, i64 0, i64 %zext_ln544" [./hls-src/huffman_create_tree.cpp:57]   --->   Operation 27 'getelementptr' 'parent_V_addr' <Predicate = (!icmp_ln15)> <Delay = 0.00>
ST_2 : Operation 28 [1/1] (3.25ns)   --->   "store i31 0, i31* %parent_V_addr, align 4" [./hls-src/huffman_create_tree.cpp:57]   --->   Operation 28 'store' <Predicate = (!icmp_ln15)> <Delay = 3.25> <Core = "RAM">   --->   Core 37 'RAM' <Latency = 1> <II = 1> <Delay = 3.25> <Storage> <Opcode : 'load' 'store'> <Ports = 2> <Width = 31> <Depth = 255> <RAM>
ST_2 : Operation 29 [1/1] (0.00ns)   --->   "ret void" [./hls-src/huffman_create_tree.cpp:58]   --->   Operation 29 'ret' <Predicate = (!icmp_ln15)> <Delay = 0.00>

State 3 <SV = 2> <Delay = 7.57>
ST_3 : Operation 30 [1/1] (0.00ns)   --->   "call void (...)* @_ssdm_op_SpecLoopName([19 x i8]* @p_str366) nounwind" [./hls-src/huffman_create_tree.cpp:15]   --->   Operation 30 'specloopname' <Predicate = true> <Delay = 0.00>
ST_3 : Operation 31 [1/1] (2.47ns)   --->   "%icmp_ln887 = icmp ult i32 %t_V, %num_symbols_read" [./hls-src/huffman_create_tree.cpp:22]   --->   Operation 31 'icmp' 'icmp_ln887' <Predicate = true> <Delay = 2.47> <Core = "Cmp">   --->   Core 25 'Cmp' <Latency = 0> <II = 1> <Delay = 2.47> <FuncUnit> <Opcode : 'icmp'> <InPorts = 2> <OutPorts = 1>
ST_3 : Operation 32 [1/2] (3.25ns)   --->   "%intermediate_freq_V_2 = load i32* %frequency_V_addr, align 4" [./hls-src/huffman_create_tree.cpp:23]   --->   Operation 32 'load' 'intermediate_freq_V_2' <Predicate = true> <Delay = 3.25> <Core = "RAM">   --->   Core 37 'RAM' <Latency = 1> <II = 1> <Delay = 3.25> <Storage> <Opcode : 'load' 'store'> <Ports = 2> <Width = 31> <Depth = 255> <RAM>
ST_3 : Operation 33 [1/2] (3.25ns)   --->   "%in_value_V_load = load i32* %in_value_V_addr, align 4" [./hls-src/huffman_create_tree.cpp:24]   --->   Operation 33 'load' 'in_value_V_load' <Predicate = true> <Delay = 3.25> <Core = "RAM">   --->   Core 37 'RAM' <Latency = 1> <II = 1> <Delay = 3.25> <Storage> <Opcode : 'load' 'store'> <Ports = 2> <Width = 31> <Depth = 255> <RAM>
ST_3 : Operation 34 [1/2] (3.25ns)   --->   "%node_freq_V_1 = load i32* %in_frequency_V_addr, align 4" [./hls-src/huffman_create_tree.cpp:24]   --->   Operation 34 'load' 'node_freq_V_1' <Predicate = true> <Delay = 3.25> <Core = "RAM">   --->   Core 37 'RAM' <Latency = 1> <II = 1> <Delay = 3.25> <Storage> <Opcode : 'load' 'store'> <Ports = 2> <Width = 31> <Depth = 255> <RAM>
ST_3 : Operation 35 [1/1] (0.00ns)   --->   "br i1 %icmp_ln887, label %0, label %1" [./hls-src/huffman_create_tree.cpp:25]   --->   Operation 35 'br' <Predicate = true> <Delay = 0.00>
ST_3 : Operation 36 [1/1] (2.47ns)   --->   "%icmp_ln879_2 = icmp eq i32 %t_V_3, %zext_ln15" [./hls-src/huffman_create_tree.cpp:25]   --->   Operation 36 'icmp' 'icmp_ln879_2' <Predicate = (!icmp_ln887)> <Delay = 2.47> <Core = "Cmp">   --->   Core 25 'Cmp' <Latency = 0> <II = 1> <Delay = 2.47> <FuncUnit> <Opcode : 'icmp'> <InPorts = 2> <OutPorts = 1>
ST_3 : Operation 37 [1/1] (0.00ns)   --->   "br i1 %icmp_ln879_2, label %._crit_edge405, label %._crit_edge406" [./hls-src/huffman_create_tree.cpp:25]   --->   Operation 37 'br' <Predicate = (!icmp_ln887)> <Delay = 0.00>
ST_3 : Operation 38 [1/1] (2.47ns)   --->   "%icmp_ln25 = icmp ult i32 %intermediate_freq_V_2, %node_freq_V_1" [./hls-src/huffman_create_tree.cpp:25]   --->   Operation 38 'icmp' 'icmp_ln25' <Predicate = (icmp_ln887)> <Delay = 2.47> <Core = "Cmp">   --->   Core 25 'Cmp' <Latency = 0> <II = 1> <Delay = 2.47> <FuncUnit> <Opcode : 'icmp'> <InPorts = 2> <OutPorts = 1>
ST_3 : Operation 39 [1/1] (2.47ns)   --->   "%icmp_ln879 = icmp ne i32 %t_V_3, %zext_ln15" [./hls-src/huffman_create_tree.cpp:25]   --->   Operation 39 'icmp' 'icmp_ln879' <Predicate = (icmp_ln887)> <Delay = 2.47> <Core = "Cmp">   --->   Core 25 'Cmp' <Latency = 0> <II = 1> <Delay = 2.47> <FuncUnit> <Opcode : 'icmp'> <InPorts = 2> <OutPorts = 1>
ST_3 : Operation 40 [1/1] (0.97ns)   --->   "%and_ln25 = and i1 %icmp_ln25, %icmp_ln879" [./hls-src/huffman_create_tree.cpp:25]   --->   Operation 40 'and' 'and_ln25' <Predicate = (icmp_ln887)> <Delay = 0.97> <Core = "LogicGate">   --->   Core 27 'LogicGate' <Latency = 0> <II = 1> <Delay = 0.97> <FuncUnit> <Opcode : 'and' 'or' 'xor'> <InPorts = 2> <OutPorts = 1>
ST_3 : Operation 41 [1/1] (0.00ns)   --->   "br i1 %and_ln25, label %._crit_edge406, label %._crit_edge405" [./hls-src/huffman_create_tree.cpp:25]   --->   Operation 41 'br' <Predicate = (icmp_ln887)> <Delay = 0.00>
ST_3 : Operation 42 [1/1] (0.00ns)   --->   "%zext_ln27 = zext i31 %op2_assign to i64" [./hls-src/huffman_create_tree.cpp:27]   --->   Operation 42 'zext' 'zext_ln27' <Predicate = (icmp_ln887 & !and_ln25) | (!icmp_ln887 & icmp_ln879_2)> <Delay = 0.00>
ST_3 : Operation 43 [1/1] (0.00ns)   --->   "%left_V_addr = getelementptr [255 x i32]* %left_V, i64 0, i64 %zext_ln27" [./hls-src/huffman_create_tree.cpp:27]   --->   Operation 43 'getelementptr' 'left_V_addr' <Predicate = (icmp_ln887 & !and_ln25) | (!icmp_ln887 & icmp_ln879_2)> <Delay = 0.00>
ST_3 : Operation 44 [1/1] (3.25ns)   --->   "store i32 %in_value_V_load, i32* %left_V_addr, align 4" [./hls-src/huffman_create_tree.cpp:27]   --->   Operation 44 'store' <Predicate = (icmp_ln887 & !and_ln25) | (!icmp_ln887 & icmp_ln879_2)> <Delay = 3.25> <Core = "RAM">   --->   Core 37 'RAM' <Latency = 1> <II = 1> <Delay = 3.25> <Storage> <Opcode : 'load' 'store'> <Ports = 2> <Width = 31> <Depth = 255> <RAM>
ST_3 : Operation 45 [1/1] (2.55ns)   --->   "%in_count_V = add i32 %t_V, 1" [./hls-src/huffman_create_tree.cpp:29]   --->   Operation 45 'add' 'in_count_V' <Predicate = (icmp_ln887 & !and_ln25) | (!icmp_ln887 & icmp_ln879_2)> <Delay = 2.55> <Core = "AddSub">   --->   Core 14 'AddSub' <Latency = 0> <II = 1> <Delay = 2.55> <FuncUnit> <Opcode : 'add' 'sub'> <InPorts = 2> <OutPorts = 1>
ST_3 : Operation 46 [1/1] (1.76ns)   --->   "br label %._crit_edge409" [./hls-src/huffman_create_tree.cpp:30]   --->   Operation 46 'br' <Predicate = (icmp_ln887 & !and_ln25) | (!icmp_ln887 & icmp_ln879_2)> <Delay = 1.76>
ST_3 : Operation 47 [1/1] (0.00ns)   --->   "%zext_ln32 = zext i31 %op2_assign to i64" [./hls-src/huffman_create_tree.cpp:32]   --->   Operation 47 'zext' 'zext_ln32' <Predicate = (icmp_ln887 & and_ln25) | (!icmp_ln887 & !icmp_ln879_2)> <Delay = 0.00>
ST_3 : Operation 48 [1/1] (0.00ns)   --->   "%left_V_addr_1 = getelementptr [255 x i32]* %left_V, i64 0, i64 %zext_ln32" [./hls-src/huffman_create_tree.cpp:32]   --->   Operation 48 'getelementptr' 'left_V_addr_1' <Predicate = (icmp_ln887 & and_ln25) | (!icmp_ln887 & !icmp_ln879_2)> <Delay = 0.00>
ST_3 : Operation 49 [1/1] (3.25ns)   --->   "store i32 -1, i32* %left_V_addr_1, align 4" [./hls-src/huffman_create_tree.cpp:32]   --->   Operation 49 'store' <Predicate = (icmp_ln887 & and_ln25) | (!icmp_ln887 & !icmp_ln879_2)> <Delay = 3.25> <Core = "RAM">   --->   Core 37 'RAM' <Latency = 1> <II = 1> <Delay = 3.25> <Storage> <Opcode : 'load' 'store'> <Ports = 2> <Width = 31> <Depth = 255> <RAM>
ST_3 : Operation 50 [1/1] (0.00ns)   --->   "%parent_V_addr_1 = getelementptr [255 x i31]* %parent_V, i64 0, i64 %zext_ln544_5" [./hls-src/huffman_create_tree.cpp:34]   --->   Operation 50 'getelementptr' 'parent_V_addr_1' <Predicate = (icmp_ln887 & and_ln25) | (!icmp_ln887 & !icmp_ln879_2)> <Delay = 0.00>
ST_3 : Operation 51 [1/1] (3.25ns)   --->   "store i31 %op2_assign, i31* %parent_V_addr_1, align 4" [./hls-src/huffman_create_tree.cpp:34]   --->   Operation 51 'store' <Predicate = (icmp_ln887 & and_ln25) | (!icmp_ln887 & !icmp_ln879_2)> <Delay = 3.25> <Core = "RAM">   --->   Core 37 'RAM' <Latency = 1> <II = 1> <Delay = 3.25> <Storage> <Opcode : 'load' 'store'> <Ports = 2> <Width = 31> <Depth = 255> <RAM>
ST_3 : Operation 52 [1/1] (2.55ns)   --->   "%tree_count_V = add i32 %t_V_3, 1" [./hls-src/huffman_create_tree.cpp:35]   --->   Operation 52 'add' 'tree_count_V' <Predicate = (icmp_ln887 & and_ln25) | (!icmp_ln887 & !icmp_ln879_2)> <Delay = 2.55> <Core = "AddSub">   --->   Core 14 'AddSub' <Latency = 0> <II = 1> <Delay = 2.55> <FuncUnit> <Opcode : 'add' 'sub'> <InPorts = 2> <OutPorts = 1>
ST_3 : Operation 53 [1/1] (1.76ns)   --->   "br label %._crit_edge409"   --->   Operation 53 'br' <Predicate = (icmp_ln887 & and_ln25) | (!icmp_ln887 & !icmp_ln879_2)> <Delay = 1.76>
ST_3 : Operation 54 [1/1] (0.00ns)   --->   "%t_V_5 = phi i32 [ %t_V_3, %._crit_edge405 ], [ %tree_count_V, %._crit_edge406 ]"   --->   Operation 54 'phi' 't_V_5' <Predicate = true> <Delay = 0.00>
ST_3 : Operation 55 [1/1] (0.00ns)   --->   "%t_V_4 = phi i32 [ %in_count_V, %._crit_edge405 ], [ %t_V, %._crit_edge406 ]"   --->   Operation 55 'phi' 't_V_4' <Predicate = true> <Delay = 0.00>
ST_3 : Operation 56 [1/1] (2.47ns)   --->   "%icmp_ln887_1 = icmp ult i32 %t_V_4, %num_symbols_read" [./hls-src/huffman_create_tree.cpp:38]   --->   Operation 56 'icmp' 'icmp_ln887_1' <Predicate = true> <Delay = 2.47> <Core = "Cmp">   --->   Core 25 'Cmp' <Latency = 0> <II = 1> <Delay = 2.47> <FuncUnit> <Opcode : 'icmp'> <InPorts = 2> <OutPorts = 1>
ST_3 : Operation 57 [1/1] (0.00ns)   --->   "%zext_ln544_7 = zext i32 %t_V_5 to i64" [./hls-src/huffman_create_tree.cpp:39]   --->   Operation 57 'zext' 'zext_ln544_7' <Predicate = true> <Delay = 0.00>
ST_3 : Operation 58 [1/1] (0.00ns)   --->   "%frequency_V_addr_1 = getelementptr [255 x i32]* %frequency_V, i64 0, i64 %zext_ln544_7" [./hls-src/huffman_create_tree.cpp:39]   --->   Operation 58 'getelementptr' 'frequency_V_addr_1' <Predicate = true> <Delay = 0.00>
ST_3 : Operation 59 [2/2] (3.25ns)   --->   "%intermediate_freq_V = load i32* %frequency_V_addr_1, align 4" [./hls-src/huffman_create_tree.cpp:39]   --->   Operation 59 'load' 'intermediate_freq_V' <Predicate = true> <Delay = 3.25> <Core = "RAM">   --->   Core 37 'RAM' <Latency = 1> <II = 1> <Delay = 3.25> <Storage> <Opcode : 'load' 'store'> <Ports = 2> <Width = 31> <Depth = 255> <RAM>
ST_3 : Operation 60 [1/1] (0.00ns)   --->   "%zext_ln544_8 = zext i32 %t_V_4 to i64" [./hls-src/huffman_create_tree.cpp:40]   --->   Operation 60 'zext' 'zext_ln544_8' <Predicate = true> <Delay = 0.00>
ST_3 : Operation 61 [1/1] (0.00ns)   --->   "%in_value_V_addr_1 = getelementptr [256 x i32]* %in_value_V, i64 0, i64 %zext_ln544_8" [./hls-src/huffman.h:30->./hls-src/huffman_create_tree.cpp:40]   --->   Operation 61 'getelementptr' 'in_value_V_addr_1' <Predicate = true> <Delay = 0.00>
ST_3 : Operation 62 [2/2] (3.25ns)   --->   "%in_value_V_load_1 = load i32* %in_value_V_addr_1, align 4" [./hls-src/huffman.h:30->./hls-src/huffman_create_tree.cpp:40]   --->   Operation 62 'load' 'in_value_V_load_1' <Predicate = true> <Delay = 3.25> <Core = "RAM">   --->   Core 37 'RAM' <Latency = 1> <II = 1> <Delay = 3.25> <Storage> <Opcode : 'load' 'store'> <Ports = 2> <Width = 31> <Depth = 255> <RAM>
ST_3 : Operation 63 [1/1] (0.00ns)   --->   "%in_frequency_V_addr_1 = getelementptr [256 x i32]* %in_frequency_V, i64 0, i64 %zext_ln544_8" [./hls-src/huffman.h:30->./hls-src/huffman_create_tree.cpp:40]   --->   Operation 63 'getelementptr' 'in_frequency_V_addr_1' <Predicate = true> <Delay = 0.00>
ST_3 : Operation 64 [2/2] (3.25ns)   --->   "%in_frequency_V_load = load i32* %in_frequency_V_addr_1, align 4" [./hls-src/huffman.h:30->./hls-src/huffman_create_tree.cpp:40]   --->   Operation 64 'load' 'in_frequency_V_load' <Predicate = true> <Delay = 3.25> <Core = "RAM">   --->   Core 37 'RAM' <Latency = 1> <II = 1> <Delay = 3.25> <Storage> <Opcode : 'load' 'store'> <Ports = 2> <Width = 31> <Depth = 255> <RAM>

State 4 <SV = 3> <Delay = 6.70>
ST_4 : Operation 65 [1/1] (0.00ns)   --->   "%p_090_0 = phi i32 [ %node_freq_V_1, %._crit_edge405 ], [ %intermediate_freq_V_2, %._crit_edge406 ]"   --->   Operation 65 'phi' 'p_090_0' <Predicate = true> <Delay = 0.00>
ST_4 : Operation 66 [1/2] (3.25ns)   --->   "%intermediate_freq_V = load i32* %frequency_V_addr_1, align 4" [./hls-src/huffman_create_tree.cpp:39]   --->   Operation 66 'load' 'intermediate_freq_V' <Predicate = true> <Delay = 3.25> <Core = "RAM">   --->   Core 37 'RAM' <Latency = 1> <II = 1> <Delay = 3.25> <Storage> <Opcode : 'load' 'store'> <Ports = 2> <Width = 31> <Depth = 255> <RAM>
ST_4 : Operation 67 [1/2] (3.25ns)   --->   "%in_value_V_load_1 = load i32* %in_value_V_addr_1, align 4" [./hls-src/huffman.h:30->./hls-src/huffman_create_tree.cpp:40]   --->   Operation 67 'load' 'in_value_V_load_1' <Predicate = true> <Delay = 3.25> <Core = "RAM">   --->   Core 37 'RAM' <Latency = 1> <II = 1> <Delay = 3.25> <Storage> <Opcode : 'load' 'store'> <Ports = 2> <Width = 31> <Depth = 255> <RAM>
ST_4 : Operation 68 [1/2] (3.25ns)   --->   "%in_frequency_V_load = load i32* %in_frequency_V_addr_1, align 4" [./hls-src/huffman.h:30->./hls-src/huffman_create_tree.cpp:40]   --->   Operation 68 'load' 'in_frequency_V_load' <Predicate = true> <Delay = 3.25> <Core = "RAM">   --->   Core 37 'RAM' <Latency = 1> <II = 1> <Delay = 3.25> <Storage> <Opcode : 'load' 'store'> <Ports = 2> <Width = 31> <Depth = 255> <RAM>
ST_4 : Operation 69 [1/1] (0.00ns)   --->   "br i1 %icmp_ln887_1, label %2, label %3" [./hls-src/huffman_create_tree.cpp:41]   --->   Operation 69 'br' <Predicate = true> <Delay = 0.00>
ST_4 : Operation 70 [1/1] (2.47ns)   --->   "%icmp_ln879_4 = icmp eq i32 %t_V_5, %zext_ln15" [./hls-src/huffman_create_tree.cpp:41]   --->   Operation 70 'icmp' 'icmp_ln879_4' <Predicate = (!icmp_ln887_1)> <Delay = 2.47> <Core = "Cmp">   --->   Core 25 'Cmp' <Latency = 0> <II = 1> <Delay = 2.47> <FuncUnit> <Opcode : 'icmp'> <InPorts = 2> <OutPorts = 1>
ST_4 : Operation 71 [1/1] (0.00ns)   --->   "br i1 %icmp_ln879_4, label %._crit_edge410, label %._crit_edge411" [./hls-src/huffman_create_tree.cpp:41]   --->   Operation 71 'br' <Predicate = (!icmp_ln887_1)> <Delay = 0.00>
ST_4 : Operation 72 [1/1] (2.47ns)   --->   "%icmp_ln41 = icmp ult i32 %intermediate_freq_V, %in_frequency_V_load" [./hls-src/huffman_create_tree.cpp:41]   --->   Operation 72 'icmp' 'icmp_ln41' <Predicate = (icmp_ln887_1)> <Delay = 2.47> <Core = "Cmp">   --->   Core 25 'Cmp' <Latency = 0> <II = 1> <Delay = 2.47> <FuncUnit> <Opcode : 'icmp'> <InPorts = 2> <OutPorts = 1>
ST_4 : Operation 73 [1/1] (2.47ns)   --->   "%icmp_ln879_3 = icmp ne i32 %t_V_5, %zext_ln15" [./hls-src/huffman_create_tree.cpp:41]   --->   Operation 73 'icmp' 'icmp_ln879_3' <Predicate = (icmp_ln887_1)> <Delay = 2.47> <Core = "Cmp">   --->   Core 25 'Cmp' <Latency = 0> <II = 1> <Delay = 2.47> <FuncUnit> <Opcode : 'icmp'> <InPorts = 2> <OutPorts = 1>
ST_4 : Operation 74 [1/1] (0.97ns)   --->   "%and_ln41 = and i1 %icmp_ln41, %icmp_ln879_3" [./hls-src/huffman_create_tree.cpp:41]   --->   Operation 74 'and' 'and_ln41' <Predicate = (icmp_ln887_1)> <Delay = 0.97> <Core = "LogicGate">   --->   Core 27 'LogicGate' <Latency = 0> <II = 1> <Delay = 0.97> <FuncUnit> <Opcode : 'and' 'or' 'xor'> <InPorts = 2> <OutPorts = 1>
ST_4 : Operation 75 [1/1] (0.00ns)   --->   "br i1 %and_ln41, label %._crit_edge411, label %._crit_edge410" [./hls-src/huffman_create_tree.cpp:41]   --->   Operation 75 'br' <Predicate = (icmp_ln887_1)> <Delay = 0.00>
ST_4 : Operation 76 [1/1] (2.55ns)   --->   "%add_ln209 = add i32 %in_frequency_V_load, %p_090_0" [./hls-src/huffman_create_tree.cpp:44]   --->   Operation 76 'add' 'add_ln209' <Predicate = (icmp_ln887_1 & !and_ln41) | (!icmp_ln887_1 & icmp_ln879_4)> <Delay = 2.55> <Core = "AddSub">   --->   Core 14 'AddSub' <Latency = 0> <II = 1> <Delay = 2.55> <FuncUnit> <Opcode : 'add' 'sub'> <InPorts = 2> <OutPorts = 1>
ST_4 : Operation 77 [1/1] (2.55ns)   --->   "%add_ln209_1 = add i32 %intermediate_freq_V, %p_090_0" [./hls-src/huffman_create_tree.cpp:49]   --->   Operation 77 'add' 'add_ln209_1' <Predicate = (icmp_ln887_1 & and_ln41) | (!icmp_ln887_1 & !icmp_ln879_4)> <Delay = 2.55> <Core = "AddSub">   --->   Core 14 'AddSub' <Latency = 0> <II = 1> <Delay = 2.55> <FuncUnit> <Opcode : 'add' 'sub'> <InPorts = 2> <OutPorts = 1>
ST_4 : Operation 78 [1/1] (0.00ns)   --->   "%parent_V_addr_2 = getelementptr [255 x i31]* %parent_V, i64 0, i64 %zext_ln544_7" [./hls-src/huffman_create_tree.cpp:50]   --->   Operation 78 'getelementptr' 'parent_V_addr_2' <Predicate = (icmp_ln887_1 & and_ln41) | (!icmp_ln887_1 & !icmp_ln879_4)> <Delay = 0.00>
ST_4 : Operation 79 [1/1] (3.25ns)   --->   "store i31 %op2_assign, i31* %parent_V_addr_2, align 4" [./hls-src/huffman_create_tree.cpp:50]   --->   Operation 79 'store' <Predicate = (icmp_ln887_1 & and_ln41) | (!icmp_ln887_1 & !icmp_ln879_4)> <Delay = 3.25> <Core = "RAM">   --->   Core 37 'RAM' <Latency = 1> <II = 1> <Delay = 3.25> <Storage> <Opcode : 'load' 'store'> <Ports = 2> <Width = 31> <Depth = 255> <RAM>

State 5 <SV = 4> <Delay = 4.32>
ST_5 : Operation 80 [1/1] (0.00ns)   --->   "%zext_ln43 = zext i31 %op2_assign to i64" [./hls-src/huffman_create_tree.cpp:43]   --->   Operation 80 'zext' 'zext_ln43' <Predicate = (icmp_ln887_1 & !and_ln41) | (!icmp_ln887_1 & icmp_ln879_4)> <Delay = 0.00>
ST_5 : Operation 81 [1/1] (0.00ns)   --->   "%right_V_addr = getelementptr [255 x i32]* %right_V, i64 0, i64 %zext_ln43" [./hls-src/huffman_create_tree.cpp:43]   --->   Operation 81 'getelementptr' 'right_V_addr' <Predicate = (icmp_ln887_1 & !and_ln41) | (!icmp_ln887_1 & icmp_ln879_4)> <Delay = 0.00>
ST_5 : Operation 82 [1/1] (3.25ns)   --->   "store i32 %in_value_V_load_1, i32* %right_V_addr, align 4" [./hls-src/huffman_create_tree.cpp:43]   --->   Operation 82 'store' <Predicate = (icmp_ln887_1 & !and_ln41) | (!icmp_ln887_1 & icmp_ln879_4)> <Delay = 3.25> <Core = "RAM">   --->   Core 37 'RAM' <Latency = 1> <II = 1> <Delay = 3.25> <Storage> <Opcode : 'load' 'store'> <Ports = 2> <Width = 31> <Depth = 255> <RAM>
ST_5 : Operation 83 [1/1] (0.00ns)   --->   "%frequency_V_addr_2 = getelementptr [255 x i32]* %frequency_V, i64 0, i64 %zext_ln43" [./hls-src/huffman_create_tree.cpp:44]   --->   Operation 83 'getelementptr' 'frequency_V_addr_2' <Predicate = (icmp_ln887_1 & !and_ln41) | (!icmp_ln887_1 & icmp_ln879_4)> <Delay = 0.00>
ST_5 : Operation 84 [1/1] (3.25ns)   --->   "store i32 %add_ln209, i32* %frequency_V_addr_2, align 4" [./hls-src/huffman_create_tree.cpp:44]   --->   Operation 84 'store' <Predicate = (icmp_ln887_1 & !and_ln41) | (!icmp_ln887_1 & icmp_ln879_4)> <Delay = 3.25> <Core = "RAM">   --->   Core 37 'RAM' <Latency = 1> <II = 1> <Delay = 3.25> <Storage> <Opcode : 'load' 'store'> <Ports = 2> <Width = 31> <Depth = 255> <RAM>
ST_5 : Operation 85 [1/1] (2.55ns)   --->   "%in_count_V_1 = add i32 %t_V_4, 1" [./hls-src/huffman_create_tree.cpp:45]   --->   Operation 85 'add' 'in_count_V_1' <Predicate = (icmp_ln887_1 & !and_ln41) | (!icmp_ln887_1 & icmp_ln879_4)> <Delay = 2.55> <Core = "AddSub">   --->   Core 14 'AddSub' <Latency = 0> <II = 1> <Delay = 2.55> <FuncUnit> <Opcode : 'add' 'sub'> <InPorts = 2> <OutPorts = 1>
ST_5 : Operation 86 [1/1] (1.76ns)   --->   "br label %._crit_edge414.backedge" [./hls-src/huffman_create_tree.cpp:46]   --->   Operation 86 'br' <Predicate = (icmp_ln887_1 & !and_ln41) | (!icmp_ln887_1 & icmp_ln879_4)> <Delay = 1.76>
ST_5 : Operation 87 [1/1] (0.00ns)   --->   "%zext_ln48 = zext i31 %op2_assign to i64" [./hls-src/huffman_create_tree.cpp:48]   --->   Operation 87 'zext' 'zext_ln48' <Predicate = (icmp_ln887_1 & and_ln41) | (!icmp_ln887_1 & !icmp_ln879_4)> <Delay = 0.00>
ST_5 : Operation 88 [1/1] (0.00ns)   --->   "%right_V_addr_1 = getelementptr [255 x i32]* %right_V, i64 0, i64 %zext_ln48" [./hls-src/huffman_create_tree.cpp:48]   --->   Operation 88 'getelementptr' 'right_V_addr_1' <Predicate = (icmp_ln887_1 & and_ln41) | (!icmp_ln887_1 & !icmp_ln879_4)> <Delay = 0.00>
ST_5 : Operation 89 [1/1] (3.25ns)   --->   "store i32 -1, i32* %right_V_addr_1, align 4" [./hls-src/huffman_create_tree.cpp:48]   --->   Operation 89 'store' <Predicate = (icmp_ln887_1 & and_ln41) | (!icmp_ln887_1 & !icmp_ln879_4)> <Delay = 3.25> <Core = "RAM">   --->   Core 37 'RAM' <Latency = 1> <II = 1> <Delay = 3.25> <Storage> <Opcode : 'load' 'store'> <Ports = 2> <Width = 31> <Depth = 255> <RAM>
ST_5 : Operation 90 [1/1] (0.00ns)   --->   "%frequency_V_addr_3 = getelementptr [255 x i32]* %frequency_V, i64 0, i64 %zext_ln48" [./hls-src/huffman_create_tree.cpp:49]   --->   Operation 90 'getelementptr' 'frequency_V_addr_3' <Predicate = (icmp_ln887_1 & and_ln41) | (!icmp_ln887_1 & !icmp_ln879_4)> <Delay = 0.00>
ST_5 : Operation 91 [1/1] (3.25ns)   --->   "store i32 %add_ln209_1, i32* %frequency_V_addr_3, align 4" [./hls-src/huffman_create_tree.cpp:49]   --->   Operation 91 'store' <Predicate = (icmp_ln887_1 & and_ln41) | (!icmp_ln887_1 & !icmp_ln879_4)> <Delay = 3.25> <Core = "RAM">   --->   Core 37 'RAM' <Latency = 1> <II = 1> <Delay = 3.25> <Storage> <Opcode : 'load' 'store'> <Ports = 2> <Width = 31> <Depth = 255> <RAM>
ST_5 : Operation 92 [1/1] (2.55ns)   --->   "%tree_count_V_1 = add i32 %t_V_5, 1" [./hls-src/huffman_create_tree.cpp:51]   --->   Operation 92 'add' 'tree_count_V_1' <Predicate = (icmp_ln887_1 & and_ln41) | (!icmp_ln887_1 & !icmp_ln879_4)> <Delay = 2.55> <Core = "AddSub">   --->   Core 14 'AddSub' <Latency = 0> <II = 1> <Delay = 2.55> <FuncUnit> <Opcode : 'add' 'sub'> <InPorts = 2> <OutPorts = 1>
ST_5 : Operation 93 [1/1] (1.76ns)   --->   "br label %._crit_edge414.backedge"   --->   Operation 93 'br' <Predicate = (icmp_ln887_1 & and_ln41) | (!icmp_ln887_1 & !icmp_ln879_4)> <Delay = 1.76>
ST_5 : Operation 94 [1/1] (0.00ns)   --->   "%t_V_3_be = phi i32 [ %t_V_5, %._crit_edge410 ], [ %tree_count_V_1, %._crit_edge411 ]"   --->   Operation 94 'phi' 't_V_3_be' <Predicate = true> <Delay = 0.00>
ST_5 : Operation 95 [1/1] (0.00ns)   --->   "%t_V_be = phi i32 [ %in_count_V_1, %._crit_edge410 ], [ %t_V_4, %._crit_edge411 ]"   --->   Operation 95 'phi' 't_V_be' <Predicate = true> <Delay = 0.00>
ST_5 : Operation 96 [1/1] (0.00ns)   --->   "br label %._crit_edge414"   --->   Operation 96 'br' <Predicate = true> <Delay = 0.00>


============================================================
+ Verbose Summary: Timing violations
============================================================
Target clock period: 10ns, clock uncertainty: 1.25ns.

 <State 1>: 2.55ns
The critical path consists of the following:
	wire read on port 'num_symbols' [7]  (0 ns)
	'add' operation ('add_ln15', ./hls-src/huffman_create_tree.cpp:15) [9]  (2.55 ns)

 <State 2>: 3.25ns
The critical path consists of the following:
	'phi' operation ('t.V', ./hls-src/huffman_create_tree.cpp:35) with incoming values : ('tree_count.V', ./hls-src/huffman_create_tree.cpp:35) ('tree_count.V', ./hls-src/huffman_create_tree.cpp:51) [12]  (0 ns)
	'getelementptr' operation ('parent_V_addr', ./hls-src/huffman_create_tree.cpp:57) [102]  (0 ns)
	'store' operation ('store_ln57', ./hls-src/huffman_create_tree.cpp:57) of constant 0 on array 'parent_V' [103]  (3.25 ns)

 <State 3>: 7.57ns
The critical path consists of the following:
	'add' operation ('in_count.V', ./hls-src/huffman_create_tree.cpp:29) [44]  (2.55 ns)
	multiplexor before 'phi' operation ('in_count.V') with incoming values : ('in_count.V', ./hls-src/huffman_create_tree.cpp:29) ('in_count.V', ./hls-src/huffman_create_tree.cpp:45) [56]  (1.77 ns)
	'phi' operation ('in_count.V') with incoming values : ('in_count.V', ./hls-src/huffman_create_tree.cpp:29) ('in_count.V', ./hls-src/huffman_create_tree.cpp:45) [56]  (0 ns)
	'getelementptr' operation ('in_value_V_addr_1', ./hls-src/huffman.h:30->./hls-src/huffman_create_tree.cpp:40) [63]  (0 ns)
	'load' operation ('in_value_V_load_1', ./hls-src/huffman.h:30->./hls-src/huffman_create_tree.cpp:40) on array 'in_value_V' [64]  (3.25 ns)

 <State 4>: 6.71ns
The critical path consists of the following:
	'load' operation ('intermediate_freq.V', ./hls-src/huffman_create_tree.cpp:39) on array 'frequency.V', ./hls-src/huffman_create_tree.cpp:9 [61]  (3.25 ns)
	'icmp' operation ('icmp_ln41', ./hls-src/huffman_create_tree.cpp:41) [72]  (2.47 ns)
	'and' operation ('and_ln41', ./hls-src/huffman_create_tree.cpp:41) [74]  (0.978 ns)

 <State 5>: 4.32ns
The critical path consists of the following:
	'add' operation ('in_count.V', ./hls-src/huffman_create_tree.cpp:45) [83]  (2.55 ns)
	multiplexor before 'phi' operation ('in_count.V') with incoming values : ('in_count.V', ./hls-src/huffman_create_tree.cpp:29) ('in_count.V', ./hls-src/huffman_create_tree.cpp:45) [98]  (1.77 ns)
	'phi' operation ('in_count.V') with incoming values : ('in_count.V', ./hls-src/huffman_create_tree.cpp:29) ('in_count.V', ./hls-src/huffman_create_tree.cpp:45) [98]  (0 ns)


============================================================
+ Verbose Summary: Binding
============================================================
N/A
* FSMD analyzer results:
  - Output states:
 - Input state : 
  - Chain level:
	State 1
	State 2
	State 3
	State 4
	State 5


============================================================
+ Verbose Summary: Datapath Resource usage 
============================================================
N/A
