

================================================================
== Vivado HLS Report for 'Loop_copy_sorted_pro'
================================================================
* Date:           Tue Aug  3 12:44:36 2021

* Version:        2020.1 (Build 2897737 on Wed May 27 20:21:37 MDT 2020)
* Project:        huffman_encoding_core_build
* Solution:       solution
* Product family: zynq
* Target device:  xc7z020-clg484-1


================================================================
== Performance Estimates
================================================================
+ Timing: 
    * Summary: 
    +--------+----------+----------+------------+
    |  Clock |  Target  | Estimated| Uncertainty|
    +--------+----------+----------+------------+
    |ap_clk  | 10.00 ns | 6.508 ns |   1.25 ns  |
    +--------+----------+----------+------------+

+ Latency: 
    * Summary: 
    +---------+---------+----------+----------+-----+-----+---------+
    |  Latency (cycles) |  Latency (absolute) |  Interval | Pipeline|
    |   min   |   max   |    min   |    max   | min | max |   Type  |
    +---------+---------+----------+----------+-----+-----+---------+
    |      513|      513| 5.130 us | 5.130 us |  513|  513|   none  |
    +---------+---------+----------+----------+-----+-----+---------+

    + Detail: 
        * Instance: 
        N/A

        * Loop: 
        +---------------+---------+---------+----------+-----------+-----------+------+----------+
        |               |  Latency (cycles) | Iteration|  Initiation Interval  | Trip |          |
        |   Loop Name   |   min   |   max   |  Latency |  achieved |   target  | Count| Pipelined|
        +---------------+---------+---------+----------+-----------+-----------+------+----------+
        |- copy_sorted  |      512|      512|         2|          -|          -|   256|    no    |
        +---------------+---------+---------+----------+-----------+-----------+------+----------+



================================================================
== Utilization Estimates
================================================================
* Summary: 
+-----------------+---------+-------+--------+-------+-----+
|       Name      | BRAM_18K| DSP48E|   FF   |  LUT  | URAM|
+-----------------+---------+-------+--------+-------+-----+
|DSP              |        -|      -|       -|      -|    -|
|Expression       |        -|      -|       0|     60|    -|
|FIFO             |        -|      -|       -|      -|    -|
|Instance         |        -|      -|       -|      -|    -|
|Memory           |        -|      -|       -|      -|    -|
|Multiplexer      |        -|      -|       -|     75|    -|
|Register         |        -|      -|     130|      -|    -|
+-----------------+---------+-------+--------+-------+-----+
|Total            |        0|      0|     130|    135|    0|
+-----------------+---------+-------+--------+-------+-----+
|Available        |      280|    220|  106400|  53200|    0|
+-----------------+---------+-------+--------+-------+-----+
|Utilization (%)  |        0|      0|   ~0   |   ~0  |    0|
+-----------------+---------+-------+--------+-------+-----+

+ Detail: 
    * Instance: 
    N/A

    * DSP48E: 
    N/A

    * Memory: 
    N/A

    * FIFO: 
    N/A

    * Expression: 
    +---------------------+----------+-------+---+----+------------+------------+
    |    Variable Name    | Operation| DSP48E| FF| LUT| Bitwidth P0| Bitwidth P1|
    +---------------------+----------+-------+---+----+------------+------------+
    |i_fu_190_p2          |     +    |      0|  0|  38|          31|           1|
    |icmp_ln42_fu_185_p2  |   icmp   |      0|  0|  18|          32|          32|
    |ap_block_state1      |    or    |      0|  0|   2|           1|           1|
    |ap_block_state2      |    or    |      0|  0|   2|           1|           1|
    +---------------------+----------+-------+---+----+------------+------------+
    |Total                |          |      0|  0|  60|          65|          35|
    +---------------------+----------+-------+---+----+------------+------------+

    * Multiplexer: 
    +---------------------------+----+-----------+-----+-----------+
    |            Name           | LUT| Input Size| Bits| Total Bits|
    +---------------------------+----+-----------+-----+-----------+
    |ap_NS_fsm                  |  21|          4|    1|          4|
    |ap_done                    |   9|          2|    1|          2|
    |i_0_i_reg_170              |   9|          2|   31|         62|
    |n_blk_n                    |   9|          2|    1|          2|
    |real_start                 |   9|          2|    1|          2|
    |val_assign_out_out1_blk_n  |   9|          2|    1|          2|
    |val_assign_out_out_blk_n   |   9|          2|    1|          2|
    +---------------------------+----+-----------+-----+-----------+
    |Total                      |  75|         16|   37|         76|
    +---------------------------+----+-----------+-----+-----------+

    * Register: 
    +-------------------+----+----+-----+-----------+
    |        Name       | FF | LUT| Bits| Const Bits|
    +-------------------+----+----+-----+-----------+
    |ap_CS_fsm          |   3|   0|    3|          0|
    |ap_done_reg        |   1|   0|    1|          0|
    |i_0_i_reg_170      |  31|   0|   31|          0|
    |i_reg_212          |  31|   0|   31|          0|
    |n_read_reg_202     |  32|   0|   32|          0|
    |start_once_reg     |   1|   0|    1|          0|
    |zext_ln43_reg_217  |  31|   0|   64|         33|
    +-------------------+----+----+-----+-----------+
    |Total              | 130|   0|  163|         33|
    +-------------------+----+----+-----+-----------+



================================================================
== Interface
================================================================
* Summary: 
+-----------------------------------+-----+-----+------------+--------------------------+--------------+
|             RTL Ports             | Dir | Bits|  Protocol  |       Source Object      |    C Type    |
+-----------------------------------+-----+-----+------------+--------------------------+--------------+
|ap_clk                             |  in |    1| ap_ctrl_hs |   Loop_copy_sorted_pro   | return value |
|ap_rst                             |  in |    1| ap_ctrl_hs |   Loop_copy_sorted_pro   | return value |
|ap_start                           |  in |    1| ap_ctrl_hs |   Loop_copy_sorted_pro   | return value |
|start_full_n                       |  in |    1| ap_ctrl_hs |   Loop_copy_sorted_pro   | return value |
|ap_done                            | out |    1| ap_ctrl_hs |   Loop_copy_sorted_pro   | return value |
|ap_continue                        |  in |    1| ap_ctrl_hs |   Loop_copy_sorted_pro   | return value |
|ap_idle                            | out |    1| ap_ctrl_hs |   Loop_copy_sorted_pro   | return value |
|ap_ready                           | out |    1| ap_ctrl_hs |   Loop_copy_sorted_pro   | return value |
|start_out                          | out |    1| ap_ctrl_hs |   Loop_copy_sorted_pro   | return value |
|start_write                        | out |    1| ap_ctrl_hs |   Loop_copy_sorted_pro   | return value |
|n_dout                             |  in |   32|   ap_fifo  |             n            |    pointer   |
|n_empty_n                          |  in |    1|   ap_fifo  |             n            |    pointer   |
|n_read                             | out |    1|   ap_fifo  |             n            |    pointer   |
|sorted_0_address0                  | out |    8|  ap_memory |         sorted_0         |     array    |
|sorted_0_ce0                       | out |    1|  ap_memory |         sorted_0         |     array    |
|sorted_0_q0                        |  in |   32|  ap_memory |         sorted_0         |     array    |
|sorted_copy1_value_V_address0      | out |    8|  ap_memory |   sorted_copy1_value_V   |     array    |
|sorted_copy1_value_V_ce0           | out |    1|  ap_memory |   sorted_copy1_value_V   |     array    |
|sorted_copy1_value_V_we0           | out |    1|  ap_memory |   sorted_copy1_value_V   |     array    |
|sorted_copy1_value_V_d0            | out |   32|  ap_memory |   sorted_copy1_value_V   |     array    |
|sorted_1_address0                  | out |    8|  ap_memory |         sorted_1         |     array    |
|sorted_1_ce0                       | out |    1|  ap_memory |         sorted_1         |     array    |
|sorted_1_q0                        |  in |   32|  ap_memory |         sorted_1         |     array    |
|sorted_copy1_frequency_V_address0  | out |    8|  ap_memory | sorted_copy1_frequency_V |     array    |
|sorted_copy1_frequency_V_ce0       | out |    1|  ap_memory | sorted_copy1_frequency_V |     array    |
|sorted_copy1_frequency_V_we0       | out |    1|  ap_memory | sorted_copy1_frequency_V |     array    |
|sorted_copy1_frequency_V_d0        | out |   32|  ap_memory | sorted_copy1_frequency_V |     array    |
|sorted_copy2_value_V_address0      | out |    8|  ap_memory |   sorted_copy2_value_V   |     array    |
|sorted_copy2_value_V_ce0           | out |    1|  ap_memory |   sorted_copy2_value_V   |     array    |
|sorted_copy2_value_V_we0           | out |    1|  ap_memory |   sorted_copy2_value_V   |     array    |
|sorted_copy2_value_V_d0            | out |   32|  ap_memory |   sorted_copy2_value_V   |     array    |
|val_assign_out_out_din             | out |   32|   ap_fifo  |    val_assign_out_out    |    pointer   |
|val_assign_out_out_full_n          |  in |    1|   ap_fifo  |    val_assign_out_out    |    pointer   |
|val_assign_out_out_write           | out |    1|   ap_fifo  |    val_assign_out_out    |    pointer   |
|val_assign_out_out1_din            | out |   32|   ap_fifo  |    val_assign_out_out1   |    pointer   |
|val_assign_out_out1_full_n         |  in |    1|   ap_fifo  |    val_assign_out_out1   |    pointer   |
|val_assign_out_out1_write          | out |    1|   ap_fifo  |    val_assign_out_out1   |    pointer   |
+-----------------------------------+-----+-----+------------+--------------------------+--------------+

============================================================
+ Verbose Summary: Synthesis Manager
============================================================
InlineROM: 1
ExposeGlobal: 0
============================================================
+ Verbose Summary: CDFG Model
============================================================
IsTopModel: 0
ResetActiveHigh: 1
IsCombinational: 2
IsDatapathOnly: 0
HasWiredReturn: 1
HasMFsm: 0
HasVarLatency: 1
IsPipeline: 0
IsRtlPipelined: 0
IsInstanceOverlapped: 0
IsDontTouch: 0
HasImplIP: 0
IsGatedGlobalClock: 0


============================================================
+ Verbose Summary: Schedule
============================================================
* Number of FSM states : 3
* Pipeline : 0
* Dataflow Pipeline: 0

* FSM state transitions: 
1 --> 2 
2 --> 3 
3 --> 2 

* FSM state operations: 

State 1 <SV = 0> <Delay = 3.63>
ST_1 : Operation 4 [1/1] (0.00ns)   --->   "%empty = call i32 (...)* @_ssdm_op_SpecInterface(i32* %n, [8 x i8]* @ap_fifo_str, i32 0, i32 0, [1 x i8]* @p_str83, i32 0, i32 0, [1 x i8]* @p_str84, [1 x i8]* @p_str85, [1 x i8]* @p_str86, i32 2, i32 2, i32 16, i32 16, [1 x i8]* @p_str87, [11 x i8]* @ScalarProp_str)"   --->   Operation 4 'specinterface' 'empty' <Predicate = true> <Delay = 0.00>
ST_1 : Operation 5 [1/1] (3.63ns)   --->   "%n_read = call i32 @_ssdm_op_Read.ap_fifo.i32P(i32* %n)" [./hls-src/huffman_encoding.cpp:42]   --->   Operation 5 'read' 'n_read' <Predicate = true> <Delay = 3.63> <Core = "FIFO">   --->   Core 32 'FIFO' <Latency = 0> <II = 1> <Delay = 3.63> <Storage> <Opcode : 'read' 'write' 'nbread' 'nbwrite'> <Ports = 0> <Width = 32> <Depth = 3> <FIFO>
ST_1 : Operation 6 [1/1] (1.76ns)   --->   "br label %.preheader.i" [./hls-src/huffman_encoding.cpp:42]   --->   Operation 6 'br' <Predicate = true> <Delay = 1.76>

State 2 <SV = 1> <Delay = 3.63>
ST_2 : Operation 7 [1/1] (0.00ns)   --->   "%i_0_i = phi i31 [ %i, %copy_sorted ], [ 0, %entry ]"   --->   Operation 7 'phi' 'i_0_i' <Predicate = true> <Delay = 0.00>
ST_2 : Operation 8 [1/1] (0.00ns)   --->   "%zext_ln42 = zext i31 %i_0_i to i32" [./hls-src/huffman_encoding.cpp:42]   --->   Operation 8 'zext' 'zext_ln42' <Predicate = true> <Delay = 0.00>
ST_2 : Operation 9 [1/1] (2.47ns)   --->   "%icmp_ln42 = icmp slt i32 %zext_ln42, %n_read" [./hls-src/huffman_encoding.cpp:42]   --->   Operation 9 'icmp' 'icmp_ln42' <Predicate = true> <Delay = 2.47> <Core = "Cmp">   --->   Core 25 'Cmp' <Latency = 0> <II = 1> <Delay = 2.47> <FuncUnit> <Opcode : 'icmp'> <InPorts = 2> <OutPorts = 1>
ST_2 : Operation 10 [1/1] (2.52ns)   --->   "%i = add i31 %i_0_i, 1" [./hls-src/huffman_encoding.cpp:42]   --->   Operation 10 'add' 'i' <Predicate = true> <Delay = 2.52> <Core = "AddSub">   --->   Core 14 'AddSub' <Latency = 0> <II = 1> <Delay = 2.52> <FuncUnit> <Opcode : 'add' 'sub'> <InPorts = 2> <OutPorts = 1>
ST_2 : Operation 11 [1/1] (0.00ns)   --->   "br i1 %icmp_ln42, label %copy_sorted, label %.exit" [./hls-src/huffman_encoding.cpp:42]   --->   Operation 11 'br' <Predicate = true> <Delay = 0.00>
ST_2 : Operation 12 [1/1] (0.00ns)   --->   "%zext_ln43 = zext i31 %i_0_i to i64" [./hls-src/huffman_encoding.cpp:43]   --->   Operation 12 'zext' 'zext_ln43' <Predicate = (icmp_ln42)> <Delay = 0.00>
ST_2 : Operation 13 [1/1] (0.00ns)   --->   "%sorted_0_addr = getelementptr [256 x i32]* %sorted_0, i64 0, i64 %zext_ln43" [./hls-src/huffman_encoding.cpp:43]   --->   Operation 13 'getelementptr' 'sorted_0_addr' <Predicate = (icmp_ln42)> <Delay = 0.00>
ST_2 : Operation 14 [2/2] (3.25ns)   --->   "%sorted_0_load = load i32* %sorted_0_addr, align 8" [./hls-src/huffman_encoding.cpp:43]   --->   Operation 14 'load' 'sorted_0_load' <Predicate = (icmp_ln42)> <Delay = 3.25> <Core = "RAM">   --->   Core 37 'RAM' <Latency = 1> <II = 1> <Delay = 3.25> <Storage> <Opcode : 'load' 'store'> <Ports = 2> <Width = 4> <Depth = 256> <RAM>
ST_2 : Operation 15 [1/1] (0.00ns)   --->   "%sorted_1_addr = getelementptr [256 x i32]* %sorted_1, i64 0, i64 %zext_ln43" [./hls-src/huffman_encoding.cpp:44]   --->   Operation 15 'getelementptr' 'sorted_1_addr' <Predicate = (icmp_ln42)> <Delay = 0.00>
ST_2 : Operation 16 [2/2] (3.25ns)   --->   "%previous_frequency = load i32* %sorted_1_addr, align 4" [./hls-src/huffman_encoding.cpp:44]   --->   Operation 16 'load' 'previous_frequency' <Predicate = (icmp_ln42)> <Delay = 3.25> <Core = "RAM">   --->   Core 37 'RAM' <Latency = 1> <II = 1> <Delay = 3.25> <Storage> <Opcode : 'load' 'store'> <Ports = 2> <Width = 4> <Depth = 256> <RAM>
ST_2 : Operation 17 [1/1] (0.00ns)   --->   "%empty_46 = call i32 (...)* @_ssdm_op_SpecInterface(i32* %val_assign_out_out, [8 x i8]* @ap_fifo_str, i32 0, i32 0, [1 x i8]* @p_str88, i32 0, i32 0, [1 x i8]* @p_str89, [1 x i8]* @p_str90, [1 x i8]* @p_str91, i32 2, i32 2, i32 16, i32 16, [1 x i8]* @p_str92, [11 x i8]* @ScalarProp_str)"   --->   Operation 17 'specinterface' 'empty_46' <Predicate = (!icmp_ln42)> <Delay = 0.00>
ST_2 : Operation 18 [1/1] (3.63ns)   --->   "call void @_ssdm_op_Write.ap_fifo.i32P(i32* %val_assign_out_out, i32 %n_read)" [./hls-src/huffman_encoding.cpp:42]   --->   Operation 18 'write' <Predicate = (!icmp_ln42)> <Delay = 3.63> <Core = "FIFO">   --->   Core 32 'FIFO' <Latency = 0> <II = 1> <Delay = 3.63> <Storage> <Opcode : 'read' 'write' 'nbread' 'nbwrite'> <Ports = 0> <Width = 32> <Depth = 3> <FIFO>
ST_2 : Operation 19 [1/1] (0.00ns)   --->   "%empty_47 = call i32 (...)* @_ssdm_op_SpecInterface(i32* %val_assign_out_out1, [8 x i8]* @ap_fifo_str, i32 0, i32 0, [1 x i8]* @p_str93, i32 0, i32 0, [1 x i8]* @p_str94, [1 x i8]* @p_str95, [1 x i8]* @p_str96, i32 2, i32 2, i32 16, i32 16, [1 x i8]* @p_str97, [11 x i8]* @ScalarProp_str)"   --->   Operation 19 'specinterface' 'empty_47' <Predicate = (!icmp_ln42)> <Delay = 0.00>
ST_2 : Operation 20 [1/1] (3.63ns)   --->   "call void @_ssdm_op_Write.ap_fifo.i32P(i32* %val_assign_out_out1, i32 %n_read)" [./hls-src/huffman_encoding.cpp:42]   --->   Operation 20 'write' <Predicate = (!icmp_ln42)> <Delay = 3.63> <Core = "FIFO">   --->   Core 32 'FIFO' <Latency = 0> <II = 1> <Delay = 3.63> <Storage> <Opcode : 'read' 'write' 'nbread' 'nbwrite'> <Ports = 0> <Width = 32> <Depth = 3> <FIFO>
ST_2 : Operation 21 [1/1] (0.00ns)   --->   "ret void"   --->   Operation 21 'ret' <Predicate = (!icmp_ln42)> <Delay = 0.00>

State 3 <SV = 2> <Delay = 6.50>
ST_3 : Operation 22 [1/1] (0.00ns)   --->   "call void (...)* @_ssdm_op_SpecLoopName([12 x i8]* @p_str135) nounwind" [./hls-src/huffman_encoding.cpp:42]   --->   Operation 22 'specloopname' <Predicate = true> <Delay = 0.00>
ST_3 : Operation 23 [1/1] (0.00ns)   --->   "%tmp_i = call i32 (...)* @_ssdm_op_SpecRegionBegin([12 x i8]* @p_str135)" [./hls-src/huffman_encoding.cpp:42]   --->   Operation 23 'specregionbegin' 'tmp_i' <Predicate = true> <Delay = 0.00>
ST_3 : Operation 24 [1/1] (0.00ns)   --->   "call void (...)* @_ssdm_op_SpecLoopTripCount(i32 256, i32 256, i32 256, [1 x i8]* @p_str34) nounwind" [./hls-src/huffman_encoding.cpp:43]   --->   Operation 24 'speclooptripcount' <Predicate = true> <Delay = 0.00>
ST_3 : Operation 25 [1/2] (3.25ns)   --->   "%sorted_0_load = load i32* %sorted_0_addr, align 8" [./hls-src/huffman_encoding.cpp:43]   --->   Operation 25 'load' 'sorted_0_load' <Predicate = true> <Delay = 3.25> <Core = "RAM">   --->   Core 37 'RAM' <Latency = 1> <II = 1> <Delay = 3.25> <Storage> <Opcode : 'load' 'store'> <Ports = 2> <Width = 4> <Depth = 256> <RAM>
ST_3 : Operation 26 [1/1] (0.00ns)   --->   "%sorted_copy1_value_V_1 = getelementptr [256 x i32]* %sorted_copy1_value_V, i64 0, i64 %zext_ln43" [./hls-src/huffman_encoding.cpp:43]   --->   Operation 26 'getelementptr' 'sorted_copy1_value_V_1' <Predicate = true> <Delay = 0.00>
ST_3 : Operation 27 [1/1] (3.25ns)   --->   "store i32 %sorted_0_load, i32* %sorted_copy1_value_V_1, align 8" [./hls-src/huffman_encoding.cpp:43]   --->   Operation 27 'store' <Predicate = true> <Delay = 3.25> <Core = "RAM">   --->   Core 37 'RAM' <Latency = 1> <II = 1> <Delay = 3.25> <Storage> <Opcode : 'load' 'store'> <Ports = 2> <Width = 4> <Depth = 256> <RAM>
ST_3 : Operation 28 [1/2] (3.25ns)   --->   "%previous_frequency = load i32* %sorted_1_addr, align 4" [./hls-src/huffman_encoding.cpp:44]   --->   Operation 28 'load' 'previous_frequency' <Predicate = true> <Delay = 3.25> <Core = "RAM">   --->   Core 37 'RAM' <Latency = 1> <II = 1> <Delay = 3.25> <Storage> <Opcode : 'load' 'store'> <Ports = 2> <Width = 4> <Depth = 256> <RAM>
ST_3 : Operation 29 [1/1] (0.00ns)   --->   "%sorted_copy1_frequen = getelementptr [256 x i32]* %sorted_copy1_frequency_V, i64 0, i64 %zext_ln43" [./hls-src/huffman_encoding.cpp:44]   --->   Operation 29 'getelementptr' 'sorted_copy1_frequen' <Predicate = true> <Delay = 0.00>
ST_3 : Operation 30 [1/1] (3.25ns)   --->   "store i32 %previous_frequency, i32* %sorted_copy1_frequen, align 4" [./hls-src/huffman_encoding.cpp:44]   --->   Operation 30 'store' <Predicate = true> <Delay = 3.25> <Core = "RAM">   --->   Core 37 'RAM' <Latency = 1> <II = 1> <Delay = 3.25> <Storage> <Opcode : 'load' 'store'> <Ports = 2> <Width = 4> <Depth = 256> <RAM>
ST_3 : Operation 31 [1/1] (0.00ns)   --->   "%sorted_copy2_value_V_1 = getelementptr [256 x i32]* %sorted_copy2_value_V, i64 0, i64 %zext_ln43" [./hls-src/huffman_encoding.cpp:45]   --->   Operation 31 'getelementptr' 'sorted_copy2_value_V_1' <Predicate = true> <Delay = 0.00>
ST_3 : Operation 32 [1/1] (3.25ns)   --->   "store i32 %sorted_0_load, i32* %sorted_copy2_value_V_1, align 8" [./hls-src/huffman_encoding.cpp:45]   --->   Operation 32 'store' <Predicate = true> <Delay = 3.25> <Core = "RAM">   --->   Core 37 'RAM' <Latency = 1> <II = 1> <Delay = 3.25> <Storage> <Opcode : 'load' 'store'> <Ports = 2> <Width = 4> <Depth = 256> <RAM>
ST_3 : Operation 33 [1/1] (0.00ns)   --->   "%empty_45 = call i32 (...)* @_ssdm_op_SpecRegionEnd([12 x i8]* @p_str135, i32 %tmp_i)" [./hls-src/huffman_encoding.cpp:50]   --->   Operation 33 'specregionend' 'empty_45' <Predicate = true> <Delay = 0.00>
ST_3 : Operation 34 [1/1] (0.00ns)   --->   "br label %.preheader.i" [./hls-src/huffman_encoding.cpp:42]   --->   Operation 34 'br' <Predicate = true> <Delay = 0.00>


============================================================
+ Verbose Summary: Binding
============================================================
STG Binding: 
---------------- STG Properties BEGIN ----------------
- Is combinational: 0
- Is one-state seq: 0
- Is datapath-only: 0
- Is pipelined: 0
- Is top level: 0
Port [ Return ] is wired: 1; IO mode=ap_ctrl_hs:ce=0
Port [ n]:  wired=1; compound=1; hidden=0; nouse=0; global=0; static=0; extern=0; dir=0; type=3; pingpong=0; private_global=0; IO mode=ap_fifo:ce=0
Port [ sorted_0]:  wired=1; compound=1; hidden=0; nouse=0; global=0; static=0; extern=0; dir=0; type=1; pingpong=1; private_global=0; MemPort=[13]; IO mode=ap_memory:ce=0
Port [ sorted_copy1_value_V]:  wired=1; compound=1; hidden=0; nouse=0; global=0; static=0; extern=0; dir=1; type=1; pingpong=1; private_global=0; MemPort=[03]; IO mode=ap_memory:ce=0
Port [ sorted_1]:  wired=1; compound=1; hidden=0; nouse=0; global=0; static=0; extern=0; dir=0; type=1; pingpong=1; private_global=0; MemPort=[13]; IO mode=ap_memory:ce=0
Port [ sorted_copy1_frequency_V]:  wired=1; compound=1; hidden=0; nouse=0; global=0; static=0; extern=0; dir=1; type=1; pingpong=1; private_global=0; MemPort=[03]; IO mode=ap_memory:ce=0
Port [ sorted_copy2_value_V]:  wired=1; compound=1; hidden=0; nouse=0; global=0; static=0; extern=0; dir=1; type=1; pingpong=1; private_global=0; MemPort=[03]; IO mode=ap_memory:ce=0
Port [ val_assign_out_out]:  wired=1; compound=1; hidden=0; nouse=0; global=0; static=0; extern=0; dir=1; type=3; pingpong=0; private_global=0; IO mode=ap_fifo:ce=0
Port [ val_assign_out_out1]:  wired=1; compound=1; hidden=0; nouse=0; global=0; static=0; extern=0; dir=1; type=3; pingpong=0; private_global=0; IO mode=ap_fifo:ce=0
---------------- STG Properties END ------------------

---------------- Datapath Model BEGIN ----------------

<LifeTime>
<method=bitvector/>
empty                  (specinterface    ) [ 0000]
n_read                 (read             ) [ 0011]
br_ln42                (br               ) [ 0111]
i_0_i                  (phi              ) [ 0010]
zext_ln42              (zext             ) [ 0000]
icmp_ln42              (icmp             ) [ 0011]
i                      (add              ) [ 0111]
br_ln42                (br               ) [ 0000]
zext_ln43              (zext             ) [ 0001]
sorted_0_addr          (getelementptr    ) [ 0001]
sorted_1_addr          (getelementptr    ) [ 0001]
empty_46               (specinterface    ) [ 0000]
write_ln42             (write            ) [ 0000]
empty_47               (specinterface    ) [ 0000]
write_ln42             (write            ) [ 0000]
ret_ln0                (ret              ) [ 0000]
specloopname_ln42      (specloopname     ) [ 0000]
tmp_i                  (specregionbegin  ) [ 0000]
speclooptripcount_ln43 (speclooptripcount) [ 0000]
sorted_0_load          (load             ) [ 0000]
sorted_copy1_value_V_1 (getelementptr    ) [ 0000]
store_ln43             (store            ) [ 0000]
previous_frequency     (load             ) [ 0000]
sorted_copy1_frequen   (getelementptr    ) [ 0000]
store_ln44             (store            ) [ 0000]
sorted_copy2_value_V_1 (getelementptr    ) [ 0000]
store_ln45             (store            ) [ 0000]
empty_45               (specregionend    ) [ 0000]
br_ln42                (br               ) [ 0111]
</LifeTime>

<model>

<comp_list>
<comp id="0" class="1000" name="n">
<pin_list>
<pin id="1" dir="1" index="0" bw="1" slack="0"/>
</pin_list>
<bind>
<StgValue><ssdm name="n"/></StgValue>
</bind>
</comp>

<comp id="2" class="1000" name="sorted_0">
<pin_list>
<pin id="3" dir="1" index="0" bw="1" slack="0"/>
</pin_list>
<bind>
<StgValue><ssdm name="sorted_0"/><MemPortTyVec>1 3 </MemPortTyVec>
</StgValue>
</bind>
</comp>

<comp id="4" class="1000" name="sorted_copy1_value_V">
<pin_list>
<pin id="5" dir="1" index="0" bw="1" slack="0"/>
</pin_list>
<bind>
<StgValue><ssdm name="sorted_copy1_value_V"/><MemPortTyVec>0 3 </MemPortTyVec>
</StgValue>
</bind>
</comp>

<comp id="6" class="1000" name="sorted_1">
<pin_list>
<pin id="7" dir="1" index="0" bw="1" slack="0"/>
</pin_list>
<bind>
<StgValue><ssdm name="sorted_1"/><MemPortTyVec>1 3 </MemPortTyVec>
</StgValue>
</bind>
</comp>

<comp id="8" class="1000" name="sorted_copy1_frequency_V">
<pin_list>
<pin id="9" dir="1" index="0" bw="1" slack="0"/>
</pin_list>
<bind>
<StgValue><ssdm name="sorted_copy1_frequency_V"/><MemPortTyVec>0 3 </MemPortTyVec>
</StgValue>
</bind>
</comp>

<comp id="10" class="1000" name="sorted_copy2_value_V">
<pin_list>
<pin id="11" dir="1" index="0" bw="1" slack="0"/>
</pin_list>
<bind>
<StgValue><ssdm name="sorted_copy2_value_V"/><MemPortTyVec>0 3 </MemPortTyVec>
</StgValue>
</bind>
</comp>

<comp id="12" class="1000" name="val_assign_out_out">
<pin_list>
<pin id="13" dir="1" index="0" bw="1" slack="0"/>
</pin_list>
<bind>
<StgValue><ssdm name="val_assign_out_out"/></StgValue>
</bind>
</comp>

<comp id="14" class="1000" name="val_assign_out_out1">
<pin_list>
<pin id="15" dir="1" index="0" bw="1" slack="0"/>
</pin_list>
<bind>
<StgValue><ssdm name="val_assign_out_out1"/></StgValue>
</bind>
</comp>

<comp id="16" class="1001" name="const_16">
<pin_list>
<pin id="17" dir="1" index="0" bw="1" slack="2147483647"/>
</pin_list>
<bind>
<StgValue><ssdm name="_ssdm_op_SpecInterface"/></StgValue>
</bind>
</comp>

<comp id="18" class="1001" name="const_18">
<pin_list>
<pin id="19" dir="1" index="0" bw="1" slack="2147483647"/>
</pin_list>
<bind>
<StgValue><ssdm name="ap_fifo_str"/></StgValue>
</bind>
</comp>

<comp id="20" class="1001" name="const_20">
<pin_list>
<pin id="21" dir="1" index="0" bw="1" slack="2147483647"/>
</pin_list>
<bind>
<StgValue><ssdm name=""/></StgValue>
</bind>
</comp>

<comp id="22" class="1001" name="const_22">
<pin_list>
<pin id="23" dir="1" index="0" bw="1" slack="2147483647"/>
</pin_list>
<bind>
<StgValue><ssdm name="p_str83"/></StgValue>
</bind>
</comp>

<comp id="24" class="1001" name="const_24">
<pin_list>
<pin id="25" dir="1" index="0" bw="1" slack="2147483647"/>
</pin_list>
<bind>
<StgValue><ssdm name="p_str84"/></StgValue>
</bind>
</comp>

<comp id="26" class="1001" name="const_26">
<pin_list>
<pin id="27" dir="1" index="0" bw="1" slack="2147483647"/>
</pin_list>
<bind>
<StgValue><ssdm name="p_str85"/></StgValue>
</bind>
</comp>

<comp id="28" class="1001" name="const_28">
<pin_list>
<pin id="29" dir="1" index="0" bw="1" slack="2147483647"/>
</pin_list>
<bind>
<StgValue><ssdm name="p_str86"/></StgValue>
</bind>
</comp>

<comp id="30" class="1001" name="const_30">
<pin_list>
<pin id="31" dir="1" index="0" bw="1" slack="2147483647"/>
</pin_list>
<bind>
<StgValue><ssdm name=""/></StgValue>
</bind>
</comp>

<comp id="32" class="1001" name="const_32">
<pin_list>
<pin id="33" dir="1" index="0" bw="1" slack="2147483647"/>
</pin_list>
<bind>
<StgValue><ssdm name=""/></StgValue>
</bind>
</comp>

<comp id="34" class="1001" name="const_34">
<pin_list>
<pin id="35" dir="1" index="0" bw="1" slack="2147483647"/>
</pin_list>
<bind>
<StgValue><ssdm name="p_str87"/></StgValue>
</bind>
</comp>

<comp id="36" class="1001" name="const_36">
<pin_list>
<pin id="37" dir="1" index="0" bw="1" slack="2147483647"/>
</pin_list>
<bind>
<StgValue><ssdm name="ScalarProp_str"/></StgValue>
</bind>
</comp>

<comp id="38" class="1001" name="const_38">
<pin_list>
<pin id="39" dir="1" index="0" bw="1" slack="0"/>
</pin_list>
<bind>
<StgValue><ssdm name="_ssdm_op_Read.ap_fifo.i32P"/></StgValue>
</bind>
</comp>

<comp id="40" class="1001" name="const_40">
<pin_list>
<pin id="41" dir="1" index="0" bw="1" slack="1"/>
</pin_list>
<bind>
<StgValue><ssdm name=""/></StgValue>
</bind>
</comp>

<comp id="42" class="1001" name="const_42">
<pin_list>
<pin id="43" dir="1" index="0" bw="1" slack="0"/>
</pin_list>
<bind>
<StgValue><ssdm name=""/></StgValue>
</bind>
</comp>

<comp id="44" class="1001" name="const_44">
<pin_list>
<pin id="45" dir="1" index="0" bw="1" slack="0"/>
</pin_list>
<bind>
<StgValue><ssdm name=""/></StgValue>
</bind>
</comp>

<comp id="46" class="1001" name="const_46">
<pin_list>
<pin id="47" dir="1" index="0" bw="1" slack="2147483647"/>
</pin_list>
<bind>
<StgValue><ssdm name="p_str88"/></StgValue>
</bind>
</comp>

<comp id="48" class="1001" name="const_48">
<pin_list>
<pin id="49" dir="1" index="0" bw="1" slack="2147483647"/>
</pin_list>
<bind>
<StgValue><ssdm name="p_str89"/></StgValue>
</bind>
</comp>

<comp id="50" class="1001" name="const_50">
<pin_list>
<pin id="51" dir="1" index="0" bw="1" slack="2147483647"/>
</pin_list>
<bind>
<StgValue><ssdm name="p_str90"/></StgValue>
</bind>
</comp>

<comp id="52" class="1001" name="const_52">
<pin_list>
<pin id="53" dir="1" index="0" bw="1" slack="2147483647"/>
</pin_list>
<bind>
<StgValue><ssdm name="p_str91"/></StgValue>
</bind>
</comp>

<comp id="54" class="1001" name="const_54">
<pin_list>
<pin id="55" dir="1" index="0" bw="1" slack="2147483647"/>
</pin_list>
<bind>
<StgValue><ssdm name="p_str92"/></StgValue>
</bind>
</comp>

<comp id="56" class="1001" name="const_56">
<pin_list>
<pin id="57" dir="1" index="0" bw="1" slack="0"/>
</pin_list>
<bind>
<StgValue><ssdm name="_ssdm_op_Write.ap_fifo.i32P"/></StgValue>
</bind>
</comp>

<comp id="58" class="1001" name="const_58">
<pin_list>
<pin id="59" dir="1" index="0" bw="1" slack="2147483647"/>
</pin_list>
<bind>
<StgValue><ssdm name="p_str93"/></StgValue>
</bind>
</comp>

<comp id="60" class="1001" name="const_60">
<pin_list>
<pin id="61" dir="1" index="0" bw="1" slack="2147483647"/>
</pin_list>
<bind>
<StgValue><ssdm name="p_str94"/></StgValue>
</bind>
</comp>

<comp id="62" class="1001" name="const_62">
<pin_list>
<pin id="63" dir="1" index="0" bw="1" slack="2147483647"/>
</pin_list>
<bind>
<StgValue><ssdm name="p_str95"/></StgValue>
</bind>
</comp>

<comp id="64" class="1001" name="const_64">
<pin_list>
<pin id="65" dir="1" index="0" bw="1" slack="2147483647"/>
</pin_list>
<bind>
<StgValue><ssdm name="p_str96"/></StgValue>
</bind>
</comp>

<comp id="66" class="1001" name="const_66">
<pin_list>
<pin id="67" dir="1" index="0" bw="1" slack="2147483647"/>
</pin_list>
<bind>
<StgValue><ssdm name="p_str97"/></StgValue>
</bind>
</comp>

<comp id="68" class="1001" name="const_68">
<pin_list>
<pin id="69" dir="1" index="0" bw="1" slack="2147483647"/>
</pin_list>
<bind>
<StgValue><ssdm name="_ssdm_op_SpecLoopName"/></StgValue>
</bind>
</comp>

<comp id="70" class="1001" name="const_70">
<pin_list>
<pin id="71" dir="1" index="0" bw="1" slack="2147483647"/>
</pin_list>
<bind>
<StgValue><ssdm name="p_str135"/></StgValue>
</bind>
</comp>

<comp id="72" class="1001" name="const_72">
<pin_list>
<pin id="73" dir="1" index="0" bw="1" slack="2147483647"/>
</pin_list>
<bind>
<StgValue><ssdm name="_ssdm_op_SpecRegionBegin"/></StgValue>
</bind>
</comp>

<comp id="74" class="1001" name="const_74">
<pin_list>
<pin id="75" dir="1" index="0" bw="1" slack="2147483647"/>
</pin_list>
<bind>
<StgValue><ssdm name="_ssdm_op_SpecLoopTripCount"/></StgValue>
</bind>
</comp>

<comp id="76" class="1001" name="const_76">
<pin_list>
<pin id="77" dir="1" index="0" bw="1" slack="2147483647"/>
</pin_list>
<bind>
<StgValue><ssdm name=""/></StgValue>
</bind>
</comp>

<comp id="78" class="1001" name="const_78">
<pin_list>
<pin id="79" dir="1" index="0" bw="1" slack="2147483647"/>
</pin_list>
<bind>
<StgValue><ssdm name="p_str34"/></StgValue>
</bind>
</comp>

<comp id="80" class="1001" name="const_80">
<pin_list>
<pin id="81" dir="1" index="0" bw="1" slack="2147483647"/>
</pin_list>
<bind>
<StgValue><ssdm name="_ssdm_op_SpecRegionEnd"/></StgValue>
</bind>
</comp>

<comp id="82" class="1004" name="n_read_read_fu_82">
<pin_list>
<pin id="83" dir="0" index="0" bw="32" slack="0"/>
<pin id="84" dir="0" index="1" bw="32" slack="0"/>
<pin id="85" dir="1" index="2" bw="32" slack="1"/>
</pin_list>
<bind>
<opcode="read(1150) " fcode="read"/>
<opset="n_read/1 "/>
</bind>
</comp>

<comp id="88" class="1004" name="write_ln42_write_fu_88">
<pin_list>
<pin id="89" dir="0" index="0" bw="0" slack="0"/>
<pin id="90" dir="0" index="1" bw="32" slack="0"/>
<pin id="91" dir="0" index="2" bw="32" slack="1"/>
<pin id="92" dir="1" index="3" bw="0" slack="2147483647"/>
</pin_list>
<bind>
<opcode="write(1151) " fcode="write"/>
<opset="write_ln42/2 "/>
</bind>
</comp>

<comp id="95" class="1004" name="write_ln42_write_fu_95">
<pin_list>
<pin id="96" dir="0" index="0" bw="0" slack="0"/>
<pin id="97" dir="0" index="1" bw="32" slack="0"/>
<pin id="98" dir="0" index="2" bw="32" slack="1"/>
<pin id="99" dir="1" index="3" bw="0" slack="2147483647"/>
</pin_list>
<bind>
<opcode="write(1151) " fcode="write"/>
<opset="write_ln42/2 "/>
</bind>
</comp>

<comp id="102" class="1004" name="sorted_0_addr_gep_fu_102">
<pin_list>
<pin id="103" dir="0" index="0" bw="32" slack="0"/>
<pin id="104" dir="0" index="1" bw="1" slack="0"/>
<pin id="105" dir="0" index="2" bw="31" slack="0"/>
<pin id="106" dir="1" index="3" bw="8" slack="0"/>
</pin_list>
<bind>
<opcode="getelementptr(29) " fcode="getelementptr"/>
<opset="sorted_0_addr/2 "/>
</bind>
</comp>

<comp id="109" class="1004" name="grp_access_fu_109">
<pin_list>
<pin id="110" dir="0" index="0" bw="8" slack="0"/>
<pin id="111" dir="0" index="1" bw="32" slack="2147483647"/>
<pin id="112" dir="0" index="2" bw="0" slack="2147483647"/>
<pin id="113" dir="1" index="3" bw="32" slack="0"/>
</pin_list>
<bind>
<opcode="load(27) " fcode="load"/>
<opset="sorted_0_load/2 "/>
</bind>
</comp>

<comp id="115" class="1004" name="sorted_1_addr_gep_fu_115">
<pin_list>
<pin id="116" dir="0" index="0" bw="32" slack="0"/>
<pin id="117" dir="0" index="1" bw="1" slack="0"/>
<pin id="118" dir="0" index="2" bw="31" slack="0"/>
<pin id="119" dir="1" index="3" bw="8" slack="0"/>
</pin_list>
<bind>
<opcode="getelementptr(29) " fcode="getelementptr"/>
<opset="sorted_1_addr/2 "/>
</bind>
</comp>

<comp id="122" class="1004" name="grp_access_fu_122">
<pin_list>
<pin id="123" dir="0" index="0" bw="8" slack="0"/>
<pin id="124" dir="0" index="1" bw="32" slack="2147483647"/>
<pin id="125" dir="0" index="2" bw="0" slack="2147483647"/>
<pin id="126" dir="1" index="3" bw="32" slack="0"/>
</pin_list>
<bind>
<opcode="load(27) " fcode="load"/>
<opset="previous_frequency/2 "/>
</bind>
</comp>

<comp id="128" class="1004" name="sorted_copy1_value_V_1_gep_fu_128">
<pin_list>
<pin id="129" dir="0" index="0" bw="32" slack="0"/>
<pin id="130" dir="0" index="1" bw="1" slack="0"/>
<pin id="131" dir="0" index="2" bw="31" slack="1"/>
<pin id="132" dir="1" index="3" bw="8" slack="0"/>
</pin_list>
<bind>
<opcode="getelementptr(29) " fcode="getelementptr"/>
<opset="sorted_copy1_value_V_1/3 "/>
</bind>
</comp>

<comp id="135" class="1004" name="store_ln43_access_fu_135">
<pin_list>
<pin id="136" dir="0" index="0" bw="8" slack="0"/>
<pin id="137" dir="0" index="1" bw="32" slack="0"/>
<pin id="138" dir="0" index="2" bw="0" slack="2147483647"/>
<pin id="139" dir="1" index="3" bw="32" slack="2147483647"/>
</pin_list>
<bind>
<opcode="store(28) " fcode="store"/>
<opset="store_ln43/3 "/>
</bind>
</comp>

<comp id="142" class="1004" name="sorted_copy1_frequen_gep_fu_142">
<pin_list>
<pin id="143" dir="0" index="0" bw="32" slack="0"/>
<pin id="144" dir="0" index="1" bw="1" slack="0"/>
<pin id="145" dir="0" index="2" bw="31" slack="1"/>
<pin id="146" dir="1" index="3" bw="8" slack="0"/>
</pin_list>
<bind>
<opcode="getelementptr(29) " fcode="getelementptr"/>
<opset="sorted_copy1_frequen/3 "/>
</bind>
</comp>

<comp id="149" class="1004" name="store_ln44_access_fu_149">
<pin_list>
<pin id="150" dir="0" index="0" bw="8" slack="0"/>
<pin id="151" dir="0" index="1" bw="32" slack="0"/>
<pin id="152" dir="0" index="2" bw="0" slack="2147483647"/>
<pin id="153" dir="1" index="3" bw="32" slack="2147483647"/>
</pin_list>
<bind>
<opcode="store(28) " fcode="store"/>
<opset="store_ln44/3 "/>
</bind>
</comp>

<comp id="156" class="1004" name="sorted_copy2_value_V_1_gep_fu_156">
<pin_list>
<pin id="157" dir="0" index="0" bw="32" slack="0"/>
<pin id="158" dir="0" index="1" bw="1" slack="0"/>
<pin id="159" dir="0" index="2" bw="31" slack="1"/>
<pin id="160" dir="1" index="3" bw="8" slack="0"/>
</pin_list>
<bind>
<opcode="getelementptr(29) " fcode="getelementptr"/>
<opset="sorted_copy2_value_V_1/3 "/>
</bind>
</comp>

<comp id="163" class="1004" name="store_ln45_access_fu_163">
<pin_list>
<pin id="164" dir="0" index="0" bw="8" slack="0"/>
<pin id="165" dir="0" index="1" bw="32" slack="0"/>
<pin id="166" dir="0" index="2" bw="0" slack="2147483647"/>
<pin id="167" dir="1" index="3" bw="32" slack="2147483647"/>
</pin_list>
<bind>
<opcode="store(28) " fcode="store"/>
<opset="store_ln45/3 "/>
</bind>
</comp>

<comp id="170" class="1005" name="i_0_i_reg_170">
<pin_list>
<pin id="171" dir="0" index="0" bw="31" slack="1"/>
<pin id="172" dir="1" index="1" bw="31" slack="1"/>
</pin_list>
<bind>
<opset="i_0_i (phireg) "/>
</bind>
</comp>

<comp id="174" class="1004" name="i_0_i_phi_fu_174">
<pin_list>
<pin id="175" dir="0" index="0" bw="31" slack="0"/>
<pin id="176" dir="0" index="1" bw="0" slack="2147483647"/>
<pin id="177" dir="0" index="2" bw="1" slack="1"/>
<pin id="178" dir="0" index="3" bw="0" slack="2147483647"/>
<pin id="179" dir="1" index="4" bw="31" slack="0"/>
</pin_list>
<bind>
<opcode="phi(47) " fcode="phi"/>
<opset="i_0_i/2 "/>
</bind>
</comp>

<comp id="181" class="1004" name="zext_ln42_fu_181">
<pin_list>
<pin id="182" dir="0" index="0" bw="31" slack="0"/>
<pin id="183" dir="1" index="1" bw="32" slack="0"/>
</pin_list>
<bind>
<opcode="zext(34) " fcode="zext"/>
<opset="zext_ln42/2 "/>
</bind>
</comp>

<comp id="185" class="1004" name="icmp_ln42_fu_185">
<pin_list>
<pin id="186" dir="0" index="0" bw="32" slack="0"/>
<pin id="187" dir="0" index="1" bw="32" slack="1"/>
<pin id="188" dir="1" index="2" bw="1" slack="2147483647"/>
</pin_list>
<bind>
<opcode="icmp(45) " fcode="icmp"/>
<opset="icmp_ln42/2 "/>
</bind>
</comp>

<comp id="190" class="1004" name="i_fu_190">
<pin_list>
<pin id="191" dir="0" index="0" bw="31" slack="0"/>
<pin id="192" dir="0" index="1" bw="1" slack="0"/>
<pin id="193" dir="1" index="2" bw="31" slack="0"/>
</pin_list>
<bind>
<opcode="add(8) " fcode="add"/>
<opset="i/2 "/>
</bind>
</comp>

<comp id="196" class="1004" name="zext_ln43_fu_196">
<pin_list>
<pin id="197" dir="0" index="0" bw="31" slack="0"/>
<pin id="198" dir="1" index="1" bw="64" slack="0"/>
</pin_list>
<bind>
<opcode="zext(34) " fcode="zext"/>
<opset="zext_ln43/2 "/>
</bind>
</comp>

<comp id="202" class="1005" name="n_read_reg_202">
<pin_list>
<pin id="203" dir="0" index="0" bw="32" slack="1"/>
<pin id="204" dir="1" index="1" bw="32" slack="1"/>
</pin_list>
<bind>
<opset="n_read "/>
</bind>
</comp>

<comp id="212" class="1005" name="i_reg_212">
<pin_list>
<pin id="213" dir="0" index="0" bw="31" slack="0"/>
<pin id="214" dir="1" index="1" bw="31" slack="0"/>
</pin_list>
<bind>
<opset="i "/>
</bind>
</comp>

<comp id="217" class="1005" name="zext_ln43_reg_217">
<pin_list>
<pin id="218" dir="0" index="0" bw="64" slack="1"/>
<pin id="219" dir="1" index="1" bw="64" slack="1"/>
</pin_list>
<bind>
<opset="zext_ln43 "/>
</bind>
</comp>

<comp id="224" class="1005" name="sorted_0_addr_reg_224">
<pin_list>
<pin id="225" dir="0" index="0" bw="8" slack="1"/>
<pin id="226" dir="1" index="1" bw="8" slack="1"/>
</pin_list>
<bind>
<opset="sorted_0_addr "/>
</bind>
</comp>

<comp id="229" class="1005" name="sorted_1_addr_reg_229">
<pin_list>
<pin id="230" dir="0" index="0" bw="8" slack="1"/>
<pin id="231" dir="1" index="1" bw="8" slack="1"/>
</pin_list>
<bind>
<opset="sorted_1_addr "/>
</bind>
</comp>

</comp_list>

<net_list>
<net id="86"><net_src comp="38" pin="0"/><net_sink comp="82" pin=0"/></net>

<net id="87"><net_src comp="0" pin="0"/><net_sink comp="82" pin=1"/></net>

<net id="93"><net_src comp="56" pin="0"/><net_sink comp="88" pin=0"/></net>

<net id="94"><net_src comp="12" pin="0"/><net_sink comp="88" pin=1"/></net>

<net id="100"><net_src comp="56" pin="0"/><net_sink comp="95" pin=0"/></net>

<net id="101"><net_src comp="14" pin="0"/><net_sink comp="95" pin=1"/></net>

<net id="107"><net_src comp="2" pin="0"/><net_sink comp="102" pin=0"/></net>

<net id="108"><net_src comp="44" pin="0"/><net_sink comp="102" pin=1"/></net>

<net id="114"><net_src comp="102" pin="3"/><net_sink comp="109" pin=0"/></net>

<net id="120"><net_src comp="6" pin="0"/><net_sink comp="115" pin=0"/></net>

<net id="121"><net_src comp="44" pin="0"/><net_sink comp="115" pin=1"/></net>

<net id="127"><net_src comp="115" pin="3"/><net_sink comp="122" pin=0"/></net>

<net id="133"><net_src comp="4" pin="0"/><net_sink comp="128" pin=0"/></net>

<net id="134"><net_src comp="44" pin="0"/><net_sink comp="128" pin=1"/></net>

<net id="140"><net_src comp="109" pin="3"/><net_sink comp="135" pin=1"/></net>

<net id="141"><net_src comp="128" pin="3"/><net_sink comp="135" pin=0"/></net>

<net id="147"><net_src comp="8" pin="0"/><net_sink comp="142" pin=0"/></net>

<net id="148"><net_src comp="44" pin="0"/><net_sink comp="142" pin=1"/></net>

<net id="154"><net_src comp="122" pin="3"/><net_sink comp="149" pin=1"/></net>

<net id="155"><net_src comp="142" pin="3"/><net_sink comp="149" pin=0"/></net>

<net id="161"><net_src comp="10" pin="0"/><net_sink comp="156" pin=0"/></net>

<net id="162"><net_src comp="44" pin="0"/><net_sink comp="156" pin=1"/></net>

<net id="168"><net_src comp="109" pin="3"/><net_sink comp="163" pin=1"/></net>

<net id="169"><net_src comp="156" pin="3"/><net_sink comp="163" pin=0"/></net>

<net id="173"><net_src comp="40" pin="0"/><net_sink comp="170" pin=0"/></net>

<net id="180"><net_src comp="170" pin="1"/><net_sink comp="174" pin=2"/></net>

<net id="184"><net_src comp="174" pin="4"/><net_sink comp="181" pin=0"/></net>

<net id="189"><net_src comp="181" pin="1"/><net_sink comp="185" pin=0"/></net>

<net id="194"><net_src comp="174" pin="4"/><net_sink comp="190" pin=0"/></net>

<net id="195"><net_src comp="42" pin="0"/><net_sink comp="190" pin=1"/></net>

<net id="199"><net_src comp="174" pin="4"/><net_sink comp="196" pin=0"/></net>

<net id="200"><net_src comp="196" pin="1"/><net_sink comp="102" pin=2"/></net>

<net id="201"><net_src comp="196" pin="1"/><net_sink comp="115" pin=2"/></net>

<net id="205"><net_src comp="82" pin="2"/><net_sink comp="202" pin=0"/></net>

<net id="206"><net_src comp="202" pin="1"/><net_sink comp="185" pin=1"/></net>

<net id="207"><net_src comp="202" pin="1"/><net_sink comp="88" pin=2"/></net>

<net id="208"><net_src comp="202" pin="1"/><net_sink comp="95" pin=2"/></net>

<net id="215"><net_src comp="190" pin="2"/><net_sink comp="212" pin=0"/></net>

<net id="216"><net_src comp="212" pin="1"/><net_sink comp="174" pin=0"/></net>

<net id="220"><net_src comp="196" pin="1"/><net_sink comp="217" pin=0"/></net>

<net id="221"><net_src comp="217" pin="1"/><net_sink comp="128" pin=2"/></net>

<net id="222"><net_src comp="217" pin="1"/><net_sink comp="142" pin=2"/></net>

<net id="223"><net_src comp="217" pin="1"/><net_sink comp="156" pin=2"/></net>

<net id="227"><net_src comp="102" pin="3"/><net_sink comp="224" pin=0"/></net>

<net id="228"><net_src comp="224" pin="1"/><net_sink comp="109" pin=0"/></net>

<net id="232"><net_src comp="115" pin="3"/><net_sink comp="229" pin=0"/></net>

<net id="233"><net_src comp="229" pin="1"/><net_sink comp="122" pin=0"/></net>

</net_list>

</model> 
---------------- Datapath Model END ------------------

* FSMD analyzer results:
  - Output states:
	Port: sorted_copy1_value_V | {3 }
	Port: sorted_copy1_frequency_V | {3 }
	Port: sorted_copy2_value_V | {3 }
	Port: val_assign_out_out | {2 }
	Port: val_assign_out_out1 | {2 }
 - Input state : 
	Port: Loop_copy_sorted_pro : n | {1 }
	Port: Loop_copy_sorted_pro : sorted_0 | {2 3 }
	Port: Loop_copy_sorted_pro : sorted_1 | {2 3 }
  - Chain level:
	State 1
	State 2
		zext_ln42 : 1
		icmp_ln42 : 2
		i : 1
		br_ln42 : 3
		zext_ln43 : 1
		sorted_0_addr : 2
		sorted_0_load : 3
		sorted_1_addr : 2
		previous_frequency : 3
	State 3
		store_ln43 : 1
		store_ln44 : 1
		store_ln45 : 1
		empty_45 : 1


============================================================
+ Verbose Summary: Datapath Resource usage 
============================================================

* Functional unit list:
|----------|------------------------|---------|---------|
| Operation|     Functional Unit    |    FF   |   LUT   |
|----------|------------------------|---------|---------|
|    add   |        i_fu_190        |    0    |    38   |
|----------|------------------------|---------|---------|
|   icmp   |    icmp_ln42_fu_185    |    0    |    18   |
|----------|------------------------|---------|---------|
|   read   |    n_read_read_fu_82   |    0    |    0    |
|----------|------------------------|---------|---------|
|   write  | write_ln42_write_fu_88 |    0    |    0    |
|          | write_ln42_write_fu_95 |    0    |    0    |
|----------|------------------------|---------|---------|
|   zext   |    zext_ln42_fu_181    |    0    |    0    |
|          |    zext_ln43_fu_196    |    0    |    0    |
|----------|------------------------|---------|---------|
|   Total  |                        |    0    |    56   |
|----------|------------------------|---------|---------|

Memories:
N/A

* Register list:
+---------------------+--------+
|                     |   FF   |
+---------------------+--------+
|    i_0_i_reg_170    |   31   |
|      i_reg_212      |   31   |
|    n_read_reg_202   |   32   |
|sorted_0_addr_reg_224|    8   |
|sorted_1_addr_reg_229|    8   |
|  zext_ln43_reg_217  |   64   |
+---------------------+--------+
|        Total        |   174  |
+---------------------+--------+

* Multiplexer (MUX) list: 
|-------------------|------|------|------|--------||---------||---------|
|        Comp       |  Pin | Size |  BW  | S x BW ||  Delay  ||   LUT   |
|-------------------|------|------|------|--------||---------||---------|
| grp_access_fu_109 |  p0  |   2  |   8  |   16   ||    9    |
| grp_access_fu_122 |  p0  |   2  |   8  |   16   ||    9    |
|-------------------|------|------|------|--------||---------||---------|
|       Total       |      |      |      |   32   ||  3.538  ||    18   |
|-------------------|------|------|------|--------||---------||---------|



* Summary:
+-----------+--------+--------+--------+
|           |  Delay |   FF   |   LUT  |
+-----------+--------+--------+--------+
|  Function |    -   |    0   |   56   |
|   Memory  |    -   |    -   |    -   |
|Multiplexer|    3   |    -   |   18   |
|  Register |    -   |   174  |    -   |
+-----------+--------+--------+--------+
|   Total   |    3   |   174  |   74   |
+-----------+--------+--------+--------+
